[2025-02-24T09:34:45.200+0000] {processor.py:186} INFO - Started process (PID=1321) to work on /opt/airflow/dags/hello_world.py
[2025-02-24T09:34:45.201+0000] {processor.py:914} INFO - Processing file /opt/airflow/dags/hello_world.py for tasks to queue
[2025-02-24T09:34:45.202+0000] {logging_mixin.py:190} INFO - [2025-02-24T09:34:45.202+0000] {dagbag.py:588} INFO - Filling up the DagBag from /opt/airflow/dags/hello_world.py
[2025-02-24T09:34:45.210+0000] {processor.py:925} INFO - DAG(s) 'hello_world' retrieved from /opt/airflow/dags/hello_world.py
[2025-02-24T09:34:45.301+0000] {logging_mixin.py:190} INFO - [2025-02-24T09:34:45.300+0000] {override.py:1911} INFO - Created Permission View: can edit on DAG:hello_world
[2025-02-24T09:34:45.309+0000] {logging_mixin.py:190} INFO - [2025-02-24T09:34:45.308+0000] {override.py:1911} INFO - Created Permission View: can read on DAG:hello_world
[2025-02-24T09:34:45.313+0000] {logging_mixin.py:190} INFO - [2025-02-24T09:34:45.313+0000] {override.py:1911} INFO - Created Permission View: can delete on DAG:hello_world
[2025-02-24T09:34:45.318+0000] {logging_mixin.py:190} INFO - [2025-02-24T09:34:45.318+0000] {override.py:1911} INFO - Created Permission View: can create on DAG Run:hello_world
[2025-02-24T09:34:45.324+0000] {logging_mixin.py:190} INFO - [2025-02-24T09:34:45.324+0000] {override.py:1911} INFO - Created Permission View: can read on DAG Run:hello_world
[2025-02-24T09:34:45.329+0000] {logging_mixin.py:190} INFO - [2025-02-24T09:34:45.329+0000] {override.py:1911} INFO - Created Permission View: menu access on DAG Run:hello_world
[2025-02-24T09:34:45.334+0000] {logging_mixin.py:190} INFO - [2025-02-24T09:34:45.334+0000] {override.py:1911} INFO - Created Permission View: can delete on DAG Run:hello_world
[2025-02-24T09:34:45.335+0000] {logging_mixin.py:190} INFO - [2025-02-24T09:34:45.334+0000] {dag.py:3239} INFO - Sync 1 DAGs
[2025-02-24T09:34:45.350+0000] {logging_mixin.py:190} INFO - [2025-02-24T09:34:45.349+0000] {dag.py:3262} INFO - Creating ORM DAG for hello_world
[2025-02-24T09:34:45.366+0000] {logging_mixin.py:190} INFO - [2025-02-24T09:34:45.365+0000] {dag.py:4180} INFO - Setting next_dagrun for hello_world to 2025-02-23 00:00:00+00:00, run_after=2025-02-24 00:00:00+00:00
[2025-02-24T09:34:45.383+0000] {processor.py:208} INFO - Processing /opt/airflow/dags/hello_world.py took 0.188 seconds
[2025-02-24T09:35:15.523+0000] {processor.py:186} INFO - Started process (PID=1384) to work on /opt/airflow/dags/hello_world.py
[2025-02-24T09:35:15.524+0000] {processor.py:914} INFO - Processing file /opt/airflow/dags/hello_world.py for tasks to queue
[2025-02-24T09:35:15.526+0000] {logging_mixin.py:190} INFO - [2025-02-24T09:35:15.526+0000] {dagbag.py:588} INFO - Filling up the DagBag from /opt/airflow/dags/hello_world.py
[2025-02-24T09:35:15.536+0000] {processor.py:925} INFO - DAG(s) 'hello_world' retrieved from /opt/airflow/dags/hello_world.py
[2025-02-24T09:35:15.553+0000] {logging_mixin.py:190} INFO - [2025-02-24T09:35:15.553+0000] {dag.py:3239} INFO - Sync 1 DAGs
[2025-02-24T09:35:15.578+0000] {logging_mixin.py:190} INFO - [2025-02-24T09:35:15.578+0000] {dag.py:4180} INFO - Setting next_dagrun for hello_world to 2025-02-23 00:00:00+00:00, run_after=2025-02-24 00:00:00+00:00
[2025-02-24T09:35:15.593+0000] {processor.py:208} INFO - Processing /opt/airflow/dags/hello_world.py took 0.075 seconds
[2025-02-24T09:35:45.703+0000] {processor.py:186} INFO - Started process (PID=1440) to work on /opt/airflow/dags/hello_world.py
[2025-02-24T09:35:45.704+0000] {processor.py:914} INFO - Processing file /opt/airflow/dags/hello_world.py for tasks to queue
[2025-02-24T09:35:45.706+0000] {logging_mixin.py:190} INFO - [2025-02-24T09:35:45.706+0000] {dagbag.py:588} INFO - Filling up the DagBag from /opt/airflow/dags/hello_world.py
[2025-02-24T09:35:45.715+0000] {processor.py:925} INFO - DAG(s) 'hello_world' retrieved from /opt/airflow/dags/hello_world.py
[2025-02-24T09:35:45.732+0000] {logging_mixin.py:190} INFO - [2025-02-24T09:35:45.732+0000] {dag.py:3239} INFO - Sync 1 DAGs
[2025-02-24T09:35:45.755+0000] {logging_mixin.py:190} INFO - [2025-02-24T09:35:45.755+0000] {dag.py:4180} INFO - Setting next_dagrun for hello_world to 2025-02-23 00:00:00+00:00, run_after=2025-02-24 00:00:00+00:00
[2025-02-24T09:35:45.768+0000] {processor.py:208} INFO - Processing /opt/airflow/dags/hello_world.py took 0.071 seconds
[2025-02-24T09:36:16.239+0000] {processor.py:186} INFO - Started process (PID=1495) to work on /opt/airflow/dags/hello_world.py
[2025-02-24T09:36:16.239+0000] {processor.py:914} INFO - Processing file /opt/airflow/dags/hello_world.py for tasks to queue
[2025-02-24T09:36:16.242+0000] {logging_mixin.py:190} INFO - [2025-02-24T09:36:16.241+0000] {dagbag.py:588} INFO - Filling up the DagBag from /opt/airflow/dags/hello_world.py
[2025-02-24T09:36:16.252+0000] {processor.py:925} INFO - DAG(s) 'hello_world' retrieved from /opt/airflow/dags/hello_world.py
[2025-02-24T09:36:16.278+0000] {logging_mixin.py:190} INFO - [2025-02-24T09:36:16.278+0000] {dag.py:3239} INFO - Sync 1 DAGs
[2025-02-24T09:36:16.308+0000] {logging_mixin.py:190} INFO - [2025-02-24T09:36:16.308+0000] {dag.py:4180} INFO - Setting next_dagrun for hello_world to 2025-02-23 00:00:00+00:00, run_after=2025-02-24 00:00:00+00:00
[2025-02-24T09:36:16.326+0000] {processor.py:208} INFO - Processing /opt/airflow/dags/hello_world.py took 0.095 seconds
[2025-02-24T09:36:46.499+0000] {processor.py:186} INFO - Started process (PID=1557) to work on /opt/airflow/dags/hello_world.py
[2025-02-24T09:36:46.500+0000] {processor.py:914} INFO - Processing file /opt/airflow/dags/hello_world.py for tasks to queue
[2025-02-24T09:36:46.502+0000] {logging_mixin.py:190} INFO - [2025-02-24T09:36:46.502+0000] {dagbag.py:588} INFO - Filling up the DagBag from /opt/airflow/dags/hello_world.py
[2025-02-24T09:36:46.512+0000] {processor.py:925} INFO - DAG(s) 'hello_world' retrieved from /opt/airflow/dags/hello_world.py
[2025-02-24T09:36:46.531+0000] {logging_mixin.py:190} INFO - [2025-02-24T09:36:46.531+0000] {dag.py:3239} INFO - Sync 1 DAGs
[2025-02-24T09:36:46.555+0000] {logging_mixin.py:190} INFO - [2025-02-24T09:36:46.555+0000] {dag.py:4180} INFO - Setting next_dagrun for hello_world to 2025-02-23 00:00:00+00:00, run_after=2025-02-24 00:00:00+00:00
[2025-02-24T09:36:46.572+0000] {processor.py:208} INFO - Processing /opt/airflow/dags/hello_world.py took 0.078 seconds
[2025-02-24T09:37:16.693+0000] {processor.py:186} INFO - Started process (PID=1621) to work on /opt/airflow/dags/hello_world.py
[2025-02-24T09:37:16.694+0000] {processor.py:914} INFO - Processing file /opt/airflow/dags/hello_world.py for tasks to queue
[2025-02-24T09:37:16.696+0000] {logging_mixin.py:190} INFO - [2025-02-24T09:37:16.695+0000] {dagbag.py:588} INFO - Filling up the DagBag from /opt/airflow/dags/hello_world.py
[2025-02-24T09:37:16.703+0000] {processor.py:925} INFO - DAG(s) 'hello_world' retrieved from /opt/airflow/dags/hello_world.py
[2025-02-24T09:37:16.718+0000] {logging_mixin.py:190} INFO - [2025-02-24T09:37:16.717+0000] {dag.py:3239} INFO - Sync 1 DAGs
[2025-02-24T09:37:16.737+0000] {logging_mixin.py:190} INFO - [2025-02-24T09:37:16.736+0000] {dag.py:4180} INFO - Setting next_dagrun for hello_world to 2025-02-23 00:00:00+00:00, run_after=2025-02-24 00:00:00+00:00
[2025-02-24T09:37:16.749+0000] {processor.py:208} INFO - Processing /opt/airflow/dags/hello_world.py took 0.061 seconds
[2025-02-24T09:37:46.894+0000] {processor.py:186} INFO - Started process (PID=1685) to work on /opt/airflow/dags/hello_world.py
[2025-02-24T09:37:46.895+0000] {processor.py:914} INFO - Processing file /opt/airflow/dags/hello_world.py for tasks to queue
[2025-02-24T09:37:46.896+0000] {logging_mixin.py:190} INFO - [2025-02-24T09:37:46.896+0000] {dagbag.py:588} INFO - Filling up the DagBag from /opt/airflow/dags/hello_world.py
[2025-02-24T09:37:46.904+0000] {processor.py:925} INFO - DAG(s) 'hello_world' retrieved from /opt/airflow/dags/hello_world.py
[2025-02-24T09:37:46.919+0000] {logging_mixin.py:190} INFO - [2025-02-24T09:37:46.919+0000] {dag.py:3239} INFO - Sync 1 DAGs
[2025-02-24T09:37:46.940+0000] {logging_mixin.py:190} INFO - [2025-02-24T09:37:46.940+0000] {dag.py:4180} INFO - Setting next_dagrun for hello_world to 2025-02-23 00:00:00+00:00, run_after=2025-02-24 00:00:00+00:00
[2025-02-24T09:37:46.955+0000] {processor.py:208} INFO - Processing /opt/airflow/dags/hello_world.py took 0.066 seconds
[2025-02-24T09:38:17.076+0000] {processor.py:186} INFO - Started process (PID=1749) to work on /opt/airflow/dags/hello_world.py
[2025-02-24T09:38:17.076+0000] {processor.py:914} INFO - Processing file /opt/airflow/dags/hello_world.py for tasks to queue
[2025-02-24T09:38:17.078+0000] {logging_mixin.py:190} INFO - [2025-02-24T09:38:17.078+0000] {dagbag.py:588} INFO - Filling up the DagBag from /opt/airflow/dags/hello_world.py
[2025-02-24T09:38:17.085+0000] {processor.py:925} INFO - DAG(s) 'hello_world' retrieved from /opt/airflow/dags/hello_world.py
[2025-02-24T09:38:17.100+0000] {logging_mixin.py:190} INFO - [2025-02-24T09:38:17.099+0000] {dag.py:3239} INFO - Sync 1 DAGs
[2025-02-24T09:38:17.119+0000] {logging_mixin.py:190} INFO - [2025-02-24T09:38:17.119+0000] {dag.py:4180} INFO - Setting next_dagrun for hello_world to 2025-02-23 00:00:00+00:00, run_after=2025-02-24 00:00:00+00:00
[2025-02-24T09:38:17.135+0000] {processor.py:208} INFO - Processing /opt/airflow/dags/hello_world.py took 0.064 seconds
[2025-02-24T09:38:47.549+0000] {processor.py:186} INFO - Started process (PID=1813) to work on /opt/airflow/dags/hello_world.py
[2025-02-24T09:38:47.549+0000] {processor.py:914} INFO - Processing file /opt/airflow/dags/hello_world.py for tasks to queue
[2025-02-24T09:38:47.551+0000] {logging_mixin.py:190} INFO - [2025-02-24T09:38:47.551+0000] {dagbag.py:588} INFO - Filling up the DagBag from /opt/airflow/dags/hello_world.py
[2025-02-24T09:38:47.559+0000] {processor.py:925} INFO - DAG(s) 'hello_world' retrieved from /opt/airflow/dags/hello_world.py
[2025-02-24T09:38:47.575+0000] {logging_mixin.py:190} INFO - [2025-02-24T09:38:47.575+0000] {dag.py:3239} INFO - Sync 1 DAGs
[2025-02-24T09:38:47.595+0000] {logging_mixin.py:190} INFO - [2025-02-24T09:38:47.595+0000] {dag.py:4180} INFO - Setting next_dagrun for hello_world to 2025-02-23 00:00:00+00:00, run_after=2025-02-24 00:00:00+00:00
[2025-02-24T09:38:47.609+0000] {processor.py:208} INFO - Processing /opt/airflow/dags/hello_world.py took 0.066 seconds
[2025-02-24T09:39:17.899+0000] {processor.py:186} INFO - Started process (PID=1877) to work on /opt/airflow/dags/hello_world.py
[2025-02-24T09:39:17.900+0000] {processor.py:914} INFO - Processing file /opt/airflow/dags/hello_world.py for tasks to queue
[2025-02-24T09:39:17.901+0000] {logging_mixin.py:190} INFO - [2025-02-24T09:39:17.901+0000] {dagbag.py:588} INFO - Filling up the DagBag from /opt/airflow/dags/hello_world.py
[2025-02-24T09:39:17.909+0000] {processor.py:925} INFO - DAG(s) 'hello_world' retrieved from /opt/airflow/dags/hello_world.py
[2025-02-24T09:39:17.923+0000] {logging_mixin.py:190} INFO - [2025-02-24T09:39:17.923+0000] {dag.py:3239} INFO - Sync 1 DAGs
[2025-02-24T09:39:17.944+0000] {logging_mixin.py:190} INFO - [2025-02-24T09:39:17.944+0000] {dag.py:4180} INFO - Setting next_dagrun for hello_world to 2025-02-23 00:00:00+00:00, run_after=2025-02-24 00:00:00+00:00
[2025-02-24T09:39:17.958+0000] {processor.py:208} INFO - Processing /opt/airflow/dags/hello_world.py took 0.063 seconds
[2025-02-24T09:39:48.595+0000] {processor.py:186} INFO - Started process (PID=1941) to work on /opt/airflow/dags/hello_world.py
[2025-02-24T09:39:48.596+0000] {processor.py:914} INFO - Processing file /opt/airflow/dags/hello_world.py for tasks to queue
[2025-02-24T09:39:48.597+0000] {logging_mixin.py:190} INFO - [2025-02-24T09:39:48.597+0000] {dagbag.py:588} INFO - Filling up the DagBag from /opt/airflow/dags/hello_world.py
[2025-02-24T09:39:48.605+0000] {processor.py:925} INFO - DAG(s) 'hello_world' retrieved from /opt/airflow/dags/hello_world.py
[2025-02-24T09:39:48.619+0000] {logging_mixin.py:190} INFO - [2025-02-24T09:39:48.619+0000] {dag.py:3239} INFO - Sync 1 DAGs
[2025-02-24T09:39:48.638+0000] {logging_mixin.py:190} INFO - [2025-02-24T09:39:48.638+0000] {dag.py:4180} INFO - Setting next_dagrun for hello_world to 2025-02-23 00:00:00+00:00, run_after=2025-02-24 00:00:00+00:00
[2025-02-24T09:39:48.650+0000] {processor.py:208} INFO - Processing /opt/airflow/dags/hello_world.py took 0.059 seconds
[2025-02-24T09:40:18.999+0000] {processor.py:186} INFO - Started process (PID=2005) to work on /opt/airflow/dags/hello_world.py
[2025-02-24T09:40:19.000+0000] {processor.py:914} INFO - Processing file /opt/airflow/dags/hello_world.py for tasks to queue
[2025-02-24T09:40:19.002+0000] {logging_mixin.py:190} INFO - [2025-02-24T09:40:19.001+0000] {dagbag.py:588} INFO - Filling up the DagBag from /opt/airflow/dags/hello_world.py
[2025-02-24T09:40:19.009+0000] {processor.py:925} INFO - DAG(s) 'hello_world' retrieved from /opt/airflow/dags/hello_world.py
[2025-02-24T09:40:19.025+0000] {logging_mixin.py:190} INFO - [2025-02-24T09:40:19.025+0000] {dag.py:3239} INFO - Sync 1 DAGs
[2025-02-24T09:40:19.045+0000] {logging_mixin.py:190} INFO - [2025-02-24T09:40:19.045+0000] {dag.py:4180} INFO - Setting next_dagrun for hello_world to 2025-02-23 00:00:00+00:00, run_after=2025-02-24 00:00:00+00:00
[2025-02-24T09:40:19.060+0000] {processor.py:208} INFO - Processing /opt/airflow/dags/hello_world.py took 0.066 seconds
[2025-02-24T09:40:47.698+0000] {processor.py:186} INFO - Started process (PID=2069) to work on /opt/airflow/dags/hello_world.py
[2025-02-24T09:40:47.698+0000] {processor.py:914} INFO - Processing file /opt/airflow/dags/hello_world.py for tasks to queue
[2025-02-24T09:40:47.700+0000] {logging_mixin.py:190} INFO - [2025-02-24T09:40:47.700+0000] {dagbag.py:588} INFO - Filling up the DagBag from /opt/airflow/dags/hello_world.py
[2025-02-24T09:40:47.707+0000] {processor.py:925} INFO - DAG(s) 'hello_world_kania' retrieved from /opt/airflow/dags/hello_world.py
[2025-02-24T09:40:47.803+0000] {logging_mixin.py:190} INFO - [2025-02-24T09:40:47.803+0000] {override.py:1911} INFO - Created Permission View: can edit on DAG:hello_world_kania
[2025-02-24T09:40:47.810+0000] {logging_mixin.py:190} INFO - [2025-02-24T09:40:47.810+0000] {override.py:1911} INFO - Created Permission View: can read on DAG:hello_world_kania
[2025-02-24T09:40:47.814+0000] {logging_mixin.py:190} INFO - [2025-02-24T09:40:47.814+0000] {override.py:1911} INFO - Created Permission View: can delete on DAG:hello_world_kania
[2025-02-24T09:40:47.818+0000] {logging_mixin.py:190} INFO - [2025-02-24T09:40:47.818+0000] {override.py:1911} INFO - Created Permission View: can create on DAG Run:hello_world_kania
[2025-02-24T09:40:47.822+0000] {logging_mixin.py:190} INFO - [2025-02-24T09:40:47.822+0000] {override.py:1911} INFO - Created Permission View: can read on DAG Run:hello_world_kania
[2025-02-24T09:40:47.827+0000] {logging_mixin.py:190} INFO - [2025-02-24T09:40:47.826+0000] {override.py:1911} INFO - Created Permission View: menu access on DAG Run:hello_world_kania
[2025-02-24T09:40:47.831+0000] {logging_mixin.py:190} INFO - [2025-02-24T09:40:47.830+0000] {override.py:1911} INFO - Created Permission View: can delete on DAG Run:hello_world_kania
[2025-02-24T09:40:47.831+0000] {logging_mixin.py:190} INFO - [2025-02-24T09:40:47.831+0000] {dag.py:3239} INFO - Sync 1 DAGs
[2025-02-24T09:40:47.841+0000] {logging_mixin.py:190} INFO - [2025-02-24T09:40:47.841+0000] {dag.py:3262} INFO - Creating ORM DAG for hello_world_kania
[2025-02-24T09:40:47.850+0000] {logging_mixin.py:190} INFO - [2025-02-24T09:40:47.850+0000] {dag.py:4180} INFO - Setting next_dagrun for hello_world_kania to 2025-02-23 00:00:00+00:00, run_after=2025-02-24 00:00:00+00:00
[2025-02-24T09:40:47.867+0000] {processor.py:208} INFO - Processing /opt/airflow/dags/hello_world.py took 0.174 seconds
[2025-02-24T09:41:17.958+0000] {processor.py:186} INFO - Started process (PID=2133) to work on /opt/airflow/dags/hello_world.py
[2025-02-24T09:41:17.959+0000] {processor.py:914} INFO - Processing file /opt/airflow/dags/hello_world.py for tasks to queue
[2025-02-24T09:41:17.961+0000] {logging_mixin.py:190} INFO - [2025-02-24T09:41:17.960+0000] {dagbag.py:588} INFO - Filling up the DagBag from /opt/airflow/dags/hello_world.py
[2025-02-24T09:41:17.969+0000] {processor.py:925} INFO - DAG(s) 'hello_world_kania' retrieved from /opt/airflow/dags/hello_world.py
[2025-02-24T09:41:17.984+0000] {logging_mixin.py:190} INFO - [2025-02-24T09:41:17.984+0000] {dag.py:3239} INFO - Sync 1 DAGs
[2025-02-24T09:41:18.005+0000] {logging_mixin.py:190} INFO - [2025-02-24T09:41:18.004+0000] {dag.py:4180} INFO - Setting next_dagrun for hello_world_kania to 2025-02-23 00:00:00+00:00, run_after=2025-02-24 00:00:00+00:00
[2025-02-24T09:41:18.019+0000] {processor.py:208} INFO - Processing /opt/airflow/dags/hello_world.py took 0.066 seconds
