[2025-02-24T09:24:54.998+0000] {processor.py:186} INFO - Started process (PID=111) to work on /home/airflow/.local/lib/python3.12/site-packages/airflow/example_dags/example_python_operator.py
[2025-02-24T09:24:54.999+0000] {processor.py:914} INFO - Processing file /home/airflow/.local/lib/python3.12/site-packages/airflow/example_dags/example_python_operator.py for tasks to queue
[2025-02-24T09:24:55.001+0000] {logging_mixin.py:190} INFO - [2025-02-24T09:24:55.001+0000] {dagbag.py:588} INFO - Filling up the DagBag from /home/airflow/.local/lib/python3.12/site-packages/airflow/example_dags/example_python_operator.py
[2025-02-24T09:24:55.017+0000] {processor.py:925} INFO - DAG(s) 'example_python_operator' retrieved from /home/airflow/.local/lib/python3.12/site-packages/airflow/example_dags/example_python_operator.py
[2025-02-24T09:24:55.146+0000] {logging_mixin.py:190} INFO - [2025-02-24T09:24:55.145+0000] {override.py:1911} INFO - Created Permission View: can edit on DAG:example_python_operator
[2025-02-24T09:24:55.155+0000] {logging_mixin.py:190} INFO - [2025-02-24T09:24:55.154+0000] {override.py:1911} INFO - Created Permission View: can read on DAG:example_python_operator
[2025-02-24T09:24:55.160+0000] {logging_mixin.py:190} INFO - [2025-02-24T09:24:55.160+0000] {override.py:1911} INFO - Created Permission View: can delete on DAG:example_python_operator
[2025-02-24T09:24:55.166+0000] {logging_mixin.py:190} INFO - [2025-02-24T09:24:55.166+0000] {override.py:1911} INFO - Created Permission View: can create on DAG Run:example_python_operator
[2025-02-24T09:24:55.172+0000] {logging_mixin.py:190} INFO - [2025-02-24T09:24:55.171+0000] {override.py:1911} INFO - Created Permission View: can read on DAG Run:example_python_operator
[2025-02-24T09:24:55.178+0000] {logging_mixin.py:190} INFO - [2025-02-24T09:24:55.177+0000] {override.py:1911} INFO - Created Permission View: menu access on DAG Run:example_python_operator
[2025-02-24T09:24:55.184+0000] {logging_mixin.py:190} INFO - [2025-02-24T09:24:55.183+0000] {override.py:1911} INFO - Created Permission View: can delete on DAG Run:example_python_operator
[2025-02-24T09:24:55.184+0000] {logging_mixin.py:190} INFO - [2025-02-24T09:24:55.184+0000] {dag.py:3239} INFO - Sync 1 DAGs
[2025-02-24T09:24:55.201+0000] {logging_mixin.py:190} INFO - [2025-02-24T09:24:55.201+0000] {dag.py:3262} INFO - Creating ORM DAG for example_python_operator
[2025-02-24T09:24:55.202+0000] {logging_mixin.py:190} INFO - [2025-02-24T09:24:55.201+0000] {dag.py:4180} INFO - Setting next_dagrun for example_python_operator to None, run_after=None
[2025-02-24T09:24:55.217+0000] {processor.py:208} INFO - Processing /home/airflow/.local/lib/python3.12/site-packages/airflow/example_dags/example_python_operator.py took 0.226 seconds
[2025-02-24T09:25:26.010+0000] {processor.py:186} INFO - Started process (PID=174) to work on /home/airflow/.local/lib/python3.12/site-packages/airflow/example_dags/example_python_operator.py
[2025-02-24T09:25:26.011+0000] {processor.py:914} INFO - Processing file /home/airflow/.local/lib/python3.12/site-packages/airflow/example_dags/example_python_operator.py for tasks to queue
[2025-02-24T09:25:26.014+0000] {logging_mixin.py:190} INFO - [2025-02-24T09:25:26.013+0000] {dagbag.py:588} INFO - Filling up the DagBag from /home/airflow/.local/lib/python3.12/site-packages/airflow/example_dags/example_python_operator.py
[2025-02-24T09:25:26.026+0000] {processor.py:925} INFO - DAG(s) 'example_python_operator' retrieved from /home/airflow/.local/lib/python3.12/site-packages/airflow/example_dags/example_python_operator.py
[2025-02-24T09:25:26.044+0000] {logging_mixin.py:190} INFO - [2025-02-24T09:25:26.044+0000] {dag.py:3239} INFO - Sync 1 DAGs
[2025-02-24T09:25:26.057+0000] {logging_mixin.py:190} INFO - [2025-02-24T09:25:26.056+0000] {dag.py:4180} INFO - Setting next_dagrun for example_python_operator to None, run_after=None
[2025-02-24T09:25:26.072+0000] {processor.py:208} INFO - Processing /home/airflow/.local/lib/python3.12/site-packages/airflow/example_dags/example_python_operator.py took 0.067 seconds
[2025-02-24T09:25:56.262+0000] {processor.py:186} INFO - Started process (PID=237) to work on /home/airflow/.local/lib/python3.12/site-packages/airflow/example_dags/example_python_operator.py
[2025-02-24T09:25:56.262+0000] {processor.py:914} INFO - Processing file /home/airflow/.local/lib/python3.12/site-packages/airflow/example_dags/example_python_operator.py for tasks to queue
[2025-02-24T09:25:56.264+0000] {logging_mixin.py:190} INFO - [2025-02-24T09:25:56.264+0000] {dagbag.py:588} INFO - Filling up the DagBag from /home/airflow/.local/lib/python3.12/site-packages/airflow/example_dags/example_python_operator.py
[2025-02-24T09:25:56.276+0000] {processor.py:925} INFO - DAG(s) 'example_python_operator' retrieved from /home/airflow/.local/lib/python3.12/site-packages/airflow/example_dags/example_python_operator.py
[2025-02-24T09:25:56.296+0000] {logging_mixin.py:190} INFO - [2025-02-24T09:25:56.296+0000] {dag.py:3239} INFO - Sync 1 DAGs
[2025-02-24T09:25:56.312+0000] {logging_mixin.py:190} INFO - [2025-02-24T09:25:56.311+0000] {dag.py:4180} INFO - Setting next_dagrun for example_python_operator to None, run_after=None
[2025-02-24T09:25:56.330+0000] {processor.py:208} INFO - Processing /home/airflow/.local/lib/python3.12/site-packages/airflow/example_dags/example_python_operator.py took 0.074 seconds
[2025-02-24T09:26:27.159+0000] {processor.py:186} INFO - Started process (PID=301) to work on /home/airflow/.local/lib/python3.12/site-packages/airflow/example_dags/example_python_operator.py
[2025-02-24T09:26:27.159+0000] {processor.py:914} INFO - Processing file /home/airflow/.local/lib/python3.12/site-packages/airflow/example_dags/example_python_operator.py for tasks to queue
[2025-02-24T09:26:27.161+0000] {logging_mixin.py:190} INFO - [2025-02-24T09:26:27.161+0000] {dagbag.py:588} INFO - Filling up the DagBag from /home/airflow/.local/lib/python3.12/site-packages/airflow/example_dags/example_python_operator.py
[2025-02-24T09:26:27.172+0000] {processor.py:925} INFO - DAG(s) 'example_python_operator' retrieved from /home/airflow/.local/lib/python3.12/site-packages/airflow/example_dags/example_python_operator.py
[2025-02-24T09:26:27.193+0000] {logging_mixin.py:190} INFO - [2025-02-24T09:26:27.193+0000] {dag.py:3239} INFO - Sync 1 DAGs
[2025-02-24T09:26:27.205+0000] {logging_mixin.py:190} INFO - [2025-02-24T09:26:27.205+0000] {dag.py:4180} INFO - Setting next_dagrun for example_python_operator to None, run_after=None
[2025-02-24T09:26:27.221+0000] {processor.py:208} INFO - Processing /home/airflow/.local/lib/python3.12/site-packages/airflow/example_dags/example_python_operator.py took 0.068 seconds
[2025-02-24T09:26:58.136+0000] {processor.py:186} INFO - Started process (PID=364) to work on /home/airflow/.local/lib/python3.12/site-packages/airflow/example_dags/example_python_operator.py
[2025-02-24T09:26:58.137+0000] {processor.py:914} INFO - Processing file /home/airflow/.local/lib/python3.12/site-packages/airflow/example_dags/example_python_operator.py for tasks to queue
[2025-02-24T09:26:58.139+0000] {logging_mixin.py:190} INFO - [2025-02-24T09:26:58.138+0000] {dagbag.py:588} INFO - Filling up the DagBag from /home/airflow/.local/lib/python3.12/site-packages/airflow/example_dags/example_python_operator.py
[2025-02-24T09:26:58.148+0000] {processor.py:925} INFO - DAG(s) 'example_python_operator' retrieved from /home/airflow/.local/lib/python3.12/site-packages/airflow/example_dags/example_python_operator.py
[2025-02-24T09:26:58.165+0000] {logging_mixin.py:190} INFO - [2025-02-24T09:26:58.165+0000] {dag.py:3239} INFO - Sync 1 DAGs
[2025-02-24T09:26:58.180+0000] {logging_mixin.py:190} INFO - [2025-02-24T09:26:58.180+0000] {dag.py:4180} INFO - Setting next_dagrun for example_python_operator to None, run_after=None
[2025-02-24T09:26:58.199+0000] {processor.py:208} INFO - Processing /home/airflow/.local/lib/python3.12/site-packages/airflow/example_dags/example_python_operator.py took 0.067 seconds
[2025-02-24T09:27:28.943+0000] {processor.py:186} INFO - Started process (PID=427) to work on /home/airflow/.local/lib/python3.12/site-packages/airflow/example_dags/example_python_operator.py
[2025-02-24T09:27:28.943+0000] {processor.py:914} INFO - Processing file /home/airflow/.local/lib/python3.12/site-packages/airflow/example_dags/example_python_operator.py for tasks to queue
[2025-02-24T09:27:28.945+0000] {logging_mixin.py:190} INFO - [2025-02-24T09:27:28.945+0000] {dagbag.py:588} INFO - Filling up the DagBag from /home/airflow/.local/lib/python3.12/site-packages/airflow/example_dags/example_python_operator.py
[2025-02-24T09:27:28.955+0000] {processor.py:925} INFO - DAG(s) 'example_python_operator' retrieved from /home/airflow/.local/lib/python3.12/site-packages/airflow/example_dags/example_python_operator.py
[2025-02-24T09:27:28.972+0000] {logging_mixin.py:190} INFO - [2025-02-24T09:27:28.971+0000] {dag.py:3239} INFO - Sync 1 DAGs
[2025-02-24T09:27:28.984+0000] {logging_mixin.py:190} INFO - [2025-02-24T09:27:28.984+0000] {dag.py:4180} INFO - Setting next_dagrun for example_python_operator to None, run_after=None
[2025-02-24T09:27:28.999+0000] {processor.py:208} INFO - Processing /home/airflow/.local/lib/python3.12/site-packages/airflow/example_dags/example_python_operator.py took 0.060 seconds
[2025-02-24T09:28:00.611+0000] {processor.py:186} INFO - Started process (PID=490) to work on /home/airflow/.local/lib/python3.12/site-packages/airflow/example_dags/example_python_operator.py
[2025-02-24T09:28:00.612+0000] {processor.py:914} INFO - Processing file /home/airflow/.local/lib/python3.12/site-packages/airflow/example_dags/example_python_operator.py for tasks to queue
[2025-02-24T09:28:00.614+0000] {logging_mixin.py:190} INFO - [2025-02-24T09:28:00.614+0000] {dagbag.py:588} INFO - Filling up the DagBag from /home/airflow/.local/lib/python3.12/site-packages/airflow/example_dags/example_python_operator.py
[2025-02-24T09:28:00.625+0000] {processor.py:925} INFO - DAG(s) 'example_python_operator' retrieved from /home/airflow/.local/lib/python3.12/site-packages/airflow/example_dags/example_python_operator.py
[2025-02-24T09:28:00.643+0000] {logging_mixin.py:190} INFO - [2025-02-24T09:28:00.643+0000] {dag.py:3239} INFO - Sync 1 DAGs
[2025-02-24T09:28:00.654+0000] {logging_mixin.py:190} INFO - [2025-02-24T09:28:00.654+0000] {dag.py:4180} INFO - Setting next_dagrun for example_python_operator to None, run_after=None
[2025-02-24T09:28:00.667+0000] {processor.py:208} INFO - Processing /home/airflow/.local/lib/python3.12/site-packages/airflow/example_dags/example_python_operator.py took 0.063 seconds
[2025-02-24T09:28:32.197+0000] {processor.py:186} INFO - Started process (PID=553) to work on /home/airflow/.local/lib/python3.12/site-packages/airflow/example_dags/example_python_operator.py
[2025-02-24T09:28:32.198+0000] {processor.py:914} INFO - Processing file /home/airflow/.local/lib/python3.12/site-packages/airflow/example_dags/example_python_operator.py for tasks to queue
[2025-02-24T09:28:32.199+0000] {logging_mixin.py:190} INFO - [2025-02-24T09:28:32.199+0000] {dagbag.py:588} INFO - Filling up the DagBag from /home/airflow/.local/lib/python3.12/site-packages/airflow/example_dags/example_python_operator.py
[2025-02-24T09:28:32.212+0000] {processor.py:925} INFO - DAG(s) 'example_python_operator' retrieved from /home/airflow/.local/lib/python3.12/site-packages/airflow/example_dags/example_python_operator.py
[2025-02-24T09:28:32.239+0000] {logging_mixin.py:190} INFO - [2025-02-24T09:28:32.239+0000] {dag.py:3239} INFO - Sync 1 DAGs
[2025-02-24T09:28:32.260+0000] {logging_mixin.py:190} INFO - [2025-02-24T09:28:32.260+0000] {dag.py:4180} INFO - Setting next_dagrun for example_python_operator to None, run_after=None
[2025-02-24T09:28:32.285+0000] {processor.py:208} INFO - Processing /home/airflow/.local/lib/python3.12/site-packages/airflow/example_dags/example_python_operator.py took 0.093 seconds
[2025-02-24T09:29:02.599+0000] {processor.py:186} INFO - Started process (PID=616) to work on /home/airflow/.local/lib/python3.12/site-packages/airflow/example_dags/example_python_operator.py
[2025-02-24T09:29:02.600+0000] {processor.py:914} INFO - Processing file /home/airflow/.local/lib/python3.12/site-packages/airflow/example_dags/example_python_operator.py for tasks to queue
[2025-02-24T09:29:02.601+0000] {logging_mixin.py:190} INFO - [2025-02-24T09:29:02.601+0000] {dagbag.py:588} INFO - Filling up the DagBag from /home/airflow/.local/lib/python3.12/site-packages/airflow/example_dags/example_python_operator.py
[2025-02-24T09:29:02.612+0000] {processor.py:925} INFO - DAG(s) 'example_python_operator' retrieved from /home/airflow/.local/lib/python3.12/site-packages/airflow/example_dags/example_python_operator.py
[2025-02-24T09:29:02.631+0000] {logging_mixin.py:190} INFO - [2025-02-24T09:29:02.631+0000] {dag.py:3239} INFO - Sync 1 DAGs
[2025-02-24T09:29:02.643+0000] {logging_mixin.py:190} INFO - [2025-02-24T09:29:02.643+0000] {dag.py:4180} INFO - Setting next_dagrun for example_python_operator to None, run_after=None
[2025-02-24T09:29:02.658+0000] {processor.py:208} INFO - Processing /home/airflow/.local/lib/python3.12/site-packages/airflow/example_dags/example_python_operator.py took 0.064 seconds
[2025-02-24T09:29:33.714+0000] {processor.py:186} INFO - Started process (PID=679) to work on /home/airflow/.local/lib/python3.12/site-packages/airflow/example_dags/example_python_operator.py
[2025-02-24T09:29:33.714+0000] {processor.py:914} INFO - Processing file /home/airflow/.local/lib/python3.12/site-packages/airflow/example_dags/example_python_operator.py for tasks to queue
[2025-02-24T09:29:33.716+0000] {logging_mixin.py:190} INFO - [2025-02-24T09:29:33.716+0000] {dagbag.py:588} INFO - Filling up the DagBag from /home/airflow/.local/lib/python3.12/site-packages/airflow/example_dags/example_python_operator.py
[2025-02-24T09:29:33.725+0000] {processor.py:925} INFO - DAG(s) 'example_python_operator' retrieved from /home/airflow/.local/lib/python3.12/site-packages/airflow/example_dags/example_python_operator.py
[2025-02-24T09:29:33.747+0000] {logging_mixin.py:190} INFO - [2025-02-24T09:29:33.747+0000] {dag.py:3239} INFO - Sync 1 DAGs
[2025-02-24T09:29:33.762+0000] {logging_mixin.py:190} INFO - [2025-02-24T09:29:33.762+0000] {dag.py:4180} INFO - Setting next_dagrun for example_python_operator to None, run_after=None
[2025-02-24T09:29:33.779+0000] {processor.py:208} INFO - Processing /home/airflow/.local/lib/python3.12/site-packages/airflow/example_dags/example_python_operator.py took 0.069 seconds
[2025-02-24T09:30:04.970+0000] {processor.py:186} INFO - Started process (PID=742) to work on /home/airflow/.local/lib/python3.12/site-packages/airflow/example_dags/example_python_operator.py
[2025-02-24T09:30:04.971+0000] {processor.py:914} INFO - Processing file /home/airflow/.local/lib/python3.12/site-packages/airflow/example_dags/example_python_operator.py for tasks to queue
[2025-02-24T09:30:04.973+0000] {logging_mixin.py:190} INFO - [2025-02-24T09:30:04.972+0000] {dagbag.py:588} INFO - Filling up the DagBag from /home/airflow/.local/lib/python3.12/site-packages/airflow/example_dags/example_python_operator.py
[2025-02-24T09:30:04.983+0000] {processor.py:925} INFO - DAG(s) 'example_python_operator' retrieved from /home/airflow/.local/lib/python3.12/site-packages/airflow/example_dags/example_python_operator.py
[2025-02-24T09:30:05.003+0000] {logging_mixin.py:190} INFO - [2025-02-24T09:30:05.003+0000] {dag.py:3239} INFO - Sync 1 DAGs
[2025-02-24T09:30:05.016+0000] {logging_mixin.py:190} INFO - [2025-02-24T09:30:05.016+0000] {dag.py:4180} INFO - Setting next_dagrun for example_python_operator to None, run_after=None
[2025-02-24T09:30:05.030+0000] {processor.py:208} INFO - Processing /home/airflow/.local/lib/python3.12/site-packages/airflow/example_dags/example_python_operator.py took 0.065 seconds
[2025-02-24T09:30:36.115+0000] {processor.py:186} INFO - Started process (PID=804) to work on /home/airflow/.local/lib/python3.12/site-packages/airflow/example_dags/example_python_operator.py
[2025-02-24T09:30:36.116+0000] {processor.py:914} INFO - Processing file /home/airflow/.local/lib/python3.12/site-packages/airflow/example_dags/example_python_operator.py for tasks to queue
[2025-02-24T09:30:36.117+0000] {logging_mixin.py:190} INFO - [2025-02-24T09:30:36.117+0000] {dagbag.py:588} INFO - Filling up the DagBag from /home/airflow/.local/lib/python3.12/site-packages/airflow/example_dags/example_python_operator.py
[2025-02-24T09:30:36.127+0000] {processor.py:925} INFO - DAG(s) 'example_python_operator' retrieved from /home/airflow/.local/lib/python3.12/site-packages/airflow/example_dags/example_python_operator.py
[2025-02-24T09:30:36.145+0000] {logging_mixin.py:190} INFO - [2025-02-24T09:30:36.144+0000] {dag.py:3239} INFO - Sync 1 DAGs
[2025-02-24T09:30:36.157+0000] {logging_mixin.py:190} INFO - [2025-02-24T09:30:36.157+0000] {dag.py:4180} INFO - Setting next_dagrun for example_python_operator to None, run_after=None
[2025-02-24T09:30:36.169+0000] {processor.py:208} INFO - Processing /home/airflow/.local/lib/python3.12/site-packages/airflow/example_dags/example_python_operator.py took 0.059 seconds
[2025-02-24T09:31:06.734+0000] {processor.py:186} INFO - Started process (PID=867) to work on /home/airflow/.local/lib/python3.12/site-packages/airflow/example_dags/example_python_operator.py
[2025-02-24T09:31:06.735+0000] {processor.py:914} INFO - Processing file /home/airflow/.local/lib/python3.12/site-packages/airflow/example_dags/example_python_operator.py for tasks to queue
[2025-02-24T09:31:06.737+0000] {logging_mixin.py:190} INFO - [2025-02-24T09:31:06.736+0000] {dagbag.py:588} INFO - Filling up the DagBag from /home/airflow/.local/lib/python3.12/site-packages/airflow/example_dags/example_python_operator.py
[2025-02-24T09:31:06.750+0000] {processor.py:925} INFO - DAG(s) 'example_python_operator' retrieved from /home/airflow/.local/lib/python3.12/site-packages/airflow/example_dags/example_python_operator.py
[2025-02-24T09:31:06.771+0000] {logging_mixin.py:190} INFO - [2025-02-24T09:31:06.771+0000] {dag.py:3239} INFO - Sync 1 DAGs
[2025-02-24T09:31:06.784+0000] {logging_mixin.py:190} INFO - [2025-02-24T09:31:06.784+0000] {dag.py:4180} INFO - Setting next_dagrun for example_python_operator to None, run_after=None
[2025-02-24T09:31:06.801+0000] {processor.py:208} INFO - Processing /home/airflow/.local/lib/python3.12/site-packages/airflow/example_dags/example_python_operator.py took 0.073 seconds
[2025-02-24T09:31:37.641+0000] {processor.py:186} INFO - Started process (PID=930) to work on /home/airflow/.local/lib/python3.12/site-packages/airflow/example_dags/example_python_operator.py
[2025-02-24T09:31:37.642+0000] {processor.py:914} INFO - Processing file /home/airflow/.local/lib/python3.12/site-packages/airflow/example_dags/example_python_operator.py for tasks to queue
[2025-02-24T09:31:37.643+0000] {logging_mixin.py:190} INFO - [2025-02-24T09:31:37.643+0000] {dagbag.py:588} INFO - Filling up the DagBag from /home/airflow/.local/lib/python3.12/site-packages/airflow/example_dags/example_python_operator.py
[2025-02-24T09:31:37.654+0000] {processor.py:925} INFO - DAG(s) 'example_python_operator' retrieved from /home/airflow/.local/lib/python3.12/site-packages/airflow/example_dags/example_python_operator.py
[2025-02-24T09:31:37.675+0000] {logging_mixin.py:190} INFO - [2025-02-24T09:31:37.675+0000] {dag.py:3239} INFO - Sync 1 DAGs
[2025-02-24T09:31:37.688+0000] {logging_mixin.py:190} INFO - [2025-02-24T09:31:37.688+0000] {dag.py:4180} INFO - Setting next_dagrun for example_python_operator to None, run_after=None
[2025-02-24T09:31:37.707+0000] {processor.py:208} INFO - Processing /home/airflow/.local/lib/python3.12/site-packages/airflow/example_dags/example_python_operator.py took 0.071 seconds
[2025-02-24T09:32:08.538+0000] {processor.py:186} INFO - Started process (PID=993) to work on /home/airflow/.local/lib/python3.12/site-packages/airflow/example_dags/example_python_operator.py
[2025-02-24T09:32:08.539+0000] {processor.py:914} INFO - Processing file /home/airflow/.local/lib/python3.12/site-packages/airflow/example_dags/example_python_operator.py for tasks to queue
[2025-02-24T09:32:08.540+0000] {logging_mixin.py:190} INFO - [2025-02-24T09:32:08.540+0000] {dagbag.py:588} INFO - Filling up the DagBag from /home/airflow/.local/lib/python3.12/site-packages/airflow/example_dags/example_python_operator.py
[2025-02-24T09:32:08.550+0000] {processor.py:925} INFO - DAG(s) 'example_python_operator' retrieved from /home/airflow/.local/lib/python3.12/site-packages/airflow/example_dags/example_python_operator.py
[2025-02-24T09:32:08.568+0000] {logging_mixin.py:190} INFO - [2025-02-24T09:32:08.568+0000] {dag.py:3239} INFO - Sync 1 DAGs
[2025-02-24T09:32:08.581+0000] {logging_mixin.py:190} INFO - [2025-02-24T09:32:08.581+0000] {dag.py:4180} INFO - Setting next_dagrun for example_python_operator to None, run_after=None
[2025-02-24T09:32:08.596+0000] {processor.py:208} INFO - Processing /home/airflow/.local/lib/python3.12/site-packages/airflow/example_dags/example_python_operator.py took 0.063 seconds
[2025-02-24T09:32:39.436+0000] {processor.py:186} INFO - Started process (PID=1056) to work on /home/airflow/.local/lib/python3.12/site-packages/airflow/example_dags/example_python_operator.py
[2025-02-24T09:32:39.437+0000] {processor.py:914} INFO - Processing file /home/airflow/.local/lib/python3.12/site-packages/airflow/example_dags/example_python_operator.py for tasks to queue
[2025-02-24T09:32:39.438+0000] {logging_mixin.py:190} INFO - [2025-02-24T09:32:39.438+0000] {dagbag.py:588} INFO - Filling up the DagBag from /home/airflow/.local/lib/python3.12/site-packages/airflow/example_dags/example_python_operator.py
[2025-02-24T09:32:39.449+0000] {processor.py:925} INFO - DAG(s) 'example_python_operator' retrieved from /home/airflow/.local/lib/python3.12/site-packages/airflow/example_dags/example_python_operator.py
[2025-02-24T09:32:39.468+0000] {logging_mixin.py:190} INFO - [2025-02-24T09:32:39.468+0000] {dag.py:3239} INFO - Sync 1 DAGs
[2025-02-24T09:32:39.480+0000] {logging_mixin.py:190} INFO - [2025-02-24T09:32:39.479+0000] {dag.py:4180} INFO - Setting next_dagrun for example_python_operator to None, run_after=None
[2025-02-24T09:32:39.495+0000] {processor.py:208} INFO - Processing /home/airflow/.local/lib/python3.12/site-packages/airflow/example_dags/example_python_operator.py took 0.063 seconds
[2025-02-24T09:33:10.644+0000] {processor.py:186} INFO - Started process (PID=1119) to work on /home/airflow/.local/lib/python3.12/site-packages/airflow/example_dags/example_python_operator.py
[2025-02-24T09:33:10.645+0000] {processor.py:914} INFO - Processing file /home/airflow/.local/lib/python3.12/site-packages/airflow/example_dags/example_python_operator.py for tasks to queue
[2025-02-24T09:33:10.647+0000] {logging_mixin.py:190} INFO - [2025-02-24T09:33:10.646+0000] {dagbag.py:588} INFO - Filling up the DagBag from /home/airflow/.local/lib/python3.12/site-packages/airflow/example_dags/example_python_operator.py
[2025-02-24T09:33:10.657+0000] {processor.py:925} INFO - DAG(s) 'example_python_operator' retrieved from /home/airflow/.local/lib/python3.12/site-packages/airflow/example_dags/example_python_operator.py
[2025-02-24T09:33:10.681+0000] {logging_mixin.py:190} INFO - [2025-02-24T09:33:10.680+0000] {dag.py:3239} INFO - Sync 1 DAGs
[2025-02-24T09:33:10.698+0000] {logging_mixin.py:190} INFO - [2025-02-24T09:33:10.697+0000] {dag.py:4180} INFO - Setting next_dagrun for example_python_operator to None, run_after=None
[2025-02-24T09:33:10.716+0000] {processor.py:208} INFO - Processing /home/airflow/.local/lib/python3.12/site-packages/airflow/example_dags/example_python_operator.py took 0.077 seconds
[2025-02-24T09:33:41.295+0000] {processor.py:186} INFO - Started process (PID=1181) to work on /home/airflow/.local/lib/python3.12/site-packages/airflow/example_dags/example_python_operator.py
[2025-02-24T09:33:41.295+0000] {processor.py:914} INFO - Processing file /home/airflow/.local/lib/python3.12/site-packages/airflow/example_dags/example_python_operator.py for tasks to queue
[2025-02-24T09:33:41.297+0000] {logging_mixin.py:190} INFO - [2025-02-24T09:33:41.297+0000] {dagbag.py:588} INFO - Filling up the DagBag from /home/airflow/.local/lib/python3.12/site-packages/airflow/example_dags/example_python_operator.py
[2025-02-24T09:33:41.310+0000] {processor.py:925} INFO - DAG(s) 'example_python_operator' retrieved from /home/airflow/.local/lib/python3.12/site-packages/airflow/example_dags/example_python_operator.py
[2025-02-24T09:33:41.334+0000] {logging_mixin.py:190} INFO - [2025-02-24T09:33:41.334+0000] {dag.py:3239} INFO - Sync 1 DAGs
[2025-02-24T09:33:41.351+0000] {logging_mixin.py:190} INFO - [2025-02-24T09:33:41.350+0000] {dag.py:4180} INFO - Setting next_dagrun for example_python_operator to None, run_after=None
[2025-02-24T09:33:41.369+0000] {processor.py:208} INFO - Processing /home/airflow/.local/lib/python3.12/site-packages/airflow/example_dags/example_python_operator.py took 0.080 seconds
