[2025-02-24T09:24:52.298+0000] {processor.py:186} INFO - Started process (PID=99) to work on /home/airflow/.local/lib/python3.12/site-packages/airflow/example_dags/example_dataset_alias_with_no_taskflow.py
[2025-02-24T09:24:52.299+0000] {processor.py:914} INFO - Processing file /home/airflow/.local/lib/python3.12/site-packages/airflow/example_dags/example_dataset_alias_with_no_taskflow.py for tasks to queue
[2025-02-24T09:24:52.302+0000] {logging_mixin.py:190} INFO - [2025-02-24T09:24:52.301+0000] {dagbag.py:588} INFO - Filling up the DagBag from /home/airflow/.local/lib/python3.12/site-packages/airflow/example_dags/example_dataset_alias_with_no_taskflow.py
[2025-02-24T09:24:53.079+0000] {processor.py:925} INFO - DAG(s) 'dataset_alias_example_alias_producer_with_no_taskflow', 'dataset_alias_example_alias_consumer_with_no_taskflow', 'dataset_s3_bucket_consumer_with_no_taskflow', 'dataset_s3_bucket_producer_with_no_taskflow' retrieved from /home/airflow/.local/lib/python3.12/site-packages/airflow/example_dags/example_dataset_alias_with_no_taskflow.py
[2025-02-24T09:24:53.298+0000] {logging_mixin.py:190} INFO - [2025-02-24T09:24:53.297+0000] {override.py:1911} INFO - Created Permission View: can edit on DAG:dataset_alias_example_alias_producer_with_no_taskflow
[2025-02-24T09:24:53.307+0000] {logging_mixin.py:190} INFO - [2025-02-24T09:24:53.307+0000] {override.py:1911} INFO - Created Permission View: can read on DAG:dataset_alias_example_alias_producer_with_no_taskflow
[2025-02-24T09:24:53.312+0000] {logging_mixin.py:190} INFO - [2025-02-24T09:24:53.312+0000] {override.py:1911} INFO - Created Permission View: can delete on DAG:dataset_alias_example_alias_producer_with_no_taskflow
[2025-02-24T09:24:53.317+0000] {logging_mixin.py:190} INFO - [2025-02-24T09:24:53.316+0000] {override.py:1911} INFO - Created Permission View: can create on DAG Run:dataset_alias_example_alias_producer_with_no_taskflow
[2025-02-24T09:24:53.321+0000] {logging_mixin.py:190} INFO - [2025-02-24T09:24:53.321+0000] {override.py:1911} INFO - Created Permission View: can read on DAG Run:dataset_alias_example_alias_producer_with_no_taskflow
[2025-02-24T09:24:53.326+0000] {logging_mixin.py:190} INFO - [2025-02-24T09:24:53.326+0000] {override.py:1911} INFO - Created Permission View: menu access on DAG Run:dataset_alias_example_alias_producer_with_no_taskflow
[2025-02-24T09:24:53.331+0000] {logging_mixin.py:190} INFO - [2025-02-24T09:24:53.331+0000] {override.py:1911} INFO - Created Permission View: can delete on DAG Run:dataset_alias_example_alias_producer_with_no_taskflow
[2025-02-24T09:24:53.340+0000] {logging_mixin.py:190} INFO - [2025-02-24T09:24:53.340+0000] {override.py:1911} INFO - Created Permission View: can edit on DAG:dataset_alias_example_alias_consumer_with_no_taskflow
[2025-02-24T09:24:53.345+0000] {logging_mixin.py:190} INFO - [2025-02-24T09:24:53.344+0000] {override.py:1911} INFO - Created Permission View: can read on DAG:dataset_alias_example_alias_consumer_with_no_taskflow
[2025-02-24T09:24:53.349+0000] {logging_mixin.py:190} INFO - [2025-02-24T09:24:53.349+0000] {override.py:1911} INFO - Created Permission View: can delete on DAG:dataset_alias_example_alias_consumer_with_no_taskflow
[2025-02-24T09:24:53.355+0000] {logging_mixin.py:190} INFO - [2025-02-24T09:24:53.355+0000] {override.py:1911} INFO - Created Permission View: can create on DAG Run:dataset_alias_example_alias_consumer_with_no_taskflow
[2025-02-24T09:24:53.361+0000] {logging_mixin.py:190} INFO - [2025-02-24T09:24:53.361+0000] {override.py:1911} INFO - Created Permission View: can read on DAG Run:dataset_alias_example_alias_consumer_with_no_taskflow
[2025-02-24T09:24:53.367+0000] {logging_mixin.py:190} INFO - [2025-02-24T09:24:53.367+0000] {override.py:1911} INFO - Created Permission View: menu access on DAG Run:dataset_alias_example_alias_consumer_with_no_taskflow
[2025-02-24T09:24:53.372+0000] {logging_mixin.py:190} INFO - [2025-02-24T09:24:53.372+0000] {override.py:1911} INFO - Created Permission View: can delete on DAG Run:dataset_alias_example_alias_consumer_with_no_taskflow
[2025-02-24T09:24:53.381+0000] {logging_mixin.py:190} INFO - [2025-02-24T09:24:53.381+0000] {override.py:1911} INFO - Created Permission View: can edit on DAG:dataset_s3_bucket_consumer_with_no_taskflow
[2025-02-24T09:24:53.386+0000] {logging_mixin.py:190} INFO - [2025-02-24T09:24:53.386+0000] {override.py:1911} INFO - Created Permission View: can read on DAG:dataset_s3_bucket_consumer_with_no_taskflow
[2025-02-24T09:24:53.391+0000] {logging_mixin.py:190} INFO - [2025-02-24T09:24:53.391+0000] {override.py:1911} INFO - Created Permission View: can delete on DAG:dataset_s3_bucket_consumer_with_no_taskflow
[2025-02-24T09:24:53.396+0000] {logging_mixin.py:190} INFO - [2025-02-24T09:24:53.395+0000] {override.py:1911} INFO - Created Permission View: can create on DAG Run:dataset_s3_bucket_consumer_with_no_taskflow
[2025-02-24T09:24:53.400+0000] {logging_mixin.py:190} INFO - [2025-02-24T09:24:53.400+0000] {override.py:1911} INFO - Created Permission View: can read on DAG Run:dataset_s3_bucket_consumer_with_no_taskflow
[2025-02-24T09:24:53.405+0000] {logging_mixin.py:190} INFO - [2025-02-24T09:24:53.405+0000] {override.py:1911} INFO - Created Permission View: menu access on DAG Run:dataset_s3_bucket_consumer_with_no_taskflow
[2025-02-24T09:24:53.410+0000] {logging_mixin.py:190} INFO - [2025-02-24T09:24:53.410+0000] {override.py:1911} INFO - Created Permission View: can delete on DAG Run:dataset_s3_bucket_consumer_with_no_taskflow
[2025-02-24T09:24:53.419+0000] {logging_mixin.py:190} INFO - [2025-02-24T09:24:53.419+0000] {override.py:1911} INFO - Created Permission View: can edit on DAG:dataset_s3_bucket_producer_with_no_taskflow
[2025-02-24T09:24:53.424+0000] {logging_mixin.py:190} INFO - [2025-02-24T09:24:53.424+0000] {override.py:1911} INFO - Created Permission View: can read on DAG:dataset_s3_bucket_producer_with_no_taskflow
[2025-02-24T09:24:53.430+0000] {logging_mixin.py:190} INFO - [2025-02-24T09:24:53.430+0000] {override.py:1911} INFO - Created Permission View: can delete on DAG:dataset_s3_bucket_producer_with_no_taskflow
[2025-02-24T09:24:53.439+0000] {logging_mixin.py:190} INFO - [2025-02-24T09:24:53.438+0000] {override.py:1911} INFO - Created Permission View: can create on DAG Run:dataset_s3_bucket_producer_with_no_taskflow
[2025-02-24T09:24:53.446+0000] {logging_mixin.py:190} INFO - [2025-02-24T09:24:53.446+0000] {override.py:1911} INFO - Created Permission View: can read on DAG Run:dataset_s3_bucket_producer_with_no_taskflow
[2025-02-24T09:24:53.454+0000] {logging_mixin.py:190} INFO - [2025-02-24T09:24:53.454+0000] {override.py:1911} INFO - Created Permission View: menu access on DAG Run:dataset_s3_bucket_producer_with_no_taskflow
[2025-02-24T09:24:53.467+0000] {logging_mixin.py:190} INFO - [2025-02-24T09:24:53.466+0000] {override.py:1911} INFO - Created Permission View: can delete on DAG Run:dataset_s3_bucket_producer_with_no_taskflow
[2025-02-24T09:24:53.468+0000] {logging_mixin.py:190} INFO - [2025-02-24T09:24:53.467+0000] {dag.py:3239} INFO - Sync 4 DAGs
[2025-02-24T09:24:53.486+0000] {logging_mixin.py:190} INFO - [2025-02-24T09:24:53.485+0000] {dag.py:3262} INFO - Creating ORM DAG for dataset_alias_example_alias_consumer_with_no_taskflow
[2025-02-24T09:24:53.487+0000] {logging_mixin.py:190} INFO - [2025-02-24T09:24:53.487+0000] {dag.py:3262} INFO - Creating ORM DAG for dataset_s3_bucket_producer_with_no_taskflow
[2025-02-24T09:24:53.488+0000] {logging_mixin.py:190} INFO - [2025-02-24T09:24:53.488+0000] {dag.py:3262} INFO - Creating ORM DAG for dataset_s3_bucket_consumer_with_no_taskflow
[2025-02-24T09:24:53.488+0000] {logging_mixin.py:190} INFO - [2025-02-24T09:24:53.488+0000] {dag.py:3262} INFO - Creating ORM DAG for dataset_alias_example_alias_producer_with_no_taskflow
[2025-02-24T09:24:53.499+0000] {logging_mixin.py:190} INFO - [2025-02-24T09:24:53.499+0000] {dag.py:4180} INFO - Setting next_dagrun for dataset_alias_example_alias_consumer_with_no_taskflow to None, run_after=None
[2025-02-24T09:24:53.500+0000] {logging_mixin.py:190} INFO - [2025-02-24T09:24:53.500+0000] {dag.py:4180} INFO - Setting next_dagrun for dataset_alias_example_alias_producer_with_no_taskflow to None, run_after=None
[2025-02-24T09:24:53.500+0000] {logging_mixin.py:190} INFO - [2025-02-24T09:24:53.500+0000] {dag.py:4180} INFO - Setting next_dagrun for dataset_s3_bucket_consumer_with_no_taskflow to None, run_after=None
[2025-02-24T09:24:53.501+0000] {logging_mixin.py:190} INFO - [2025-02-24T09:24:53.500+0000] {dag.py:4180} INFO - Setting next_dagrun for dataset_s3_bucket_producer_with_no_taskflow to None, run_after=None
[2025-02-24T09:24:53.522+0000] {processor.py:208} INFO - Processing /home/airflow/.local/lib/python3.12/site-packages/airflow/example_dags/example_dataset_alias_with_no_taskflow.py took 1.231 seconds
[2025-02-24T09:25:23.902+0000] {processor.py:186} INFO - Started process (PID=163) to work on /home/airflow/.local/lib/python3.12/site-packages/airflow/example_dags/example_dataset_alias_with_no_taskflow.py
[2025-02-24T09:25:23.903+0000] {processor.py:914} INFO - Processing file /home/airflow/.local/lib/python3.12/site-packages/airflow/example_dags/example_dataset_alias_with_no_taskflow.py for tasks to queue
[2025-02-24T09:25:23.905+0000] {logging_mixin.py:190} INFO - [2025-02-24T09:25:23.904+0000] {dagbag.py:588} INFO - Filling up the DagBag from /home/airflow/.local/lib/python3.12/site-packages/airflow/example_dags/example_dataset_alias_with_no_taskflow.py
[2025-02-24T09:25:24.512+0000] {processor.py:925} INFO - DAG(s) 'dataset_alias_example_alias_producer_with_no_taskflow', 'dataset_s3_bucket_producer_with_no_taskflow', 'dataset_alias_example_alias_consumer_with_no_taskflow', 'dataset_s3_bucket_consumer_with_no_taskflow' retrieved from /home/airflow/.local/lib/python3.12/site-packages/airflow/example_dags/example_dataset_alias_with_no_taskflow.py
[2025-02-24T09:25:24.534+0000] {logging_mixin.py:190} INFO - [2025-02-24T09:25:24.534+0000] {dag.py:3239} INFO - Sync 4 DAGs
[2025-02-24T09:25:24.559+0000] {logging_mixin.py:190} INFO - [2025-02-24T09:25:24.559+0000] {dag.py:4180} INFO - Setting next_dagrun for dataset_alias_example_alias_consumer_with_no_taskflow to None, run_after=None
[2025-02-24T09:25:24.562+0000] {logging_mixin.py:190} INFO - [2025-02-24T09:25:24.562+0000] {dag.py:4180} INFO - Setting next_dagrun for dataset_alias_example_alias_producer_with_no_taskflow to None, run_after=None
[2025-02-24T09:25:24.563+0000] {logging_mixin.py:190} INFO - [2025-02-24T09:25:24.563+0000] {dag.py:4180} INFO - Setting next_dagrun for dataset_s3_bucket_consumer_with_no_taskflow to None, run_after=None
[2025-02-24T09:25:24.564+0000] {logging_mixin.py:190} INFO - [2025-02-24T09:25:24.564+0000] {dag.py:4180} INFO - Setting next_dagrun for dataset_s3_bucket_producer_with_no_taskflow to None, run_after=None
[2025-02-24T09:25:24.583+0000] {processor.py:208} INFO - Processing /home/airflow/.local/lib/python3.12/site-packages/airflow/example_dags/example_dataset_alias_with_no_taskflow.py took 0.687 seconds
[2025-02-24T09:25:54.830+0000] {processor.py:186} INFO - Started process (PID=226) to work on /home/airflow/.local/lib/python3.12/site-packages/airflow/example_dags/example_dataset_alias_with_no_taskflow.py
[2025-02-24T09:25:54.831+0000] {processor.py:914} INFO - Processing file /home/airflow/.local/lib/python3.12/site-packages/airflow/example_dags/example_dataset_alias_with_no_taskflow.py for tasks to queue
[2025-02-24T09:25:54.833+0000] {logging_mixin.py:190} INFO - [2025-02-24T09:25:54.833+0000] {dagbag.py:588} INFO - Filling up the DagBag from /home/airflow/.local/lib/python3.12/site-packages/airflow/example_dags/example_dataset_alias_with_no_taskflow.py
[2025-02-24T09:25:55.561+0000] {processor.py:925} INFO - DAG(s) 'dataset_alias_example_alias_producer_with_no_taskflow', 'dataset_s3_bucket_producer_with_no_taskflow', 'dataset_s3_bucket_consumer_with_no_taskflow', 'dataset_alias_example_alias_consumer_with_no_taskflow' retrieved from /home/airflow/.local/lib/python3.12/site-packages/airflow/example_dags/example_dataset_alias_with_no_taskflow.py
[2025-02-24T09:25:55.586+0000] {logging_mixin.py:190} INFO - [2025-02-24T09:25:55.586+0000] {dag.py:3239} INFO - Sync 4 DAGs
[2025-02-24T09:25:55.604+0000] {logging_mixin.py:190} INFO - [2025-02-24T09:25:55.604+0000] {dag.py:4180} INFO - Setting next_dagrun for dataset_alias_example_alias_consumer_with_no_taskflow to None, run_after=None
[2025-02-24T09:25:55.607+0000] {logging_mixin.py:190} INFO - [2025-02-24T09:25:55.606+0000] {dag.py:4180} INFO - Setting next_dagrun for dataset_alias_example_alias_producer_with_no_taskflow to None, run_after=None
[2025-02-24T09:25:55.608+0000] {logging_mixin.py:190} INFO - [2025-02-24T09:25:55.608+0000] {dag.py:4180} INFO - Setting next_dagrun for dataset_s3_bucket_consumer_with_no_taskflow to None, run_after=None
[2025-02-24T09:25:55.609+0000] {logging_mixin.py:190} INFO - [2025-02-24T09:25:55.609+0000] {dag.py:4180} INFO - Setting next_dagrun for dataset_s3_bucket_producer_with_no_taskflow to None, run_after=None
[2025-02-24T09:25:55.624+0000] {processor.py:208} INFO - Processing /home/airflow/.local/lib/python3.12/site-packages/airflow/example_dags/example_dataset_alias_with_no_taskflow.py took 0.801 seconds
[2025-02-24T09:26:25.875+0000] {processor.py:186} INFO - Started process (PID=290) to work on /home/airflow/.local/lib/python3.12/site-packages/airflow/example_dags/example_dataset_alias_with_no_taskflow.py
[2025-02-24T09:26:25.876+0000] {processor.py:914} INFO - Processing file /home/airflow/.local/lib/python3.12/site-packages/airflow/example_dags/example_dataset_alias_with_no_taskflow.py for tasks to queue
[2025-02-24T09:26:25.878+0000] {logging_mixin.py:190} INFO - [2025-02-24T09:26:25.878+0000] {dagbag.py:588} INFO - Filling up the DagBag from /home/airflow/.local/lib/python3.12/site-packages/airflow/example_dags/example_dataset_alias_with_no_taskflow.py
[2025-02-24T09:26:26.466+0000] {processor.py:925} INFO - DAG(s) 'dataset_s3_bucket_consumer_with_no_taskflow', 'dataset_alias_example_alias_producer_with_no_taskflow', 'dataset_s3_bucket_producer_with_no_taskflow', 'dataset_alias_example_alias_consumer_with_no_taskflow' retrieved from /home/airflow/.local/lib/python3.12/site-packages/airflow/example_dags/example_dataset_alias_with_no_taskflow.py
[2025-02-24T09:26:26.491+0000] {logging_mixin.py:190} INFO - [2025-02-24T09:26:26.491+0000] {dag.py:3239} INFO - Sync 4 DAGs
[2025-02-24T09:26:26.522+0000] {logging_mixin.py:190} INFO - [2025-02-24T09:26:26.521+0000] {dag.py:4180} INFO - Setting next_dagrun for dataset_alias_example_alias_consumer_with_no_taskflow to None, run_after=None
[2025-02-24T09:26:26.525+0000] {logging_mixin.py:190} INFO - [2025-02-24T09:26:26.524+0000] {dag.py:4180} INFO - Setting next_dagrun for dataset_alias_example_alias_producer_with_no_taskflow to None, run_after=None
[2025-02-24T09:26:26.526+0000] {logging_mixin.py:190} INFO - [2025-02-24T09:26:26.526+0000] {dag.py:4180} INFO - Setting next_dagrun for dataset_s3_bucket_consumer_with_no_taskflow to None, run_after=None
[2025-02-24T09:26:26.528+0000] {logging_mixin.py:190} INFO - [2025-02-24T09:26:26.527+0000] {dag.py:4180} INFO - Setting next_dagrun for dataset_s3_bucket_producer_with_no_taskflow to None, run_after=None
[2025-02-24T09:26:26.548+0000] {processor.py:208} INFO - Processing /home/airflow/.local/lib/python3.12/site-packages/airflow/example_dags/example_dataset_alias_with_no_taskflow.py took 0.678 seconds
[2025-02-24T09:26:56.977+0000] {processor.py:186} INFO - Started process (PID=353) to work on /home/airflow/.local/lib/python3.12/site-packages/airflow/example_dags/example_dataset_alias_with_no_taskflow.py
[2025-02-24T09:26:56.978+0000] {processor.py:914} INFO - Processing file /home/airflow/.local/lib/python3.12/site-packages/airflow/example_dags/example_dataset_alias_with_no_taskflow.py for tasks to queue
[2025-02-24T09:26:56.980+0000] {logging_mixin.py:190} INFO - [2025-02-24T09:26:56.979+0000] {dagbag.py:588} INFO - Filling up the DagBag from /home/airflow/.local/lib/python3.12/site-packages/airflow/example_dags/example_dataset_alias_with_no_taskflow.py
[2025-02-24T09:26:57.564+0000] {processor.py:925} INFO - DAG(s) 'dataset_s3_bucket_producer_with_no_taskflow', 'dataset_s3_bucket_consumer_with_no_taskflow', 'dataset_alias_example_alias_consumer_with_no_taskflow', 'dataset_alias_example_alias_producer_with_no_taskflow' retrieved from /home/airflow/.local/lib/python3.12/site-packages/airflow/example_dags/example_dataset_alias_with_no_taskflow.py
[2025-02-24T09:26:57.583+0000] {logging_mixin.py:190} INFO - [2025-02-24T09:26:57.582+0000] {dag.py:3239} INFO - Sync 4 DAGs
[2025-02-24T09:26:57.607+0000] {logging_mixin.py:190} INFO - [2025-02-24T09:26:57.606+0000] {dag.py:4180} INFO - Setting next_dagrun for dataset_alias_example_alias_consumer_with_no_taskflow to None, run_after=None
[2025-02-24T09:26:57.609+0000] {logging_mixin.py:190} INFO - [2025-02-24T09:26:57.609+0000] {dag.py:4180} INFO - Setting next_dagrun for dataset_alias_example_alias_producer_with_no_taskflow to None, run_after=None
[2025-02-24T09:26:57.611+0000] {logging_mixin.py:190} INFO - [2025-02-24T09:26:57.611+0000] {dag.py:4180} INFO - Setting next_dagrun for dataset_s3_bucket_consumer_with_no_taskflow to None, run_after=None
[2025-02-24T09:26:57.612+0000] {logging_mixin.py:190} INFO - [2025-02-24T09:26:57.612+0000] {dag.py:4180} INFO - Setting next_dagrun for dataset_s3_bucket_producer_with_no_taskflow to None, run_after=None
[2025-02-24T09:26:57.631+0000] {processor.py:208} INFO - Processing /home/airflow/.local/lib/python3.12/site-packages/airflow/example_dags/example_dataset_alias_with_no_taskflow.py took 0.658 seconds
[2025-02-24T09:27:27.973+0000] {processor.py:186} INFO - Started process (PID=417) to work on /home/airflow/.local/lib/python3.12/site-packages/airflow/example_dags/example_dataset_alias_with_no_taskflow.py
[2025-02-24T09:27:27.973+0000] {processor.py:914} INFO - Processing file /home/airflow/.local/lib/python3.12/site-packages/airflow/example_dags/example_dataset_alias_with_no_taskflow.py for tasks to queue
[2025-02-24T09:27:27.975+0000] {logging_mixin.py:190} INFO - [2025-02-24T09:27:27.975+0000] {dagbag.py:588} INFO - Filling up the DagBag from /home/airflow/.local/lib/python3.12/site-packages/airflow/example_dags/example_dataset_alias_with_no_taskflow.py
[2025-02-24T09:27:28.571+0000] {processor.py:925} INFO - DAG(s) 'dataset_alias_example_alias_producer_with_no_taskflow', 'dataset_alias_example_alias_consumer_with_no_taskflow', 'dataset_s3_bucket_consumer_with_no_taskflow', 'dataset_s3_bucket_producer_with_no_taskflow' retrieved from /home/airflow/.local/lib/python3.12/site-packages/airflow/example_dags/example_dataset_alias_with_no_taskflow.py
[2025-02-24T09:27:28.594+0000] {logging_mixin.py:190} INFO - [2025-02-24T09:27:28.594+0000] {dag.py:3239} INFO - Sync 4 DAGs
[2025-02-24T09:27:28.616+0000] {logging_mixin.py:190} INFO - [2025-02-24T09:27:28.615+0000] {dag.py:4180} INFO - Setting next_dagrun for dataset_alias_example_alias_consumer_with_no_taskflow to None, run_after=None
[2025-02-24T09:27:28.618+0000] {logging_mixin.py:190} INFO - [2025-02-24T09:27:28.618+0000] {dag.py:4180} INFO - Setting next_dagrun for dataset_alias_example_alias_producer_with_no_taskflow to None, run_after=None
[2025-02-24T09:27:28.620+0000] {logging_mixin.py:190} INFO - [2025-02-24T09:27:28.620+0000] {dag.py:4180} INFO - Setting next_dagrun for dataset_s3_bucket_consumer_with_no_taskflow to None, run_after=None
[2025-02-24T09:27:28.621+0000] {logging_mixin.py:190} INFO - [2025-02-24T09:27:28.621+0000] {dag.py:4180} INFO - Setting next_dagrun for dataset_s3_bucket_producer_with_no_taskflow to None, run_after=None
[2025-02-24T09:27:28.657+0000] {processor.py:208} INFO - Processing /home/airflow/.local/lib/python3.12/site-packages/airflow/example_dags/example_dataset_alias_with_no_taskflow.py took 0.689 seconds
[2025-02-24T09:27:58.864+0000] {processor.py:186} INFO - Started process (PID=479) to work on /home/airflow/.local/lib/python3.12/site-packages/airflow/example_dags/example_dataset_alias_with_no_taskflow.py
[2025-02-24T09:27:58.865+0000] {processor.py:914} INFO - Processing file /home/airflow/.local/lib/python3.12/site-packages/airflow/example_dags/example_dataset_alias_with_no_taskflow.py for tasks to queue
[2025-02-24T09:27:58.867+0000] {logging_mixin.py:190} INFO - [2025-02-24T09:27:58.867+0000] {dagbag.py:588} INFO - Filling up the DagBag from /home/airflow/.local/lib/python3.12/site-packages/airflow/example_dags/example_dataset_alias_with_no_taskflow.py
[2025-02-24T09:27:59.675+0000] {processor.py:925} INFO - DAG(s) 'dataset_s3_bucket_consumer_with_no_taskflow', 'dataset_alias_example_alias_producer_with_no_taskflow', 'dataset_s3_bucket_producer_with_no_taskflow', 'dataset_alias_example_alias_consumer_with_no_taskflow' retrieved from /home/airflow/.local/lib/python3.12/site-packages/airflow/example_dags/example_dataset_alias_with_no_taskflow.py
[2025-02-24T09:27:59.698+0000] {logging_mixin.py:190} INFO - [2025-02-24T09:27:59.698+0000] {dag.py:3239} INFO - Sync 4 DAGs
[2025-02-24T09:27:59.731+0000] {logging_mixin.py:190} INFO - [2025-02-24T09:27:59.731+0000] {dag.py:4180} INFO - Setting next_dagrun for dataset_alias_example_alias_consumer_with_no_taskflow to None, run_after=None
[2025-02-24T09:27:59.735+0000] {logging_mixin.py:190} INFO - [2025-02-24T09:27:59.734+0000] {dag.py:4180} INFO - Setting next_dagrun for dataset_alias_example_alias_producer_with_no_taskflow to None, run_after=None
[2025-02-24T09:27:59.736+0000] {logging_mixin.py:190} INFO - [2025-02-24T09:27:59.736+0000] {dag.py:4180} INFO - Setting next_dagrun for dataset_s3_bucket_consumer_with_no_taskflow to None, run_after=None
[2025-02-24T09:27:59.738+0000] {logging_mixin.py:190} INFO - [2025-02-24T09:27:59.738+0000] {dag.py:4180} INFO - Setting next_dagrun for dataset_s3_bucket_producer_with_no_taskflow to None, run_after=None
[2025-02-24T09:27:59.765+0000] {processor.py:208} INFO - Processing /home/airflow/.local/lib/python3.12/site-packages/airflow/example_dags/example_dataset_alias_with_no_taskflow.py took 0.908 seconds
[2025-02-24T09:28:30.045+0000] {processor.py:186} INFO - Started process (PID=542) to work on /home/airflow/.local/lib/python3.12/site-packages/airflow/example_dags/example_dataset_alias_with_no_taskflow.py
[2025-02-24T09:28:30.046+0000] {processor.py:914} INFO - Processing file /home/airflow/.local/lib/python3.12/site-packages/airflow/example_dags/example_dataset_alias_with_no_taskflow.py for tasks to queue
[2025-02-24T09:28:30.048+0000] {logging_mixin.py:190} INFO - [2025-02-24T09:28:30.047+0000] {dagbag.py:588} INFO - Filling up the DagBag from /home/airflow/.local/lib/python3.12/site-packages/airflow/example_dags/example_dataset_alias_with_no_taskflow.py
[2025-02-24T09:28:30.881+0000] {processor.py:925} INFO - DAG(s) 'dataset_s3_bucket_producer_with_no_taskflow', 'dataset_s3_bucket_consumer_with_no_taskflow', 'dataset_alias_example_alias_consumer_with_no_taskflow', 'dataset_alias_example_alias_producer_with_no_taskflow' retrieved from /home/airflow/.local/lib/python3.12/site-packages/airflow/example_dags/example_dataset_alias_with_no_taskflow.py
[2025-02-24T09:28:30.908+0000] {logging_mixin.py:190} INFO - [2025-02-24T09:28:30.907+0000] {dag.py:3239} INFO - Sync 4 DAGs
[2025-02-24T09:28:30.938+0000] {logging_mixin.py:190} INFO - [2025-02-24T09:28:30.937+0000] {dag.py:4180} INFO - Setting next_dagrun for dataset_alias_example_alias_consumer_with_no_taskflow to None, run_after=None
[2025-02-24T09:28:30.941+0000] {logging_mixin.py:190} INFO - [2025-02-24T09:28:30.941+0000] {dag.py:4180} INFO - Setting next_dagrun for dataset_alias_example_alias_producer_with_no_taskflow to None, run_after=None
[2025-02-24T09:28:30.943+0000] {logging_mixin.py:190} INFO - [2025-02-24T09:28:30.943+0000] {dag.py:4180} INFO - Setting next_dagrun for dataset_s3_bucket_consumer_with_no_taskflow to None, run_after=None
[2025-02-24T09:28:30.944+0000] {logging_mixin.py:190} INFO - [2025-02-24T09:28:30.944+0000] {dag.py:4180} INFO - Setting next_dagrun for dataset_s3_bucket_producer_with_no_taskflow to None, run_after=None
[2025-02-24T09:28:30.970+0000] {processor.py:208} INFO - Processing /home/airflow/.local/lib/python3.12/site-packages/airflow/example_dags/example_dataset_alias_with_no_taskflow.py took 0.932 seconds
[2025-02-24T09:29:01.252+0000] {processor.py:186} INFO - Started process (PID=605) to work on /home/airflow/.local/lib/python3.12/site-packages/airflow/example_dags/example_dataset_alias_with_no_taskflow.py
[2025-02-24T09:29:01.252+0000] {processor.py:914} INFO - Processing file /home/airflow/.local/lib/python3.12/site-packages/airflow/example_dags/example_dataset_alias_with_no_taskflow.py for tasks to queue
[2025-02-24T09:29:01.254+0000] {logging_mixin.py:190} INFO - [2025-02-24T09:29:01.254+0000] {dagbag.py:588} INFO - Filling up the DagBag from /home/airflow/.local/lib/python3.12/site-packages/airflow/example_dags/example_dataset_alias_with_no_taskflow.py
[2025-02-24T09:29:01.888+0000] {processor.py:925} INFO - DAG(s) 'dataset_s3_bucket_producer_with_no_taskflow', 'dataset_alias_example_alias_consumer_with_no_taskflow', 'dataset_s3_bucket_consumer_with_no_taskflow', 'dataset_alias_example_alias_producer_with_no_taskflow' retrieved from /home/airflow/.local/lib/python3.12/site-packages/airflow/example_dags/example_dataset_alias_with_no_taskflow.py
[2025-02-24T09:29:01.904+0000] {logging_mixin.py:190} INFO - [2025-02-24T09:29:01.904+0000] {dag.py:3239} INFO - Sync 4 DAGs
[2025-02-24T09:29:01.923+0000] {logging_mixin.py:190} INFO - [2025-02-24T09:29:01.923+0000] {dag.py:4180} INFO - Setting next_dagrun for dataset_alias_example_alias_consumer_with_no_taskflow to None, run_after=None
[2025-02-24T09:29:01.925+0000] {logging_mixin.py:190} INFO - [2025-02-24T09:29:01.925+0000] {dag.py:4180} INFO - Setting next_dagrun for dataset_alias_example_alias_producer_with_no_taskflow to None, run_after=None
[2025-02-24T09:29:01.927+0000] {logging_mixin.py:190} INFO - [2025-02-24T09:29:01.926+0000] {dag.py:4180} INFO - Setting next_dagrun for dataset_s3_bucket_consumer_with_no_taskflow to None, run_after=None
[2025-02-24T09:29:01.928+0000] {logging_mixin.py:190} INFO - [2025-02-24T09:29:01.927+0000] {dag.py:4180} INFO - Setting next_dagrun for dataset_s3_bucket_producer_with_no_taskflow to None, run_after=None
[2025-02-24T09:29:01.944+0000] {processor.py:208} INFO - Processing /home/airflow/.local/lib/python3.12/site-packages/airflow/example_dags/example_dataset_alias_with_no_taskflow.py took 0.697 seconds
[2025-02-24T09:29:32.558+0000] {processor.py:186} INFO - Started process (PID=668) to work on /home/airflow/.local/lib/python3.12/site-packages/airflow/example_dags/example_dataset_alias_with_no_taskflow.py
[2025-02-24T09:29:32.558+0000] {processor.py:914} INFO - Processing file /home/airflow/.local/lib/python3.12/site-packages/airflow/example_dags/example_dataset_alias_with_no_taskflow.py for tasks to queue
[2025-02-24T09:29:32.560+0000] {logging_mixin.py:190} INFO - [2025-02-24T09:29:32.560+0000] {dagbag.py:588} INFO - Filling up the DagBag from /home/airflow/.local/lib/python3.12/site-packages/airflow/example_dags/example_dataset_alias_with_no_taskflow.py
[2025-02-24T09:29:33.083+0000] {processor.py:925} INFO - DAG(s) 'dataset_s3_bucket_consumer_with_no_taskflow', 'dataset_s3_bucket_producer_with_no_taskflow', 'dataset_alias_example_alias_consumer_with_no_taskflow', 'dataset_alias_example_alias_producer_with_no_taskflow' retrieved from /home/airflow/.local/lib/python3.12/site-packages/airflow/example_dags/example_dataset_alias_with_no_taskflow.py
[2025-02-24T09:29:33.099+0000] {logging_mixin.py:190} INFO - [2025-02-24T09:29:33.099+0000] {dag.py:3239} INFO - Sync 4 DAGs
[2025-02-24T09:29:33.119+0000] {logging_mixin.py:190} INFO - [2025-02-24T09:29:33.119+0000] {dag.py:4180} INFO - Setting next_dagrun for dataset_alias_example_alias_consumer_with_no_taskflow to None, run_after=None
[2025-02-24T09:29:33.122+0000] {logging_mixin.py:190} INFO - [2025-02-24T09:29:33.121+0000] {dag.py:4180} INFO - Setting next_dagrun for dataset_alias_example_alias_producer_with_no_taskflow to None, run_after=None
[2025-02-24T09:29:33.123+0000] {logging_mixin.py:190} INFO - [2025-02-24T09:29:33.123+0000] {dag.py:4180} INFO - Setting next_dagrun for dataset_s3_bucket_consumer_with_no_taskflow to None, run_after=None
[2025-02-24T09:29:33.124+0000] {logging_mixin.py:190} INFO - [2025-02-24T09:29:33.124+0000] {dag.py:4180} INFO - Setting next_dagrun for dataset_s3_bucket_producer_with_no_taskflow to None, run_after=None
[2025-02-24T09:29:33.143+0000] {processor.py:208} INFO - Processing /home/airflow/.local/lib/python3.12/site-packages/airflow/example_dags/example_dataset_alias_with_no_taskflow.py took 0.590 seconds
[2025-02-24T09:30:03.764+0000] {processor.py:186} INFO - Started process (PID=731) to work on /home/airflow/.local/lib/python3.12/site-packages/airflow/example_dags/example_dataset_alias_with_no_taskflow.py
[2025-02-24T09:30:03.765+0000] {processor.py:914} INFO - Processing file /home/airflow/.local/lib/python3.12/site-packages/airflow/example_dags/example_dataset_alias_with_no_taskflow.py for tasks to queue
[2025-02-24T09:30:03.766+0000] {logging_mixin.py:190} INFO - [2025-02-24T09:30:03.766+0000] {dagbag.py:588} INFO - Filling up the DagBag from /home/airflow/.local/lib/python3.12/site-packages/airflow/example_dags/example_dataset_alias_with_no_taskflow.py
[2025-02-24T09:30:04.354+0000] {processor.py:925} INFO - DAG(s) 'dataset_s3_bucket_consumer_with_no_taskflow', 'dataset_alias_example_alias_producer_with_no_taskflow', 'dataset_alias_example_alias_consumer_with_no_taskflow', 'dataset_s3_bucket_producer_with_no_taskflow' retrieved from /home/airflow/.local/lib/python3.12/site-packages/airflow/example_dags/example_dataset_alias_with_no_taskflow.py
[2025-02-24T09:30:04.374+0000] {logging_mixin.py:190} INFO - [2025-02-24T09:30:04.373+0000] {dag.py:3239} INFO - Sync 4 DAGs
[2025-02-24T09:30:04.396+0000] {logging_mixin.py:190} INFO - [2025-02-24T09:30:04.395+0000] {dag.py:4180} INFO - Setting next_dagrun for dataset_alias_example_alias_consumer_with_no_taskflow to None, run_after=None
[2025-02-24T09:30:04.398+0000] {logging_mixin.py:190} INFO - [2025-02-24T09:30:04.398+0000] {dag.py:4180} INFO - Setting next_dagrun for dataset_alias_example_alias_producer_with_no_taskflow to None, run_after=None
[2025-02-24T09:30:04.399+0000] {logging_mixin.py:190} INFO - [2025-02-24T09:30:04.399+0000] {dag.py:4180} INFO - Setting next_dagrun for dataset_s3_bucket_consumer_with_no_taskflow to None, run_after=None
[2025-02-24T09:30:04.400+0000] {logging_mixin.py:190} INFO - [2025-02-24T09:30:04.400+0000] {dag.py:4180} INFO - Setting next_dagrun for dataset_s3_bucket_producer_with_no_taskflow to None, run_after=None
[2025-02-24T09:30:04.418+0000] {processor.py:208} INFO - Processing /home/airflow/.local/lib/python3.12/site-packages/airflow/example_dags/example_dataset_alias_with_no_taskflow.py took 0.658 seconds
[2025-02-24T09:30:34.470+0000] {processor.py:186} INFO - Started process (PID=793) to work on /home/airflow/.local/lib/python3.12/site-packages/airflow/example_dags/example_dataset_alias_with_no_taskflow.py
[2025-02-24T09:30:34.471+0000] {processor.py:914} INFO - Processing file /home/airflow/.local/lib/python3.12/site-packages/airflow/example_dags/example_dataset_alias_with_no_taskflow.py for tasks to queue
[2025-02-24T09:30:34.473+0000] {logging_mixin.py:190} INFO - [2025-02-24T09:30:34.473+0000] {dagbag.py:588} INFO - Filling up the DagBag from /home/airflow/.local/lib/python3.12/site-packages/airflow/example_dags/example_dataset_alias_with_no_taskflow.py
[2025-02-24T09:30:35.003+0000] {processor.py:925} INFO - DAG(s) 'dataset_alias_example_alias_producer_with_no_taskflow', 'dataset_s3_bucket_consumer_with_no_taskflow', 'dataset_alias_example_alias_consumer_with_no_taskflow', 'dataset_s3_bucket_producer_with_no_taskflow' retrieved from /home/airflow/.local/lib/python3.12/site-packages/airflow/example_dags/example_dataset_alias_with_no_taskflow.py
[2025-02-24T09:30:35.019+0000] {logging_mixin.py:190} INFO - [2025-02-24T09:30:35.019+0000] {dag.py:3239} INFO - Sync 4 DAGs
[2025-02-24T09:30:35.037+0000] {logging_mixin.py:190} INFO - [2025-02-24T09:30:35.036+0000] {dag.py:4180} INFO - Setting next_dagrun for dataset_alias_example_alias_consumer_with_no_taskflow to None, run_after=None
[2025-02-24T09:30:35.038+0000] {logging_mixin.py:190} INFO - [2025-02-24T09:30:35.038+0000] {dag.py:4180} INFO - Setting next_dagrun for dataset_alias_example_alias_producer_with_no_taskflow to None, run_after=None
[2025-02-24T09:30:35.040+0000] {logging_mixin.py:190} INFO - [2025-02-24T09:30:35.039+0000] {dag.py:4180} INFO - Setting next_dagrun for dataset_s3_bucket_consumer_with_no_taskflow to None, run_after=None
[2025-02-24T09:30:35.040+0000] {logging_mixin.py:190} INFO - [2025-02-24T09:30:35.040+0000] {dag.py:4180} INFO - Setting next_dagrun for dataset_s3_bucket_producer_with_no_taskflow to None, run_after=None
[2025-02-24T09:30:35.056+0000] {processor.py:208} INFO - Processing /home/airflow/.local/lib/python3.12/site-packages/airflow/example_dags/example_dataset_alias_with_no_taskflow.py took 0.590 seconds
[2025-02-24T09:31:05.386+0000] {processor.py:186} INFO - Started process (PID=856) to work on /home/airflow/.local/lib/python3.12/site-packages/airflow/example_dags/example_dataset_alias_with_no_taskflow.py
[2025-02-24T09:31:05.387+0000] {processor.py:914} INFO - Processing file /home/airflow/.local/lib/python3.12/site-packages/airflow/example_dags/example_dataset_alias_with_no_taskflow.py for tasks to queue
[2025-02-24T09:31:05.389+0000] {logging_mixin.py:190} INFO - [2025-02-24T09:31:05.388+0000] {dagbag.py:588} INFO - Filling up the DagBag from /home/airflow/.local/lib/python3.12/site-packages/airflow/example_dags/example_dataset_alias_with_no_taskflow.py
[2025-02-24T09:31:05.949+0000] {processor.py:925} INFO - DAG(s) 'dataset_alias_example_alias_producer_with_no_taskflow', 'dataset_alias_example_alias_consumer_with_no_taskflow', 'dataset_s3_bucket_producer_with_no_taskflow', 'dataset_s3_bucket_consumer_with_no_taskflow' retrieved from /home/airflow/.local/lib/python3.12/site-packages/airflow/example_dags/example_dataset_alias_with_no_taskflow.py
[2025-02-24T09:31:05.973+0000] {logging_mixin.py:190} INFO - [2025-02-24T09:31:05.972+0000] {dag.py:3239} INFO - Sync 4 DAGs
[2025-02-24T09:31:05.998+0000] {logging_mixin.py:190} INFO - [2025-02-24T09:31:05.998+0000] {dag.py:4180} INFO - Setting next_dagrun for dataset_alias_example_alias_consumer_with_no_taskflow to None, run_after=None
[2025-02-24T09:31:06.001+0000] {logging_mixin.py:190} INFO - [2025-02-24T09:31:06.000+0000] {dag.py:4180} INFO - Setting next_dagrun for dataset_alias_example_alias_producer_with_no_taskflow to None, run_after=None
[2025-02-24T09:31:06.002+0000] {logging_mixin.py:190} INFO - [2025-02-24T09:31:06.002+0000] {dag.py:4180} INFO - Setting next_dagrun for dataset_s3_bucket_consumer_with_no_taskflow to None, run_after=None
[2025-02-24T09:31:06.003+0000] {logging_mixin.py:190} INFO - [2025-02-24T09:31:06.003+0000] {dag.py:4180} INFO - Setting next_dagrun for dataset_s3_bucket_producer_with_no_taskflow to None, run_after=None
[2025-02-24T09:31:06.034+0000] {processor.py:208} INFO - Processing /home/airflow/.local/lib/python3.12/site-packages/airflow/example_dags/example_dataset_alias_with_no_taskflow.py took 0.653 seconds
[2025-02-24T09:31:36.108+0000] {processor.py:186} INFO - Started process (PID=919) to work on /home/airflow/.local/lib/python3.12/site-packages/airflow/example_dags/example_dataset_alias_with_no_taskflow.py
[2025-02-24T09:31:36.108+0000] {processor.py:914} INFO - Processing file /home/airflow/.local/lib/python3.12/site-packages/airflow/example_dags/example_dataset_alias_with_no_taskflow.py for tasks to queue
[2025-02-24T09:31:36.110+0000] {logging_mixin.py:190} INFO - [2025-02-24T09:31:36.110+0000] {dagbag.py:588} INFO - Filling up the DagBag from /home/airflow/.local/lib/python3.12/site-packages/airflow/example_dags/example_dataset_alias_with_no_taskflow.py
[2025-02-24T09:31:36.633+0000] {processor.py:925} INFO - DAG(s) 'dataset_s3_bucket_consumer_with_no_taskflow', 'dataset_alias_example_alias_consumer_with_no_taskflow', 'dataset_s3_bucket_producer_with_no_taskflow', 'dataset_alias_example_alias_producer_with_no_taskflow' retrieved from /home/airflow/.local/lib/python3.12/site-packages/airflow/example_dags/example_dataset_alias_with_no_taskflow.py
[2025-02-24T09:31:36.650+0000] {logging_mixin.py:190} INFO - [2025-02-24T09:31:36.650+0000] {dag.py:3239} INFO - Sync 4 DAGs
[2025-02-24T09:31:36.671+0000] {logging_mixin.py:190} INFO - [2025-02-24T09:31:36.671+0000] {dag.py:4180} INFO - Setting next_dagrun for dataset_alias_example_alias_consumer_with_no_taskflow to None, run_after=None
[2025-02-24T09:31:36.673+0000] {logging_mixin.py:190} INFO - [2025-02-24T09:31:36.673+0000] {dag.py:4180} INFO - Setting next_dagrun for dataset_alias_example_alias_producer_with_no_taskflow to None, run_after=None
[2025-02-24T09:31:36.674+0000] {logging_mixin.py:190} INFO - [2025-02-24T09:31:36.674+0000] {dag.py:4180} INFO - Setting next_dagrun for dataset_s3_bucket_consumer_with_no_taskflow to None, run_after=None
[2025-02-24T09:31:36.675+0000] {logging_mixin.py:190} INFO - [2025-02-24T09:31:36.675+0000] {dag.py:4180} INFO - Setting next_dagrun for dataset_s3_bucket_producer_with_no_taskflow to None, run_after=None
[2025-02-24T09:31:36.691+0000] {processor.py:208} INFO - Processing /home/airflow/.local/lib/python3.12/site-packages/airflow/example_dags/example_dataset_alias_with_no_taskflow.py took 0.589 seconds
[2025-02-24T09:32:06.744+0000] {processor.py:186} INFO - Started process (PID=982) to work on /home/airflow/.local/lib/python3.12/site-packages/airflow/example_dags/example_dataset_alias_with_no_taskflow.py
[2025-02-24T09:32:06.744+0000] {processor.py:914} INFO - Processing file /home/airflow/.local/lib/python3.12/site-packages/airflow/example_dags/example_dataset_alias_with_no_taskflow.py for tasks to queue
[2025-02-24T09:32:06.746+0000] {logging_mixin.py:190} INFO - [2025-02-24T09:32:06.745+0000] {dagbag.py:588} INFO - Filling up the DagBag from /home/airflow/.local/lib/python3.12/site-packages/airflow/example_dags/example_dataset_alias_with_no_taskflow.py
[2025-02-24T09:32:07.281+0000] {processor.py:925} INFO - DAG(s) 'dataset_s3_bucket_consumer_with_no_taskflow', 'dataset_alias_example_alias_consumer_with_no_taskflow', 'dataset_s3_bucket_producer_with_no_taskflow', 'dataset_alias_example_alias_producer_with_no_taskflow' retrieved from /home/airflow/.local/lib/python3.12/site-packages/airflow/example_dags/example_dataset_alias_with_no_taskflow.py
[2025-02-24T09:32:07.298+0000] {logging_mixin.py:190} INFO - [2025-02-24T09:32:07.298+0000] {dag.py:3239} INFO - Sync 4 DAGs
[2025-02-24T09:32:07.317+0000] {logging_mixin.py:190} INFO - [2025-02-24T09:32:07.316+0000] {dag.py:4180} INFO - Setting next_dagrun for dataset_alias_example_alias_consumer_with_no_taskflow to None, run_after=None
[2025-02-24T09:32:07.318+0000] {logging_mixin.py:190} INFO - [2025-02-24T09:32:07.318+0000] {dag.py:4180} INFO - Setting next_dagrun for dataset_alias_example_alias_producer_with_no_taskflow to None, run_after=None
[2025-02-24T09:32:07.320+0000] {logging_mixin.py:190} INFO - [2025-02-24T09:32:07.319+0000] {dag.py:4180} INFO - Setting next_dagrun for dataset_s3_bucket_consumer_with_no_taskflow to None, run_after=None
[2025-02-24T09:32:07.320+0000] {logging_mixin.py:190} INFO - [2025-02-24T09:32:07.320+0000] {dag.py:4180} INFO - Setting next_dagrun for dataset_s3_bucket_producer_with_no_taskflow to None, run_after=None
[2025-02-24T09:32:07.336+0000] {processor.py:208} INFO - Processing /home/airflow/.local/lib/python3.12/site-packages/airflow/example_dags/example_dataset_alias_with_no_taskflow.py took 0.597 seconds
[2025-02-24T09:32:38.107+0000] {processor.py:186} INFO - Started process (PID=1045) to work on /home/airflow/.local/lib/python3.12/site-packages/airflow/example_dags/example_dataset_alias_with_no_taskflow.py
[2025-02-24T09:32:38.107+0000] {processor.py:914} INFO - Processing file /home/airflow/.local/lib/python3.12/site-packages/airflow/example_dags/example_dataset_alias_with_no_taskflow.py for tasks to queue
[2025-02-24T09:32:38.109+0000] {logging_mixin.py:190} INFO - [2025-02-24T09:32:38.109+0000] {dagbag.py:588} INFO - Filling up the DagBag from /home/airflow/.local/lib/python3.12/site-packages/airflow/example_dags/example_dataset_alias_with_no_taskflow.py
[2025-02-24T09:32:38.719+0000] {processor.py:925} INFO - DAG(s) 'dataset_alias_example_alias_producer_with_no_taskflow', 'dataset_s3_bucket_producer_with_no_taskflow', 'dataset_s3_bucket_consumer_with_no_taskflow', 'dataset_alias_example_alias_consumer_with_no_taskflow' retrieved from /home/airflow/.local/lib/python3.12/site-packages/airflow/example_dags/example_dataset_alias_with_no_taskflow.py
[2025-02-24T09:32:38.744+0000] {logging_mixin.py:190} INFO - [2025-02-24T09:32:38.743+0000] {dag.py:3239} INFO - Sync 4 DAGs
[2025-02-24T09:32:38.774+0000] {logging_mixin.py:190} INFO - [2025-02-24T09:32:38.773+0000] {dag.py:4180} INFO - Setting next_dagrun for dataset_alias_example_alias_consumer_with_no_taskflow to None, run_after=None
[2025-02-24T09:32:38.777+0000] {logging_mixin.py:190} INFO - [2025-02-24T09:32:38.777+0000] {dag.py:4180} INFO - Setting next_dagrun for dataset_alias_example_alias_producer_with_no_taskflow to None, run_after=None
[2025-02-24T09:32:38.779+0000] {logging_mixin.py:190} INFO - [2025-02-24T09:32:38.778+0000] {dag.py:4180} INFO - Setting next_dagrun for dataset_s3_bucket_consumer_with_no_taskflow to None, run_after=None
[2025-02-24T09:32:38.780+0000] {logging_mixin.py:190} INFO - [2025-02-24T09:32:38.780+0000] {dag.py:4180} INFO - Setting next_dagrun for dataset_s3_bucket_producer_with_no_taskflow to None, run_after=None
[2025-02-24T09:32:38.800+0000] {processor.py:208} INFO - Processing /home/airflow/.local/lib/python3.12/site-packages/airflow/example_dags/example_dataset_alias_with_no_taskflow.py took 0.699 seconds
[2025-02-24T09:33:09.366+0000] {processor.py:186} INFO - Started process (PID=1108) to work on /home/airflow/.local/lib/python3.12/site-packages/airflow/example_dags/example_dataset_alias_with_no_taskflow.py
[2025-02-24T09:33:09.367+0000] {processor.py:914} INFO - Processing file /home/airflow/.local/lib/python3.12/site-packages/airflow/example_dags/example_dataset_alias_with_no_taskflow.py for tasks to queue
[2025-02-24T09:33:09.369+0000] {logging_mixin.py:190} INFO - [2025-02-24T09:33:09.369+0000] {dagbag.py:588} INFO - Filling up the DagBag from /home/airflow/.local/lib/python3.12/site-packages/airflow/example_dags/example_dataset_alias_with_no_taskflow.py
[2025-02-24T09:33:09.951+0000] {processor.py:925} INFO - DAG(s) 'dataset_s3_bucket_consumer_with_no_taskflow', 'dataset_alias_example_alias_producer_with_no_taskflow', 'dataset_s3_bucket_producer_with_no_taskflow', 'dataset_alias_example_alias_consumer_with_no_taskflow' retrieved from /home/airflow/.local/lib/python3.12/site-packages/airflow/example_dags/example_dataset_alias_with_no_taskflow.py
[2025-02-24T09:33:09.968+0000] {logging_mixin.py:190} INFO - [2025-02-24T09:33:09.968+0000] {dag.py:3239} INFO - Sync 4 DAGs
[2025-02-24T09:33:09.987+0000] {logging_mixin.py:190} INFO - [2025-02-24T09:33:09.986+0000] {dag.py:4180} INFO - Setting next_dagrun for dataset_alias_example_alias_consumer_with_no_taskflow to None, run_after=None
[2025-02-24T09:33:09.989+0000] {logging_mixin.py:190} INFO - [2025-02-24T09:33:09.988+0000] {dag.py:4180} INFO - Setting next_dagrun for dataset_alias_example_alias_producer_with_no_taskflow to None, run_after=None
[2025-02-24T09:33:09.990+0000] {logging_mixin.py:190} INFO - [2025-02-24T09:33:09.990+0000] {dag.py:4180} INFO - Setting next_dagrun for dataset_s3_bucket_consumer_with_no_taskflow to None, run_after=None
[2025-02-24T09:33:09.991+0000] {logging_mixin.py:190} INFO - [2025-02-24T09:33:09.991+0000] {dag.py:4180} INFO - Setting next_dagrun for dataset_s3_bucket_producer_with_no_taskflow to None, run_after=None
[2025-02-24T09:33:10.012+0000] {processor.py:208} INFO - Processing /home/airflow/.local/lib/python3.12/site-packages/airflow/example_dags/example_dataset_alias_with_no_taskflow.py took 0.650 seconds
[2025-02-24T09:33:40.062+0000] {processor.py:186} INFO - Started process (PID=1170) to work on /home/airflow/.local/lib/python3.12/site-packages/airflow/example_dags/example_dataset_alias_with_no_taskflow.py
[2025-02-24T09:33:40.063+0000] {processor.py:914} INFO - Processing file /home/airflow/.local/lib/python3.12/site-packages/airflow/example_dags/example_dataset_alias_with_no_taskflow.py for tasks to queue
[2025-02-24T09:33:40.064+0000] {logging_mixin.py:190} INFO - [2025-02-24T09:33:40.064+0000] {dagbag.py:588} INFO - Filling up the DagBag from /home/airflow/.local/lib/python3.12/site-packages/airflow/example_dags/example_dataset_alias_with_no_taskflow.py
[2025-02-24T09:33:40.604+0000] {processor.py:925} INFO - DAG(s) 'dataset_alias_example_alias_producer_with_no_taskflow', 'dataset_s3_bucket_consumer_with_no_taskflow', 'dataset_s3_bucket_producer_with_no_taskflow', 'dataset_alias_example_alias_consumer_with_no_taskflow' retrieved from /home/airflow/.local/lib/python3.12/site-packages/airflow/example_dags/example_dataset_alias_with_no_taskflow.py
[2025-02-24T09:33:40.628+0000] {logging_mixin.py:190} INFO - [2025-02-24T09:33:40.627+0000] {dag.py:3239} INFO - Sync 4 DAGs
[2025-02-24T09:33:40.654+0000] {logging_mixin.py:190} INFO - [2025-02-24T09:33:40.653+0000] {dag.py:4180} INFO - Setting next_dagrun for dataset_alias_example_alias_consumer_with_no_taskflow to None, run_after=None
[2025-02-24T09:33:40.656+0000] {logging_mixin.py:190} INFO - [2025-02-24T09:33:40.656+0000] {dag.py:4180} INFO - Setting next_dagrun for dataset_alias_example_alias_producer_with_no_taskflow to None, run_after=None
[2025-02-24T09:33:40.658+0000] {logging_mixin.py:190} INFO - [2025-02-24T09:33:40.657+0000] {dag.py:4180} INFO - Setting next_dagrun for dataset_s3_bucket_consumer_with_no_taskflow to None, run_after=None
[2025-02-24T09:33:40.659+0000] {logging_mixin.py:190} INFO - [2025-02-24T09:33:40.659+0000] {dag.py:4180} INFO - Setting next_dagrun for dataset_s3_bucket_producer_with_no_taskflow to None, run_after=None
[2025-02-24T09:33:40.677+0000] {processor.py:208} INFO - Processing /home/airflow/.local/lib/python3.12/site-packages/airflow/example_dags/example_dataset_alias_with_no_taskflow.py took 0.620 seconds
