[2025-02-24T09:24:46.401+0000] {processor.py:186} INFO - Started process (PID=73) to work on /home/airflow/.local/lib/python3.12/site-packages/airflow/example_dags/example_subdag_operator.py
[2025-02-24T09:24:46.402+0000] {processor.py:914} INFO - Processing file /home/airflow/.local/lib/python3.12/site-packages/airflow/example_dags/example_subdag_operator.py for tasks to queue
[2025-02-24T09:24:46.404+0000] {logging_mixin.py:190} INFO - [2025-02-24T09:24:46.404+0000] {dagbag.py:588} INFO - Filling up the DagBag from /home/airflow/.local/lib/python3.12/site-packages/airflow/example_dags/example_subdag_operator.py
[2025-02-24T09:24:46.439+0000] {processor.py:925} INFO - DAG(s) 'example_subdag_operator.section-1', 'example_subdag_operator.section-2', 'example_subdag_operator' retrieved from /home/airflow/.local/lib/python3.12/site-packages/airflow/example_dags/example_subdag_operator.py
[2025-02-24T09:24:46.573+0000] {logging_mixin.py:190} INFO - [2025-02-24T09:24:46.572+0000] {override.py:1911} INFO - Created Permission View: can edit on DAG:example_subdag_operator
[2025-02-24T09:24:46.584+0000] {logging_mixin.py:190} INFO - [2025-02-24T09:24:46.584+0000] {override.py:1911} INFO - Created Permission View: can read on DAG:example_subdag_operator
[2025-02-24T09:24:46.591+0000] {logging_mixin.py:190} INFO - [2025-02-24T09:24:46.590+0000] {override.py:1911} INFO - Created Permission View: can delete on DAG:example_subdag_operator
[2025-02-24T09:24:46.597+0000] {logging_mixin.py:190} INFO - [2025-02-24T09:24:46.597+0000] {override.py:1911} INFO - Created Permission View: can create on DAG Run:example_subdag_operator
[2025-02-24T09:24:46.603+0000] {logging_mixin.py:190} INFO - [2025-02-24T09:24:46.603+0000] {override.py:1911} INFO - Created Permission View: can read on DAG Run:example_subdag_operator
[2025-02-24T09:24:46.609+0000] {logging_mixin.py:190} INFO - [2025-02-24T09:24:46.609+0000] {override.py:1911} INFO - Created Permission View: menu access on DAG Run:example_subdag_operator
[2025-02-24T09:24:46.615+0000] {logging_mixin.py:190} INFO - [2025-02-24T09:24:46.615+0000] {override.py:1911} INFO - Created Permission View: can delete on DAG Run:example_subdag_operator
[2025-02-24T09:24:46.615+0000] {logging_mixin.py:190} INFO - [2025-02-24T09:24:46.615+0000] {dag.py:3239} INFO - Sync 3 DAGs
[2025-02-24T09:24:46.638+0000] {logging_mixin.py:190} INFO - [2025-02-24T09:24:46.638+0000] {dag.py:3262} INFO - Creating ORM DAG for example_subdag_operator.section-2
[2025-02-24T09:24:46.639+0000] {logging_mixin.py:190} INFO - [2025-02-24T09:24:46.639+0000] {dag.py:3262} INFO - Creating ORM DAG for example_subdag_operator
[2025-02-24T09:24:46.639+0000] {logging_mixin.py:190} INFO - [2025-02-24T09:24:46.639+0000] {dag.py:3262} INFO - Creating ORM DAG for example_subdag_operator.section-1
[2025-02-24T09:24:46.649+0000] {logging_mixin.py:190} INFO - [2025-02-24T09:24:46.649+0000] {dag.py:4180} INFO - Setting next_dagrun for example_subdag_operator to 2022-01-01 00:00:00+00:00, run_after=2022-01-01 00:00:00+00:00
[2025-02-24T09:24:46.650+0000] {logging_mixin.py:190} INFO - [2025-02-24T09:24:46.650+0000] {dag.py:4180} INFO - Setting next_dagrun for example_subdag_operator.section-1 to None, run_after=None
[2025-02-24T09:24:46.651+0000] {logging_mixin.py:190} INFO - [2025-02-24T09:24:46.650+0000] {dag.py:4180} INFO - Setting next_dagrun for example_subdag_operator.section-2 to None, run_after=None
[2025-02-24T09:24:46.659+0000] {logging_mixin.py:190} INFO - [2025-02-24T09:24:46.659+0000] {dag.py:3239} INFO - Sync 2 DAGs
[2025-02-24T09:24:46.665+0000] {logging_mixin.py:190} INFO - [2025-02-24T09:24:46.665+0000] {dag.py:4180} INFO - Setting next_dagrun for example_subdag_operator.section-1 to None, run_after=None
[2025-02-24T09:24:46.669+0000] {logging_mixin.py:190} INFO - [2025-02-24T09:24:46.668+0000] {dag.py:4180} INFO - Setting next_dagrun for example_subdag_operator.section-2 to None, run_after=None
[2025-02-24T09:24:46.689+0000] {processor.py:208} INFO - Processing /home/airflow/.local/lib/python3.12/site-packages/airflow/example_dags/example_subdag_operator.py took 0.295 seconds
[2025-02-24T09:25:16.767+0000] {processor.py:186} INFO - Started process (PID=136) to work on /home/airflow/.local/lib/python3.12/site-packages/airflow/example_dags/example_subdag_operator.py
[2025-02-24T09:25:16.767+0000] {processor.py:914} INFO - Processing file /home/airflow/.local/lib/python3.12/site-packages/airflow/example_dags/example_subdag_operator.py for tasks to queue
[2025-02-24T09:25:16.769+0000] {logging_mixin.py:190} INFO - [2025-02-24T09:25:16.769+0000] {dagbag.py:588} INFO - Filling up the DagBag from /home/airflow/.local/lib/python3.12/site-packages/airflow/example_dags/example_subdag_operator.py
[2025-02-24T09:25:16.791+0000] {processor.py:925} INFO - DAG(s) 'example_subdag_operator.section-1', 'example_subdag_operator.section-2', 'example_subdag_operator' retrieved from /home/airflow/.local/lib/python3.12/site-packages/airflow/example_dags/example_subdag_operator.py
[2025-02-24T09:25:16.804+0000] {logging_mixin.py:190} INFO - [2025-02-24T09:25:16.803+0000] {dag.py:3239} INFO - Sync 3 DAGs
[2025-02-24T09:25:16.824+0000] {logging_mixin.py:190} INFO - [2025-02-24T09:25:16.824+0000] {dag.py:4180} INFO - Setting next_dagrun for example_subdag_operator to 2022-01-01 00:00:00+00:00, run_after=2022-01-01 00:00:00+00:00
[2025-02-24T09:25:16.828+0000] {logging_mixin.py:190} INFO - [2025-02-24T09:25:16.828+0000] {dag.py:4180} INFO - Setting next_dagrun for example_subdag_operator.section-1 to None, run_after=None
[2025-02-24T09:25:16.829+0000] {logging_mixin.py:190} INFO - [2025-02-24T09:25:16.829+0000] {dag.py:4180} INFO - Setting next_dagrun for example_subdag_operator.section-2 to None, run_after=None
[2025-02-24T09:25:16.835+0000] {logging_mixin.py:190} INFO - [2025-02-24T09:25:16.835+0000] {dag.py:3239} INFO - Sync 2 DAGs
[2025-02-24T09:25:16.840+0000] {logging_mixin.py:190} INFO - [2025-02-24T09:25:16.840+0000] {dag.py:4180} INFO - Setting next_dagrun for example_subdag_operator.section-1 to None, run_after=None
[2025-02-24T09:25:16.841+0000] {logging_mixin.py:190} INFO - [2025-02-24T09:25:16.841+0000] {dag.py:4180} INFO - Setting next_dagrun for example_subdag_operator.section-2 to None, run_after=None
[2025-02-24T09:25:16.850+0000] {processor.py:208} INFO - Processing /home/airflow/.local/lib/python3.12/site-packages/airflow/example_dags/example_subdag_operator.py took 0.089 seconds
[2025-02-24T09:25:47.130+0000] {processor.py:186} INFO - Started process (PID=199) to work on /home/airflow/.local/lib/python3.12/site-packages/airflow/example_dags/example_subdag_operator.py
[2025-02-24T09:25:47.131+0000] {processor.py:914} INFO - Processing file /home/airflow/.local/lib/python3.12/site-packages/airflow/example_dags/example_subdag_operator.py for tasks to queue
[2025-02-24T09:25:47.133+0000] {logging_mixin.py:190} INFO - [2025-02-24T09:25:47.133+0000] {dagbag.py:588} INFO - Filling up the DagBag from /home/airflow/.local/lib/python3.12/site-packages/airflow/example_dags/example_subdag_operator.py
[2025-02-24T09:25:47.155+0000] {processor.py:925} INFO - DAG(s) 'example_subdag_operator.section-1', 'example_subdag_operator.section-2', 'example_subdag_operator' retrieved from /home/airflow/.local/lib/python3.12/site-packages/airflow/example_dags/example_subdag_operator.py
[2025-02-24T09:25:47.171+0000] {logging_mixin.py:190} INFO - [2025-02-24T09:25:47.170+0000] {dag.py:3239} INFO - Sync 3 DAGs
[2025-02-24T09:25:47.194+0000] {logging_mixin.py:190} INFO - [2025-02-24T09:25:47.194+0000] {dag.py:4180} INFO - Setting next_dagrun for example_subdag_operator to 2022-01-01 00:00:00+00:00, run_after=2022-01-01 00:00:00+00:00
[2025-02-24T09:25:47.199+0000] {logging_mixin.py:190} INFO - [2025-02-24T09:25:47.198+0000] {dag.py:4180} INFO - Setting next_dagrun for example_subdag_operator.section-1 to None, run_after=None
[2025-02-24T09:25:47.200+0000] {logging_mixin.py:190} INFO - [2025-02-24T09:25:47.200+0000] {dag.py:4180} INFO - Setting next_dagrun for example_subdag_operator.section-2 to None, run_after=None
[2025-02-24T09:25:47.208+0000] {logging_mixin.py:190} INFO - [2025-02-24T09:25:47.207+0000] {dag.py:3239} INFO - Sync 2 DAGs
[2025-02-24T09:25:47.214+0000] {logging_mixin.py:190} INFO - [2025-02-24T09:25:47.213+0000] {dag.py:4180} INFO - Setting next_dagrun for example_subdag_operator.section-1 to None, run_after=None
[2025-02-24T09:25:47.214+0000] {logging_mixin.py:190} INFO - [2025-02-24T09:25:47.214+0000] {dag.py:4180} INFO - Setting next_dagrun for example_subdag_operator.section-2 to None, run_after=None
[2025-02-24T09:25:47.226+0000] {processor.py:208} INFO - Processing /home/airflow/.local/lib/python3.12/site-packages/airflow/example_dags/example_subdag_operator.py took 0.102 seconds
[2025-02-24T09:26:17.320+0000] {processor.py:186} INFO - Started process (PID=263) to work on /home/airflow/.local/lib/python3.12/site-packages/airflow/example_dags/example_subdag_operator.py
[2025-02-24T09:26:17.321+0000] {processor.py:914} INFO - Processing file /home/airflow/.local/lib/python3.12/site-packages/airflow/example_dags/example_subdag_operator.py for tasks to queue
[2025-02-24T09:26:17.323+0000] {logging_mixin.py:190} INFO - [2025-02-24T09:26:17.323+0000] {dagbag.py:588} INFO - Filling up the DagBag from /home/airflow/.local/lib/python3.12/site-packages/airflow/example_dags/example_subdag_operator.py
[2025-02-24T09:26:17.362+0000] {processor.py:925} INFO - DAG(s) 'example_subdag_operator.section-1', 'example_subdag_operator.section-2', 'example_subdag_operator' retrieved from /home/airflow/.local/lib/python3.12/site-packages/airflow/example_dags/example_subdag_operator.py
[2025-02-24T09:26:17.396+0000] {logging_mixin.py:190} INFO - [2025-02-24T09:26:17.396+0000] {dag.py:3239} INFO - Sync 3 DAGs
[2025-02-24T09:26:17.423+0000] {logging_mixin.py:190} INFO - [2025-02-24T09:26:17.423+0000] {dag.py:4180} INFO - Setting next_dagrun for example_subdag_operator to 2022-01-01 00:00:00+00:00, run_after=2022-01-01 00:00:00+00:00
[2025-02-24T09:26:17.427+0000] {logging_mixin.py:190} INFO - [2025-02-24T09:26:17.427+0000] {dag.py:4180} INFO - Setting next_dagrun for example_subdag_operator.section-1 to None, run_after=None
[2025-02-24T09:26:17.429+0000] {logging_mixin.py:190} INFO - [2025-02-24T09:26:17.428+0000] {dag.py:4180} INFO - Setting next_dagrun for example_subdag_operator.section-2 to None, run_after=None
[2025-02-24T09:26:17.437+0000] {logging_mixin.py:190} INFO - [2025-02-24T09:26:17.437+0000] {dag.py:3239} INFO - Sync 2 DAGs
[2025-02-24T09:26:17.443+0000] {logging_mixin.py:190} INFO - [2025-02-24T09:26:17.443+0000] {dag.py:4180} INFO - Setting next_dagrun for example_subdag_operator.section-1 to None, run_after=None
[2025-02-24T09:26:17.443+0000] {logging_mixin.py:190} INFO - [2025-02-24T09:26:17.443+0000] {dag.py:4180} INFO - Setting next_dagrun for example_subdag_operator.section-2 to None, run_after=None
[2025-02-24T09:26:17.453+0000] {processor.py:208} INFO - Processing /home/airflow/.local/lib/python3.12/site-packages/airflow/example_dags/example_subdag_operator.py took 0.140 seconds
[2025-02-24T09:26:47.741+0000] {processor.py:186} INFO - Started process (PID=326) to work on /home/airflow/.local/lib/python3.12/site-packages/airflow/example_dags/example_subdag_operator.py
[2025-02-24T09:26:47.741+0000] {processor.py:914} INFO - Processing file /home/airflow/.local/lib/python3.12/site-packages/airflow/example_dags/example_subdag_operator.py for tasks to queue
[2025-02-24T09:26:47.743+0000] {logging_mixin.py:190} INFO - [2025-02-24T09:26:47.743+0000] {dagbag.py:588} INFO - Filling up the DagBag from /home/airflow/.local/lib/python3.12/site-packages/airflow/example_dags/example_subdag_operator.py
[2025-02-24T09:26:47.766+0000] {processor.py:925} INFO - DAG(s) 'example_subdag_operator.section-1', 'example_subdag_operator.section-2', 'example_subdag_operator' retrieved from /home/airflow/.local/lib/python3.12/site-packages/airflow/example_dags/example_subdag_operator.py
[2025-02-24T09:26:47.779+0000] {logging_mixin.py:190} INFO - [2025-02-24T09:26:47.779+0000] {dag.py:3239} INFO - Sync 3 DAGs
[2025-02-24T09:26:47.800+0000] {logging_mixin.py:190} INFO - [2025-02-24T09:26:47.800+0000] {dag.py:4180} INFO - Setting next_dagrun for example_subdag_operator to 2022-01-01 00:00:00+00:00, run_after=2022-01-01 00:00:00+00:00
[2025-02-24T09:26:47.803+0000] {logging_mixin.py:190} INFO - [2025-02-24T09:26:47.803+0000] {dag.py:4180} INFO - Setting next_dagrun for example_subdag_operator.section-1 to None, run_after=None
[2025-02-24T09:26:47.804+0000] {logging_mixin.py:190} INFO - [2025-02-24T09:26:47.804+0000] {dag.py:4180} INFO - Setting next_dagrun for example_subdag_operator.section-2 to None, run_after=None
[2025-02-24T09:26:47.812+0000] {logging_mixin.py:190} INFO - [2025-02-24T09:26:47.812+0000] {dag.py:3239} INFO - Sync 2 DAGs
[2025-02-24T09:26:47.818+0000] {logging_mixin.py:190} INFO - [2025-02-24T09:26:47.818+0000] {dag.py:4180} INFO - Setting next_dagrun for example_subdag_operator.section-1 to None, run_after=None
[2025-02-24T09:26:47.818+0000] {logging_mixin.py:190} INFO - [2025-02-24T09:26:47.818+0000] {dag.py:4180} INFO - Setting next_dagrun for example_subdag_operator.section-2 to None, run_after=None
[2025-02-24T09:26:47.828+0000] {processor.py:208} INFO - Processing /home/airflow/.local/lib/python3.12/site-packages/airflow/example_dags/example_subdag_operator.py took 0.091 seconds
[2025-02-24T09:27:18.157+0000] {processor.py:186} INFO - Started process (PID=389) to work on /home/airflow/.local/lib/python3.12/site-packages/airflow/example_dags/example_subdag_operator.py
[2025-02-24T09:27:18.157+0000] {processor.py:914} INFO - Processing file /home/airflow/.local/lib/python3.12/site-packages/airflow/example_dags/example_subdag_operator.py for tasks to queue
[2025-02-24T09:27:18.159+0000] {logging_mixin.py:190} INFO - [2025-02-24T09:27:18.159+0000] {dagbag.py:588} INFO - Filling up the DagBag from /home/airflow/.local/lib/python3.12/site-packages/airflow/example_dags/example_subdag_operator.py
[2025-02-24T09:27:18.182+0000] {processor.py:925} INFO - DAG(s) 'example_subdag_operator.section-1', 'example_subdag_operator.section-2', 'example_subdag_operator' retrieved from /home/airflow/.local/lib/python3.12/site-packages/airflow/example_dags/example_subdag_operator.py
[2025-02-24T09:27:18.195+0000] {logging_mixin.py:190} INFO - [2025-02-24T09:27:18.195+0000] {dag.py:3239} INFO - Sync 3 DAGs
[2025-02-24T09:27:18.217+0000] {logging_mixin.py:190} INFO - [2025-02-24T09:27:18.216+0000] {dag.py:4180} INFO - Setting next_dagrun for example_subdag_operator to 2022-01-01 00:00:00+00:00, run_after=2022-01-01 00:00:00+00:00
[2025-02-24T09:27:18.220+0000] {logging_mixin.py:190} INFO - [2025-02-24T09:27:18.220+0000] {dag.py:4180} INFO - Setting next_dagrun for example_subdag_operator.section-1 to None, run_after=None
[2025-02-24T09:27:18.221+0000] {logging_mixin.py:190} INFO - [2025-02-24T09:27:18.221+0000] {dag.py:4180} INFO - Setting next_dagrun for example_subdag_operator.section-2 to None, run_after=None
[2025-02-24T09:27:18.228+0000] {logging_mixin.py:190} INFO - [2025-02-24T09:27:18.227+0000] {dag.py:3239} INFO - Sync 2 DAGs
[2025-02-24T09:27:18.233+0000] {logging_mixin.py:190} INFO - [2025-02-24T09:27:18.233+0000] {dag.py:4180} INFO - Setting next_dagrun for example_subdag_operator.section-1 to None, run_after=None
[2025-02-24T09:27:18.233+0000] {logging_mixin.py:190} INFO - [2025-02-24T09:27:18.233+0000] {dag.py:4180} INFO - Setting next_dagrun for example_subdag_operator.section-2 to None, run_after=None
[2025-02-24T09:27:18.243+0000] {processor.py:208} INFO - Processing /home/airflow/.local/lib/python3.12/site-packages/airflow/example_dags/example_subdag_operator.py took 0.091 seconds
[2025-02-24T09:27:48.616+0000] {processor.py:186} INFO - Started process (PID=452) to work on /home/airflow/.local/lib/python3.12/site-packages/airflow/example_dags/example_subdag_operator.py
[2025-02-24T09:27:48.617+0000] {processor.py:914} INFO - Processing file /home/airflow/.local/lib/python3.12/site-packages/airflow/example_dags/example_subdag_operator.py for tasks to queue
[2025-02-24T09:27:48.619+0000] {logging_mixin.py:190} INFO - [2025-02-24T09:27:48.619+0000] {dagbag.py:588} INFO - Filling up the DagBag from /home/airflow/.local/lib/python3.12/site-packages/airflow/example_dags/example_subdag_operator.py
[2025-02-24T09:27:48.646+0000] {processor.py:925} INFO - DAG(s) 'example_subdag_operator.section-1', 'example_subdag_operator.section-2', 'example_subdag_operator' retrieved from /home/airflow/.local/lib/python3.12/site-packages/airflow/example_dags/example_subdag_operator.py
[2025-02-24T09:27:48.660+0000] {logging_mixin.py:190} INFO - [2025-02-24T09:27:48.659+0000] {dag.py:3239} INFO - Sync 3 DAGs
[2025-02-24T09:27:48.683+0000] {logging_mixin.py:190} INFO - [2025-02-24T09:27:48.682+0000] {dag.py:4180} INFO - Setting next_dagrun for example_subdag_operator to 2022-01-01 00:00:00+00:00, run_after=2022-01-01 00:00:00+00:00
[2025-02-24T09:27:48.687+0000] {logging_mixin.py:190} INFO - [2025-02-24T09:27:48.687+0000] {dag.py:4180} INFO - Setting next_dagrun for example_subdag_operator.section-1 to None, run_after=None
[2025-02-24T09:27:48.688+0000] {logging_mixin.py:190} INFO - [2025-02-24T09:27:48.688+0000] {dag.py:4180} INFO - Setting next_dagrun for example_subdag_operator.section-2 to None, run_after=None
[2025-02-24T09:27:48.695+0000] {logging_mixin.py:190} INFO - [2025-02-24T09:27:48.695+0000] {dag.py:3239} INFO - Sync 2 DAGs
[2025-02-24T09:27:48.701+0000] {logging_mixin.py:190} INFO - [2025-02-24T09:27:48.701+0000] {dag.py:4180} INFO - Setting next_dagrun for example_subdag_operator.section-1 to None, run_after=None
[2025-02-24T09:27:48.701+0000] {logging_mixin.py:190} INFO - [2025-02-24T09:27:48.701+0000] {dag.py:4180} INFO - Setting next_dagrun for example_subdag_operator.section-2 to None, run_after=None
[2025-02-24T09:27:48.711+0000] {processor.py:208} INFO - Processing /home/airflow/.local/lib/python3.12/site-packages/airflow/example_dags/example_subdag_operator.py took 0.101 seconds
[2025-02-24T09:28:19.120+0000] {processor.py:186} INFO - Started process (PID=515) to work on /home/airflow/.local/lib/python3.12/site-packages/airflow/example_dags/example_subdag_operator.py
[2025-02-24T09:28:19.120+0000] {processor.py:914} INFO - Processing file /home/airflow/.local/lib/python3.12/site-packages/airflow/example_dags/example_subdag_operator.py for tasks to queue
[2025-02-24T09:28:19.122+0000] {logging_mixin.py:190} INFO - [2025-02-24T09:28:19.122+0000] {dagbag.py:588} INFO - Filling up the DagBag from /home/airflow/.local/lib/python3.12/site-packages/airflow/example_dags/example_subdag_operator.py
[2025-02-24T09:28:19.143+0000] {processor.py:925} INFO - DAG(s) 'example_subdag_operator.section-1', 'example_subdag_operator.section-2', 'example_subdag_operator' retrieved from /home/airflow/.local/lib/python3.12/site-packages/airflow/example_dags/example_subdag_operator.py
[2025-02-24T09:28:19.155+0000] {logging_mixin.py:190} INFO - [2025-02-24T09:28:19.155+0000] {dag.py:3239} INFO - Sync 3 DAGs
[2025-02-24T09:28:19.183+0000] {logging_mixin.py:190} INFO - [2025-02-24T09:28:19.182+0000] {dag.py:4180} INFO - Setting next_dagrun for example_subdag_operator to 2022-01-01 00:00:00+00:00, run_after=2022-01-01 00:00:00+00:00
[2025-02-24T09:28:19.186+0000] {logging_mixin.py:190} INFO - [2025-02-24T09:28:19.186+0000] {dag.py:4180} INFO - Setting next_dagrun for example_subdag_operator.section-1 to None, run_after=None
[2025-02-24T09:28:19.188+0000] {logging_mixin.py:190} INFO - [2025-02-24T09:28:19.188+0000] {dag.py:4180} INFO - Setting next_dagrun for example_subdag_operator.section-2 to None, run_after=None
[2025-02-24T09:28:19.194+0000] {logging_mixin.py:190} INFO - [2025-02-24T09:28:19.194+0000] {dag.py:3239} INFO - Sync 2 DAGs
[2025-02-24T09:28:19.199+0000] {logging_mixin.py:190} INFO - [2025-02-24T09:28:19.199+0000] {dag.py:4180} INFO - Setting next_dagrun for example_subdag_operator.section-1 to None, run_after=None
[2025-02-24T09:28:19.199+0000] {logging_mixin.py:190} INFO - [2025-02-24T09:28:19.199+0000] {dag.py:4180} INFO - Setting next_dagrun for example_subdag_operator.section-2 to None, run_after=None
[2025-02-24T09:28:19.208+0000] {processor.py:208} INFO - Processing /home/airflow/.local/lib/python3.12/site-packages/airflow/example_dags/example_subdag_operator.py took 0.093 seconds
[2025-02-24T09:28:49.239+0000] {processor.py:186} INFO - Started process (PID=578) to work on /home/airflow/.local/lib/python3.12/site-packages/airflow/example_dags/example_subdag_operator.py
[2025-02-24T09:28:49.239+0000] {processor.py:914} INFO - Processing file /home/airflow/.local/lib/python3.12/site-packages/airflow/example_dags/example_subdag_operator.py for tasks to queue
[2025-02-24T09:28:49.241+0000] {logging_mixin.py:190} INFO - [2025-02-24T09:28:49.241+0000] {dagbag.py:588} INFO - Filling up the DagBag from /home/airflow/.local/lib/python3.12/site-packages/airflow/example_dags/example_subdag_operator.py
[2025-02-24T09:28:49.261+0000] {processor.py:925} INFO - DAG(s) 'example_subdag_operator.section-1', 'example_subdag_operator.section-2', 'example_subdag_operator' retrieved from /home/airflow/.local/lib/python3.12/site-packages/airflow/example_dags/example_subdag_operator.py
[2025-02-24T09:28:49.272+0000] {logging_mixin.py:190} INFO - [2025-02-24T09:28:49.272+0000] {dag.py:3239} INFO - Sync 3 DAGs
[2025-02-24T09:28:49.290+0000] {logging_mixin.py:190} INFO - [2025-02-24T09:28:49.290+0000] {dag.py:4180} INFO - Setting next_dagrun for example_subdag_operator to 2022-01-01 00:00:00+00:00, run_after=2022-01-01 00:00:00+00:00
[2025-02-24T09:28:49.293+0000] {logging_mixin.py:190} INFO - [2025-02-24T09:28:49.293+0000] {dag.py:4180} INFO - Setting next_dagrun for example_subdag_operator.section-1 to None, run_after=None
[2025-02-24T09:28:49.294+0000] {logging_mixin.py:190} INFO - [2025-02-24T09:28:49.294+0000] {dag.py:4180} INFO - Setting next_dagrun for example_subdag_operator.section-2 to None, run_after=None
[2025-02-24T09:28:49.299+0000] {logging_mixin.py:190} INFO - [2025-02-24T09:28:49.298+0000] {dag.py:3239} INFO - Sync 2 DAGs
[2025-02-24T09:28:49.302+0000] {logging_mixin.py:190} INFO - [2025-02-24T09:28:49.302+0000] {dag.py:4180} INFO - Setting next_dagrun for example_subdag_operator.section-1 to None, run_after=None
[2025-02-24T09:28:49.302+0000] {logging_mixin.py:190} INFO - [2025-02-24T09:28:49.302+0000] {dag.py:4180} INFO - Setting next_dagrun for example_subdag_operator.section-2 to None, run_after=None
[2025-02-24T09:28:49.309+0000] {processor.py:208} INFO - Processing /home/airflow/.local/lib/python3.12/site-packages/airflow/example_dags/example_subdag_operator.py took 0.075 seconds
[2025-02-24T09:29:19.743+0000] {processor.py:186} INFO - Started process (PID=641) to work on /home/airflow/.local/lib/python3.12/site-packages/airflow/example_dags/example_subdag_operator.py
[2025-02-24T09:29:19.743+0000] {processor.py:914} INFO - Processing file /home/airflow/.local/lib/python3.12/site-packages/airflow/example_dags/example_subdag_operator.py for tasks to queue
[2025-02-24T09:29:19.745+0000] {logging_mixin.py:190} INFO - [2025-02-24T09:29:19.745+0000] {dagbag.py:588} INFO - Filling up the DagBag from /home/airflow/.local/lib/python3.12/site-packages/airflow/example_dags/example_subdag_operator.py
[2025-02-24T09:29:19.765+0000] {processor.py:925} INFO - DAG(s) 'example_subdag_operator.section-1', 'example_subdag_operator.section-2', 'example_subdag_operator' retrieved from /home/airflow/.local/lib/python3.12/site-packages/airflow/example_dags/example_subdag_operator.py
[2025-02-24T09:29:19.777+0000] {logging_mixin.py:190} INFO - [2025-02-24T09:29:19.776+0000] {dag.py:3239} INFO - Sync 3 DAGs
[2025-02-24T09:29:19.797+0000] {logging_mixin.py:190} INFO - [2025-02-24T09:29:19.797+0000] {dag.py:4180} INFO - Setting next_dagrun for example_subdag_operator to 2022-01-01 00:00:00+00:00, run_after=2022-01-01 00:00:00+00:00
[2025-02-24T09:29:19.800+0000] {logging_mixin.py:190} INFO - [2025-02-24T09:29:19.800+0000] {dag.py:4180} INFO - Setting next_dagrun for example_subdag_operator.section-1 to None, run_after=None
[2025-02-24T09:29:19.801+0000] {logging_mixin.py:190} INFO - [2025-02-24T09:29:19.801+0000] {dag.py:4180} INFO - Setting next_dagrun for example_subdag_operator.section-2 to None, run_after=None
[2025-02-24T09:29:19.807+0000] {logging_mixin.py:190} INFO - [2025-02-24T09:29:19.807+0000] {dag.py:3239} INFO - Sync 2 DAGs
[2025-02-24T09:29:19.813+0000] {logging_mixin.py:190} INFO - [2025-02-24T09:29:19.813+0000] {dag.py:4180} INFO - Setting next_dagrun for example_subdag_operator.section-1 to None, run_after=None
[2025-02-24T09:29:19.813+0000] {logging_mixin.py:190} INFO - [2025-02-24T09:29:19.813+0000] {dag.py:4180} INFO - Setting next_dagrun for example_subdag_operator.section-2 to None, run_after=None
[2025-02-24T09:29:19.821+0000] {processor.py:208} INFO - Processing /home/airflow/.local/lib/python3.12/site-packages/airflow/example_dags/example_subdag_operator.py took 0.083 seconds
[2025-02-24T09:29:49.894+0000] {processor.py:186} INFO - Started process (PID=704) to work on /home/airflow/.local/lib/python3.12/site-packages/airflow/example_dags/example_subdag_operator.py
[2025-02-24T09:29:49.895+0000] {processor.py:914} INFO - Processing file /home/airflow/.local/lib/python3.12/site-packages/airflow/example_dags/example_subdag_operator.py for tasks to queue
[2025-02-24T09:29:49.896+0000] {logging_mixin.py:190} INFO - [2025-02-24T09:29:49.896+0000] {dagbag.py:588} INFO - Filling up the DagBag from /home/airflow/.local/lib/python3.12/site-packages/airflow/example_dags/example_subdag_operator.py
[2025-02-24T09:29:49.918+0000] {processor.py:925} INFO - DAG(s) 'example_subdag_operator.section-1', 'example_subdag_operator.section-2', 'example_subdag_operator' retrieved from /home/airflow/.local/lib/python3.12/site-packages/airflow/example_dags/example_subdag_operator.py
[2025-02-24T09:29:49.930+0000] {logging_mixin.py:190} INFO - [2025-02-24T09:29:49.930+0000] {dag.py:3239} INFO - Sync 3 DAGs
[2025-02-24T09:29:49.949+0000] {logging_mixin.py:190} INFO - [2025-02-24T09:29:49.949+0000] {dag.py:4180} INFO - Setting next_dagrun for example_subdag_operator to 2022-01-01 00:00:00+00:00, run_after=2022-01-01 00:00:00+00:00
[2025-02-24T09:29:49.952+0000] {logging_mixin.py:190} INFO - [2025-02-24T09:29:49.952+0000] {dag.py:4180} INFO - Setting next_dagrun for example_subdag_operator.section-1 to None, run_after=None
[2025-02-24T09:29:49.953+0000] {logging_mixin.py:190} INFO - [2025-02-24T09:29:49.953+0000] {dag.py:4180} INFO - Setting next_dagrun for example_subdag_operator.section-2 to None, run_after=None
[2025-02-24T09:29:49.958+0000] {logging_mixin.py:190} INFO - [2025-02-24T09:29:49.958+0000] {dag.py:3239} INFO - Sync 2 DAGs
[2025-02-24T09:29:49.961+0000] {logging_mixin.py:190} INFO - [2025-02-24T09:29:49.961+0000] {dag.py:4180} INFO - Setting next_dagrun for example_subdag_operator.section-1 to None, run_after=None
[2025-02-24T09:29:49.962+0000] {logging_mixin.py:190} INFO - [2025-02-24T09:29:49.962+0000] {dag.py:4180} INFO - Setting next_dagrun for example_subdag_operator.section-2 to None, run_after=None
[2025-02-24T09:29:49.969+0000] {processor.py:208} INFO - Processing /home/airflow/.local/lib/python3.12/site-packages/airflow/example_dags/example_subdag_operator.py took 0.080 seconds
[2025-02-24T09:30:20.191+0000] {processor.py:186} INFO - Started process (PID=767) to work on /home/airflow/.local/lib/python3.12/site-packages/airflow/example_dags/example_subdag_operator.py
[2025-02-24T09:30:20.191+0000] {processor.py:914} INFO - Processing file /home/airflow/.local/lib/python3.12/site-packages/airflow/example_dags/example_subdag_operator.py for tasks to queue
[2025-02-24T09:30:20.193+0000] {logging_mixin.py:190} INFO - [2025-02-24T09:30:20.193+0000] {dagbag.py:588} INFO - Filling up the DagBag from /home/airflow/.local/lib/python3.12/site-packages/airflow/example_dags/example_subdag_operator.py
[2025-02-24T09:30:20.213+0000] {processor.py:925} INFO - DAG(s) 'example_subdag_operator.section-1', 'example_subdag_operator.section-2', 'example_subdag_operator' retrieved from /home/airflow/.local/lib/python3.12/site-packages/airflow/example_dags/example_subdag_operator.py
[2025-02-24T09:30:20.225+0000] {logging_mixin.py:190} INFO - [2025-02-24T09:30:20.225+0000] {dag.py:3239} INFO - Sync 3 DAGs
[2025-02-24T09:30:20.247+0000] {logging_mixin.py:190} INFO - [2025-02-24T09:30:20.247+0000] {dag.py:4180} INFO - Setting next_dagrun for example_subdag_operator to 2022-01-01 00:00:00+00:00, run_after=2022-01-01 00:00:00+00:00
[2025-02-24T09:30:20.251+0000] {logging_mixin.py:190} INFO - [2025-02-24T09:30:20.251+0000] {dag.py:4180} INFO - Setting next_dagrun for example_subdag_operator.section-1 to None, run_after=None
[2025-02-24T09:30:20.252+0000] {logging_mixin.py:190} INFO - [2025-02-24T09:30:20.252+0000] {dag.py:4180} INFO - Setting next_dagrun for example_subdag_operator.section-2 to None, run_after=None
[2025-02-24T09:30:20.258+0000] {logging_mixin.py:190} INFO - [2025-02-24T09:30:20.258+0000] {dag.py:3239} INFO - Sync 2 DAGs
[2025-02-24T09:30:20.263+0000] {logging_mixin.py:190} INFO - [2025-02-24T09:30:20.263+0000] {dag.py:4180} INFO - Setting next_dagrun for example_subdag_operator.section-1 to None, run_after=None
[2025-02-24T09:30:20.264+0000] {logging_mixin.py:190} INFO - [2025-02-24T09:30:20.264+0000] {dag.py:4180} INFO - Setting next_dagrun for example_subdag_operator.section-2 to None, run_after=None
[2025-02-24T09:30:20.274+0000] {processor.py:208} INFO - Processing /home/airflow/.local/lib/python3.12/site-packages/airflow/example_dags/example_subdag_operator.py took 0.088 seconds
[2025-02-24T09:30:50.478+0000] {processor.py:186} INFO - Started process (PID=830) to work on /home/airflow/.local/lib/python3.12/site-packages/airflow/example_dags/example_subdag_operator.py
[2025-02-24T09:30:50.479+0000] {processor.py:914} INFO - Processing file /home/airflow/.local/lib/python3.12/site-packages/airflow/example_dags/example_subdag_operator.py for tasks to queue
[2025-02-24T09:30:50.481+0000] {logging_mixin.py:190} INFO - [2025-02-24T09:30:50.480+0000] {dagbag.py:588} INFO - Filling up the DagBag from /home/airflow/.local/lib/python3.12/site-packages/airflow/example_dags/example_subdag_operator.py
[2025-02-24T09:30:50.506+0000] {processor.py:925} INFO - DAG(s) 'example_subdag_operator.section-1', 'example_subdag_operator.section-2', 'example_subdag_operator' retrieved from /home/airflow/.local/lib/python3.12/site-packages/airflow/example_dags/example_subdag_operator.py
[2025-02-24T09:30:50.524+0000] {logging_mixin.py:190} INFO - [2025-02-24T09:30:50.523+0000] {dag.py:3239} INFO - Sync 3 DAGs
[2025-02-24T09:30:50.549+0000] {logging_mixin.py:190} INFO - [2025-02-24T09:30:50.548+0000] {dag.py:4180} INFO - Setting next_dagrun for example_subdag_operator to 2022-01-01 00:00:00+00:00, run_after=2022-01-01 00:00:00+00:00
[2025-02-24T09:30:50.552+0000] {logging_mixin.py:190} INFO - [2025-02-24T09:30:50.552+0000] {dag.py:4180} INFO - Setting next_dagrun for example_subdag_operator.section-1 to None, run_after=None
[2025-02-24T09:30:50.553+0000] {logging_mixin.py:190} INFO - [2025-02-24T09:30:50.553+0000] {dag.py:4180} INFO - Setting next_dagrun for example_subdag_operator.section-2 to None, run_after=None
[2025-02-24T09:30:50.559+0000] {logging_mixin.py:190} INFO - [2025-02-24T09:30:50.559+0000] {dag.py:3239} INFO - Sync 2 DAGs
[2025-02-24T09:30:50.565+0000] {logging_mixin.py:190} INFO - [2025-02-24T09:30:50.564+0000] {dag.py:4180} INFO - Setting next_dagrun for example_subdag_operator.section-1 to None, run_after=None
[2025-02-24T09:30:50.565+0000] {logging_mixin.py:190} INFO - [2025-02-24T09:30:50.565+0000] {dag.py:4180} INFO - Setting next_dagrun for example_subdag_operator.section-2 to None, run_after=None
[2025-02-24T09:30:50.575+0000] {processor.py:208} INFO - Processing /home/airflow/.local/lib/python3.12/site-packages/airflow/example_dags/example_subdag_operator.py took 0.102 seconds
[2025-02-24T09:31:20.824+0000] {processor.py:186} INFO - Started process (PID=893) to work on /home/airflow/.local/lib/python3.12/site-packages/airflow/example_dags/example_subdag_operator.py
[2025-02-24T09:31:20.825+0000] {processor.py:914} INFO - Processing file /home/airflow/.local/lib/python3.12/site-packages/airflow/example_dags/example_subdag_operator.py for tasks to queue
[2025-02-24T09:31:20.826+0000] {logging_mixin.py:190} INFO - [2025-02-24T09:31:20.826+0000] {dagbag.py:588} INFO - Filling up the DagBag from /home/airflow/.local/lib/python3.12/site-packages/airflow/example_dags/example_subdag_operator.py
[2025-02-24T09:31:20.850+0000] {processor.py:925} INFO - DAG(s) 'example_subdag_operator.section-1', 'example_subdag_operator.section-2', 'example_subdag_operator' retrieved from /home/airflow/.local/lib/python3.12/site-packages/airflow/example_dags/example_subdag_operator.py
[2025-02-24T09:31:20.867+0000] {logging_mixin.py:190} INFO - [2025-02-24T09:31:20.867+0000] {dag.py:3239} INFO - Sync 3 DAGs
[2025-02-24T09:31:20.894+0000] {logging_mixin.py:190} INFO - [2025-02-24T09:31:20.894+0000] {dag.py:4180} INFO - Setting next_dagrun for example_subdag_operator to 2022-01-01 00:00:00+00:00, run_after=2022-01-01 00:00:00+00:00
[2025-02-24T09:31:20.897+0000] {logging_mixin.py:190} INFO - [2025-02-24T09:31:20.897+0000] {dag.py:4180} INFO - Setting next_dagrun for example_subdag_operator.section-1 to None, run_after=None
[2025-02-24T09:31:20.899+0000] {logging_mixin.py:190} INFO - [2025-02-24T09:31:20.899+0000] {dag.py:4180} INFO - Setting next_dagrun for example_subdag_operator.section-2 to None, run_after=None
[2025-02-24T09:31:20.906+0000] {logging_mixin.py:190} INFO - [2025-02-24T09:31:20.906+0000] {dag.py:3239} INFO - Sync 2 DAGs
[2025-02-24T09:31:20.913+0000] {logging_mixin.py:190} INFO - [2025-02-24T09:31:20.913+0000] {dag.py:4180} INFO - Setting next_dagrun for example_subdag_operator.section-1 to None, run_after=None
[2025-02-24T09:31:20.914+0000] {logging_mixin.py:190} INFO - [2025-02-24T09:31:20.913+0000] {dag.py:4180} INFO - Setting next_dagrun for example_subdag_operator.section-2 to None, run_after=None
[2025-02-24T09:31:20.925+0000] {processor.py:208} INFO - Processing /home/airflow/.local/lib/python3.12/site-packages/airflow/example_dags/example_subdag_operator.py took 0.106 seconds
[2025-02-24T09:31:51.587+0000] {processor.py:186} INFO - Started process (PID=956) to work on /home/airflow/.local/lib/python3.12/site-packages/airflow/example_dags/example_subdag_operator.py
[2025-02-24T09:31:51.587+0000] {processor.py:914} INFO - Processing file /home/airflow/.local/lib/python3.12/site-packages/airflow/example_dags/example_subdag_operator.py for tasks to queue
[2025-02-24T09:31:51.589+0000] {logging_mixin.py:190} INFO - [2025-02-24T09:31:51.589+0000] {dagbag.py:588} INFO - Filling up the DagBag from /home/airflow/.local/lib/python3.12/site-packages/airflow/example_dags/example_subdag_operator.py
[2025-02-24T09:31:51.611+0000] {processor.py:925} INFO - DAG(s) 'example_subdag_operator.section-1', 'example_subdag_operator.section-2', 'example_subdag_operator' retrieved from /home/airflow/.local/lib/python3.12/site-packages/airflow/example_dags/example_subdag_operator.py
[2025-02-24T09:31:51.628+0000] {logging_mixin.py:190} INFO - [2025-02-24T09:31:51.627+0000] {dag.py:3239} INFO - Sync 3 DAGs
[2025-02-24T09:31:51.651+0000] {logging_mixin.py:190} INFO - [2025-02-24T09:31:51.650+0000] {dag.py:4180} INFO - Setting next_dagrun for example_subdag_operator to 2022-01-01 00:00:00+00:00, run_after=2022-01-01 00:00:00+00:00
[2025-02-24T09:31:51.655+0000] {logging_mixin.py:190} INFO - [2025-02-24T09:31:51.655+0000] {dag.py:4180} INFO - Setting next_dagrun for example_subdag_operator.section-1 to None, run_after=None
[2025-02-24T09:31:51.656+0000] {logging_mixin.py:190} INFO - [2025-02-24T09:31:51.656+0000] {dag.py:4180} INFO - Setting next_dagrun for example_subdag_operator.section-2 to None, run_after=None
[2025-02-24T09:31:51.664+0000] {logging_mixin.py:190} INFO - [2025-02-24T09:31:51.664+0000] {dag.py:3239} INFO - Sync 2 DAGs
[2025-02-24T09:31:51.671+0000] {logging_mixin.py:190} INFO - [2025-02-24T09:31:51.670+0000] {dag.py:4180} INFO - Setting next_dagrun for example_subdag_operator.section-1 to None, run_after=None
[2025-02-24T09:31:51.671+0000] {logging_mixin.py:190} INFO - [2025-02-24T09:31:51.671+0000] {dag.py:4180} INFO - Setting next_dagrun for example_subdag_operator.section-2 to None, run_after=None
[2025-02-24T09:31:51.682+0000] {processor.py:208} INFO - Processing /home/airflow/.local/lib/python3.12/site-packages/airflow/example_dags/example_subdag_operator.py took 0.100 seconds
[2025-02-24T09:32:22.555+0000] {processor.py:186} INFO - Started process (PID=1019) to work on /home/airflow/.local/lib/python3.12/site-packages/airflow/example_dags/example_subdag_operator.py
[2025-02-24T09:32:22.556+0000] {processor.py:914} INFO - Processing file /home/airflow/.local/lib/python3.12/site-packages/airflow/example_dags/example_subdag_operator.py for tasks to queue
[2025-02-24T09:32:22.564+0000] {logging_mixin.py:190} INFO - [2025-02-24T09:32:22.564+0000] {dagbag.py:588} INFO - Filling up the DagBag from /home/airflow/.local/lib/python3.12/site-packages/airflow/example_dags/example_subdag_operator.py
[2025-02-24T09:32:22.626+0000] {processor.py:925} INFO - DAG(s) 'example_subdag_operator.section-1', 'example_subdag_operator.section-2', 'example_subdag_operator' retrieved from /home/airflow/.local/lib/python3.12/site-packages/airflow/example_dags/example_subdag_operator.py
[2025-02-24T09:32:22.645+0000] {logging_mixin.py:190} INFO - [2025-02-24T09:32:22.645+0000] {dag.py:3239} INFO - Sync 3 DAGs
[2025-02-24T09:32:22.674+0000] {logging_mixin.py:190} INFO - [2025-02-24T09:32:22.674+0000] {dag.py:4180} INFO - Setting next_dagrun for example_subdag_operator to 2022-01-01 00:00:00+00:00, run_after=2022-01-01 00:00:00+00:00
[2025-02-24T09:32:22.679+0000] {logging_mixin.py:190} INFO - [2025-02-24T09:32:22.678+0000] {dag.py:4180} INFO - Setting next_dagrun for example_subdag_operator.section-1 to None, run_after=None
[2025-02-24T09:32:22.680+0000] {logging_mixin.py:190} INFO - [2025-02-24T09:32:22.680+0000] {dag.py:4180} INFO - Setting next_dagrun for example_subdag_operator.section-2 to None, run_after=None
[2025-02-24T09:32:22.688+0000] {logging_mixin.py:190} INFO - [2025-02-24T09:32:22.688+0000] {dag.py:3239} INFO - Sync 2 DAGs
[2025-02-24T09:32:22.697+0000] {logging_mixin.py:190} INFO - [2025-02-24T09:32:22.697+0000] {dag.py:4180} INFO - Setting next_dagrun for example_subdag_operator.section-1 to None, run_after=None
[2025-02-24T09:32:22.698+0000] {logging_mixin.py:190} INFO - [2025-02-24T09:32:22.698+0000] {dag.py:4180} INFO - Setting next_dagrun for example_subdag_operator.section-2 to None, run_after=None
[2025-02-24T09:32:22.713+0000] {processor.py:208} INFO - Processing /home/airflow/.local/lib/python3.12/site-packages/airflow/example_dags/example_subdag_operator.py took 0.173 seconds
[2025-02-24T09:32:53.609+0000] {processor.py:186} INFO - Started process (PID=1082) to work on /home/airflow/.local/lib/python3.12/site-packages/airflow/example_dags/example_subdag_operator.py
[2025-02-24T09:32:53.610+0000] {processor.py:914} INFO - Processing file /home/airflow/.local/lib/python3.12/site-packages/airflow/example_dags/example_subdag_operator.py for tasks to queue
[2025-02-24T09:32:53.611+0000] {logging_mixin.py:190} INFO - [2025-02-24T09:32:53.611+0000] {dagbag.py:588} INFO - Filling up the DagBag from /home/airflow/.local/lib/python3.12/site-packages/airflow/example_dags/example_subdag_operator.py
[2025-02-24T09:32:53.634+0000] {processor.py:925} INFO - DAG(s) 'example_subdag_operator.section-1', 'example_subdag_operator.section-2', 'example_subdag_operator' retrieved from /home/airflow/.local/lib/python3.12/site-packages/airflow/example_dags/example_subdag_operator.py
[2025-02-24T09:32:53.652+0000] {logging_mixin.py:190} INFO - [2025-02-24T09:32:53.651+0000] {dag.py:3239} INFO - Sync 3 DAGs
[2025-02-24T09:32:53.674+0000] {logging_mixin.py:190} INFO - [2025-02-24T09:32:53.674+0000] {dag.py:4180} INFO - Setting next_dagrun for example_subdag_operator to 2022-01-01 00:00:00+00:00, run_after=2022-01-01 00:00:00+00:00
[2025-02-24T09:32:53.678+0000] {logging_mixin.py:190} INFO - [2025-02-24T09:32:53.678+0000] {dag.py:4180} INFO - Setting next_dagrun for example_subdag_operator.section-1 to None, run_after=None
[2025-02-24T09:32:53.679+0000] {logging_mixin.py:190} INFO - [2025-02-24T09:32:53.679+0000] {dag.py:4180} INFO - Setting next_dagrun for example_subdag_operator.section-2 to None, run_after=None
[2025-02-24T09:32:53.687+0000] {logging_mixin.py:190} INFO - [2025-02-24T09:32:53.686+0000] {dag.py:3239} INFO - Sync 2 DAGs
[2025-02-24T09:32:53.692+0000] {logging_mixin.py:190} INFO - [2025-02-24T09:32:53.692+0000] {dag.py:4180} INFO - Setting next_dagrun for example_subdag_operator.section-1 to None, run_after=None
[2025-02-24T09:32:53.693+0000] {logging_mixin.py:190} INFO - [2025-02-24T09:32:53.693+0000] {dag.py:4180} INFO - Setting next_dagrun for example_subdag_operator.section-2 to None, run_after=None
[2025-02-24T09:32:53.702+0000] {processor.py:208} INFO - Processing /home/airflow/.local/lib/python3.12/site-packages/airflow/example_dags/example_subdag_operator.py took 0.098 seconds
[2025-02-24T09:33:24.510+0000] {processor.py:186} INFO - Started process (PID=1145) to work on /home/airflow/.local/lib/python3.12/site-packages/airflow/example_dags/example_subdag_operator.py
[2025-02-24T09:33:24.511+0000] {processor.py:914} INFO - Processing file /home/airflow/.local/lib/python3.12/site-packages/airflow/example_dags/example_subdag_operator.py for tasks to queue
[2025-02-24T09:33:24.513+0000] {logging_mixin.py:190} INFO - [2025-02-24T09:33:24.512+0000] {dagbag.py:588} INFO - Filling up the DagBag from /home/airflow/.local/lib/python3.12/site-packages/airflow/example_dags/example_subdag_operator.py
[2025-02-24T09:33:24.535+0000] {processor.py:925} INFO - DAG(s) 'example_subdag_operator.section-1', 'example_subdag_operator.section-2', 'example_subdag_operator' retrieved from /home/airflow/.local/lib/python3.12/site-packages/airflow/example_dags/example_subdag_operator.py
[2025-02-24T09:33:24.546+0000] {logging_mixin.py:190} INFO - [2025-02-24T09:33:24.545+0000] {dag.py:3239} INFO - Sync 3 DAGs
[2025-02-24T09:33:24.564+0000] {logging_mixin.py:190} INFO - [2025-02-24T09:33:24.563+0000] {dag.py:4180} INFO - Setting next_dagrun for example_subdag_operator to 2022-01-01 00:00:00+00:00, run_after=2022-01-01 00:00:00+00:00
[2025-02-24T09:33:24.566+0000] {logging_mixin.py:190} INFO - [2025-02-24T09:33:24.566+0000] {dag.py:4180} INFO - Setting next_dagrun for example_subdag_operator.section-1 to None, run_after=None
[2025-02-24T09:33:24.567+0000] {logging_mixin.py:190} INFO - [2025-02-24T09:33:24.567+0000] {dag.py:4180} INFO - Setting next_dagrun for example_subdag_operator.section-2 to None, run_after=None
[2025-02-24T09:33:24.575+0000] {logging_mixin.py:190} INFO - [2025-02-24T09:33:24.575+0000] {dag.py:3239} INFO - Sync 2 DAGs
[2025-02-24T09:33:24.582+0000] {logging_mixin.py:190} INFO - [2025-02-24T09:33:24.581+0000] {dag.py:4180} INFO - Setting next_dagrun for example_subdag_operator.section-1 to None, run_after=None
[2025-02-24T09:33:24.582+0000] {logging_mixin.py:190} INFO - [2025-02-24T09:33:24.582+0000] {dag.py:4180} INFO - Setting next_dagrun for example_subdag_operator.section-2 to None, run_after=None
[2025-02-24T09:33:24.593+0000] {processor.py:208} INFO - Processing /home/airflow/.local/lib/python3.12/site-packages/airflow/example_dags/example_subdag_operator.py took 0.087 seconds
[2025-02-24T09:33:54.712+0000] {processor.py:186} INFO - Started process (PID=1208) to work on /home/airflow/.local/lib/python3.12/site-packages/airflow/example_dags/example_subdag_operator.py
[2025-02-24T09:33:54.713+0000] {processor.py:914} INFO - Processing file /home/airflow/.local/lib/python3.12/site-packages/airflow/example_dags/example_subdag_operator.py for tasks to queue
[2025-02-24T09:33:54.716+0000] {logging_mixin.py:190} INFO - [2025-02-24T09:33:54.715+0000] {dagbag.py:588} INFO - Filling up the DagBag from /home/airflow/.local/lib/python3.12/site-packages/airflow/example_dags/example_subdag_operator.py
[2025-02-24T09:33:54.740+0000] {processor.py:925} INFO - DAG(s) 'example_subdag_operator.section-1', 'example_subdag_operator.section-2', 'example_subdag_operator' retrieved from /home/airflow/.local/lib/python3.12/site-packages/airflow/example_dags/example_subdag_operator.py
[2025-02-24T09:33:54.755+0000] {logging_mixin.py:190} INFO - [2025-02-24T09:33:54.755+0000] {dag.py:3239} INFO - Sync 3 DAGs
[2025-02-24T09:33:54.776+0000] {logging_mixin.py:190} INFO - [2025-02-24T09:33:54.776+0000] {dag.py:4180} INFO - Setting next_dagrun for example_subdag_operator to 2022-01-01 00:00:00+00:00, run_after=2022-01-01 00:00:00+00:00
[2025-02-24T09:33:54.779+0000] {logging_mixin.py:190} INFO - [2025-02-24T09:33:54.779+0000] {dag.py:4180} INFO - Setting next_dagrun for example_subdag_operator.section-1 to None, run_after=None
[2025-02-24T09:33:54.780+0000] {logging_mixin.py:190} INFO - [2025-02-24T09:33:54.780+0000] {dag.py:4180} INFO - Setting next_dagrun for example_subdag_operator.section-2 to None, run_after=None
[2025-02-24T09:33:54.785+0000] {logging_mixin.py:190} INFO - [2025-02-24T09:33:54.785+0000] {dag.py:3239} INFO - Sync 2 DAGs
[2025-02-24T09:33:54.789+0000] {logging_mixin.py:190} INFO - [2025-02-24T09:33:54.789+0000] {dag.py:4180} INFO - Setting next_dagrun for example_subdag_operator.section-1 to None, run_after=None
[2025-02-24T09:33:54.790+0000] {logging_mixin.py:190} INFO - [2025-02-24T09:33:54.790+0000] {dag.py:4180} INFO - Setting next_dagrun for example_subdag_operator.section-2 to None, run_after=None
[2025-02-24T09:33:54.797+0000] {processor.py:208} INFO - Processing /home/airflow/.local/lib/python3.12/site-packages/airflow/example_dags/example_subdag_operator.py took 0.089 seconds
