[2025-02-24T09:24:45.739+0000] {processor.py:186} INFO - Started process (PID=70) to work on /home/airflow/.local/lib/python3.12/site-packages/airflow/example_dags/example_bash_operator.py
[2025-02-24T09:24:45.746+0000] {processor.py:914} INFO - Processing file /home/airflow/.local/lib/python3.12/site-packages/airflow/example_dags/example_bash_operator.py for tasks to queue
[2025-02-24T09:24:45.749+0000] {logging_mixin.py:190} INFO - [2025-02-24T09:24:45.748+0000] {dagbag.py:588} INFO - Filling up the DagBag from /home/airflow/.local/lib/python3.12/site-packages/airflow/example_dags/example_bash_operator.py
[2025-02-24T09:24:45.777+0000] {processor.py:925} INFO - DAG(s) 'example_bash_operator' retrieved from /home/airflow/.local/lib/python3.12/site-packages/airflow/example_dags/example_bash_operator.py
[2025-02-24T09:24:45.923+0000] {logging_mixin.py:190} INFO - [2025-02-24T09:24:45.922+0000] {override.py:1911} INFO - Created Permission View: can edit on DAG:example_bash_operator
[2025-02-24T09:24:45.934+0000] {logging_mixin.py:190} INFO - [2025-02-24T09:24:45.934+0000] {override.py:1911} INFO - Created Permission View: can read on DAG:example_bash_operator
[2025-02-24T09:24:45.940+0000] {logging_mixin.py:190} INFO - [2025-02-24T09:24:45.940+0000] {override.py:1911} INFO - Created Permission View: can delete on DAG:example_bash_operator
[2025-02-24T09:24:45.946+0000] {logging_mixin.py:190} INFO - [2025-02-24T09:24:45.946+0000] {override.py:1911} INFO - Created Permission View: can create on DAG Run:example_bash_operator
[2025-02-24T09:24:45.953+0000] {logging_mixin.py:190} INFO - [2025-02-24T09:24:45.952+0000] {override.py:1911} INFO - Created Permission View: can read on DAG Run:example_bash_operator
[2025-02-24T09:24:45.959+0000] {logging_mixin.py:190} INFO - [2025-02-24T09:24:45.959+0000] {override.py:1911} INFO - Created Permission View: menu access on DAG Run:example_bash_operator
[2025-02-24T09:24:45.965+0000] {logging_mixin.py:190} INFO - [2025-02-24T09:24:45.965+0000] {override.py:1911} INFO - Created Permission View: can delete on DAG Run:example_bash_operator
[2025-02-24T09:24:45.966+0000] {logging_mixin.py:190} INFO - [2025-02-24T09:24:45.966+0000] {dag.py:3239} INFO - Sync 1 DAGs
[2025-02-24T09:24:45.981+0000] {logging_mixin.py:190} INFO - [2025-02-24T09:24:45.981+0000] {dag.py:3262} INFO - Creating ORM DAG for example_bash_operator
[2025-02-24T09:24:45.994+0000] {logging_mixin.py:190} INFO - [2025-02-24T09:24:45.993+0000] {dag.py:4180} INFO - Setting next_dagrun for example_bash_operator to 2025-02-23 00:00:00+00:00, run_after=2025-02-24 00:00:00+00:00
[2025-02-24T09:24:46.014+0000] {processor.py:208} INFO - Processing /home/airflow/.local/lib/python3.12/site-packages/airflow/example_dags/example_bash_operator.py took 0.281 seconds
[2025-02-24T09:25:16.578+0000] {processor.py:186} INFO - Started process (PID=133) to work on /home/airflow/.local/lib/python3.12/site-packages/airflow/example_dags/example_bash_operator.py
[2025-02-24T09:25:16.579+0000] {processor.py:914} INFO - Processing file /home/airflow/.local/lib/python3.12/site-packages/airflow/example_dags/example_bash_operator.py for tasks to queue
[2025-02-24T09:25:16.581+0000] {logging_mixin.py:190} INFO - [2025-02-24T09:25:16.581+0000] {dagbag.py:588} INFO - Filling up the DagBag from /home/airflow/.local/lib/python3.12/site-packages/airflow/example_dags/example_bash_operator.py
[2025-02-24T09:25:16.595+0000] {processor.py:925} INFO - DAG(s) 'example_bash_operator' retrieved from /home/airflow/.local/lib/python3.12/site-packages/airflow/example_dags/example_bash_operator.py
[2025-02-24T09:25:16.622+0000] {logging_mixin.py:190} INFO - [2025-02-24T09:25:16.621+0000] {dag.py:3239} INFO - Sync 1 DAGs
[2025-02-24T09:25:16.641+0000] {logging_mixin.py:190} INFO - [2025-02-24T09:25:16.640+0000] {dag.py:4180} INFO - Setting next_dagrun for example_bash_operator to 2025-02-23 00:00:00+00:00, run_after=2025-02-24 00:00:00+00:00
[2025-02-24T09:25:16.653+0000] {processor.py:208} INFO - Processing /home/airflow/.local/lib/python3.12/site-packages/airflow/example_dags/example_bash_operator.py took 0.080 seconds
[2025-02-24T09:25:46.919+0000] {processor.py:186} INFO - Started process (PID=196) to work on /home/airflow/.local/lib/python3.12/site-packages/airflow/example_dags/example_bash_operator.py
[2025-02-24T09:25:46.919+0000] {processor.py:914} INFO - Processing file /home/airflow/.local/lib/python3.12/site-packages/airflow/example_dags/example_bash_operator.py for tasks to queue
[2025-02-24T09:25:46.921+0000] {logging_mixin.py:190} INFO - [2025-02-24T09:25:46.921+0000] {dagbag.py:588} INFO - Filling up the DagBag from /home/airflow/.local/lib/python3.12/site-packages/airflow/example_dags/example_bash_operator.py
[2025-02-24T09:25:46.934+0000] {processor.py:925} INFO - DAG(s) 'example_bash_operator' retrieved from /home/airflow/.local/lib/python3.12/site-packages/airflow/example_dags/example_bash_operator.py
[2025-02-24T09:25:46.963+0000] {logging_mixin.py:190} INFO - [2025-02-24T09:25:46.963+0000] {dag.py:3239} INFO - Sync 1 DAGs
[2025-02-24T09:25:46.991+0000] {logging_mixin.py:190} INFO - [2025-02-24T09:25:46.991+0000] {dag.py:4180} INFO - Setting next_dagrun for example_bash_operator to 2025-02-23 00:00:00+00:00, run_after=2025-02-24 00:00:00+00:00
[2025-02-24T09:25:47.008+0000] {processor.py:208} INFO - Processing /home/airflow/.local/lib/python3.12/site-packages/airflow/example_dags/example_bash_operator.py took 0.095 seconds
[2025-02-24T09:26:17.093+0000] {processor.py:186} INFO - Started process (PID=260) to work on /home/airflow/.local/lib/python3.12/site-packages/airflow/example_dags/example_bash_operator.py
[2025-02-24T09:26:17.094+0000] {processor.py:914} INFO - Processing file /home/airflow/.local/lib/python3.12/site-packages/airflow/example_dags/example_bash_operator.py for tasks to queue
[2025-02-24T09:26:17.095+0000] {logging_mixin.py:190} INFO - [2025-02-24T09:26:17.095+0000] {dagbag.py:588} INFO - Filling up the DagBag from /home/airflow/.local/lib/python3.12/site-packages/airflow/example_dags/example_bash_operator.py
[2025-02-24T09:26:17.105+0000] {processor.py:925} INFO - DAG(s) 'example_bash_operator' retrieved from /home/airflow/.local/lib/python3.12/site-packages/airflow/example_dags/example_bash_operator.py
[2025-02-24T09:26:17.135+0000] {logging_mixin.py:190} INFO - [2025-02-24T09:26:17.135+0000] {dag.py:3239} INFO - Sync 1 DAGs
[2025-02-24T09:26:17.157+0000] {logging_mixin.py:190} INFO - [2025-02-24T09:26:17.156+0000] {dag.py:4180} INFO - Setting next_dagrun for example_bash_operator to 2025-02-23 00:00:00+00:00, run_after=2025-02-24 00:00:00+00:00
[2025-02-24T09:26:17.175+0000] {processor.py:208} INFO - Processing /home/airflow/.local/lib/python3.12/site-packages/airflow/example_dags/example_bash_operator.py took 0.088 seconds
[2025-02-24T09:26:47.541+0000] {processor.py:186} INFO - Started process (PID=323) to work on /home/airflow/.local/lib/python3.12/site-packages/airflow/example_dags/example_bash_operator.py
[2025-02-24T09:26:47.541+0000] {processor.py:914} INFO - Processing file /home/airflow/.local/lib/python3.12/site-packages/airflow/example_dags/example_bash_operator.py for tasks to queue
[2025-02-24T09:26:47.543+0000] {logging_mixin.py:190} INFO - [2025-02-24T09:26:47.543+0000] {dagbag.py:588} INFO - Filling up the DagBag from /home/airflow/.local/lib/python3.12/site-packages/airflow/example_dags/example_bash_operator.py
[2025-02-24T09:26:47.554+0000] {processor.py:925} INFO - DAG(s) 'example_bash_operator' retrieved from /home/airflow/.local/lib/python3.12/site-packages/airflow/example_dags/example_bash_operator.py
[2025-02-24T09:26:47.580+0000] {logging_mixin.py:190} INFO - [2025-02-24T09:26:47.580+0000] {dag.py:3239} INFO - Sync 1 DAGs
[2025-02-24T09:26:47.607+0000] {logging_mixin.py:190} INFO - [2025-02-24T09:26:47.607+0000] {dag.py:4180} INFO - Setting next_dagrun for example_bash_operator to 2025-02-23 00:00:00+00:00, run_after=2025-02-24 00:00:00+00:00
[2025-02-24T09:26:47.621+0000] {processor.py:208} INFO - Processing /home/airflow/.local/lib/python3.12/site-packages/airflow/example_dags/example_bash_operator.py took 0.085 seconds
[2025-02-24T09:27:17.959+0000] {processor.py:186} INFO - Started process (PID=386) to work on /home/airflow/.local/lib/python3.12/site-packages/airflow/example_dags/example_bash_operator.py
[2025-02-24T09:27:17.960+0000] {processor.py:914} INFO - Processing file /home/airflow/.local/lib/python3.12/site-packages/airflow/example_dags/example_bash_operator.py for tasks to queue
[2025-02-24T09:27:17.961+0000] {logging_mixin.py:190} INFO - [2025-02-24T09:27:17.961+0000] {dagbag.py:588} INFO - Filling up the DagBag from /home/airflow/.local/lib/python3.12/site-packages/airflow/example_dags/example_bash_operator.py
[2025-02-24T09:27:17.978+0000] {processor.py:925} INFO - DAG(s) 'example_bash_operator' retrieved from /home/airflow/.local/lib/python3.12/site-packages/airflow/example_dags/example_bash_operator.py
[2025-02-24T09:27:18.002+0000] {logging_mixin.py:190} INFO - [2025-02-24T09:27:18.002+0000] {dag.py:3239} INFO - Sync 1 DAGs
[2025-02-24T09:27:18.023+0000] {logging_mixin.py:190} INFO - [2025-02-24T09:27:18.023+0000] {dag.py:4180} INFO - Setting next_dagrun for example_bash_operator to 2025-02-23 00:00:00+00:00, run_after=2025-02-24 00:00:00+00:00
[2025-02-24T09:27:18.039+0000] {processor.py:208} INFO - Processing /home/airflow/.local/lib/python3.12/site-packages/airflow/example_dags/example_bash_operator.py took 0.085 seconds
[2025-02-24T09:27:48.399+0000] {processor.py:186} INFO - Started process (PID=449) to work on /home/airflow/.local/lib/python3.12/site-packages/airflow/example_dags/example_bash_operator.py
[2025-02-24T09:27:48.400+0000] {processor.py:914} INFO - Processing file /home/airflow/.local/lib/python3.12/site-packages/airflow/example_dags/example_bash_operator.py for tasks to queue
[2025-02-24T09:27:48.401+0000] {logging_mixin.py:190} INFO - [2025-02-24T09:27:48.401+0000] {dagbag.py:588} INFO - Filling up the DagBag from /home/airflow/.local/lib/python3.12/site-packages/airflow/example_dags/example_bash_operator.py
[2025-02-24T09:27:48.412+0000] {processor.py:925} INFO - DAG(s) 'example_bash_operator' retrieved from /home/airflow/.local/lib/python3.12/site-packages/airflow/example_dags/example_bash_operator.py
[2025-02-24T09:27:48.438+0000] {logging_mixin.py:190} INFO - [2025-02-24T09:27:48.438+0000] {dag.py:3239} INFO - Sync 1 DAGs
[2025-02-24T09:27:48.467+0000] {logging_mixin.py:190} INFO - [2025-02-24T09:27:48.467+0000] {dag.py:4180} INFO - Setting next_dagrun for example_bash_operator to 2025-02-23 00:00:00+00:00, run_after=2025-02-24 00:00:00+00:00
[2025-02-24T09:27:48.487+0000] {processor.py:208} INFO - Processing /home/airflow/.local/lib/python3.12/site-packages/airflow/example_dags/example_bash_operator.py took 0.093 seconds
[2025-02-24T09:28:18.936+0000] {processor.py:186} INFO - Started process (PID=512) to work on /home/airflow/.local/lib/python3.12/site-packages/airflow/example_dags/example_bash_operator.py
[2025-02-24T09:28:18.936+0000] {processor.py:914} INFO - Processing file /home/airflow/.local/lib/python3.12/site-packages/airflow/example_dags/example_bash_operator.py for tasks to queue
[2025-02-24T09:28:18.938+0000] {logging_mixin.py:190} INFO - [2025-02-24T09:28:18.938+0000] {dagbag.py:588} INFO - Filling up the DagBag from /home/airflow/.local/lib/python3.12/site-packages/airflow/example_dags/example_bash_operator.py
[2025-02-24T09:28:18.949+0000] {processor.py:925} INFO - DAG(s) 'example_bash_operator' retrieved from /home/airflow/.local/lib/python3.12/site-packages/airflow/example_dags/example_bash_operator.py
[2025-02-24T09:28:18.971+0000] {logging_mixin.py:190} INFO - [2025-02-24T09:28:18.971+0000] {dag.py:3239} INFO - Sync 1 DAGs
[2025-02-24T09:28:18.993+0000] {logging_mixin.py:190} INFO - [2025-02-24T09:28:18.993+0000] {dag.py:4180} INFO - Setting next_dagrun for example_bash_operator to 2025-02-23 00:00:00+00:00, run_after=2025-02-24 00:00:00+00:00
[2025-02-24T09:28:19.008+0000] {processor.py:208} INFO - Processing /home/airflow/.local/lib/python3.12/site-packages/airflow/example_dags/example_bash_operator.py took 0.078 seconds
[2025-02-24T09:28:49.054+0000] {processor.py:186} INFO - Started process (PID=575) to work on /home/airflow/.local/lib/python3.12/site-packages/airflow/example_dags/example_bash_operator.py
[2025-02-24T09:28:49.055+0000] {processor.py:914} INFO - Processing file /home/airflow/.local/lib/python3.12/site-packages/airflow/example_dags/example_bash_operator.py for tasks to queue
[2025-02-24T09:28:49.056+0000] {logging_mixin.py:190} INFO - [2025-02-24T09:28:49.056+0000] {dagbag.py:588} INFO - Filling up the DagBag from /home/airflow/.local/lib/python3.12/site-packages/airflow/example_dags/example_bash_operator.py
[2025-02-24T09:28:49.070+0000] {processor.py:925} INFO - DAG(s) 'example_bash_operator' retrieved from /home/airflow/.local/lib/python3.12/site-packages/airflow/example_dags/example_bash_operator.py
[2025-02-24T09:28:49.091+0000] {logging_mixin.py:190} INFO - [2025-02-24T09:28:49.091+0000] {dag.py:3239} INFO - Sync 1 DAGs
[2025-02-24T09:28:49.111+0000] {logging_mixin.py:190} INFO - [2025-02-24T09:28:49.110+0000] {dag.py:4180} INFO - Setting next_dagrun for example_bash_operator to 2025-02-23 00:00:00+00:00, run_after=2025-02-24 00:00:00+00:00
[2025-02-24T09:28:49.123+0000] {processor.py:208} INFO - Processing /home/airflow/.local/lib/python3.12/site-packages/airflow/example_dags/example_bash_operator.py took 0.073 seconds
[2025-02-24T09:29:19.564+0000] {processor.py:186} INFO - Started process (PID=638) to work on /home/airflow/.local/lib/python3.12/site-packages/airflow/example_dags/example_bash_operator.py
[2025-02-24T09:29:19.565+0000] {processor.py:914} INFO - Processing file /home/airflow/.local/lib/python3.12/site-packages/airflow/example_dags/example_bash_operator.py for tasks to queue
[2025-02-24T09:29:19.566+0000] {logging_mixin.py:190} INFO - [2025-02-24T09:29:19.566+0000] {dagbag.py:588} INFO - Filling up the DagBag from /home/airflow/.local/lib/python3.12/site-packages/airflow/example_dags/example_bash_operator.py
[2025-02-24T09:29:19.577+0000] {processor.py:925} INFO - DAG(s) 'example_bash_operator' retrieved from /home/airflow/.local/lib/python3.12/site-packages/airflow/example_dags/example_bash_operator.py
[2025-02-24T09:29:19.601+0000] {logging_mixin.py:190} INFO - [2025-02-24T09:29:19.601+0000] {dag.py:3239} INFO - Sync 1 DAGs
[2025-02-24T09:29:19.622+0000] {logging_mixin.py:190} INFO - [2025-02-24T09:29:19.622+0000] {dag.py:4180} INFO - Setting next_dagrun for example_bash_operator to 2025-02-23 00:00:00+00:00, run_after=2025-02-24 00:00:00+00:00
[2025-02-24T09:29:19.636+0000] {processor.py:208} INFO - Processing /home/airflow/.local/lib/python3.12/site-packages/airflow/example_dags/example_bash_operator.py took 0.077 seconds
[2025-02-24T09:29:49.728+0000] {processor.py:186} INFO - Started process (PID=701) to work on /home/airflow/.local/lib/python3.12/site-packages/airflow/example_dags/example_bash_operator.py
[2025-02-24T09:29:49.728+0000] {processor.py:914} INFO - Processing file /home/airflow/.local/lib/python3.12/site-packages/airflow/example_dags/example_bash_operator.py for tasks to queue
[2025-02-24T09:29:49.730+0000] {logging_mixin.py:190} INFO - [2025-02-24T09:29:49.729+0000] {dagbag.py:588} INFO - Filling up the DagBag from /home/airflow/.local/lib/python3.12/site-packages/airflow/example_dags/example_bash_operator.py
[2025-02-24T09:29:49.740+0000] {processor.py:925} INFO - DAG(s) 'example_bash_operator' retrieved from /home/airflow/.local/lib/python3.12/site-packages/airflow/example_dags/example_bash_operator.py
[2025-02-24T09:29:49.760+0000] {logging_mixin.py:190} INFO - [2025-02-24T09:29:49.760+0000] {dag.py:3239} INFO - Sync 1 DAGs
[2025-02-24T09:29:49.778+0000] {logging_mixin.py:190} INFO - [2025-02-24T09:29:49.778+0000] {dag.py:4180} INFO - Setting next_dagrun for example_bash_operator to 2025-02-23 00:00:00+00:00, run_after=2025-02-24 00:00:00+00:00
[2025-02-24T09:29:49.790+0000] {processor.py:208} INFO - Processing /home/airflow/.local/lib/python3.12/site-packages/airflow/example_dags/example_bash_operator.py took 0.067 seconds
[2025-02-24T09:30:20.014+0000] {processor.py:186} INFO - Started process (PID=764) to work on /home/airflow/.local/lib/python3.12/site-packages/airflow/example_dags/example_bash_operator.py
[2025-02-24T09:30:20.015+0000] {processor.py:914} INFO - Processing file /home/airflow/.local/lib/python3.12/site-packages/airflow/example_dags/example_bash_operator.py for tasks to queue
[2025-02-24T09:30:20.016+0000] {logging_mixin.py:190} INFO - [2025-02-24T09:30:20.016+0000] {dagbag.py:588} INFO - Filling up the DagBag from /home/airflow/.local/lib/python3.12/site-packages/airflow/example_dags/example_bash_operator.py
[2025-02-24T09:30:20.027+0000] {processor.py:925} INFO - DAG(s) 'example_bash_operator' retrieved from /home/airflow/.local/lib/python3.12/site-packages/airflow/example_dags/example_bash_operator.py
[2025-02-24T09:30:20.048+0000] {logging_mixin.py:190} INFO - [2025-02-24T09:30:20.047+0000] {dag.py:3239} INFO - Sync 1 DAGs
[2025-02-24T09:30:20.069+0000] {logging_mixin.py:190} INFO - [2025-02-24T09:30:20.068+0000] {dag.py:4180} INFO - Setting next_dagrun for example_bash_operator to 2025-02-23 00:00:00+00:00, run_after=2025-02-24 00:00:00+00:00
[2025-02-24T09:30:20.082+0000] {processor.py:208} INFO - Processing /home/airflow/.local/lib/python3.12/site-packages/airflow/example_dags/example_bash_operator.py took 0.072 seconds
[2025-02-24T09:30:50.299+0000] {processor.py:186} INFO - Started process (PID=827) to work on /home/airflow/.local/lib/python3.12/site-packages/airflow/example_dags/example_bash_operator.py
[2025-02-24T09:30:50.300+0000] {processor.py:914} INFO - Processing file /home/airflow/.local/lib/python3.12/site-packages/airflow/example_dags/example_bash_operator.py for tasks to queue
[2025-02-24T09:30:50.302+0000] {logging_mixin.py:190} INFO - [2025-02-24T09:30:50.302+0000] {dagbag.py:588} INFO - Filling up the DagBag from /home/airflow/.local/lib/python3.12/site-packages/airflow/example_dags/example_bash_operator.py
[2025-02-24T09:30:50.312+0000] {processor.py:925} INFO - DAG(s) 'example_bash_operator' retrieved from /home/airflow/.local/lib/python3.12/site-packages/airflow/example_dags/example_bash_operator.py
[2025-02-24T09:30:50.333+0000] {logging_mixin.py:190} INFO - [2025-02-24T09:30:50.333+0000] {dag.py:3239} INFO - Sync 1 DAGs
[2025-02-24T09:30:50.353+0000] {logging_mixin.py:190} INFO - [2025-02-24T09:30:50.352+0000] {dag.py:4180} INFO - Setting next_dagrun for example_bash_operator to 2025-02-23 00:00:00+00:00, run_after=2025-02-24 00:00:00+00:00
[2025-02-24T09:30:50.366+0000] {processor.py:208} INFO - Processing /home/airflow/.local/lib/python3.12/site-packages/airflow/example_dags/example_bash_operator.py took 0.072 seconds
[2025-02-24T09:31:20.622+0000] {processor.py:186} INFO - Started process (PID=890) to work on /home/airflow/.local/lib/python3.12/site-packages/airflow/example_dags/example_bash_operator.py
[2025-02-24T09:31:20.623+0000] {processor.py:914} INFO - Processing file /home/airflow/.local/lib/python3.12/site-packages/airflow/example_dags/example_bash_operator.py for tasks to queue
[2025-02-24T09:31:20.625+0000] {logging_mixin.py:190} INFO - [2025-02-24T09:31:20.625+0000] {dagbag.py:588} INFO - Filling up the DagBag from /home/airflow/.local/lib/python3.12/site-packages/airflow/example_dags/example_bash_operator.py
[2025-02-24T09:31:20.638+0000] {processor.py:925} INFO - DAG(s) 'example_bash_operator' retrieved from /home/airflow/.local/lib/python3.12/site-packages/airflow/example_dags/example_bash_operator.py
[2025-02-24T09:31:20.662+0000] {logging_mixin.py:190} INFO - [2025-02-24T09:31:20.661+0000] {dag.py:3239} INFO - Sync 1 DAGs
[2025-02-24T09:31:20.684+0000] {logging_mixin.py:190} INFO - [2025-02-24T09:31:20.684+0000] {dag.py:4180} INFO - Setting next_dagrun for example_bash_operator to 2025-02-23 00:00:00+00:00, run_after=2025-02-24 00:00:00+00:00
[2025-02-24T09:31:20.700+0000] {processor.py:208} INFO - Processing /home/airflow/.local/lib/python3.12/site-packages/airflow/example_dags/example_bash_operator.py took 0.084 seconds
[2025-02-24T09:31:51.404+0000] {processor.py:186} INFO - Started process (PID=953) to work on /home/airflow/.local/lib/python3.12/site-packages/airflow/example_dags/example_bash_operator.py
[2025-02-24T09:31:51.405+0000] {processor.py:914} INFO - Processing file /home/airflow/.local/lib/python3.12/site-packages/airflow/example_dags/example_bash_operator.py for tasks to queue
[2025-02-24T09:31:51.406+0000] {logging_mixin.py:190} INFO - [2025-02-24T09:31:51.406+0000] {dagbag.py:588} INFO - Filling up the DagBag from /home/airflow/.local/lib/python3.12/site-packages/airflow/example_dags/example_bash_operator.py
[2025-02-24T09:31:51.419+0000] {processor.py:925} INFO - DAG(s) 'example_bash_operator' retrieved from /home/airflow/.local/lib/python3.12/site-packages/airflow/example_dags/example_bash_operator.py
[2025-02-24T09:31:51.449+0000] {logging_mixin.py:190} INFO - [2025-02-24T09:31:51.449+0000] {dag.py:3239} INFO - Sync 1 DAGs
[2025-02-24T09:31:51.470+0000] {logging_mixin.py:190} INFO - [2025-02-24T09:31:51.469+0000] {dag.py:4180} INFO - Setting next_dagrun for example_bash_operator to 2025-02-23 00:00:00+00:00, run_after=2025-02-24 00:00:00+00:00
[2025-02-24T09:31:51.487+0000] {processor.py:208} INFO - Processing /home/airflow/.local/lib/python3.12/site-packages/airflow/example_dags/example_bash_operator.py took 0.087 seconds
[2025-02-24T09:32:22.291+0000] {processor.py:186} INFO - Started process (PID=1016) to work on /home/airflow/.local/lib/python3.12/site-packages/airflow/example_dags/example_bash_operator.py
[2025-02-24T09:32:22.292+0000] {processor.py:914} INFO - Processing file /home/airflow/.local/lib/python3.12/site-packages/airflow/example_dags/example_bash_operator.py for tasks to queue
[2025-02-24T09:32:22.294+0000] {logging_mixin.py:190} INFO - [2025-02-24T09:32:22.294+0000] {dagbag.py:588} INFO - Filling up the DagBag from /home/airflow/.local/lib/python3.12/site-packages/airflow/example_dags/example_bash_operator.py
[2025-02-24T09:32:22.310+0000] {processor.py:925} INFO - DAG(s) 'example_bash_operator' retrieved from /home/airflow/.local/lib/python3.12/site-packages/airflow/example_dags/example_bash_operator.py
[2025-02-24T09:32:22.341+0000] {logging_mixin.py:190} INFO - [2025-02-24T09:32:22.341+0000] {dag.py:3239} INFO - Sync 1 DAGs
[2025-02-24T09:32:22.367+0000] {logging_mixin.py:190} INFO - [2025-02-24T09:32:22.367+0000] {dag.py:4180} INFO - Setting next_dagrun for example_bash_operator to 2025-02-23 00:00:00+00:00, run_after=2025-02-24 00:00:00+00:00
[2025-02-24T09:32:22.384+0000] {processor.py:208} INFO - Processing /home/airflow/.local/lib/python3.12/site-packages/airflow/example_dags/example_bash_operator.py took 0.100 seconds
[2025-02-24T09:32:52.502+0000] {processor.py:186} INFO - Started process (PID=1080) to work on /home/airflow/.local/lib/python3.12/site-packages/airflow/example_dags/example_bash_operator.py
[2025-02-24T09:32:52.502+0000] {processor.py:914} INFO - Processing file /home/airflow/.local/lib/python3.12/site-packages/airflow/example_dags/example_bash_operator.py for tasks to queue
[2025-02-24T09:32:52.504+0000] {logging_mixin.py:190} INFO - [2025-02-24T09:32:52.504+0000] {dagbag.py:588} INFO - Filling up the DagBag from /home/airflow/.local/lib/python3.12/site-packages/airflow/example_dags/example_bash_operator.py
[2025-02-24T09:32:52.515+0000] {processor.py:925} INFO - DAG(s) 'example_bash_operator' retrieved from /home/airflow/.local/lib/python3.12/site-packages/airflow/example_dags/example_bash_operator.py
[2025-02-24T09:32:52.537+0000] {logging_mixin.py:190} INFO - [2025-02-24T09:32:52.537+0000] {dag.py:3239} INFO - Sync 1 DAGs
[2025-02-24T09:32:52.556+0000] {logging_mixin.py:190} INFO - [2025-02-24T09:32:52.556+0000] {dag.py:4180} INFO - Setting next_dagrun for example_bash_operator to 2025-02-23 00:00:00+00:00, run_after=2025-02-24 00:00:00+00:00
[2025-02-24T09:32:52.570+0000] {processor.py:208} INFO - Processing /home/airflow/.local/lib/python3.12/site-packages/airflow/example_dags/example_bash_operator.py took 0.073 seconds
[2025-02-24T09:33:23.333+0000] {processor.py:186} INFO - Started process (PID=1142) to work on /home/airflow/.local/lib/python3.12/site-packages/airflow/example_dags/example_bash_operator.py
[2025-02-24T09:33:23.334+0000] {processor.py:914} INFO - Processing file /home/airflow/.local/lib/python3.12/site-packages/airflow/example_dags/example_bash_operator.py for tasks to queue
[2025-02-24T09:33:23.335+0000] {logging_mixin.py:190} INFO - [2025-02-24T09:33:23.335+0000] {dagbag.py:588} INFO - Filling up the DagBag from /home/airflow/.local/lib/python3.12/site-packages/airflow/example_dags/example_bash_operator.py
[2025-02-24T09:33:23.346+0000] {processor.py:925} INFO - DAG(s) 'example_bash_operator' retrieved from /home/airflow/.local/lib/python3.12/site-packages/airflow/example_dags/example_bash_operator.py
[2025-02-24T09:33:23.368+0000] {logging_mixin.py:190} INFO - [2025-02-24T09:33:23.368+0000] {dag.py:3239} INFO - Sync 1 DAGs
[2025-02-24T09:33:23.387+0000] {logging_mixin.py:190} INFO - [2025-02-24T09:33:23.387+0000] {dag.py:4180} INFO - Setting next_dagrun for example_bash_operator to 2025-02-23 00:00:00+00:00, run_after=2025-02-24 00:00:00+00:00
[2025-02-24T09:33:23.399+0000] {processor.py:208} INFO - Processing /home/airflow/.local/lib/python3.12/site-packages/airflow/example_dags/example_bash_operator.py took 0.071 seconds
[2025-02-24T09:33:53.530+0000] {processor.py:186} INFO - Started process (PID=1205) to work on /home/airflow/.local/lib/python3.12/site-packages/airflow/example_dags/example_bash_operator.py
[2025-02-24T09:33:53.531+0000] {processor.py:914} INFO - Processing file /home/airflow/.local/lib/python3.12/site-packages/airflow/example_dags/example_bash_operator.py for tasks to queue
[2025-02-24T09:33:53.532+0000] {logging_mixin.py:190} INFO - [2025-02-24T09:33:53.532+0000] {dagbag.py:588} INFO - Filling up the DagBag from /home/airflow/.local/lib/python3.12/site-packages/airflow/example_dags/example_bash_operator.py
[2025-02-24T09:33:53.543+0000] {processor.py:925} INFO - DAG(s) 'example_bash_operator' retrieved from /home/airflow/.local/lib/python3.12/site-packages/airflow/example_dags/example_bash_operator.py
[2025-02-24T09:33:53.564+0000] {logging_mixin.py:190} INFO - [2025-02-24T09:33:53.564+0000] {dag.py:3239} INFO - Sync 1 DAGs
[2025-02-24T09:33:53.583+0000] {logging_mixin.py:190} INFO - [2025-02-24T09:33:53.583+0000] {dag.py:4180} INFO - Setting next_dagrun for example_bash_operator to 2025-02-23 00:00:00+00:00, run_after=2025-02-24 00:00:00+00:00
[2025-02-24T09:33:53.597+0000] {processor.py:208} INFO - Processing /home/airflow/.local/lib/python3.12/site-packages/airflow/example_dags/example_bash_operator.py took 0.072 seconds
