[2025-02-24T09:24:45.281+0000] {processor.py:186} INFO - Started process (PID=68) to work on /home/airflow/.local/lib/python3.12/site-packages/airflow/example_dags/example_params_trigger_ui.py
[2025-02-24T09:24:45.297+0000] {processor.py:914} INFO - Processing file /home/airflow/.local/lib/python3.12/site-packages/airflow/example_dags/example_params_trigger_ui.py for tasks to queue
[2025-02-24T09:24:45.299+0000] {logging_mixin.py:190} INFO - [2025-02-24T09:24:45.299+0000] {dagbag.py:588} INFO - Filling up the DagBag from /home/airflow/.local/lib/python3.12/site-packages/airflow/example_dags/example_params_trigger_ui.py
[2025-02-24T09:24:45.329+0000] {processor.py:925} INFO - DAG(s) 'example_params_trigger_ui' retrieved from /home/airflow/.local/lib/python3.12/site-packages/airflow/example_dags/example_params_trigger_ui.py
[2025-02-24T09:24:45.527+0000] {logging_mixin.py:190} INFO - [2025-02-24T09:24:45.526+0000] {override.py:1911} INFO - Created Permission View: can edit on DAG:example_params_trigger_ui
[2025-02-24T09:24:45.547+0000] {logging_mixin.py:190} INFO - [2025-02-24T09:24:45.547+0000] {override.py:1911} INFO - Created Permission View: can read on DAG:example_params_trigger_ui
[2025-02-24T09:24:45.564+0000] {logging_mixin.py:190} INFO - [2025-02-24T09:24:45.563+0000] {override.py:1911} INFO - Created Permission View: can delete on DAG:example_params_trigger_ui
[2025-02-24T09:24:45.574+0000] {logging_mixin.py:190} INFO - [2025-02-24T09:24:45.574+0000] {override.py:1911} INFO - Created Permission View: can create on DAG Run:example_params_trigger_ui
[2025-02-24T09:24:45.588+0000] {logging_mixin.py:190} INFO - [2025-02-24T09:24:45.587+0000] {override.py:1911} INFO - Created Permission View: can read on DAG Run:example_params_trigger_ui
[2025-02-24T09:24:45.596+0000] {logging_mixin.py:190} INFO - [2025-02-24T09:24:45.596+0000] {override.py:1911} INFO - Created Permission View: menu access on DAG Run:example_params_trigger_ui
[2025-02-24T09:24:45.608+0000] {logging_mixin.py:190} INFO - [2025-02-24T09:24:45.608+0000] {override.py:1911} INFO - Created Permission View: can delete on DAG Run:example_params_trigger_ui
[2025-02-24T09:24:45.609+0000] {logging_mixin.py:190} INFO - [2025-02-24T09:24:45.608+0000] {dag.py:3239} INFO - Sync 1 DAGs
[2025-02-24T09:24:45.635+0000] {logging_mixin.py:190} INFO - [2025-02-24T09:24:45.635+0000] {dag.py:3262} INFO - Creating ORM DAG for example_params_trigger_ui
[2025-02-24T09:24:45.636+0000] {logging_mixin.py:190} INFO - [2025-02-24T09:24:45.636+0000] {dag.py:4180} INFO - Setting next_dagrun for example_params_trigger_ui to None, run_after=None
[2025-02-24T09:24:45.703+0000] {processor.py:208} INFO - Processing /home/airflow/.local/lib/python3.12/site-packages/airflow/example_dags/example_params_trigger_ui.py took 0.428 seconds
[2025-02-24T09:25:16.454+0000] {processor.py:186} INFO - Started process (PID=131) to work on /home/airflow/.local/lib/python3.12/site-packages/airflow/example_dags/example_params_trigger_ui.py
[2025-02-24T09:25:16.454+0000] {processor.py:914} INFO - Processing file /home/airflow/.local/lib/python3.12/site-packages/airflow/example_dags/example_params_trigger_ui.py for tasks to queue
[2025-02-24T09:25:16.456+0000] {logging_mixin.py:190} INFO - [2025-02-24T09:25:16.456+0000] {dagbag.py:588} INFO - Filling up the DagBag from /home/airflow/.local/lib/python3.12/site-packages/airflow/example_dags/example_params_trigger_ui.py
[2025-02-24T09:25:16.465+0000] {processor.py:925} INFO - DAG(s) 'example_params_trigger_ui' retrieved from /home/airflow/.local/lib/python3.12/site-packages/airflow/example_dags/example_params_trigger_ui.py
[2025-02-24T09:25:16.514+0000] {logging_mixin.py:190} INFO - [2025-02-24T09:25:16.514+0000] {dag.py:3239} INFO - Sync 1 DAGs
[2025-02-24T09:25:16.531+0000] {logging_mixin.py:190} INFO - [2025-02-24T09:25:16.531+0000] {dag.py:4180} INFO - Setting next_dagrun for example_params_trigger_ui to None, run_after=None
[2025-02-24T09:25:16.551+0000] {processor.py:208} INFO - Processing /home/airflow/.local/lib/python3.12/site-packages/airflow/example_dags/example_params_trigger_ui.py took 0.102 seconds
[2025-02-24T09:25:46.802+0000] {processor.py:186} INFO - Started process (PID=194) to work on /home/airflow/.local/lib/python3.12/site-packages/airflow/example_dags/example_params_trigger_ui.py
[2025-02-24T09:25:46.803+0000] {processor.py:914} INFO - Processing file /home/airflow/.local/lib/python3.12/site-packages/airflow/example_dags/example_params_trigger_ui.py for tasks to queue
[2025-02-24T09:25:46.805+0000] {logging_mixin.py:190} INFO - [2025-02-24T09:25:46.804+0000] {dagbag.py:588} INFO - Filling up the DagBag from /home/airflow/.local/lib/python3.12/site-packages/airflow/example_dags/example_params_trigger_ui.py
[2025-02-24T09:25:46.815+0000] {processor.py:925} INFO - DAG(s) 'example_params_trigger_ui' retrieved from /home/airflow/.local/lib/python3.12/site-packages/airflow/example_dags/example_params_trigger_ui.py
[2025-02-24T09:25:46.858+0000] {logging_mixin.py:190} INFO - [2025-02-24T09:25:46.858+0000] {dag.py:3239} INFO - Sync 1 DAGs
[2025-02-24T09:25:46.874+0000] {logging_mixin.py:190} INFO - [2025-02-24T09:25:46.874+0000] {dag.py:4180} INFO - Setting next_dagrun for example_params_trigger_ui to None, run_after=None
[2025-02-24T09:25:46.891+0000] {processor.py:208} INFO - Processing /home/airflow/.local/lib/python3.12/site-packages/airflow/example_dags/example_params_trigger_ui.py took 0.095 seconds
[2025-02-24T09:26:16.972+0000] {processor.py:186} INFO - Started process (PID=258) to work on /home/airflow/.local/lib/python3.12/site-packages/airflow/example_dags/example_params_trigger_ui.py
[2025-02-24T09:26:16.973+0000] {processor.py:914} INFO - Processing file /home/airflow/.local/lib/python3.12/site-packages/airflow/example_dags/example_params_trigger_ui.py for tasks to queue
[2025-02-24T09:26:16.975+0000] {logging_mixin.py:190} INFO - [2025-02-24T09:26:16.975+0000] {dagbag.py:588} INFO - Filling up the DagBag from /home/airflow/.local/lib/python3.12/site-packages/airflow/example_dags/example_params_trigger_ui.py
[2025-02-24T09:26:16.987+0000] {processor.py:925} INFO - DAG(s) 'example_params_trigger_ui' retrieved from /home/airflow/.local/lib/python3.12/site-packages/airflow/example_dags/example_params_trigger_ui.py
[2025-02-24T09:26:17.028+0000] {logging_mixin.py:190} INFO - [2025-02-24T09:26:17.027+0000] {dag.py:3239} INFO - Sync 1 DAGs
[2025-02-24T09:26:17.040+0000] {logging_mixin.py:190} INFO - [2025-02-24T09:26:17.040+0000] {dag.py:4180} INFO - Setting next_dagrun for example_params_trigger_ui to None, run_after=None
[2025-02-24T09:26:17.058+0000] {processor.py:208} INFO - Processing /home/airflow/.local/lib/python3.12/site-packages/airflow/example_dags/example_params_trigger_ui.py took 0.093 seconds
[2025-02-24T09:26:47.429+0000] {processor.py:186} INFO - Started process (PID=321) to work on /home/airflow/.local/lib/python3.12/site-packages/airflow/example_dags/example_params_trigger_ui.py
[2025-02-24T09:26:47.430+0000] {processor.py:914} INFO - Processing file /home/airflow/.local/lib/python3.12/site-packages/airflow/example_dags/example_params_trigger_ui.py for tasks to queue
[2025-02-24T09:26:47.431+0000] {logging_mixin.py:190} INFO - [2025-02-24T09:26:47.431+0000] {dagbag.py:588} INFO - Filling up the DagBag from /home/airflow/.local/lib/python3.12/site-packages/airflow/example_dags/example_params_trigger_ui.py
[2025-02-24T09:26:47.441+0000] {processor.py:925} INFO - DAG(s) 'example_params_trigger_ui' retrieved from /home/airflow/.local/lib/python3.12/site-packages/airflow/example_dags/example_params_trigger_ui.py
[2025-02-24T09:26:47.488+0000] {logging_mixin.py:190} INFO - [2025-02-24T09:26:47.488+0000] {dag.py:3239} INFO - Sync 1 DAGs
[2025-02-24T09:26:47.503+0000] {logging_mixin.py:190} INFO - [2025-02-24T09:26:47.503+0000] {dag.py:4180} INFO - Setting next_dagrun for example_params_trigger_ui to None, run_after=None
[2025-02-24T09:26:47.519+0000] {processor.py:208} INFO - Processing /home/airflow/.local/lib/python3.12/site-packages/airflow/example_dags/example_params_trigger_ui.py took 0.095 seconds
[2025-02-24T09:27:17.814+0000] {processor.py:186} INFO - Started process (PID=384) to work on /home/airflow/.local/lib/python3.12/site-packages/airflow/example_dags/example_params_trigger_ui.py
[2025-02-24T09:27:17.815+0000] {processor.py:914} INFO - Processing file /home/airflow/.local/lib/python3.12/site-packages/airflow/example_dags/example_params_trigger_ui.py for tasks to queue
[2025-02-24T09:27:17.817+0000] {logging_mixin.py:190} INFO - [2025-02-24T09:27:17.817+0000] {dagbag.py:588} INFO - Filling up the DagBag from /home/airflow/.local/lib/python3.12/site-packages/airflow/example_dags/example_params_trigger_ui.py
[2025-02-24T09:27:17.829+0000] {processor.py:925} INFO - DAG(s) 'example_params_trigger_ui' retrieved from /home/airflow/.local/lib/python3.12/site-packages/airflow/example_dags/example_params_trigger_ui.py
[2025-02-24T09:27:17.874+0000] {logging_mixin.py:190} INFO - [2025-02-24T09:27:17.874+0000] {dag.py:3239} INFO - Sync 1 DAGs
[2025-02-24T09:27:17.898+0000] {logging_mixin.py:190} INFO - [2025-02-24T09:27:17.898+0000] {dag.py:4180} INFO - Setting next_dagrun for example_params_trigger_ui to None, run_after=None
[2025-02-24T09:27:17.919+0000] {processor.py:208} INFO - Processing /home/airflow/.local/lib/python3.12/site-packages/airflow/example_dags/example_params_trigger_ui.py took 0.112 seconds
[2025-02-24T09:27:48.290+0000] {processor.py:186} INFO - Started process (PID=447) to work on /home/airflow/.local/lib/python3.12/site-packages/airflow/example_dags/example_params_trigger_ui.py
[2025-02-24T09:27:48.290+0000] {processor.py:914} INFO - Processing file /home/airflow/.local/lib/python3.12/site-packages/airflow/example_dags/example_params_trigger_ui.py for tasks to queue
[2025-02-24T09:27:48.292+0000] {logging_mixin.py:190} INFO - [2025-02-24T09:27:48.292+0000] {dagbag.py:588} INFO - Filling up the DagBag from /home/airflow/.local/lib/python3.12/site-packages/airflow/example_dags/example_params_trigger_ui.py
[2025-02-24T09:27:48.301+0000] {processor.py:925} INFO - DAG(s) 'example_params_trigger_ui' retrieved from /home/airflow/.local/lib/python3.12/site-packages/airflow/example_dags/example_params_trigger_ui.py
[2025-02-24T09:27:48.348+0000] {logging_mixin.py:190} INFO - [2025-02-24T09:27:48.348+0000] {dag.py:3239} INFO - Sync 1 DAGs
[2025-02-24T09:27:48.362+0000] {logging_mixin.py:190} INFO - [2025-02-24T09:27:48.362+0000] {dag.py:4180} INFO - Setting next_dagrun for example_params_trigger_ui to None, run_after=None
[2025-02-24T09:27:48.378+0000] {processor.py:208} INFO - Processing /home/airflow/.local/lib/python3.12/site-packages/airflow/example_dags/example_params_trigger_ui.py took 0.092 seconds
[2025-02-24T09:28:18.822+0000] {processor.py:186} INFO - Started process (PID=510) to work on /home/airflow/.local/lib/python3.12/site-packages/airflow/example_dags/example_params_trigger_ui.py
[2025-02-24T09:28:18.823+0000] {processor.py:914} INFO - Processing file /home/airflow/.local/lib/python3.12/site-packages/airflow/example_dags/example_params_trigger_ui.py for tasks to queue
[2025-02-24T09:28:18.824+0000] {logging_mixin.py:190} INFO - [2025-02-24T09:28:18.824+0000] {dagbag.py:588} INFO - Filling up the DagBag from /home/airflow/.local/lib/python3.12/site-packages/airflow/example_dags/example_params_trigger_ui.py
[2025-02-24T09:28:18.834+0000] {processor.py:925} INFO - DAG(s) 'example_params_trigger_ui' retrieved from /home/airflow/.local/lib/python3.12/site-packages/airflow/example_dags/example_params_trigger_ui.py
[2025-02-24T09:28:18.881+0000] {logging_mixin.py:190} INFO - [2025-02-24T09:28:18.880+0000] {dag.py:3239} INFO - Sync 1 DAGs
[2025-02-24T09:28:18.898+0000] {logging_mixin.py:190} INFO - [2025-02-24T09:28:18.898+0000] {dag.py:4180} INFO - Setting next_dagrun for example_params_trigger_ui to None, run_after=None
[2025-02-24T09:28:18.915+0000] {processor.py:208} INFO - Processing /home/airflow/.local/lib/python3.12/site-packages/airflow/example_dags/example_params_trigger_ui.py took 0.098 seconds
[2025-02-24T09:28:48.954+0000] {processor.py:186} INFO - Started process (PID=573) to work on /home/airflow/.local/lib/python3.12/site-packages/airflow/example_dags/example_params_trigger_ui.py
[2025-02-24T09:28:48.955+0000] {processor.py:914} INFO - Processing file /home/airflow/.local/lib/python3.12/site-packages/airflow/example_dags/example_params_trigger_ui.py for tasks to queue
[2025-02-24T09:28:48.957+0000] {logging_mixin.py:190} INFO - [2025-02-24T09:28:48.956+0000] {dagbag.py:588} INFO - Filling up the DagBag from /home/airflow/.local/lib/python3.12/site-packages/airflow/example_dags/example_params_trigger_ui.py
[2025-02-24T09:28:48.968+0000] {processor.py:925} INFO - DAG(s) 'example_params_trigger_ui' retrieved from /home/airflow/.local/lib/python3.12/site-packages/airflow/example_dags/example_params_trigger_ui.py
[2025-02-24T09:28:49.002+0000] {logging_mixin.py:190} INFO - [2025-02-24T09:28:49.002+0000] {dag.py:3239} INFO - Sync 1 DAGs
[2025-02-24T09:28:49.013+0000] {logging_mixin.py:190} INFO - [2025-02-24T09:28:49.013+0000] {dag.py:4180} INFO - Setting next_dagrun for example_params_trigger_ui to None, run_after=None
[2025-02-24T09:28:49.028+0000] {processor.py:208} INFO - Processing /home/airflow/.local/lib/python3.12/site-packages/airflow/example_dags/example_params_trigger_ui.py took 0.080 seconds
[2025-02-24T09:29:19.455+0000] {processor.py:186} INFO - Started process (PID=636) to work on /home/airflow/.local/lib/python3.12/site-packages/airflow/example_dags/example_params_trigger_ui.py
[2025-02-24T09:29:19.456+0000] {processor.py:914} INFO - Processing file /home/airflow/.local/lib/python3.12/site-packages/airflow/example_dags/example_params_trigger_ui.py for tasks to queue
[2025-02-24T09:29:19.457+0000] {logging_mixin.py:190} INFO - [2025-02-24T09:29:19.457+0000] {dagbag.py:588} INFO - Filling up the DagBag from /home/airflow/.local/lib/python3.12/site-packages/airflow/example_dags/example_params_trigger_ui.py
[2025-02-24T09:29:19.467+0000] {processor.py:925} INFO - DAG(s) 'example_params_trigger_ui' retrieved from /home/airflow/.local/lib/python3.12/site-packages/airflow/example_dags/example_params_trigger_ui.py
[2025-02-24T09:29:19.514+0000] {logging_mixin.py:190} INFO - [2025-02-24T09:29:19.514+0000] {dag.py:3239} INFO - Sync 1 DAGs
[2025-02-24T09:29:19.529+0000] {logging_mixin.py:190} INFO - [2025-02-24T09:29:19.529+0000] {dag.py:4180} INFO - Setting next_dagrun for example_params_trigger_ui to None, run_after=None
[2025-02-24T09:29:19.544+0000] {processor.py:208} INFO - Processing /home/airflow/.local/lib/python3.12/site-packages/airflow/example_dags/example_params_trigger_ui.py took 0.093 seconds
[2025-02-24T09:29:49.631+0000] {processor.py:186} INFO - Started process (PID=699) to work on /home/airflow/.local/lib/python3.12/site-packages/airflow/example_dags/example_params_trigger_ui.py
[2025-02-24T09:29:49.632+0000] {processor.py:914} INFO - Processing file /home/airflow/.local/lib/python3.12/site-packages/airflow/example_dags/example_params_trigger_ui.py for tasks to queue
[2025-02-24T09:29:49.633+0000] {logging_mixin.py:190} INFO - [2025-02-24T09:29:49.633+0000] {dagbag.py:588} INFO - Filling up the DagBag from /home/airflow/.local/lib/python3.12/site-packages/airflow/example_dags/example_params_trigger_ui.py
[2025-02-24T09:29:49.643+0000] {processor.py:925} INFO - DAG(s) 'example_params_trigger_ui' retrieved from /home/airflow/.local/lib/python3.12/site-packages/airflow/example_dags/example_params_trigger_ui.py
[2025-02-24T09:29:49.679+0000] {logging_mixin.py:190} INFO - [2025-02-24T09:29:49.679+0000] {dag.py:3239} INFO - Sync 1 DAGs
[2025-02-24T09:29:49.690+0000] {logging_mixin.py:190} INFO - [2025-02-24T09:29:49.690+0000] {dag.py:4180} INFO - Setting next_dagrun for example_params_trigger_ui to None, run_after=None
[2025-02-24T09:29:49.703+0000] {processor.py:208} INFO - Processing /home/airflow/.local/lib/python3.12/site-packages/airflow/example_dags/example_params_trigger_ui.py took 0.076 seconds
[2025-02-24T09:30:19.912+0000] {processor.py:186} INFO - Started process (PID=762) to work on /home/airflow/.local/lib/python3.12/site-packages/airflow/example_dags/example_params_trigger_ui.py
[2025-02-24T09:30:19.912+0000] {processor.py:914} INFO - Processing file /home/airflow/.local/lib/python3.12/site-packages/airflow/example_dags/example_params_trigger_ui.py for tasks to queue
[2025-02-24T09:30:19.914+0000] {logging_mixin.py:190} INFO - [2025-02-24T09:30:19.913+0000] {dagbag.py:588} INFO - Filling up the DagBag from /home/airflow/.local/lib/python3.12/site-packages/airflow/example_dags/example_params_trigger_ui.py
[2025-02-24T09:30:19.923+0000] {processor.py:925} INFO - DAG(s) 'example_params_trigger_ui' retrieved from /home/airflow/.local/lib/python3.12/site-packages/airflow/example_dags/example_params_trigger_ui.py
[2025-02-24T09:30:19.969+0000] {logging_mixin.py:190} INFO - [2025-02-24T09:30:19.969+0000] {dag.py:3239} INFO - Sync 1 DAGs
[2025-02-24T09:30:19.983+0000] {logging_mixin.py:190} INFO - [2025-02-24T09:30:19.983+0000] {dag.py:4180} INFO - Setting next_dagrun for example_params_trigger_ui to None, run_after=None
[2025-02-24T09:30:19.998+0000] {processor.py:208} INFO - Processing /home/airflow/.local/lib/python3.12/site-packages/airflow/example_dags/example_params_trigger_ui.py took 0.090 seconds
[2025-02-24T09:30:50.196+0000] {processor.py:186} INFO - Started process (PID=825) to work on /home/airflow/.local/lib/python3.12/site-packages/airflow/example_dags/example_params_trigger_ui.py
[2025-02-24T09:30:50.197+0000] {processor.py:914} INFO - Processing file /home/airflow/.local/lib/python3.12/site-packages/airflow/example_dags/example_params_trigger_ui.py for tasks to queue
[2025-02-24T09:30:50.199+0000] {logging_mixin.py:190} INFO - [2025-02-24T09:30:50.198+0000] {dagbag.py:588} INFO - Filling up the DagBag from /home/airflow/.local/lib/python3.12/site-packages/airflow/example_dags/example_params_trigger_ui.py
[2025-02-24T09:30:50.208+0000] {processor.py:925} INFO - DAG(s) 'example_params_trigger_ui' retrieved from /home/airflow/.local/lib/python3.12/site-packages/airflow/example_dags/example_params_trigger_ui.py
[2025-02-24T09:30:50.244+0000] {logging_mixin.py:190} INFO - [2025-02-24T09:30:50.244+0000] {dag.py:3239} INFO - Sync 1 DAGs
[2025-02-24T09:30:50.256+0000] {logging_mixin.py:190} INFO - [2025-02-24T09:30:50.256+0000] {dag.py:4180} INFO - Setting next_dagrun for example_params_trigger_ui to None, run_after=None
[2025-02-24T09:30:50.271+0000] {processor.py:208} INFO - Processing /home/airflow/.local/lib/python3.12/site-packages/airflow/example_dags/example_params_trigger_ui.py took 0.079 seconds
[2025-02-24T09:31:20.491+0000] {processor.py:186} INFO - Started process (PID=888) to work on /home/airflow/.local/lib/python3.12/site-packages/airflow/example_dags/example_params_trigger_ui.py
[2025-02-24T09:31:20.492+0000] {processor.py:914} INFO - Processing file /home/airflow/.local/lib/python3.12/site-packages/airflow/example_dags/example_params_trigger_ui.py for tasks to queue
[2025-02-24T09:31:20.494+0000] {logging_mixin.py:190} INFO - [2025-02-24T09:31:20.493+0000] {dagbag.py:588} INFO - Filling up the DagBag from /home/airflow/.local/lib/python3.12/site-packages/airflow/example_dags/example_params_trigger_ui.py
[2025-02-24T09:31:20.507+0000] {processor.py:925} INFO - DAG(s) 'example_params_trigger_ui' retrieved from /home/airflow/.local/lib/python3.12/site-packages/airflow/example_dags/example_params_trigger_ui.py
[2025-02-24T09:31:20.562+0000] {logging_mixin.py:190} INFO - [2025-02-24T09:31:20.561+0000] {dag.py:3239} INFO - Sync 1 DAGs
[2025-02-24T09:31:20.578+0000] {logging_mixin.py:190} INFO - [2025-02-24T09:31:20.578+0000] {dag.py:4180} INFO - Setting next_dagrun for example_params_trigger_ui to None, run_after=None
[2025-02-24T09:31:20.593+0000] {processor.py:208} INFO - Processing /home/airflow/.local/lib/python3.12/site-packages/airflow/example_dags/example_params_trigger_ui.py took 0.109 seconds
[2025-02-24T09:31:51.293+0000] {processor.py:186} INFO - Started process (PID=951) to work on /home/airflow/.local/lib/python3.12/site-packages/airflow/example_dags/example_params_trigger_ui.py
[2025-02-24T09:31:51.293+0000] {processor.py:914} INFO - Processing file /home/airflow/.local/lib/python3.12/site-packages/airflow/example_dags/example_params_trigger_ui.py for tasks to queue
[2025-02-24T09:31:51.295+0000] {logging_mixin.py:190} INFO - [2025-02-24T09:31:51.295+0000] {dagbag.py:588} INFO - Filling up the DagBag from /home/airflow/.local/lib/python3.12/site-packages/airflow/example_dags/example_params_trigger_ui.py
[2025-02-24T09:31:51.307+0000] {processor.py:925} INFO - DAG(s) 'example_params_trigger_ui' retrieved from /home/airflow/.local/lib/python3.12/site-packages/airflow/example_dags/example_params_trigger_ui.py
[2025-02-24T09:31:51.353+0000] {logging_mixin.py:190} INFO - [2025-02-24T09:31:51.352+0000] {dag.py:3239} INFO - Sync 1 DAGs
[2025-02-24T09:31:51.368+0000] {logging_mixin.py:190} INFO - [2025-02-24T09:31:51.368+0000] {dag.py:4180} INFO - Setting next_dagrun for example_params_trigger_ui to None, run_after=None
[2025-02-24T09:31:51.388+0000] {processor.py:208} INFO - Processing /home/airflow/.local/lib/python3.12/site-packages/airflow/example_dags/example_params_trigger_ui.py took 0.100 seconds
[2025-02-24T09:32:22.137+0000] {processor.py:186} INFO - Started process (PID=1014) to work on /home/airflow/.local/lib/python3.12/site-packages/airflow/example_dags/example_params_trigger_ui.py
[2025-02-24T09:32:22.138+0000] {processor.py:914} INFO - Processing file /home/airflow/.local/lib/python3.12/site-packages/airflow/example_dags/example_params_trigger_ui.py for tasks to queue
[2025-02-24T09:32:22.140+0000] {logging_mixin.py:190} INFO - [2025-02-24T09:32:22.140+0000] {dagbag.py:588} INFO - Filling up the DagBag from /home/airflow/.local/lib/python3.12/site-packages/airflow/example_dags/example_params_trigger_ui.py
[2025-02-24T09:32:22.153+0000] {processor.py:925} INFO - DAG(s) 'example_params_trigger_ui' retrieved from /home/airflow/.local/lib/python3.12/site-packages/airflow/example_dags/example_params_trigger_ui.py
[2025-02-24T09:32:22.216+0000] {logging_mixin.py:190} INFO - [2025-02-24T09:32:22.216+0000] {dag.py:3239} INFO - Sync 1 DAGs
[2025-02-24T09:32:22.233+0000] {logging_mixin.py:190} INFO - [2025-02-24T09:32:22.233+0000] {dag.py:4180} INFO - Setting next_dagrun for example_params_trigger_ui to None, run_after=None
[2025-02-24T09:32:22.252+0000] {processor.py:208} INFO - Processing /home/airflow/.local/lib/python3.12/site-packages/airflow/example_dags/example_params_trigger_ui.py took 0.121 seconds
[2025-02-24T09:32:52.295+0000] {processor.py:186} INFO - Started process (PID=1077) to work on /home/airflow/.local/lib/python3.12/site-packages/airflow/example_dags/example_params_trigger_ui.py
[2025-02-24T09:32:52.296+0000] {processor.py:914} INFO - Processing file /home/airflow/.local/lib/python3.12/site-packages/airflow/example_dags/example_params_trigger_ui.py for tasks to queue
[2025-02-24T09:32:52.297+0000] {logging_mixin.py:190} INFO - [2025-02-24T09:32:52.297+0000] {dagbag.py:588} INFO - Filling up the DagBag from /home/airflow/.local/lib/python3.12/site-packages/airflow/example_dags/example_params_trigger_ui.py
[2025-02-24T09:32:52.307+0000] {processor.py:925} INFO - DAG(s) 'example_params_trigger_ui' retrieved from /home/airflow/.local/lib/python3.12/site-packages/airflow/example_dags/example_params_trigger_ui.py
[2025-02-24T09:32:52.346+0000] {logging_mixin.py:190} INFO - [2025-02-24T09:32:52.346+0000] {dag.py:3239} INFO - Sync 1 DAGs
[2025-02-24T09:32:52.360+0000] {logging_mixin.py:190} INFO - [2025-02-24T09:32:52.360+0000] {dag.py:4180} INFO - Setting next_dagrun for example_params_trigger_ui to None, run_after=None
[2025-02-24T09:32:52.385+0000] {processor.py:208} INFO - Processing /home/airflow/.local/lib/python3.12/site-packages/airflow/example_dags/example_params_trigger_ui.py took 0.094 seconds
[2025-02-24T09:33:23.222+0000] {processor.py:186} INFO - Started process (PID=1140) to work on /home/airflow/.local/lib/python3.12/site-packages/airflow/example_dags/example_params_trigger_ui.py
[2025-02-24T09:33:23.223+0000] {processor.py:914} INFO - Processing file /home/airflow/.local/lib/python3.12/site-packages/airflow/example_dags/example_params_trigger_ui.py for tasks to queue
[2025-02-24T09:33:23.224+0000] {logging_mixin.py:190} INFO - [2025-02-24T09:33:23.224+0000] {dagbag.py:588} INFO - Filling up the DagBag from /home/airflow/.local/lib/python3.12/site-packages/airflow/example_dags/example_params_trigger_ui.py
[2025-02-24T09:33:23.234+0000] {processor.py:925} INFO - DAG(s) 'example_params_trigger_ui' retrieved from /home/airflow/.local/lib/python3.12/site-packages/airflow/example_dags/example_params_trigger_ui.py
[2025-02-24T09:33:23.281+0000] {logging_mixin.py:190} INFO - [2025-02-24T09:33:23.281+0000] {dag.py:3239} INFO - Sync 1 DAGs
[2025-02-24T09:33:23.295+0000] {logging_mixin.py:190} INFO - [2025-02-24T09:33:23.295+0000] {dag.py:4180} INFO - Setting next_dagrun for example_params_trigger_ui to None, run_after=None
[2025-02-24T09:33:23.311+0000] {processor.py:208} INFO - Processing /home/airflow/.local/lib/python3.12/site-packages/airflow/example_dags/example_params_trigger_ui.py took 0.094 seconds
[2025-02-24T09:33:53.412+0000] {processor.py:186} INFO - Started process (PID=1203) to work on /home/airflow/.local/lib/python3.12/site-packages/airflow/example_dags/example_params_trigger_ui.py
[2025-02-24T09:33:53.413+0000] {processor.py:914} INFO - Processing file /home/airflow/.local/lib/python3.12/site-packages/airflow/example_dags/example_params_trigger_ui.py for tasks to queue
[2025-02-24T09:33:53.415+0000] {logging_mixin.py:190} INFO - [2025-02-24T09:33:53.415+0000] {dagbag.py:588} INFO - Filling up the DagBag from /home/airflow/.local/lib/python3.12/site-packages/airflow/example_dags/example_params_trigger_ui.py
[2025-02-24T09:33:53.428+0000] {processor.py:925} INFO - DAG(s) 'example_params_trigger_ui' retrieved from /home/airflow/.local/lib/python3.12/site-packages/airflow/example_dags/example_params_trigger_ui.py
[2025-02-24T09:33:53.478+0000] {logging_mixin.py:190} INFO - [2025-02-24T09:33:53.478+0000] {dag.py:3239} INFO - Sync 1 DAGs
[2025-02-24T09:33:53.490+0000] {logging_mixin.py:190} INFO - [2025-02-24T09:33:53.490+0000] {dag.py:4180} INFO - Setting next_dagrun for example_params_trigger_ui to None, run_after=None
[2025-02-24T09:33:53.505+0000] {processor.py:208} INFO - Processing /home/airflow/.local/lib/python3.12/site-packages/airflow/example_dags/example_params_trigger_ui.py took 0.099 seconds
[2025-02-24T09:34:23.702+0000] {processor.py:186} INFO - Started process (PID=1267) to work on /home/airflow/.local/lib/python3.12/site-packages/airflow/example_dags/example_params_trigger_ui.py
[2025-02-24T09:34:23.703+0000] {processor.py:914} INFO - Processing file /home/airflow/.local/lib/python3.12/site-packages/airflow/example_dags/example_params_trigger_ui.py for tasks to queue
[2025-02-24T09:34:23.705+0000] {logging_mixin.py:190} INFO - [2025-02-24T09:34:23.705+0000] {dagbag.py:588} INFO - Filling up the DagBag from /home/airflow/.local/lib/python3.12/site-packages/airflow/example_dags/example_params_trigger_ui.py
[2025-02-24T09:34:23.719+0000] {processor.py:925} INFO - DAG(s) 'example_params_trigger_ui' retrieved from /home/airflow/.local/lib/python3.12/site-packages/airflow/example_dags/example_params_trigger_ui.py
[2025-02-24T09:34:23.775+0000] {logging_mixin.py:190} INFO - [2025-02-24T09:34:23.775+0000] {dag.py:3239} INFO - Sync 1 DAGs
[2025-02-24T09:34:23.790+0000] {logging_mixin.py:190} INFO - [2025-02-24T09:34:23.789+0000] {dag.py:4180} INFO - Setting next_dagrun for example_params_trigger_ui to None, run_after=None
[2025-02-24T09:34:23.805+0000] {processor.py:208} INFO - Processing /home/airflow/.local/lib/python3.12/site-packages/airflow/example_dags/example_params_trigger_ui.py took 0.109 seconds
[2025-02-24T09:34:54.024+0000] {processor.py:186} INFO - Started process (PID=1331) to work on /home/airflow/.local/lib/python3.12/site-packages/airflow/example_dags/example_params_trigger_ui.py
[2025-02-24T09:34:54.025+0000] {processor.py:914} INFO - Processing file /home/airflow/.local/lib/python3.12/site-packages/airflow/example_dags/example_params_trigger_ui.py for tasks to queue
[2025-02-24T09:34:54.026+0000] {logging_mixin.py:190} INFO - [2025-02-24T09:34:54.026+0000] {dagbag.py:588} INFO - Filling up the DagBag from /home/airflow/.local/lib/python3.12/site-packages/airflow/example_dags/example_params_trigger_ui.py
[2025-02-24T09:34:54.036+0000] {processor.py:925} INFO - DAG(s) 'example_params_trigger_ui' retrieved from /home/airflow/.local/lib/python3.12/site-packages/airflow/example_dags/example_params_trigger_ui.py
[2025-02-24T09:34:54.084+0000] {logging_mixin.py:190} INFO - [2025-02-24T09:34:54.084+0000] {dag.py:3239} INFO - Sync 1 DAGs
[2025-02-24T09:34:54.101+0000] {logging_mixin.py:190} INFO - [2025-02-24T09:34:54.100+0000] {dag.py:4180} INFO - Setting next_dagrun for example_params_trigger_ui to None, run_after=None
[2025-02-24T09:34:54.117+0000] {processor.py:208} INFO - Processing /home/airflow/.local/lib/python3.12/site-packages/airflow/example_dags/example_params_trigger_ui.py took 0.097 seconds
[2025-02-24T09:35:24.827+0000] {processor.py:186} INFO - Started process (PID=1395) to work on /home/airflow/.local/lib/python3.12/site-packages/airflow/example_dags/example_params_trigger_ui.py
[2025-02-24T09:35:24.827+0000] {processor.py:914} INFO - Processing file /home/airflow/.local/lib/python3.12/site-packages/airflow/example_dags/example_params_trigger_ui.py for tasks to queue
[2025-02-24T09:35:24.829+0000] {logging_mixin.py:190} INFO - [2025-02-24T09:35:24.829+0000] {dagbag.py:588} INFO - Filling up the DagBag from /home/airflow/.local/lib/python3.12/site-packages/airflow/example_dags/example_params_trigger_ui.py
[2025-02-24T09:35:24.839+0000] {processor.py:925} INFO - DAG(s) 'example_params_trigger_ui' retrieved from /home/airflow/.local/lib/python3.12/site-packages/airflow/example_dags/example_params_trigger_ui.py
[2025-02-24T09:35:24.886+0000] {logging_mixin.py:190} INFO - [2025-02-24T09:35:24.885+0000] {dag.py:3239} INFO - Sync 1 DAGs
[2025-02-24T09:35:24.902+0000] {logging_mixin.py:190} INFO - [2025-02-24T09:35:24.902+0000] {dag.py:4180} INFO - Setting next_dagrun for example_params_trigger_ui to None, run_after=None
[2025-02-24T09:35:24.920+0000] {processor.py:208} INFO - Processing /home/airflow/.local/lib/python3.12/site-packages/airflow/example_dags/example_params_trigger_ui.py took 0.098 seconds
[2025-02-24T09:35:55.591+0000] {processor.py:186} INFO - Started process (PID=1458) to work on /home/airflow/.local/lib/python3.12/site-packages/airflow/example_dags/example_params_trigger_ui.py
[2025-02-24T09:35:55.591+0000] {processor.py:914} INFO - Processing file /home/airflow/.local/lib/python3.12/site-packages/airflow/example_dags/example_params_trigger_ui.py for tasks to queue
[2025-02-24T09:35:55.593+0000] {logging_mixin.py:190} INFO - [2025-02-24T09:35:55.593+0000] {dagbag.py:588} INFO - Filling up the DagBag from /home/airflow/.local/lib/python3.12/site-packages/airflow/example_dags/example_params_trigger_ui.py
[2025-02-24T09:35:55.603+0000] {processor.py:925} INFO - DAG(s) 'example_params_trigger_ui' retrieved from /home/airflow/.local/lib/python3.12/site-packages/airflow/example_dags/example_params_trigger_ui.py
[2025-02-24T09:35:55.638+0000] {logging_mixin.py:190} INFO - [2025-02-24T09:35:55.638+0000] {dag.py:3239} INFO - Sync 1 DAGs
[2025-02-24T09:35:55.651+0000] {logging_mixin.py:190} INFO - [2025-02-24T09:35:55.651+0000] {dag.py:4180} INFO - Setting next_dagrun for example_params_trigger_ui to None, run_after=None
[2025-02-24T09:35:55.668+0000] {processor.py:208} INFO - Processing /home/airflow/.local/lib/python3.12/site-packages/airflow/example_dags/example_params_trigger_ui.py took 0.082 seconds
[2025-02-24T09:36:25.859+0000] {processor.py:186} INFO - Started process (PID=1521) to work on /home/airflow/.local/lib/python3.12/site-packages/airflow/example_dags/example_params_trigger_ui.py
[2025-02-24T09:36:25.860+0000] {processor.py:914} INFO - Processing file /home/airflow/.local/lib/python3.12/site-packages/airflow/example_dags/example_params_trigger_ui.py for tasks to queue
[2025-02-24T09:36:25.862+0000] {logging_mixin.py:190} INFO - [2025-02-24T09:36:25.862+0000] {dagbag.py:588} INFO - Filling up the DagBag from /home/airflow/.local/lib/python3.12/site-packages/airflow/example_dags/example_params_trigger_ui.py
[2025-02-24T09:36:25.872+0000] {processor.py:925} INFO - DAG(s) 'example_params_trigger_ui' retrieved from /home/airflow/.local/lib/python3.12/site-packages/airflow/example_dags/example_params_trigger_ui.py
[2025-02-24T09:36:25.916+0000] {logging_mixin.py:190} INFO - [2025-02-24T09:36:25.915+0000] {dag.py:3239} INFO - Sync 1 DAGs
[2025-02-24T09:36:25.938+0000] {logging_mixin.py:190} INFO - [2025-02-24T09:36:25.937+0000] {dag.py:4180} INFO - Setting next_dagrun for example_params_trigger_ui to None, run_after=None
[2025-02-24T09:36:25.962+0000] {processor.py:208} INFO - Processing /home/airflow/.local/lib/python3.12/site-packages/airflow/example_dags/example_params_trigger_ui.py took 0.107 seconds
[2025-02-24T09:36:56.039+0000] {processor.py:186} INFO - Started process (PID=1585) to work on /home/airflow/.local/lib/python3.12/site-packages/airflow/example_dags/example_params_trigger_ui.py
[2025-02-24T09:36:56.039+0000] {processor.py:914} INFO - Processing file /home/airflow/.local/lib/python3.12/site-packages/airflow/example_dags/example_params_trigger_ui.py for tasks to queue
[2025-02-24T09:36:56.041+0000] {logging_mixin.py:190} INFO - [2025-02-24T09:36:56.041+0000] {dagbag.py:588} INFO - Filling up the DagBag from /home/airflow/.local/lib/python3.12/site-packages/airflow/example_dags/example_params_trigger_ui.py
[2025-02-24T09:36:56.050+0000] {processor.py:925} INFO - DAG(s) 'example_params_trigger_ui' retrieved from /home/airflow/.local/lib/python3.12/site-packages/airflow/example_dags/example_params_trigger_ui.py
[2025-02-24T09:36:56.099+0000] {logging_mixin.py:190} INFO - [2025-02-24T09:36:56.099+0000] {dag.py:3239} INFO - Sync 1 DAGs
[2025-02-24T09:36:56.112+0000] {logging_mixin.py:190} INFO - [2025-02-24T09:36:56.112+0000] {dag.py:4180} INFO - Setting next_dagrun for example_params_trigger_ui to None, run_after=None
[2025-02-24T09:36:56.127+0000] {processor.py:208} INFO - Processing /home/airflow/.local/lib/python3.12/site-packages/airflow/example_dags/example_params_trigger_ui.py took 0.093 seconds
[2025-02-24T09:37:26.174+0000] {processor.py:186} INFO - Started process (PID=1649) to work on /home/airflow/.local/lib/python3.12/site-packages/airflow/example_dags/example_params_trigger_ui.py
[2025-02-24T09:37:26.175+0000] {processor.py:914} INFO - Processing file /home/airflow/.local/lib/python3.12/site-packages/airflow/example_dags/example_params_trigger_ui.py for tasks to queue
[2025-02-24T09:37:26.177+0000] {logging_mixin.py:190} INFO - [2025-02-24T09:37:26.177+0000] {dagbag.py:588} INFO - Filling up the DagBag from /home/airflow/.local/lib/python3.12/site-packages/airflow/example_dags/example_params_trigger_ui.py
[2025-02-24T09:37:26.190+0000] {processor.py:925} INFO - DAG(s) 'example_params_trigger_ui' retrieved from /home/airflow/.local/lib/python3.12/site-packages/airflow/example_dags/example_params_trigger_ui.py
[2025-02-24T09:37:26.244+0000] {logging_mixin.py:190} INFO - [2025-02-24T09:37:26.244+0000] {dag.py:3239} INFO - Sync 1 DAGs
[2025-02-24T09:37:26.258+0000] {logging_mixin.py:190} INFO - [2025-02-24T09:37:26.258+0000] {dag.py:4180} INFO - Setting next_dagrun for example_params_trigger_ui to None, run_after=None
[2025-02-24T09:37:26.272+0000] {processor.py:208} INFO - Processing /home/airflow/.local/lib/python3.12/site-packages/airflow/example_dags/example_params_trigger_ui.py took 0.102 seconds
[2025-02-24T09:37:56.495+0000] {processor.py:186} INFO - Started process (PID=1713) to work on /home/airflow/.local/lib/python3.12/site-packages/airflow/example_dags/example_params_trigger_ui.py
[2025-02-24T09:37:56.496+0000] {processor.py:914} INFO - Processing file /home/airflow/.local/lib/python3.12/site-packages/airflow/example_dags/example_params_trigger_ui.py for tasks to queue
[2025-02-24T09:37:56.499+0000] {logging_mixin.py:190} INFO - [2025-02-24T09:37:56.499+0000] {dagbag.py:588} INFO - Filling up the DagBag from /home/airflow/.local/lib/python3.12/site-packages/airflow/example_dags/example_params_trigger_ui.py
[2025-02-24T09:37:56.518+0000] {processor.py:925} INFO - DAG(s) 'example_params_trigger_ui' retrieved from /home/airflow/.local/lib/python3.12/site-packages/airflow/example_dags/example_params_trigger_ui.py
[2025-02-24T09:37:56.571+0000] {logging_mixin.py:190} INFO - [2025-02-24T09:37:56.570+0000] {dag.py:3239} INFO - Sync 1 DAGs
[2025-02-24T09:37:56.590+0000] {logging_mixin.py:190} INFO - [2025-02-24T09:37:56.590+0000] {dag.py:4180} INFO - Setting next_dagrun for example_params_trigger_ui to None, run_after=None
[2025-02-24T09:37:56.605+0000] {processor.py:208} INFO - Processing /home/airflow/.local/lib/python3.12/site-packages/airflow/example_dags/example_params_trigger_ui.py took 0.117 seconds
[2025-02-24T09:38:26.650+0000] {processor.py:186} INFO - Started process (PID=1777) to work on /home/airflow/.local/lib/python3.12/site-packages/airflow/example_dags/example_params_trigger_ui.py
[2025-02-24T09:38:26.651+0000] {processor.py:914} INFO - Processing file /home/airflow/.local/lib/python3.12/site-packages/airflow/example_dags/example_params_trigger_ui.py for tasks to queue
[2025-02-24T09:38:26.653+0000] {logging_mixin.py:190} INFO - [2025-02-24T09:38:26.652+0000] {dagbag.py:588} INFO - Filling up the DagBag from /home/airflow/.local/lib/python3.12/site-packages/airflow/example_dags/example_params_trigger_ui.py
[2025-02-24T09:38:26.662+0000] {processor.py:925} INFO - DAG(s) 'example_params_trigger_ui' retrieved from /home/airflow/.local/lib/python3.12/site-packages/airflow/example_dags/example_params_trigger_ui.py
[2025-02-24T09:38:26.714+0000] {logging_mixin.py:190} INFO - [2025-02-24T09:38:26.713+0000] {dag.py:3239} INFO - Sync 1 DAGs
[2025-02-24T09:38:26.730+0000] {logging_mixin.py:190} INFO - [2025-02-24T09:38:26.730+0000] {dag.py:4180} INFO - Setting next_dagrun for example_params_trigger_ui to None, run_after=None
[2025-02-24T09:38:26.746+0000] {processor.py:208} INFO - Processing /home/airflow/.local/lib/python3.12/site-packages/airflow/example_dags/example_params_trigger_ui.py took 0.101 seconds
[2025-02-24T09:38:57.032+0000] {processor.py:186} INFO - Started process (PID=1841) to work on /home/airflow/.local/lib/python3.12/site-packages/airflow/example_dags/example_params_trigger_ui.py
[2025-02-24T09:38:57.033+0000] {processor.py:914} INFO - Processing file /home/airflow/.local/lib/python3.12/site-packages/airflow/example_dags/example_params_trigger_ui.py for tasks to queue
[2025-02-24T09:38:57.035+0000] {logging_mixin.py:190} INFO - [2025-02-24T09:38:57.034+0000] {dagbag.py:588} INFO - Filling up the DagBag from /home/airflow/.local/lib/python3.12/site-packages/airflow/example_dags/example_params_trigger_ui.py
[2025-02-24T09:38:57.044+0000] {processor.py:925} INFO - DAG(s) 'example_params_trigger_ui' retrieved from /home/airflow/.local/lib/python3.12/site-packages/airflow/example_dags/example_params_trigger_ui.py
[2025-02-24T09:38:57.090+0000] {logging_mixin.py:190} INFO - [2025-02-24T09:38:57.090+0000] {dag.py:3239} INFO - Sync 1 DAGs
[2025-02-24T09:38:57.105+0000] {logging_mixin.py:190} INFO - [2025-02-24T09:38:57.104+0000] {dag.py:4180} INFO - Setting next_dagrun for example_params_trigger_ui to None, run_after=None
[2025-02-24T09:38:57.120+0000] {processor.py:208} INFO - Processing /home/airflow/.local/lib/python3.12/site-packages/airflow/example_dags/example_params_trigger_ui.py took 0.092 seconds
[2025-02-24T09:39:27.800+0000] {processor.py:186} INFO - Started process (PID=1905) to work on /home/airflow/.local/lib/python3.12/site-packages/airflow/example_dags/example_params_trigger_ui.py
[2025-02-24T09:39:27.800+0000] {processor.py:914} INFO - Processing file /home/airflow/.local/lib/python3.12/site-packages/airflow/example_dags/example_params_trigger_ui.py for tasks to queue
[2025-02-24T09:39:27.803+0000] {logging_mixin.py:190} INFO - [2025-02-24T09:39:27.802+0000] {dagbag.py:588} INFO - Filling up the DagBag from /home/airflow/.local/lib/python3.12/site-packages/airflow/example_dags/example_params_trigger_ui.py
[2025-02-24T09:39:27.812+0000] {processor.py:925} INFO - DAG(s) 'example_params_trigger_ui' retrieved from /home/airflow/.local/lib/python3.12/site-packages/airflow/example_dags/example_params_trigger_ui.py
[2025-02-24T09:39:27.849+0000] {logging_mixin.py:190} INFO - [2025-02-24T09:39:27.849+0000] {dag.py:3239} INFO - Sync 1 DAGs
[2025-02-24T09:39:27.862+0000] {logging_mixin.py:190} INFO - [2025-02-24T09:39:27.861+0000] {dag.py:4180} INFO - Setting next_dagrun for example_params_trigger_ui to None, run_after=None
[2025-02-24T09:39:27.877+0000] {processor.py:208} INFO - Processing /home/airflow/.local/lib/python3.12/site-packages/airflow/example_dags/example_params_trigger_ui.py took 0.082 seconds
[2025-02-24T09:39:58.227+0000] {processor.py:186} INFO - Started process (PID=1969) to work on /home/airflow/.local/lib/python3.12/site-packages/airflow/example_dags/example_params_trigger_ui.py
[2025-02-24T09:39:58.228+0000] {processor.py:914} INFO - Processing file /home/airflow/.local/lib/python3.12/site-packages/airflow/example_dags/example_params_trigger_ui.py for tasks to queue
[2025-02-24T09:39:58.230+0000] {logging_mixin.py:190} INFO - [2025-02-24T09:39:58.229+0000] {dagbag.py:588} INFO - Filling up the DagBag from /home/airflow/.local/lib/python3.12/site-packages/airflow/example_dags/example_params_trigger_ui.py
[2025-02-24T09:39:58.240+0000] {processor.py:925} INFO - DAG(s) 'example_params_trigger_ui' retrieved from /home/airflow/.local/lib/python3.12/site-packages/airflow/example_dags/example_params_trigger_ui.py
[2025-02-24T09:39:58.285+0000] {logging_mixin.py:190} INFO - [2025-02-24T09:39:58.285+0000] {dag.py:3239} INFO - Sync 1 DAGs
[2025-02-24T09:39:58.299+0000] {logging_mixin.py:190} INFO - [2025-02-24T09:39:58.299+0000] {dag.py:4180} INFO - Setting next_dagrun for example_params_trigger_ui to None, run_after=None
[2025-02-24T09:39:58.316+0000] {processor.py:208} INFO - Processing /home/airflow/.local/lib/python3.12/site-packages/airflow/example_dags/example_params_trigger_ui.py took 0.094 seconds
[2025-02-24T09:40:28.689+0000] {processor.py:186} INFO - Started process (PID=2027) to work on /home/airflow/.local/lib/python3.12/site-packages/airflow/example_dags/example_params_trigger_ui.py
[2025-02-24T09:40:28.690+0000] {processor.py:914} INFO - Processing file /home/airflow/.local/lib/python3.12/site-packages/airflow/example_dags/example_params_trigger_ui.py for tasks to queue
[2025-02-24T09:40:28.691+0000] {logging_mixin.py:190} INFO - [2025-02-24T09:40:28.691+0000] {dagbag.py:588} INFO - Filling up the DagBag from /home/airflow/.local/lib/python3.12/site-packages/airflow/example_dags/example_params_trigger_ui.py
[2025-02-24T09:40:28.700+0000] {processor.py:925} INFO - DAG(s) 'example_params_trigger_ui' retrieved from /home/airflow/.local/lib/python3.12/site-packages/airflow/example_dags/example_params_trigger_ui.py
[2025-02-24T09:40:28.748+0000] {logging_mixin.py:190} INFO - [2025-02-24T09:40:28.748+0000] {dag.py:3239} INFO - Sync 1 DAGs
[2025-02-24T09:40:28.764+0000] {logging_mixin.py:190} INFO - [2025-02-24T09:40:28.763+0000] {dag.py:4180} INFO - Setting next_dagrun for example_params_trigger_ui to None, run_after=None
[2025-02-24T09:40:28.779+0000] {processor.py:208} INFO - Processing /home/airflow/.local/lib/python3.12/site-packages/airflow/example_dags/example_params_trigger_ui.py took 0.094 seconds
[2025-02-24T09:40:59.530+0000] {processor.py:186} INFO - Started process (PID=2091) to work on /home/airflow/.local/lib/python3.12/site-packages/airflow/example_dags/example_params_trigger_ui.py
[2025-02-24T09:40:59.530+0000] {processor.py:914} INFO - Processing file /home/airflow/.local/lib/python3.12/site-packages/airflow/example_dags/example_params_trigger_ui.py for tasks to queue
[2025-02-24T09:40:59.532+0000] {logging_mixin.py:190} INFO - [2025-02-24T09:40:59.532+0000] {dagbag.py:588} INFO - Filling up the DagBag from /home/airflow/.local/lib/python3.12/site-packages/airflow/example_dags/example_params_trigger_ui.py
[2025-02-24T09:40:59.541+0000] {processor.py:925} INFO - DAG(s) 'example_params_trigger_ui' retrieved from /home/airflow/.local/lib/python3.12/site-packages/airflow/example_dags/example_params_trigger_ui.py
[2025-02-24T09:40:59.588+0000] {logging_mixin.py:190} INFO - [2025-02-24T09:40:59.587+0000] {dag.py:3239} INFO - Sync 1 DAGs
[2025-02-24T09:40:59.604+0000] {logging_mixin.py:190} INFO - [2025-02-24T09:40:59.603+0000] {dag.py:4180} INFO - Setting next_dagrun for example_params_trigger_ui to None, run_after=None
[2025-02-24T09:40:59.624+0000] {processor.py:208} INFO - Processing /home/airflow/.local/lib/python3.12/site-packages/airflow/example_dags/example_params_trigger_ui.py took 0.099 seconds
