[2025-02-24T09:24:50.762+0000] {processor.py:186} INFO - Started process (PID=92) to work on /home/airflow/.local/lib/python3.12/site-packages/airflow/example_dags/example_complex.py
[2025-02-24T09:24:50.763+0000] {processor.py:914} INFO - Processing file /home/airflow/.local/lib/python3.12/site-packages/airflow/example_dags/example_complex.py for tasks to queue
[2025-02-24T09:24:50.765+0000] {logging_mixin.py:190} INFO - [2025-02-24T09:24:50.765+0000] {dagbag.py:588} INFO - Filling up the DagBag from /home/airflow/.local/lib/python3.12/site-packages/airflow/example_dags/example_complex.py
[2025-02-24T09:24:50.783+0000] {processor.py:925} INFO - DAG(s) 'example_complex' retrieved from /home/airflow/.local/lib/python3.12/site-packages/airflow/example_dags/example_complex.py
[2025-02-24T09:24:50.922+0000] {logging_mixin.py:190} INFO - [2025-02-24T09:24:50.922+0000] {override.py:1911} INFO - Created Permission View: can edit on DAG:example_complex
[2025-02-24T09:24:50.930+0000] {logging_mixin.py:190} INFO - [2025-02-24T09:24:50.930+0000] {override.py:1911} INFO - Created Permission View: can read on DAG:example_complex
[2025-02-24T09:24:50.935+0000] {logging_mixin.py:190} INFO - [2025-02-24T09:24:50.935+0000] {override.py:1911} INFO - Created Permission View: can delete on DAG:example_complex
[2025-02-24T09:24:50.939+0000] {logging_mixin.py:190} INFO - [2025-02-24T09:24:50.939+0000] {override.py:1911} INFO - Created Permission View: can create on DAG Run:example_complex
[2025-02-24T09:24:50.944+0000] {logging_mixin.py:190} INFO - [2025-02-24T09:24:50.944+0000] {override.py:1911} INFO - Created Permission View: can read on DAG Run:example_complex
[2025-02-24T09:24:50.949+0000] {logging_mixin.py:190} INFO - [2025-02-24T09:24:50.949+0000] {override.py:1911} INFO - Created Permission View: menu access on DAG Run:example_complex
[2025-02-24T09:24:50.954+0000] {logging_mixin.py:190} INFO - [2025-02-24T09:24:50.954+0000] {override.py:1911} INFO - Created Permission View: can delete on DAG Run:example_complex
[2025-02-24T09:24:50.954+0000] {logging_mixin.py:190} INFO - [2025-02-24T09:24:50.954+0000] {dag.py:3239} INFO - Sync 1 DAGs
[2025-02-24T09:24:50.964+0000] {logging_mixin.py:190} INFO - [2025-02-24T09:24:50.964+0000] {dag.py:3262} INFO - Creating ORM DAG for example_complex
[2025-02-24T09:24:50.965+0000] {logging_mixin.py:190} INFO - [2025-02-24T09:24:50.965+0000] {dag.py:4180} INFO - Setting next_dagrun for example_complex to None, run_after=None
[2025-02-24T09:24:50.980+0000] {processor.py:208} INFO - Processing /home/airflow/.local/lib/python3.12/site-packages/airflow/example_dags/example_complex.py took 0.224 seconds
[2025-02-24T09:25:21.325+0000] {processor.py:186} INFO - Started process (PID=155) to work on /home/airflow/.local/lib/python3.12/site-packages/airflow/example_dags/example_complex.py
[2025-02-24T09:25:21.326+0000] {processor.py:914} INFO - Processing file /home/airflow/.local/lib/python3.12/site-packages/airflow/example_dags/example_complex.py for tasks to queue
[2025-02-24T09:25:21.327+0000] {logging_mixin.py:190} INFO - [2025-02-24T09:25:21.327+0000] {dagbag.py:588} INFO - Filling up the DagBag from /home/airflow/.local/lib/python3.12/site-packages/airflow/example_dags/example_complex.py
[2025-02-24T09:25:21.337+0000] {processor.py:925} INFO - DAG(s) 'example_complex' retrieved from /home/airflow/.local/lib/python3.12/site-packages/airflow/example_dags/example_complex.py
[2025-02-24T09:25:21.363+0000] {logging_mixin.py:190} INFO - [2025-02-24T09:25:21.363+0000] {dag.py:3239} INFO - Sync 1 DAGs
[2025-02-24T09:25:21.375+0000] {logging_mixin.py:190} INFO - [2025-02-24T09:25:21.375+0000] {dag.py:4180} INFO - Setting next_dagrun for example_complex to None, run_after=None
[2025-02-24T09:25:21.390+0000] {processor.py:208} INFO - Processing /home/airflow/.local/lib/python3.12/site-packages/airflow/example_dags/example_complex.py took 0.070 seconds
[2025-02-24T09:25:52.057+0000] {processor.py:186} INFO - Started process (PID=218) to work on /home/airflow/.local/lib/python3.12/site-packages/airflow/example_dags/example_complex.py
[2025-02-24T09:25:52.058+0000] {processor.py:914} INFO - Processing file /home/airflow/.local/lib/python3.12/site-packages/airflow/example_dags/example_complex.py for tasks to queue
[2025-02-24T09:25:52.061+0000] {logging_mixin.py:190} INFO - [2025-02-24T09:25:52.060+0000] {dagbag.py:588} INFO - Filling up the DagBag from /home/airflow/.local/lib/python3.12/site-packages/airflow/example_dags/example_complex.py
[2025-02-24T09:25:52.076+0000] {processor.py:925} INFO - DAG(s) 'example_complex' retrieved from /home/airflow/.local/lib/python3.12/site-packages/airflow/example_dags/example_complex.py
[2025-02-24T09:25:52.117+0000] {logging_mixin.py:190} INFO - [2025-02-24T09:25:52.117+0000] {dag.py:3239} INFO - Sync 1 DAGs
[2025-02-24T09:25:52.129+0000] {logging_mixin.py:190} INFO - [2025-02-24T09:25:52.129+0000] {dag.py:4180} INFO - Setting next_dagrun for example_complex to None, run_after=None
[2025-02-24T09:25:52.143+0000] {processor.py:208} INFO - Processing /home/airflow/.local/lib/python3.12/site-packages/airflow/example_dags/example_complex.py took 0.092 seconds
[2025-02-24T09:26:22.280+0000] {processor.py:186} INFO - Started process (PID=281) to work on /home/airflow/.local/lib/python3.12/site-packages/airflow/example_dags/example_complex.py
[2025-02-24T09:26:22.281+0000] {processor.py:914} INFO - Processing file /home/airflow/.local/lib/python3.12/site-packages/airflow/example_dags/example_complex.py for tasks to queue
[2025-02-24T09:26:22.282+0000] {logging_mixin.py:190} INFO - [2025-02-24T09:26:22.282+0000] {dagbag.py:588} INFO - Filling up the DagBag from /home/airflow/.local/lib/python3.12/site-packages/airflow/example_dags/example_complex.py
[2025-02-24T09:26:22.292+0000] {processor.py:925} INFO - DAG(s) 'example_complex' retrieved from /home/airflow/.local/lib/python3.12/site-packages/airflow/example_dags/example_complex.py
[2025-02-24T09:26:22.318+0000] {logging_mixin.py:190} INFO - [2025-02-24T09:26:22.317+0000] {dag.py:3239} INFO - Sync 1 DAGs
[2025-02-24T09:26:22.331+0000] {logging_mixin.py:190} INFO - [2025-02-24T09:26:22.331+0000] {dag.py:4180} INFO - Setting next_dagrun for example_complex to None, run_after=None
[2025-02-24T09:26:22.347+0000] {processor.py:208} INFO - Processing /home/airflow/.local/lib/python3.12/site-packages/airflow/example_dags/example_complex.py took 0.072 seconds
[2025-02-24T09:26:52.763+0000] {processor.py:186} INFO - Started process (PID=344) to work on /home/airflow/.local/lib/python3.12/site-packages/airflow/example_dags/example_complex.py
[2025-02-24T09:26:52.764+0000] {processor.py:914} INFO - Processing file /home/airflow/.local/lib/python3.12/site-packages/airflow/example_dags/example_complex.py for tasks to queue
[2025-02-24T09:26:52.767+0000] {logging_mixin.py:190} INFO - [2025-02-24T09:26:52.766+0000] {dagbag.py:588} INFO - Filling up the DagBag from /home/airflow/.local/lib/python3.12/site-packages/airflow/example_dags/example_complex.py
[2025-02-24T09:26:52.781+0000] {processor.py:925} INFO - DAG(s) 'example_complex' retrieved from /home/airflow/.local/lib/python3.12/site-packages/airflow/example_dags/example_complex.py
[2025-02-24T09:26:52.821+0000] {logging_mixin.py:190} INFO - [2025-02-24T09:26:52.821+0000] {dag.py:3239} INFO - Sync 1 DAGs
[2025-02-24T09:26:52.839+0000] {logging_mixin.py:190} INFO - [2025-02-24T09:26:52.838+0000] {dag.py:4180} INFO - Setting next_dagrun for example_complex to None, run_after=None
[2025-02-24T09:26:52.861+0000] {processor.py:208} INFO - Processing /home/airflow/.local/lib/python3.12/site-packages/airflow/example_dags/example_complex.py took 0.103 seconds
[2025-02-24T09:27:23.080+0000] {processor.py:186} INFO - Started process (PID=407) to work on /home/airflow/.local/lib/python3.12/site-packages/airflow/example_dags/example_complex.py
[2025-02-24T09:27:23.081+0000] {processor.py:914} INFO - Processing file /home/airflow/.local/lib/python3.12/site-packages/airflow/example_dags/example_complex.py for tasks to queue
[2025-02-24T09:27:23.083+0000] {logging_mixin.py:190} INFO - [2025-02-24T09:27:23.082+0000] {dagbag.py:588} INFO - Filling up the DagBag from /home/airflow/.local/lib/python3.12/site-packages/airflow/example_dags/example_complex.py
[2025-02-24T09:27:23.097+0000] {processor.py:925} INFO - DAG(s) 'example_complex' retrieved from /home/airflow/.local/lib/python3.12/site-packages/airflow/example_dags/example_complex.py
[2025-02-24T09:27:23.134+0000] {logging_mixin.py:190} INFO - [2025-02-24T09:27:23.134+0000] {dag.py:3239} INFO - Sync 1 DAGs
[2025-02-24T09:27:23.149+0000] {logging_mixin.py:190} INFO - [2025-02-24T09:27:23.149+0000] {dag.py:4180} INFO - Setting next_dagrun for example_complex to None, run_after=None
[2025-02-24T09:27:23.168+0000] {processor.py:208} INFO - Processing /home/airflow/.local/lib/python3.12/site-packages/airflow/example_dags/example_complex.py took 0.093 seconds
[2025-02-24T09:27:53.526+0000] {processor.py:186} INFO - Started process (PID=470) to work on /home/airflow/.local/lib/python3.12/site-packages/airflow/example_dags/example_complex.py
[2025-02-24T09:27:53.527+0000] {processor.py:914} INFO - Processing file /home/airflow/.local/lib/python3.12/site-packages/airflow/example_dags/example_complex.py for tasks to queue
[2025-02-24T09:27:53.528+0000] {logging_mixin.py:190} INFO - [2025-02-24T09:27:53.528+0000] {dagbag.py:588} INFO - Filling up the DagBag from /home/airflow/.local/lib/python3.12/site-packages/airflow/example_dags/example_complex.py
[2025-02-24T09:27:53.538+0000] {processor.py:925} INFO - DAG(s) 'example_complex' retrieved from /home/airflow/.local/lib/python3.12/site-packages/airflow/example_dags/example_complex.py
[2025-02-24T09:27:53.564+0000] {logging_mixin.py:190} INFO - [2025-02-24T09:27:53.564+0000] {dag.py:3239} INFO - Sync 1 DAGs
[2025-02-24T09:27:53.577+0000] {logging_mixin.py:190} INFO - [2025-02-24T09:27:53.577+0000] {dag.py:4180} INFO - Setting next_dagrun for example_complex to None, run_after=None
[2025-02-24T09:27:53.593+0000] {processor.py:208} INFO - Processing /home/airflow/.local/lib/python3.12/site-packages/airflow/example_dags/example_complex.py took 0.072 seconds
[2025-02-24T09:28:24.047+0000] {processor.py:186} INFO - Started process (PID=533) to work on /home/airflow/.local/lib/python3.12/site-packages/airflow/example_dags/example_complex.py
[2025-02-24T09:28:24.048+0000] {processor.py:914} INFO - Processing file /home/airflow/.local/lib/python3.12/site-packages/airflow/example_dags/example_complex.py for tasks to queue
[2025-02-24T09:28:24.050+0000] {logging_mixin.py:190} INFO - [2025-02-24T09:28:24.049+0000] {dagbag.py:588} INFO - Filling up the DagBag from /home/airflow/.local/lib/python3.12/site-packages/airflow/example_dags/example_complex.py
[2025-02-24T09:28:24.060+0000] {processor.py:925} INFO - DAG(s) 'example_complex' retrieved from /home/airflow/.local/lib/python3.12/site-packages/airflow/example_dags/example_complex.py
[2025-02-24T09:28:24.086+0000] {logging_mixin.py:190} INFO - [2025-02-24T09:28:24.086+0000] {dag.py:3239} INFO - Sync 1 DAGs
[2025-02-24T09:28:24.099+0000] {logging_mixin.py:190} INFO - [2025-02-24T09:28:24.099+0000] {dag.py:4180} INFO - Setting next_dagrun for example_complex to None, run_after=None
[2025-02-24T09:28:24.113+0000] {processor.py:208} INFO - Processing /home/airflow/.local/lib/python3.12/site-packages/airflow/example_dags/example_complex.py took 0.070 seconds
[2025-02-24T09:28:54.178+0000] {processor.py:186} INFO - Started process (PID=596) to work on /home/airflow/.local/lib/python3.12/site-packages/airflow/example_dags/example_complex.py
[2025-02-24T09:28:54.178+0000] {processor.py:914} INFO - Processing file /home/airflow/.local/lib/python3.12/site-packages/airflow/example_dags/example_complex.py for tasks to queue
[2025-02-24T09:28:54.180+0000] {logging_mixin.py:190} INFO - [2025-02-24T09:28:54.180+0000] {dagbag.py:588} INFO - Filling up the DagBag from /home/airflow/.local/lib/python3.12/site-packages/airflow/example_dags/example_complex.py
[2025-02-24T09:28:54.190+0000] {processor.py:925} INFO - DAG(s) 'example_complex' retrieved from /home/airflow/.local/lib/python3.12/site-packages/airflow/example_dags/example_complex.py
[2025-02-24T09:28:54.214+0000] {logging_mixin.py:190} INFO - [2025-02-24T09:28:54.214+0000] {dag.py:3239} INFO - Sync 1 DAGs
[2025-02-24T09:28:54.225+0000] {logging_mixin.py:190} INFO - [2025-02-24T09:28:54.225+0000] {dag.py:4180} INFO - Setting next_dagrun for example_complex to None, run_after=None
[2025-02-24T09:28:54.238+0000] {processor.py:208} INFO - Processing /home/airflow/.local/lib/python3.12/site-packages/airflow/example_dags/example_complex.py took 0.065 seconds
[2025-02-24T09:29:24.608+0000] {processor.py:186} INFO - Started process (PID=659) to work on /home/airflow/.local/lib/python3.12/site-packages/airflow/example_dags/example_complex.py
[2025-02-24T09:29:24.608+0000] {processor.py:914} INFO - Processing file /home/airflow/.local/lib/python3.12/site-packages/airflow/example_dags/example_complex.py for tasks to queue
[2025-02-24T09:29:24.610+0000] {logging_mixin.py:190} INFO - [2025-02-24T09:29:24.610+0000] {dagbag.py:588} INFO - Filling up the DagBag from /home/airflow/.local/lib/python3.12/site-packages/airflow/example_dags/example_complex.py
[2025-02-24T09:29:24.620+0000] {processor.py:925} INFO - DAG(s) 'example_complex' retrieved from /home/airflow/.local/lib/python3.12/site-packages/airflow/example_dags/example_complex.py
[2025-02-24T09:29:24.653+0000] {logging_mixin.py:190} INFO - [2025-02-24T09:29:24.653+0000] {dag.py:3239} INFO - Sync 1 DAGs
[2025-02-24T09:29:24.671+0000] {logging_mixin.py:190} INFO - [2025-02-24T09:29:24.670+0000] {dag.py:4180} INFO - Setting next_dagrun for example_complex to None, run_after=None
[2025-02-24T09:29:24.690+0000] {processor.py:208} INFO - Processing /home/airflow/.local/lib/python3.12/site-packages/airflow/example_dags/example_complex.py took 0.087 seconds
[2025-02-24T09:29:54.728+0000] {processor.py:186} INFO - Started process (PID=722) to work on /home/airflow/.local/lib/python3.12/site-packages/airflow/example_dags/example_complex.py
[2025-02-24T09:29:54.729+0000] {processor.py:914} INFO - Processing file /home/airflow/.local/lib/python3.12/site-packages/airflow/example_dags/example_complex.py for tasks to queue
[2025-02-24T09:29:54.731+0000] {logging_mixin.py:190} INFO - [2025-02-24T09:29:54.730+0000] {dagbag.py:588} INFO - Filling up the DagBag from /home/airflow/.local/lib/python3.12/site-packages/airflow/example_dags/example_complex.py
[2025-02-24T09:29:54.745+0000] {processor.py:925} INFO - DAG(s) 'example_complex' retrieved from /home/airflow/.local/lib/python3.12/site-packages/airflow/example_dags/example_complex.py
[2025-02-24T09:29:54.775+0000] {logging_mixin.py:190} INFO - [2025-02-24T09:29:54.775+0000] {dag.py:3239} INFO - Sync 1 DAGs
[2025-02-24T09:29:54.787+0000] {logging_mixin.py:190} INFO - [2025-02-24T09:29:54.787+0000] {dag.py:4180} INFO - Setting next_dagrun for example_complex to None, run_after=None
[2025-02-24T09:29:54.799+0000] {processor.py:208} INFO - Processing /home/airflow/.local/lib/python3.12/site-packages/airflow/example_dags/example_complex.py took 0.077 seconds
[2025-02-24T09:30:25.053+0000] {processor.py:186} INFO - Started process (PID=785) to work on /home/airflow/.local/lib/python3.12/site-packages/airflow/example_dags/example_complex.py
[2025-02-24T09:30:25.054+0000] {processor.py:914} INFO - Processing file /home/airflow/.local/lib/python3.12/site-packages/airflow/example_dags/example_complex.py for tasks to queue
[2025-02-24T09:30:25.055+0000] {logging_mixin.py:190} INFO - [2025-02-24T09:30:25.055+0000] {dagbag.py:588} INFO - Filling up the DagBag from /home/airflow/.local/lib/python3.12/site-packages/airflow/example_dags/example_complex.py
[2025-02-24T09:30:25.065+0000] {processor.py:925} INFO - DAG(s) 'example_complex' retrieved from /home/airflow/.local/lib/python3.12/site-packages/airflow/example_dags/example_complex.py
[2025-02-24T09:30:25.091+0000] {logging_mixin.py:190} INFO - [2025-02-24T09:30:25.091+0000] {dag.py:3239} INFO - Sync 1 DAGs
[2025-02-24T09:30:25.104+0000] {logging_mixin.py:190} INFO - [2025-02-24T09:30:25.103+0000] {dag.py:4180} INFO - Setting next_dagrun for example_complex to None, run_after=None
[2025-02-24T09:30:25.118+0000] {processor.py:208} INFO - Processing /home/airflow/.local/lib/python3.12/site-packages/airflow/example_dags/example_complex.py took 0.069 seconds
[2025-02-24T09:30:55.415+0000] {processor.py:186} INFO - Started process (PID=848) to work on /home/airflow/.local/lib/python3.12/site-packages/airflow/example_dags/example_complex.py
[2025-02-24T09:30:55.416+0000] {processor.py:914} INFO - Processing file /home/airflow/.local/lib/python3.12/site-packages/airflow/example_dags/example_complex.py for tasks to queue
[2025-02-24T09:30:55.418+0000] {logging_mixin.py:190} INFO - [2025-02-24T09:30:55.417+0000] {dagbag.py:588} INFO - Filling up the DagBag from /home/airflow/.local/lib/python3.12/site-packages/airflow/example_dags/example_complex.py
[2025-02-24T09:30:55.427+0000] {processor.py:925} INFO - DAG(s) 'example_complex' retrieved from /home/airflow/.local/lib/python3.12/site-packages/airflow/example_dags/example_complex.py
[2025-02-24T09:30:55.454+0000] {logging_mixin.py:190} INFO - [2025-02-24T09:30:55.454+0000] {dag.py:3239} INFO - Sync 1 DAGs
[2025-02-24T09:30:55.467+0000] {logging_mixin.py:190} INFO - [2025-02-24T09:30:55.467+0000] {dag.py:4180} INFO - Setting next_dagrun for example_complex to None, run_after=None
[2025-02-24T09:30:55.483+0000] {processor.py:208} INFO - Processing /home/airflow/.local/lib/python3.12/site-packages/airflow/example_dags/example_complex.py took 0.073 seconds
[2025-02-24T09:31:25.756+0000] {processor.py:186} INFO - Started process (PID=911) to work on /home/airflow/.local/lib/python3.12/site-packages/airflow/example_dags/example_complex.py
[2025-02-24T09:31:25.757+0000] {processor.py:914} INFO - Processing file /home/airflow/.local/lib/python3.12/site-packages/airflow/example_dags/example_complex.py for tasks to queue
[2025-02-24T09:31:25.759+0000] {logging_mixin.py:190} INFO - [2025-02-24T09:31:25.758+0000] {dagbag.py:588} INFO - Filling up the DagBag from /home/airflow/.local/lib/python3.12/site-packages/airflow/example_dags/example_complex.py
[2025-02-24T09:31:25.769+0000] {processor.py:925} INFO - DAG(s) 'example_complex' retrieved from /home/airflow/.local/lib/python3.12/site-packages/airflow/example_dags/example_complex.py
[2025-02-24T09:31:25.804+0000] {logging_mixin.py:190} INFO - [2025-02-24T09:31:25.804+0000] {dag.py:3239} INFO - Sync 1 DAGs
[2025-02-24T09:31:25.820+0000] {logging_mixin.py:190} INFO - [2025-02-24T09:31:25.820+0000] {dag.py:4180} INFO - Setting next_dagrun for example_complex to None, run_after=None
[2025-02-24T09:31:25.836+0000] {processor.py:208} INFO - Processing /home/airflow/.local/lib/python3.12/site-packages/airflow/example_dags/example_complex.py took 0.085 seconds
[2025-02-24T09:31:56.430+0000] {processor.py:186} INFO - Started process (PID=974) to work on /home/airflow/.local/lib/python3.12/site-packages/airflow/example_dags/example_complex.py
[2025-02-24T09:31:56.431+0000] {processor.py:914} INFO - Processing file /home/airflow/.local/lib/python3.12/site-packages/airflow/example_dags/example_complex.py for tasks to queue
[2025-02-24T09:31:56.433+0000] {logging_mixin.py:190} INFO - [2025-02-24T09:31:56.433+0000] {dagbag.py:588} INFO - Filling up the DagBag from /home/airflow/.local/lib/python3.12/site-packages/airflow/example_dags/example_complex.py
[2025-02-24T09:31:56.443+0000] {processor.py:925} INFO - DAG(s) 'example_complex' retrieved from /home/airflow/.local/lib/python3.12/site-packages/airflow/example_dags/example_complex.py
[2025-02-24T09:31:56.472+0000] {logging_mixin.py:190} INFO - [2025-02-24T09:31:56.471+0000] {dag.py:3239} INFO - Sync 1 DAGs
[2025-02-24T09:31:56.484+0000] {logging_mixin.py:190} INFO - [2025-02-24T09:31:56.484+0000] {dag.py:4180} INFO - Setting next_dagrun for example_complex to None, run_after=None
[2025-02-24T09:31:56.497+0000] {processor.py:208} INFO - Processing /home/airflow/.local/lib/python3.12/site-packages/airflow/example_dags/example_complex.py took 0.071 seconds
[2025-02-24T09:32:26.692+0000] {processor.py:186} INFO - Started process (PID=1037) to work on /home/airflow/.local/lib/python3.12/site-packages/airflow/example_dags/example_complex.py
[2025-02-24T09:32:26.692+0000] {processor.py:914} INFO - Processing file /home/airflow/.local/lib/python3.12/site-packages/airflow/example_dags/example_complex.py for tasks to queue
[2025-02-24T09:32:26.694+0000] {logging_mixin.py:190} INFO - [2025-02-24T09:32:26.694+0000] {dagbag.py:588} INFO - Filling up the DagBag from /home/airflow/.local/lib/python3.12/site-packages/airflow/example_dags/example_complex.py
[2025-02-24T09:32:26.703+0000] {processor.py:925} INFO - DAG(s) 'example_complex' retrieved from /home/airflow/.local/lib/python3.12/site-packages/airflow/example_dags/example_complex.py
[2025-02-24T09:32:26.728+0000] {logging_mixin.py:190} INFO - [2025-02-24T09:32:26.727+0000] {dag.py:3239} INFO - Sync 1 DAGs
[2025-02-24T09:32:26.739+0000] {logging_mixin.py:190} INFO - [2025-02-24T09:32:26.739+0000] {dag.py:4180} INFO - Setting next_dagrun for example_complex to None, run_after=None
[2025-02-24T09:32:26.752+0000] {processor.py:208} INFO - Processing /home/airflow/.local/lib/python3.12/site-packages/airflow/example_dags/example_complex.py took 0.064 seconds
[2025-02-24T09:32:57.773+0000] {processor.py:186} INFO - Started process (PID=1100) to work on /home/airflow/.local/lib/python3.12/site-packages/airflow/example_dags/example_complex.py
[2025-02-24T09:32:57.774+0000] {processor.py:914} INFO - Processing file /home/airflow/.local/lib/python3.12/site-packages/airflow/example_dags/example_complex.py for tasks to queue
[2025-02-24T09:32:57.776+0000] {logging_mixin.py:190} INFO - [2025-02-24T09:32:57.776+0000] {dagbag.py:588} INFO - Filling up the DagBag from /home/airflow/.local/lib/python3.12/site-packages/airflow/example_dags/example_complex.py
[2025-02-24T09:32:57.813+0000] {processor.py:925} INFO - DAG(s) 'example_complex' retrieved from /home/airflow/.local/lib/python3.12/site-packages/airflow/example_dags/example_complex.py
[2025-02-24T09:32:57.886+0000] {logging_mixin.py:190} INFO - [2025-02-24T09:32:57.886+0000] {dag.py:3239} INFO - Sync 1 DAGs
[2025-02-24T09:32:57.919+0000] {logging_mixin.py:190} INFO - [2025-02-24T09:32:57.919+0000] {dag.py:4180} INFO - Setting next_dagrun for example_complex to None, run_after=None
[2025-02-24T09:32:57.940+0000] {processor.py:208} INFO - Processing /home/airflow/.local/lib/python3.12/site-packages/airflow/example_dags/example_complex.py took 0.173 seconds
[2025-02-24T09:33:28.440+0000] {processor.py:186} INFO - Started process (PID=1163) to work on /home/airflow/.local/lib/python3.12/site-packages/airflow/example_dags/example_complex.py
[2025-02-24T09:33:28.440+0000] {processor.py:914} INFO - Processing file /home/airflow/.local/lib/python3.12/site-packages/airflow/example_dags/example_complex.py for tasks to queue
[2025-02-24T09:33:28.443+0000] {logging_mixin.py:190} INFO - [2025-02-24T09:33:28.443+0000] {dagbag.py:588} INFO - Filling up the DagBag from /home/airflow/.local/lib/python3.12/site-packages/airflow/example_dags/example_complex.py
[2025-02-24T09:33:28.458+0000] {processor.py:925} INFO - DAG(s) 'example_complex' retrieved from /home/airflow/.local/lib/python3.12/site-packages/airflow/example_dags/example_complex.py
[2025-02-24T09:33:28.499+0000] {logging_mixin.py:190} INFO - [2025-02-24T09:33:28.498+0000] {dag.py:3239} INFO - Sync 1 DAGs
[2025-02-24T09:33:28.519+0000] {logging_mixin.py:190} INFO - [2025-02-24T09:33:28.519+0000] {dag.py:4180} INFO - Setting next_dagrun for example_complex to None, run_after=None
[2025-02-24T09:33:28.539+0000] {processor.py:208} INFO - Processing /home/airflow/.local/lib/python3.12/site-packages/airflow/example_dags/example_complex.py took 0.106 seconds
[2025-02-24T09:33:58.640+0000] {processor.py:186} INFO - Started process (PID=1226) to work on /home/airflow/.local/lib/python3.12/site-packages/airflow/example_dags/example_complex.py
[2025-02-24T09:33:58.640+0000] {processor.py:914} INFO - Processing file /home/airflow/.local/lib/python3.12/site-packages/airflow/example_dags/example_complex.py for tasks to queue
[2025-02-24T09:33:58.642+0000] {logging_mixin.py:190} INFO - [2025-02-24T09:33:58.642+0000] {dagbag.py:588} INFO - Filling up the DagBag from /home/airflow/.local/lib/python3.12/site-packages/airflow/example_dags/example_complex.py
[2025-02-24T09:33:58.652+0000] {processor.py:925} INFO - DAG(s) 'example_complex' retrieved from /home/airflow/.local/lib/python3.12/site-packages/airflow/example_dags/example_complex.py
[2025-02-24T09:33:58.686+0000] {logging_mixin.py:190} INFO - [2025-02-24T09:33:58.686+0000] {dag.py:3239} INFO - Sync 1 DAGs
[2025-02-24T09:33:58.699+0000] {logging_mixin.py:190} INFO - [2025-02-24T09:33:58.699+0000] {dag.py:4180} INFO - Setting next_dagrun for example_complex to None, run_after=None
[2025-02-24T09:33:58.715+0000] {processor.py:208} INFO - Processing /home/airflow/.local/lib/python3.12/site-packages/airflow/example_dags/example_complex.py took 0.080 seconds
