[2025-02-24T09:24:51.423+0000] {processor.py:186} INFO - Started process (PID=96) to work on /home/airflow/.local/lib/python3.12/site-packages/airflow/example_dags/example_python_decorator.py
[2025-02-24T09:24:51.424+0000] {processor.py:914} INFO - Processing file /home/airflow/.local/lib/python3.12/site-packages/airflow/example_dags/example_python_decorator.py for tasks to queue
[2025-02-24T09:24:51.426+0000] {logging_mixin.py:190} INFO - [2025-02-24T09:24:51.426+0000] {dagbag.py:588} INFO - Filling up the DagBag from /home/airflow/.local/lib/python3.12/site-packages/airflow/example_dags/example_python_decorator.py
[2025-02-24T09:24:51.461+0000] {processor.py:925} INFO - DAG(s) 'example_python_decorator' retrieved from /home/airflow/.local/lib/python3.12/site-packages/airflow/example_dags/example_python_decorator.py
[2025-02-24T09:24:51.697+0000] {logging_mixin.py:190} INFO - [2025-02-24T09:24:51.696+0000] {override.py:1911} INFO - Created Permission View: can edit on DAG:example_python_decorator
[2025-02-24T09:24:51.707+0000] {logging_mixin.py:190} INFO - [2025-02-24T09:24:51.707+0000] {override.py:1911} INFO - Created Permission View: can read on DAG:example_python_decorator
[2025-02-24T09:24:51.713+0000] {logging_mixin.py:190} INFO - [2025-02-24T09:24:51.713+0000] {override.py:1911} INFO - Created Permission View: can delete on DAG:example_python_decorator
[2025-02-24T09:24:51.719+0000] {logging_mixin.py:190} INFO - [2025-02-24T09:24:51.719+0000] {override.py:1911} INFO - Created Permission View: can create on DAG Run:example_python_decorator
[2025-02-24T09:24:51.725+0000] {logging_mixin.py:190} INFO - [2025-02-24T09:24:51.725+0000] {override.py:1911} INFO - Created Permission View: can read on DAG Run:example_python_decorator
[2025-02-24T09:24:51.733+0000] {logging_mixin.py:190} INFO - [2025-02-24T09:24:51.733+0000] {override.py:1911} INFO - Created Permission View: menu access on DAG Run:example_python_decorator
[2025-02-24T09:24:51.740+0000] {logging_mixin.py:190} INFO - [2025-02-24T09:24:51.739+0000] {override.py:1911} INFO - Created Permission View: can delete on DAG Run:example_python_decorator
[2025-02-24T09:24:51.740+0000] {logging_mixin.py:190} INFO - [2025-02-24T09:24:51.740+0000] {dag.py:3239} INFO - Sync 1 DAGs
[2025-02-24T09:24:51.757+0000] {logging_mixin.py:190} INFO - [2025-02-24T09:24:51.756+0000] {dag.py:3262} INFO - Creating ORM DAG for example_python_decorator
[2025-02-24T09:24:51.757+0000] {logging_mixin.py:190} INFO - [2025-02-24T09:24:51.757+0000] {dag.py:4180} INFO - Setting next_dagrun for example_python_decorator to None, run_after=None
[2025-02-24T09:24:51.774+0000] {processor.py:208} INFO - Processing /home/airflow/.local/lib/python3.12/site-packages/airflow/example_dags/example_python_decorator.py took 0.357 seconds
[2025-02-24T09:25:22.513+0000] {processor.py:186} INFO - Started process (PID=159) to work on /home/airflow/.local/lib/python3.12/site-packages/airflow/example_dags/example_python_decorator.py
[2025-02-24T09:25:22.514+0000] {processor.py:914} INFO - Processing file /home/airflow/.local/lib/python3.12/site-packages/airflow/example_dags/example_python_decorator.py for tasks to queue
[2025-02-24T09:25:22.515+0000] {logging_mixin.py:190} INFO - [2025-02-24T09:25:22.515+0000] {dagbag.py:588} INFO - Filling up the DagBag from /home/airflow/.local/lib/python3.12/site-packages/airflow/example_dags/example_python_decorator.py
[2025-02-24T09:25:22.526+0000] {processor.py:925} INFO - DAG(s) 'example_python_decorator' retrieved from /home/airflow/.local/lib/python3.12/site-packages/airflow/example_dags/example_python_decorator.py
[2025-02-24T09:25:22.549+0000] {logging_mixin.py:190} INFO - [2025-02-24T09:25:22.549+0000] {dag.py:3239} INFO - Sync 1 DAGs
[2025-02-24T09:25:22.565+0000] {logging_mixin.py:190} INFO - [2025-02-24T09:25:22.565+0000] {dag.py:4180} INFO - Setting next_dagrun for example_python_decorator to None, run_after=None
[2025-02-24T09:25:22.583+0000] {processor.py:208} INFO - Processing /home/airflow/.local/lib/python3.12/site-packages/airflow/example_dags/example_python_decorator.py took 0.074 seconds
[2025-02-24T09:25:53.446+0000] {processor.py:186} INFO - Started process (PID=222) to work on /home/airflow/.local/lib/python3.12/site-packages/airflow/example_dags/example_python_decorator.py
[2025-02-24T09:25:53.447+0000] {processor.py:914} INFO - Processing file /home/airflow/.local/lib/python3.12/site-packages/airflow/example_dags/example_python_decorator.py for tasks to queue
[2025-02-24T09:25:53.448+0000] {logging_mixin.py:190} INFO - [2025-02-24T09:25:53.448+0000] {dagbag.py:588} INFO - Filling up the DagBag from /home/airflow/.local/lib/python3.12/site-packages/airflow/example_dags/example_python_decorator.py
[2025-02-24T09:25:53.459+0000] {processor.py:925} INFO - DAG(s) 'example_python_decorator' retrieved from /home/airflow/.local/lib/python3.12/site-packages/airflow/example_dags/example_python_decorator.py
[2025-02-24T09:25:53.478+0000] {logging_mixin.py:190} INFO - [2025-02-24T09:25:53.477+0000] {dag.py:3239} INFO - Sync 1 DAGs
[2025-02-24T09:25:53.489+0000] {logging_mixin.py:190} INFO - [2025-02-24T09:25:53.489+0000] {dag.py:4180} INFO - Setting next_dagrun for example_python_decorator to None, run_after=None
[2025-02-24T09:25:53.503+0000] {processor.py:208} INFO - Processing /home/airflow/.local/lib/python3.12/site-packages/airflow/example_dags/example_python_decorator.py took 0.061 seconds
[2025-02-24T09:26:23.651+0000] {processor.py:186} INFO - Started process (PID=285) to work on /home/airflow/.local/lib/python3.12/site-packages/airflow/example_dags/example_python_decorator.py
[2025-02-24T09:26:23.652+0000] {processor.py:914} INFO - Processing file /home/airflow/.local/lib/python3.12/site-packages/airflow/example_dags/example_python_decorator.py for tasks to queue
[2025-02-24T09:26:23.654+0000] {logging_mixin.py:190} INFO - [2025-02-24T09:26:23.653+0000] {dagbag.py:588} INFO - Filling up the DagBag from /home/airflow/.local/lib/python3.12/site-packages/airflow/example_dags/example_python_decorator.py
[2025-02-24T09:26:23.666+0000] {processor.py:925} INFO - DAG(s) 'example_python_decorator' retrieved from /home/airflow/.local/lib/python3.12/site-packages/airflow/example_dags/example_python_decorator.py
[2025-02-24T09:26:23.689+0000] {logging_mixin.py:190} INFO - [2025-02-24T09:26:23.689+0000] {dag.py:3239} INFO - Sync 1 DAGs
[2025-02-24T09:26:23.704+0000] {logging_mixin.py:190} INFO - [2025-02-24T09:26:23.704+0000] {dag.py:4180} INFO - Setting next_dagrun for example_python_decorator to None, run_after=None
[2025-02-24T09:26:23.719+0000] {processor.py:208} INFO - Processing /home/airflow/.local/lib/python3.12/site-packages/airflow/example_dags/example_python_decorator.py took 0.073 seconds
[2025-02-24T09:26:53.977+0000] {processor.py:186} INFO - Started process (PID=348) to work on /home/airflow/.local/lib/python3.12/site-packages/airflow/example_dags/example_python_decorator.py
[2025-02-24T09:26:53.978+0000] {processor.py:914} INFO - Processing file /home/airflow/.local/lib/python3.12/site-packages/airflow/example_dags/example_python_decorator.py for tasks to queue
[2025-02-24T09:26:53.980+0000] {logging_mixin.py:190} INFO - [2025-02-24T09:26:53.979+0000] {dagbag.py:588} INFO - Filling up the DagBag from /home/airflow/.local/lib/python3.12/site-packages/airflow/example_dags/example_python_decorator.py
[2025-02-24T09:26:53.992+0000] {processor.py:925} INFO - DAG(s) 'example_python_decorator' retrieved from /home/airflow/.local/lib/python3.12/site-packages/airflow/example_dags/example_python_decorator.py
[2025-02-24T09:26:54.010+0000] {logging_mixin.py:190} INFO - [2025-02-24T09:26:54.010+0000] {dag.py:3239} INFO - Sync 1 DAGs
[2025-02-24T09:26:54.022+0000] {logging_mixin.py:190} INFO - [2025-02-24T09:26:54.021+0000] {dag.py:4180} INFO - Setting next_dagrun for example_python_decorator to None, run_after=None
[2025-02-24T09:26:54.036+0000] {processor.py:208} INFO - Processing /home/airflow/.local/lib/python3.12/site-packages/airflow/example_dags/example_python_decorator.py took 0.064 seconds
[2025-02-24T09:27:24.327+0000] {processor.py:186} INFO - Started process (PID=410) to work on /home/airflow/.local/lib/python3.12/site-packages/airflow/example_dags/example_python_decorator.py
[2025-02-24T09:27:24.328+0000] {processor.py:914} INFO - Processing file /home/airflow/.local/lib/python3.12/site-packages/airflow/example_dags/example_python_decorator.py for tasks to queue
[2025-02-24T09:27:24.330+0000] {logging_mixin.py:190} INFO - [2025-02-24T09:27:24.330+0000] {dagbag.py:588} INFO - Filling up the DagBag from /home/airflow/.local/lib/python3.12/site-packages/airflow/example_dags/example_python_decorator.py
[2025-02-24T09:27:24.347+0000] {processor.py:925} INFO - DAG(s) 'example_python_decorator' retrieved from /home/airflow/.local/lib/python3.12/site-packages/airflow/example_dags/example_python_decorator.py
[2025-02-24T09:27:24.376+0000] {logging_mixin.py:190} INFO - [2025-02-24T09:27:24.375+0000] {dag.py:3239} INFO - Sync 1 DAGs
[2025-02-24T09:27:24.394+0000] {logging_mixin.py:190} INFO - [2025-02-24T09:27:24.394+0000] {dag.py:4180} INFO - Setting next_dagrun for example_python_decorator to None, run_after=None
[2025-02-24T09:27:24.424+0000] {processor.py:208} INFO - Processing /home/airflow/.local/lib/python3.12/site-packages/airflow/example_dags/example_python_decorator.py took 0.103 seconds
[2025-02-24T09:27:54.712+0000] {processor.py:186} INFO - Started process (PID=473) to work on /home/airflow/.local/lib/python3.12/site-packages/airflow/example_dags/example_python_decorator.py
[2025-02-24T09:27:54.713+0000] {processor.py:914} INFO - Processing file /home/airflow/.local/lib/python3.12/site-packages/airflow/example_dags/example_python_decorator.py for tasks to queue
[2025-02-24T09:27:54.715+0000] {logging_mixin.py:190} INFO - [2025-02-24T09:27:54.715+0000] {dagbag.py:588} INFO - Filling up the DagBag from /home/airflow/.local/lib/python3.12/site-packages/airflow/example_dags/example_python_decorator.py
[2025-02-24T09:27:54.729+0000] {processor.py:925} INFO - DAG(s) 'example_python_decorator' retrieved from /home/airflow/.local/lib/python3.12/site-packages/airflow/example_dags/example_python_decorator.py
[2025-02-24T09:27:54.751+0000] {logging_mixin.py:190} INFO - [2025-02-24T09:27:54.750+0000] {dag.py:3239} INFO - Sync 1 DAGs
[2025-02-24T09:27:54.762+0000] {logging_mixin.py:190} INFO - [2025-02-24T09:27:54.762+0000] {dag.py:4180} INFO - Setting next_dagrun for example_python_decorator to None, run_after=None
[2025-02-24T09:27:54.776+0000] {processor.py:208} INFO - Processing /home/airflow/.local/lib/python3.12/site-packages/airflow/example_dags/example_python_decorator.py took 0.070 seconds
[2025-02-24T09:28:25.151+0000] {processor.py:186} INFO - Started process (PID=536) to work on /home/airflow/.local/lib/python3.12/site-packages/airflow/example_dags/example_python_decorator.py
[2025-02-24T09:28:25.152+0000] {processor.py:914} INFO - Processing file /home/airflow/.local/lib/python3.12/site-packages/airflow/example_dags/example_python_decorator.py for tasks to queue
[2025-02-24T09:28:25.154+0000] {logging_mixin.py:190} INFO - [2025-02-24T09:28:25.153+0000] {dagbag.py:588} INFO - Filling up the DagBag from /home/airflow/.local/lib/python3.12/site-packages/airflow/example_dags/example_python_decorator.py
[2025-02-24T09:28:25.165+0000] {processor.py:925} INFO - DAG(s) 'example_python_decorator' retrieved from /home/airflow/.local/lib/python3.12/site-packages/airflow/example_dags/example_python_decorator.py
[2025-02-24T09:28:25.182+0000] {logging_mixin.py:190} INFO - [2025-02-24T09:28:25.182+0000] {dag.py:3239} INFO - Sync 1 DAGs
[2025-02-24T09:28:25.196+0000] {logging_mixin.py:190} INFO - [2025-02-24T09:28:25.196+0000] {dag.py:4180} INFO - Setting next_dagrun for example_python_decorator to None, run_after=None
[2025-02-24T09:28:25.211+0000] {processor.py:208} INFO - Processing /home/airflow/.local/lib/python3.12/site-packages/airflow/example_dags/example_python_decorator.py took 0.064 seconds
[2025-02-24T09:28:55.359+0000] {processor.py:186} INFO - Started process (PID=599) to work on /home/airflow/.local/lib/python3.12/site-packages/airflow/example_dags/example_python_decorator.py
[2025-02-24T09:28:55.360+0000] {processor.py:914} INFO - Processing file /home/airflow/.local/lib/python3.12/site-packages/airflow/example_dags/example_python_decorator.py for tasks to queue
[2025-02-24T09:28:55.361+0000] {logging_mixin.py:190} INFO - [2025-02-24T09:28:55.361+0000] {dagbag.py:588} INFO - Filling up the DagBag from /home/airflow/.local/lib/python3.12/site-packages/airflow/example_dags/example_python_decorator.py
[2025-02-24T09:28:55.373+0000] {processor.py:925} INFO - DAG(s) 'example_python_decorator' retrieved from /home/airflow/.local/lib/python3.12/site-packages/airflow/example_dags/example_python_decorator.py
[2025-02-24T09:28:55.391+0000] {logging_mixin.py:190} INFO - [2025-02-24T09:28:55.391+0000] {dag.py:3239} INFO - Sync 1 DAGs
[2025-02-24T09:28:55.404+0000] {logging_mixin.py:190} INFO - [2025-02-24T09:28:55.404+0000] {dag.py:4180} INFO - Setting next_dagrun for example_python_decorator to None, run_after=None
[2025-02-24T09:28:55.419+0000] {processor.py:208} INFO - Processing /home/airflow/.local/lib/python3.12/site-packages/airflow/example_dags/example_python_decorator.py took 0.064 seconds
[2025-02-24T09:29:25.730+0000] {processor.py:186} INFO - Started process (PID=662) to work on /home/airflow/.local/lib/python3.12/site-packages/airflow/example_dags/example_python_decorator.py
[2025-02-24T09:29:25.731+0000] {processor.py:914} INFO - Processing file /home/airflow/.local/lib/python3.12/site-packages/airflow/example_dags/example_python_decorator.py for tasks to queue
[2025-02-24T09:29:25.733+0000] {logging_mixin.py:190} INFO - [2025-02-24T09:29:25.732+0000] {dagbag.py:588} INFO - Filling up the DagBag from /home/airflow/.local/lib/python3.12/site-packages/airflow/example_dags/example_python_decorator.py
[2025-02-24T09:29:25.745+0000] {processor.py:925} INFO - DAG(s) 'example_python_decorator' retrieved from /home/airflow/.local/lib/python3.12/site-packages/airflow/example_dags/example_python_decorator.py
[2025-02-24T09:29:25.763+0000] {logging_mixin.py:190} INFO - [2025-02-24T09:29:25.763+0000] {dag.py:3239} INFO - Sync 1 DAGs
[2025-02-24T09:29:25.774+0000] {logging_mixin.py:190} INFO - [2025-02-24T09:29:25.774+0000] {dag.py:4180} INFO - Setting next_dagrun for example_python_decorator to None, run_after=None
[2025-02-24T09:29:25.787+0000] {processor.py:208} INFO - Processing /home/airflow/.local/lib/python3.12/site-packages/airflow/example_dags/example_python_decorator.py took 0.062 seconds
[2025-02-24T09:29:55.921+0000] {processor.py:186} INFO - Started process (PID=725) to work on /home/airflow/.local/lib/python3.12/site-packages/airflow/example_dags/example_python_decorator.py
[2025-02-24T09:29:55.921+0000] {processor.py:914} INFO - Processing file /home/airflow/.local/lib/python3.12/site-packages/airflow/example_dags/example_python_decorator.py for tasks to queue
[2025-02-24T09:29:55.923+0000] {logging_mixin.py:190} INFO - [2025-02-24T09:29:55.922+0000] {dagbag.py:588} INFO - Filling up the DagBag from /home/airflow/.local/lib/python3.12/site-packages/airflow/example_dags/example_python_decorator.py
[2025-02-24T09:29:55.934+0000] {processor.py:925} INFO - DAG(s) 'example_python_decorator' retrieved from /home/airflow/.local/lib/python3.12/site-packages/airflow/example_dags/example_python_decorator.py
[2025-02-24T09:29:55.952+0000] {logging_mixin.py:190} INFO - [2025-02-24T09:29:55.951+0000] {dag.py:3239} INFO - Sync 1 DAGs
[2025-02-24T09:29:55.965+0000] {logging_mixin.py:190} INFO - [2025-02-24T09:29:55.965+0000] {dag.py:4180} INFO - Setting next_dagrun for example_python_decorator to None, run_after=None
[2025-02-24T09:29:55.982+0000] {processor.py:208} INFO - Processing /home/airflow/.local/lib/python3.12/site-packages/airflow/example_dags/example_python_decorator.py took 0.066 seconds
[2025-02-24T09:30:26.237+0000] {processor.py:186} INFO - Started process (PID=788) to work on /home/airflow/.local/lib/python3.12/site-packages/airflow/example_dags/example_python_decorator.py
[2025-02-24T09:30:26.238+0000] {processor.py:914} INFO - Processing file /home/airflow/.local/lib/python3.12/site-packages/airflow/example_dags/example_python_decorator.py for tasks to queue
[2025-02-24T09:30:26.240+0000] {logging_mixin.py:190} INFO - [2025-02-24T09:30:26.240+0000] {dagbag.py:588} INFO - Filling up the DagBag from /home/airflow/.local/lib/python3.12/site-packages/airflow/example_dags/example_python_decorator.py
[2025-02-24T09:30:26.251+0000] {processor.py:925} INFO - DAG(s) 'example_python_decorator' retrieved from /home/airflow/.local/lib/python3.12/site-packages/airflow/example_dags/example_python_decorator.py
[2025-02-24T09:30:26.286+0000] {logging_mixin.py:190} INFO - [2025-02-24T09:30:26.286+0000] {dag.py:3239} INFO - Sync 1 DAGs
[2025-02-24T09:30:26.303+0000] {logging_mixin.py:190} INFO - [2025-02-24T09:30:26.303+0000] {dag.py:4180} INFO - Setting next_dagrun for example_python_decorator to None, run_after=None
[2025-02-24T09:30:26.316+0000] {processor.py:208} INFO - Processing /home/airflow/.local/lib/python3.12/site-packages/airflow/example_dags/example_python_decorator.py took 0.085 seconds
[2025-02-24T09:30:56.531+0000] {processor.py:186} INFO - Started process (PID=851) to work on /home/airflow/.local/lib/python3.12/site-packages/airflow/example_dags/example_python_decorator.py
[2025-02-24T09:30:56.532+0000] {processor.py:914} INFO - Processing file /home/airflow/.local/lib/python3.12/site-packages/airflow/example_dags/example_python_decorator.py for tasks to queue
[2025-02-24T09:30:56.534+0000] {logging_mixin.py:190} INFO - [2025-02-24T09:30:56.534+0000] {dagbag.py:588} INFO - Filling up the DagBag from /home/airflow/.local/lib/python3.12/site-packages/airflow/example_dags/example_python_decorator.py
[2025-02-24T09:30:56.550+0000] {processor.py:925} INFO - DAG(s) 'example_python_decorator' retrieved from /home/airflow/.local/lib/python3.12/site-packages/airflow/example_dags/example_python_decorator.py
[2025-02-24T09:30:56.572+0000] {logging_mixin.py:190} INFO - [2025-02-24T09:30:56.571+0000] {dag.py:3239} INFO - Sync 1 DAGs
[2025-02-24T09:30:56.588+0000] {logging_mixin.py:190} INFO - [2025-02-24T09:30:56.587+0000] {dag.py:4180} INFO - Setting next_dagrun for example_python_decorator to None, run_after=None
[2025-02-24T09:30:56.606+0000] {processor.py:208} INFO - Processing /home/airflow/.local/lib/python3.12/site-packages/airflow/example_dags/example_python_decorator.py took 0.081 seconds
[2025-02-24T09:31:26.873+0000] {processor.py:186} INFO - Started process (PID=914) to work on /home/airflow/.local/lib/python3.12/site-packages/airflow/example_dags/example_python_decorator.py
[2025-02-24T09:31:26.873+0000] {processor.py:914} INFO - Processing file /home/airflow/.local/lib/python3.12/site-packages/airflow/example_dags/example_python_decorator.py for tasks to queue
[2025-02-24T09:31:26.875+0000] {logging_mixin.py:190} INFO - [2025-02-24T09:31:26.875+0000] {dagbag.py:588} INFO - Filling up the DagBag from /home/airflow/.local/lib/python3.12/site-packages/airflow/example_dags/example_python_decorator.py
[2025-02-24T09:31:26.887+0000] {processor.py:925} INFO - DAG(s) 'example_python_decorator' retrieved from /home/airflow/.local/lib/python3.12/site-packages/airflow/example_dags/example_python_decorator.py
[2025-02-24T09:31:26.905+0000] {logging_mixin.py:190} INFO - [2025-02-24T09:31:26.905+0000] {dag.py:3239} INFO - Sync 1 DAGs
[2025-02-24T09:31:26.916+0000] {logging_mixin.py:190} INFO - [2025-02-24T09:31:26.916+0000] {dag.py:4180} INFO - Setting next_dagrun for example_python_decorator to None, run_after=None
[2025-02-24T09:31:26.931+0000] {processor.py:208} INFO - Processing /home/airflow/.local/lib/python3.12/site-packages/airflow/example_dags/example_python_decorator.py took 0.063 seconds
[2025-02-24T09:31:57.537+0000] {processor.py:186} INFO - Started process (PID=977) to work on /home/airflow/.local/lib/python3.12/site-packages/airflow/example_dags/example_python_decorator.py
[2025-02-24T09:31:57.538+0000] {processor.py:914} INFO - Processing file /home/airflow/.local/lib/python3.12/site-packages/airflow/example_dags/example_python_decorator.py for tasks to queue
[2025-02-24T09:31:57.539+0000] {logging_mixin.py:190} INFO - [2025-02-24T09:31:57.539+0000] {dagbag.py:588} INFO - Filling up the DagBag from /home/airflow/.local/lib/python3.12/site-packages/airflow/example_dags/example_python_decorator.py
[2025-02-24T09:31:57.551+0000] {processor.py:925} INFO - DAG(s) 'example_python_decorator' retrieved from /home/airflow/.local/lib/python3.12/site-packages/airflow/example_dags/example_python_decorator.py
[2025-02-24T09:31:57.569+0000] {logging_mixin.py:190} INFO - [2025-02-24T09:31:57.569+0000] {dag.py:3239} INFO - Sync 1 DAGs
[2025-02-24T09:31:57.581+0000] {logging_mixin.py:190} INFO - [2025-02-24T09:31:57.581+0000] {dag.py:4180} INFO - Setting next_dagrun for example_python_decorator to None, run_after=None
[2025-02-24T09:31:57.595+0000] {processor.py:208} INFO - Processing /home/airflow/.local/lib/python3.12/site-packages/airflow/example_dags/example_python_decorator.py took 0.063 seconds
[2025-02-24T09:32:27.869+0000] {processor.py:186} INFO - Started process (PID=1040) to work on /home/airflow/.local/lib/python3.12/site-packages/airflow/example_dags/example_python_decorator.py
[2025-02-24T09:32:27.870+0000] {processor.py:914} INFO - Processing file /home/airflow/.local/lib/python3.12/site-packages/airflow/example_dags/example_python_decorator.py for tasks to queue
[2025-02-24T09:32:27.871+0000] {logging_mixin.py:190} INFO - [2025-02-24T09:32:27.871+0000] {dagbag.py:588} INFO - Filling up the DagBag from /home/airflow/.local/lib/python3.12/site-packages/airflow/example_dags/example_python_decorator.py
[2025-02-24T09:32:27.883+0000] {processor.py:925} INFO - DAG(s) 'example_python_decorator' retrieved from /home/airflow/.local/lib/python3.12/site-packages/airflow/example_dags/example_python_decorator.py
[2025-02-24T09:32:27.900+0000] {logging_mixin.py:190} INFO - [2025-02-24T09:32:27.899+0000] {dag.py:3239} INFO - Sync 1 DAGs
[2025-02-24T09:32:27.911+0000] {logging_mixin.py:190} INFO - [2025-02-24T09:32:27.911+0000] {dag.py:4180} INFO - Setting next_dagrun for example_python_decorator to None, run_after=None
[2025-02-24T09:32:27.927+0000] {processor.py:208} INFO - Processing /home/airflow/.local/lib/python3.12/site-packages/airflow/example_dags/example_python_decorator.py took 0.062 seconds
[2025-02-24T09:32:58.068+0000] {processor.py:186} INFO - Started process (PID=1103) to work on /home/airflow/.local/lib/python3.12/site-packages/airflow/example_dags/example_python_decorator.py
[2025-02-24T09:32:58.069+0000] {processor.py:914} INFO - Processing file /home/airflow/.local/lib/python3.12/site-packages/airflow/example_dags/example_python_decorator.py for tasks to queue
[2025-02-24T09:32:58.072+0000] {logging_mixin.py:190} INFO - [2025-02-24T09:32:58.072+0000] {dagbag.py:588} INFO - Filling up the DagBag from /home/airflow/.local/lib/python3.12/site-packages/airflow/example_dags/example_python_decorator.py
[2025-02-24T09:32:58.090+0000] {processor.py:925} INFO - DAG(s) 'example_python_decorator' retrieved from /home/airflow/.local/lib/python3.12/site-packages/airflow/example_dags/example_python_decorator.py
[2025-02-24T09:32:58.167+0000] {logging_mixin.py:190} INFO - [2025-02-24T09:32:58.167+0000] {dag.py:3239} INFO - Sync 1 DAGs
[2025-02-24T09:32:58.182+0000] {logging_mixin.py:190} INFO - [2025-02-24T09:32:58.181+0000] {dag.py:4180} INFO - Setting next_dagrun for example_python_decorator to None, run_after=None
[2025-02-24T09:32:58.198+0000] {processor.py:208} INFO - Processing /home/airflow/.local/lib/python3.12/site-packages/airflow/example_dags/example_python_decorator.py took 0.136 seconds
[2025-02-24T09:33:28.696+0000] {processor.py:186} INFO - Started process (PID=1166) to work on /home/airflow/.local/lib/python3.12/site-packages/airflow/example_dags/example_python_decorator.py
[2025-02-24T09:33:28.698+0000] {processor.py:914} INFO - Processing file /home/airflow/.local/lib/python3.12/site-packages/airflow/example_dags/example_python_decorator.py for tasks to queue
[2025-02-24T09:33:28.701+0000] {logging_mixin.py:190} INFO - [2025-02-24T09:33:28.701+0000] {dagbag.py:588} INFO - Filling up the DagBag from /home/airflow/.local/lib/python3.12/site-packages/airflow/example_dags/example_python_decorator.py
[2025-02-24T09:33:28.734+0000] {processor.py:925} INFO - DAG(s) 'example_python_decorator' retrieved from /home/airflow/.local/lib/python3.12/site-packages/airflow/example_dags/example_python_decorator.py
[2025-02-24T09:33:28.786+0000] {logging_mixin.py:190} INFO - [2025-02-24T09:33:28.785+0000] {dag.py:3239} INFO - Sync 1 DAGs
[2025-02-24T09:33:28.805+0000] {logging_mixin.py:190} INFO - [2025-02-24T09:33:28.805+0000] {dag.py:4180} INFO - Setting next_dagrun for example_python_decorator to None, run_after=None
[2025-02-24T09:33:28.825+0000] {processor.py:208} INFO - Processing /home/airflow/.local/lib/python3.12/site-packages/airflow/example_dags/example_python_decorator.py took 0.138 seconds
[2025-02-24T09:33:59.763+0000] {processor.py:186} INFO - Started process (PID=1229) to work on /home/airflow/.local/lib/python3.12/site-packages/airflow/example_dags/example_python_decorator.py
[2025-02-24T09:33:59.763+0000] {processor.py:914} INFO - Processing file /home/airflow/.local/lib/python3.12/site-packages/airflow/example_dags/example_python_decorator.py for tasks to queue
[2025-02-24T09:33:59.765+0000] {logging_mixin.py:190} INFO - [2025-02-24T09:33:59.765+0000] {dagbag.py:588} INFO - Filling up the DagBag from /home/airflow/.local/lib/python3.12/site-packages/airflow/example_dags/example_python_decorator.py
[2025-02-24T09:33:59.779+0000] {processor.py:925} INFO - DAG(s) 'example_python_decorator' retrieved from /home/airflow/.local/lib/python3.12/site-packages/airflow/example_dags/example_python_decorator.py
[2025-02-24T09:33:59.801+0000] {logging_mixin.py:190} INFO - [2025-02-24T09:33:59.801+0000] {dag.py:3239} INFO - Sync 1 DAGs
[2025-02-24T09:33:59.815+0000] {logging_mixin.py:190} INFO - [2025-02-24T09:33:59.815+0000] {dag.py:4180} INFO - Setting next_dagrun for example_python_decorator to None, run_after=None
[2025-02-24T09:33:59.831+0000] {processor.py:208} INFO - Processing /home/airflow/.local/lib/python3.12/site-packages/airflow/example_dags/example_python_decorator.py took 0.074 seconds
