[2025-02-24T09:24:46.725+0000] {processor.py:186} INFO - Started process (PID=75) to work on /home/airflow/.local/lib/python3.12/site-packages/airflow/example_dags/example_external_task_marker_dag.py
[2025-02-24T09:24:46.725+0000] {processor.py:914} INFO - Processing file /home/airflow/.local/lib/python3.12/site-packages/airflow/example_dags/example_external_task_marker_dag.py for tasks to queue
[2025-02-24T09:24:46.727+0000] {logging_mixin.py:190} INFO - [2025-02-24T09:24:46.727+0000] {dagbag.py:588} INFO - Filling up the DagBag from /home/airflow/.local/lib/python3.12/site-packages/airflow/example_dags/example_external_task_marker_dag.py
[2025-02-24T09:24:46.743+0000] {processor.py:925} INFO - DAG(s) 'example_external_task_marker_parent', 'example_external_task_marker_child' retrieved from /home/airflow/.local/lib/python3.12/site-packages/airflow/example_dags/example_external_task_marker_dag.py
[2025-02-24T09:24:46.863+0000] {logging_mixin.py:190} INFO - [2025-02-24T09:24:46.862+0000] {override.py:1911} INFO - Created Permission View: can edit on DAG:example_external_task_marker_parent
[2025-02-24T09:24:46.872+0000] {logging_mixin.py:190} INFO - [2025-02-24T09:24:46.872+0000] {override.py:1911} INFO - Created Permission View: can read on DAG:example_external_task_marker_parent
[2025-02-24T09:24:46.878+0000] {logging_mixin.py:190} INFO - [2025-02-24T09:24:46.878+0000] {override.py:1911} INFO - Created Permission View: can delete on DAG:example_external_task_marker_parent
[2025-02-24T09:24:46.883+0000] {logging_mixin.py:190} INFO - [2025-02-24T09:24:46.883+0000] {override.py:1911} INFO - Created Permission View: can create on DAG Run:example_external_task_marker_parent
[2025-02-24T09:24:46.889+0000] {logging_mixin.py:190} INFO - [2025-02-24T09:24:46.889+0000] {override.py:1911} INFO - Created Permission View: can read on DAG Run:example_external_task_marker_parent
[2025-02-24T09:24:46.895+0000] {logging_mixin.py:190} INFO - [2025-02-24T09:24:46.894+0000] {override.py:1911} INFO - Created Permission View: menu access on DAG Run:example_external_task_marker_parent
[2025-02-24T09:24:46.900+0000] {logging_mixin.py:190} INFO - [2025-02-24T09:24:46.900+0000] {override.py:1911} INFO - Created Permission View: can delete on DAG Run:example_external_task_marker_parent
[2025-02-24T09:24:46.913+0000] {logging_mixin.py:190} INFO - [2025-02-24T09:24:46.913+0000] {override.py:1911} INFO - Created Permission View: can edit on DAG:example_external_task_marker_child
[2025-02-24T09:24:46.919+0000] {logging_mixin.py:190} INFO - [2025-02-24T09:24:46.919+0000] {override.py:1911} INFO - Created Permission View: can read on DAG:example_external_task_marker_child
[2025-02-24T09:24:46.925+0000] {logging_mixin.py:190} INFO - [2025-02-24T09:24:46.925+0000] {override.py:1911} INFO - Created Permission View: can delete on DAG:example_external_task_marker_child
[2025-02-24T09:24:46.932+0000] {logging_mixin.py:190} INFO - [2025-02-24T09:24:46.931+0000] {override.py:1911} INFO - Created Permission View: can create on DAG Run:example_external_task_marker_child
[2025-02-24T09:24:46.937+0000] {logging_mixin.py:190} INFO - [2025-02-24T09:24:46.936+0000] {override.py:1911} INFO - Created Permission View: can read on DAG Run:example_external_task_marker_child
[2025-02-24T09:24:46.942+0000] {logging_mixin.py:190} INFO - [2025-02-24T09:24:46.942+0000] {override.py:1911} INFO - Created Permission View: menu access on DAG Run:example_external_task_marker_child
[2025-02-24T09:24:46.948+0000] {logging_mixin.py:190} INFO - [2025-02-24T09:24:46.948+0000] {override.py:1911} INFO - Created Permission View: can delete on DAG Run:example_external_task_marker_child
[2025-02-24T09:24:46.949+0000] {logging_mixin.py:190} INFO - [2025-02-24T09:24:46.949+0000] {dag.py:3239} INFO - Sync 2 DAGs
[2025-02-24T09:24:46.964+0000] {logging_mixin.py:190} INFO - [2025-02-24T09:24:46.963+0000] {dag.py:3262} INFO - Creating ORM DAG for example_external_task_marker_child
[2025-02-24T09:24:46.964+0000] {logging_mixin.py:190} INFO - [2025-02-24T09:24:46.964+0000] {dag.py:3262} INFO - Creating ORM DAG for example_external_task_marker_parent
[2025-02-24T09:24:46.965+0000] {logging_mixin.py:190} INFO - [2025-02-24T09:24:46.965+0000] {dag.py:4180} INFO - Setting next_dagrun for example_external_task_marker_child to None, run_after=None
[2025-02-24T09:24:46.966+0000] {logging_mixin.py:190} INFO - [2025-02-24T09:24:46.965+0000] {dag.py:4180} INFO - Setting next_dagrun for example_external_task_marker_parent to None, run_after=None
[2025-02-24T09:24:46.985+0000] {processor.py:208} INFO - Processing /home/airflow/.local/lib/python3.12/site-packages/airflow/example_dags/example_external_task_marker_dag.py took 0.265 seconds
[2025-02-24T09:25:17.888+0000] {processor.py:186} INFO - Started process (PID=138) to work on /home/airflow/.local/lib/python3.12/site-packages/airflow/example_dags/example_external_task_marker_dag.py
[2025-02-24T09:25:17.888+0000] {processor.py:914} INFO - Processing file /home/airflow/.local/lib/python3.12/site-packages/airflow/example_dags/example_external_task_marker_dag.py for tasks to queue
[2025-02-24T09:25:17.890+0000] {logging_mixin.py:190} INFO - [2025-02-24T09:25:17.890+0000] {dagbag.py:588} INFO - Filling up the DagBag from /home/airflow/.local/lib/python3.12/site-packages/airflow/example_dags/example_external_task_marker_dag.py
[2025-02-24T09:25:17.897+0000] {processor.py:925} INFO - DAG(s) 'example_external_task_marker_child', 'example_external_task_marker_parent' retrieved from /home/airflow/.local/lib/python3.12/site-packages/airflow/example_dags/example_external_task_marker_dag.py
[2025-02-24T09:25:17.919+0000] {logging_mixin.py:190} INFO - [2025-02-24T09:25:17.918+0000] {dag.py:3239} INFO - Sync 2 DAGs
[2025-02-24T09:25:17.934+0000] {logging_mixin.py:190} INFO - [2025-02-24T09:25:17.934+0000] {dag.py:4180} INFO - Setting next_dagrun for example_external_task_marker_child to None, run_after=None
[2025-02-24T09:25:17.938+0000] {logging_mixin.py:190} INFO - [2025-02-24T09:25:17.938+0000] {dag.py:4180} INFO - Setting next_dagrun for example_external_task_marker_parent to None, run_after=None
[2025-02-24T09:25:17.952+0000] {processor.py:208} INFO - Processing /home/airflow/.local/lib/python3.12/site-packages/airflow/example_dags/example_external_task_marker_dag.py took 0.069 seconds
[2025-02-24T09:25:48.153+0000] {processor.py:186} INFO - Started process (PID=201) to work on /home/airflow/.local/lib/python3.12/site-packages/airflow/example_dags/example_external_task_marker_dag.py
[2025-02-24T09:25:48.154+0000] {processor.py:914} INFO - Processing file /home/airflow/.local/lib/python3.12/site-packages/airflow/example_dags/example_external_task_marker_dag.py for tasks to queue
[2025-02-24T09:25:48.156+0000] {logging_mixin.py:190} INFO - [2025-02-24T09:25:48.155+0000] {dagbag.py:588} INFO - Filling up the DagBag from /home/airflow/.local/lib/python3.12/site-packages/airflow/example_dags/example_external_task_marker_dag.py
[2025-02-24T09:25:48.162+0000] {processor.py:925} INFO - DAG(s) 'example_external_task_marker_child', 'example_external_task_marker_parent' retrieved from /home/airflow/.local/lib/python3.12/site-packages/airflow/example_dags/example_external_task_marker_dag.py
[2025-02-24T09:25:48.181+0000] {logging_mixin.py:190} INFO - [2025-02-24T09:25:48.181+0000] {dag.py:3239} INFO - Sync 2 DAGs
[2025-02-24T09:25:48.195+0000] {logging_mixin.py:190} INFO - [2025-02-24T09:25:48.195+0000] {dag.py:4180} INFO - Setting next_dagrun for example_external_task_marker_child to None, run_after=None
[2025-02-24T09:25:48.198+0000] {logging_mixin.py:190} INFO - [2025-02-24T09:25:48.198+0000] {dag.py:4180} INFO - Setting next_dagrun for example_external_task_marker_parent to None, run_after=None
[2025-02-24T09:25:48.212+0000] {processor.py:208} INFO - Processing /home/airflow/.local/lib/python3.12/site-packages/airflow/example_dags/example_external_task_marker_dag.py took 0.064 seconds
[2025-02-24T09:26:18.461+0000] {processor.py:186} INFO - Started process (PID=265) to work on /home/airflow/.local/lib/python3.12/site-packages/airflow/example_dags/example_external_task_marker_dag.py
[2025-02-24T09:26:18.462+0000] {processor.py:914} INFO - Processing file /home/airflow/.local/lib/python3.12/site-packages/airflow/example_dags/example_external_task_marker_dag.py for tasks to queue
[2025-02-24T09:26:18.464+0000] {logging_mixin.py:190} INFO - [2025-02-24T09:26:18.464+0000] {dagbag.py:588} INFO - Filling up the DagBag from /home/airflow/.local/lib/python3.12/site-packages/airflow/example_dags/example_external_task_marker_dag.py
[2025-02-24T09:26:18.473+0000] {processor.py:925} INFO - DAG(s) 'example_external_task_marker_parent', 'example_external_task_marker_child' retrieved from /home/airflow/.local/lib/python3.12/site-packages/airflow/example_dags/example_external_task_marker_dag.py
[2025-02-24T09:26:18.501+0000] {logging_mixin.py:190} INFO - [2025-02-24T09:26:18.501+0000] {dag.py:3239} INFO - Sync 2 DAGs
[2025-02-24T09:26:18.521+0000] {logging_mixin.py:190} INFO - [2025-02-24T09:26:18.521+0000] {dag.py:4180} INFO - Setting next_dagrun for example_external_task_marker_child to None, run_after=None
[2025-02-24T09:26:18.525+0000] {logging_mixin.py:190} INFO - [2025-02-24T09:26:18.525+0000] {dag.py:4180} INFO - Setting next_dagrun for example_external_task_marker_parent to None, run_after=None
[2025-02-24T09:26:18.541+0000] {processor.py:208} INFO - Processing /home/airflow/.local/lib/python3.12/site-packages/airflow/example_dags/example_external_task_marker_dag.py took 0.086 seconds
[2025-02-24T09:26:48.868+0000] {processor.py:186} INFO - Started process (PID=328) to work on /home/airflow/.local/lib/python3.12/site-packages/airflow/example_dags/example_external_task_marker_dag.py
[2025-02-24T09:26:48.869+0000] {processor.py:914} INFO - Processing file /home/airflow/.local/lib/python3.12/site-packages/airflow/example_dags/example_external_task_marker_dag.py for tasks to queue
[2025-02-24T09:26:48.871+0000] {logging_mixin.py:190} INFO - [2025-02-24T09:26:48.871+0000] {dagbag.py:588} INFO - Filling up the DagBag from /home/airflow/.local/lib/python3.12/site-packages/airflow/example_dags/example_external_task_marker_dag.py
[2025-02-24T09:26:48.880+0000] {processor.py:925} INFO - DAG(s) 'example_external_task_marker_child', 'example_external_task_marker_parent' retrieved from /home/airflow/.local/lib/python3.12/site-packages/airflow/example_dags/example_external_task_marker_dag.py
[2025-02-24T09:26:48.901+0000] {logging_mixin.py:190} INFO - [2025-02-24T09:26:48.901+0000] {dag.py:3239} INFO - Sync 2 DAGs
[2025-02-24T09:26:48.919+0000] {logging_mixin.py:190} INFO - [2025-02-24T09:26:48.918+0000] {dag.py:4180} INFO - Setting next_dagrun for example_external_task_marker_child to None, run_after=None
[2025-02-24T09:26:48.923+0000] {logging_mixin.py:190} INFO - [2025-02-24T09:26:48.923+0000] {dag.py:4180} INFO - Setting next_dagrun for example_external_task_marker_parent to None, run_after=None
[2025-02-24T09:26:48.937+0000] {processor.py:208} INFO - Processing /home/airflow/.local/lib/python3.12/site-packages/airflow/example_dags/example_external_task_marker_dag.py took 0.075 seconds
[2025-02-24T09:27:19.284+0000] {processor.py:186} INFO - Started process (PID=391) to work on /home/airflow/.local/lib/python3.12/site-packages/airflow/example_dags/example_external_task_marker_dag.py
[2025-02-24T09:27:19.285+0000] {processor.py:914} INFO - Processing file /home/airflow/.local/lib/python3.12/site-packages/airflow/example_dags/example_external_task_marker_dag.py for tasks to queue
[2025-02-24T09:27:19.287+0000] {logging_mixin.py:190} INFO - [2025-02-24T09:27:19.287+0000] {dagbag.py:588} INFO - Filling up the DagBag from /home/airflow/.local/lib/python3.12/site-packages/airflow/example_dags/example_external_task_marker_dag.py
[2025-02-24T09:27:19.297+0000] {processor.py:925} INFO - DAG(s) 'example_external_task_marker_child', 'example_external_task_marker_parent' retrieved from /home/airflow/.local/lib/python3.12/site-packages/airflow/example_dags/example_external_task_marker_dag.py
[2025-02-24T09:27:19.324+0000] {logging_mixin.py:190} INFO - [2025-02-24T09:27:19.324+0000] {dag.py:3239} INFO - Sync 2 DAGs
[2025-02-24T09:27:19.345+0000] {logging_mixin.py:190} INFO - [2025-02-24T09:27:19.345+0000] {dag.py:4180} INFO - Setting next_dagrun for example_external_task_marker_child to None, run_after=None
[2025-02-24T09:27:19.350+0000] {logging_mixin.py:190} INFO - [2025-02-24T09:27:19.350+0000] {dag.py:4180} INFO - Setting next_dagrun for example_external_task_marker_parent to None, run_after=None
[2025-02-24T09:27:19.365+0000] {processor.py:208} INFO - Processing /home/airflow/.local/lib/python3.12/site-packages/airflow/example_dags/example_external_task_marker_dag.py took 0.087 seconds
[2025-02-24T09:27:49.735+0000] {processor.py:186} INFO - Started process (PID=454) to work on /home/airflow/.local/lib/python3.12/site-packages/airflow/example_dags/example_external_task_marker_dag.py
[2025-02-24T09:27:49.736+0000] {processor.py:914} INFO - Processing file /home/airflow/.local/lib/python3.12/site-packages/airflow/example_dags/example_external_task_marker_dag.py for tasks to queue
[2025-02-24T09:27:49.738+0000] {logging_mixin.py:190} INFO - [2025-02-24T09:27:49.738+0000] {dagbag.py:588} INFO - Filling up the DagBag from /home/airflow/.local/lib/python3.12/site-packages/airflow/example_dags/example_external_task_marker_dag.py
[2025-02-24T09:27:49.745+0000] {processor.py:925} INFO - DAG(s) 'example_external_task_marker_parent', 'example_external_task_marker_child' retrieved from /home/airflow/.local/lib/python3.12/site-packages/airflow/example_dags/example_external_task_marker_dag.py
[2025-02-24T09:27:49.767+0000] {logging_mixin.py:190} INFO - [2025-02-24T09:27:49.767+0000] {dag.py:3239} INFO - Sync 2 DAGs
[2025-02-24T09:27:49.779+0000] {logging_mixin.py:190} INFO - [2025-02-24T09:27:49.779+0000] {dag.py:4180} INFO - Setting next_dagrun for example_external_task_marker_child to None, run_after=None
[2025-02-24T09:27:49.782+0000] {logging_mixin.py:190} INFO - [2025-02-24T09:27:49.782+0000] {dag.py:4180} INFO - Setting next_dagrun for example_external_task_marker_parent to None, run_after=None
[2025-02-24T09:27:49.793+0000] {processor.py:208} INFO - Processing /home/airflow/.local/lib/python3.12/site-packages/airflow/example_dags/example_external_task_marker_dag.py took 0.062 seconds
[2025-02-24T09:28:20.246+0000] {processor.py:186} INFO - Started process (PID=517) to work on /home/airflow/.local/lib/python3.12/site-packages/airflow/example_dags/example_external_task_marker_dag.py
[2025-02-24T09:28:20.247+0000] {processor.py:914} INFO - Processing file /home/airflow/.local/lib/python3.12/site-packages/airflow/example_dags/example_external_task_marker_dag.py for tasks to queue
[2025-02-24T09:28:20.248+0000] {logging_mixin.py:190} INFO - [2025-02-24T09:28:20.248+0000] {dagbag.py:588} INFO - Filling up the DagBag from /home/airflow/.local/lib/python3.12/site-packages/airflow/example_dags/example_external_task_marker_dag.py
[2025-02-24T09:28:20.255+0000] {processor.py:925} INFO - DAG(s) 'example_external_task_marker_parent', 'example_external_task_marker_child' retrieved from /home/airflow/.local/lib/python3.12/site-packages/airflow/example_dags/example_external_task_marker_dag.py
[2025-02-24T09:28:20.279+0000] {logging_mixin.py:190} INFO - [2025-02-24T09:28:20.279+0000] {dag.py:3239} INFO - Sync 2 DAGs
[2025-02-24T09:28:20.298+0000] {logging_mixin.py:190} INFO - [2025-02-24T09:28:20.298+0000] {dag.py:4180} INFO - Setting next_dagrun for example_external_task_marker_child to None, run_after=None
[2025-02-24T09:28:20.303+0000] {logging_mixin.py:190} INFO - [2025-02-24T09:28:20.303+0000] {dag.py:4180} INFO - Setting next_dagrun for example_external_task_marker_parent to None, run_after=None
[2025-02-24T09:28:20.320+0000] {processor.py:208} INFO - Processing /home/airflow/.local/lib/python3.12/site-packages/airflow/example_dags/example_external_task_marker_dag.py took 0.079 seconds
[2025-02-24T09:28:50.346+0000] {processor.py:186} INFO - Started process (PID=580) to work on /home/airflow/.local/lib/python3.12/site-packages/airflow/example_dags/example_external_task_marker_dag.py
[2025-02-24T09:28:50.347+0000] {processor.py:914} INFO - Processing file /home/airflow/.local/lib/python3.12/site-packages/airflow/example_dags/example_external_task_marker_dag.py for tasks to queue
[2025-02-24T09:28:50.348+0000] {logging_mixin.py:190} INFO - [2025-02-24T09:28:50.348+0000] {dagbag.py:588} INFO - Filling up the DagBag from /home/airflow/.local/lib/python3.12/site-packages/airflow/example_dags/example_external_task_marker_dag.py
[2025-02-24T09:28:50.355+0000] {processor.py:925} INFO - DAG(s) 'example_external_task_marker_parent', 'example_external_task_marker_child' retrieved from /home/airflow/.local/lib/python3.12/site-packages/airflow/example_dags/example_external_task_marker_dag.py
[2025-02-24T09:28:50.372+0000] {logging_mixin.py:190} INFO - [2025-02-24T09:28:50.372+0000] {dag.py:3239} INFO - Sync 2 DAGs
[2025-02-24T09:28:50.384+0000] {logging_mixin.py:190} INFO - [2025-02-24T09:28:50.384+0000] {dag.py:4180} INFO - Setting next_dagrun for example_external_task_marker_child to None, run_after=None
[2025-02-24T09:28:50.387+0000] {logging_mixin.py:190} INFO - [2025-02-24T09:28:50.387+0000] {dag.py:4180} INFO - Setting next_dagrun for example_external_task_marker_parent to None, run_after=None
[2025-02-24T09:28:50.398+0000] {processor.py:208} INFO - Processing /home/airflow/.local/lib/python3.12/site-packages/airflow/example_dags/example_external_task_marker_dag.py took 0.056 seconds
[2025-02-24T09:29:20.859+0000] {processor.py:186} INFO - Started process (PID=643) to work on /home/airflow/.local/lib/python3.12/site-packages/airflow/example_dags/example_external_task_marker_dag.py
[2025-02-24T09:29:20.860+0000] {processor.py:914} INFO - Processing file /home/airflow/.local/lib/python3.12/site-packages/airflow/example_dags/example_external_task_marker_dag.py for tasks to queue
[2025-02-24T09:29:20.862+0000] {logging_mixin.py:190} INFO - [2025-02-24T09:29:20.862+0000] {dagbag.py:588} INFO - Filling up the DagBag from /home/airflow/.local/lib/python3.12/site-packages/airflow/example_dags/example_external_task_marker_dag.py
[2025-02-24T09:29:20.868+0000] {processor.py:925} INFO - DAG(s) 'example_external_task_marker_parent', 'example_external_task_marker_child' retrieved from /home/airflow/.local/lib/python3.12/site-packages/airflow/example_dags/example_external_task_marker_dag.py
[2025-02-24T09:29:20.887+0000] {logging_mixin.py:190} INFO - [2025-02-24T09:29:20.887+0000] {dag.py:3239} INFO - Sync 2 DAGs
[2025-02-24T09:29:20.899+0000] {logging_mixin.py:190} INFO - [2025-02-24T09:29:20.899+0000] {dag.py:4180} INFO - Setting next_dagrun for example_external_task_marker_child to None, run_after=None
[2025-02-24T09:29:20.902+0000] {logging_mixin.py:190} INFO - [2025-02-24T09:29:20.902+0000] {dag.py:4180} INFO - Setting next_dagrun for example_external_task_marker_parent to None, run_after=None
[2025-02-24T09:29:20.915+0000] {processor.py:208} INFO - Processing /home/airflow/.local/lib/python3.12/site-packages/airflow/example_dags/example_external_task_marker_dag.py took 0.061 seconds
[2025-02-24T09:29:51.006+0000] {processor.py:186} INFO - Started process (PID=706) to work on /home/airflow/.local/lib/python3.12/site-packages/airflow/example_dags/example_external_task_marker_dag.py
[2025-02-24T09:29:51.007+0000] {processor.py:914} INFO - Processing file /home/airflow/.local/lib/python3.12/site-packages/airflow/example_dags/example_external_task_marker_dag.py for tasks to queue
[2025-02-24T09:29:51.009+0000] {logging_mixin.py:190} INFO - [2025-02-24T09:29:51.009+0000] {dagbag.py:588} INFO - Filling up the DagBag from /home/airflow/.local/lib/python3.12/site-packages/airflow/example_dags/example_external_task_marker_dag.py
[2025-02-24T09:29:51.018+0000] {processor.py:925} INFO - DAG(s) 'example_external_task_marker_child', 'example_external_task_marker_parent' retrieved from /home/airflow/.local/lib/python3.12/site-packages/airflow/example_dags/example_external_task_marker_dag.py
[2025-02-24T09:29:51.040+0000] {logging_mixin.py:190} INFO - [2025-02-24T09:29:51.040+0000] {dag.py:3239} INFO - Sync 2 DAGs
[2025-02-24T09:29:51.055+0000] {logging_mixin.py:190} INFO - [2025-02-24T09:29:51.055+0000] {dag.py:4180} INFO - Setting next_dagrun for example_external_task_marker_child to None, run_after=None
[2025-02-24T09:29:51.059+0000] {logging_mixin.py:190} INFO - [2025-02-24T09:29:51.059+0000] {dag.py:4180} INFO - Setting next_dagrun for example_external_task_marker_parent to None, run_after=None
[2025-02-24T09:29:51.074+0000] {processor.py:208} INFO - Processing /home/airflow/.local/lib/python3.12/site-packages/airflow/example_dags/example_external_task_marker_dag.py took 0.073 seconds
[2025-02-24T09:30:21.313+0000] {processor.py:186} INFO - Started process (PID=769) to work on /home/airflow/.local/lib/python3.12/site-packages/airflow/example_dags/example_external_task_marker_dag.py
[2025-02-24T09:30:21.314+0000] {processor.py:914} INFO - Processing file /home/airflow/.local/lib/python3.12/site-packages/airflow/example_dags/example_external_task_marker_dag.py for tasks to queue
[2025-02-24T09:30:21.316+0000] {logging_mixin.py:190} INFO - [2025-02-24T09:30:21.315+0000] {dagbag.py:588} INFO - Filling up the DagBag from /home/airflow/.local/lib/python3.12/site-packages/airflow/example_dags/example_external_task_marker_dag.py
[2025-02-24T09:30:21.322+0000] {processor.py:925} INFO - DAG(s) 'example_external_task_marker_parent', 'example_external_task_marker_child' retrieved from /home/airflow/.local/lib/python3.12/site-packages/airflow/example_dags/example_external_task_marker_dag.py
[2025-02-24T09:30:21.344+0000] {logging_mixin.py:190} INFO - [2025-02-24T09:30:21.344+0000] {dag.py:3239} INFO - Sync 2 DAGs
[2025-02-24T09:30:21.361+0000] {logging_mixin.py:190} INFO - [2025-02-24T09:30:21.360+0000] {dag.py:4180} INFO - Setting next_dagrun for example_external_task_marker_child to None, run_after=None
[2025-02-24T09:30:21.365+0000] {logging_mixin.py:190} INFO - [2025-02-24T09:30:21.365+0000] {dag.py:4180} INFO - Setting next_dagrun for example_external_task_marker_parent to None, run_after=None
[2025-02-24T09:30:21.380+0000] {processor.py:208} INFO - Processing /home/airflow/.local/lib/python3.12/site-packages/airflow/example_dags/example_external_task_marker_dag.py took 0.071 seconds
[2025-02-24T09:30:51.609+0000] {processor.py:186} INFO - Started process (PID=832) to work on /home/airflow/.local/lib/python3.12/site-packages/airflow/example_dags/example_external_task_marker_dag.py
[2025-02-24T09:30:51.610+0000] {processor.py:914} INFO - Processing file /home/airflow/.local/lib/python3.12/site-packages/airflow/example_dags/example_external_task_marker_dag.py for tasks to queue
[2025-02-24T09:30:51.611+0000] {logging_mixin.py:190} INFO - [2025-02-24T09:30:51.611+0000] {dagbag.py:588} INFO - Filling up the DagBag from /home/airflow/.local/lib/python3.12/site-packages/airflow/example_dags/example_external_task_marker_dag.py
[2025-02-24T09:30:51.618+0000] {processor.py:925} INFO - DAG(s) 'example_external_task_marker_child', 'example_external_task_marker_parent' retrieved from /home/airflow/.local/lib/python3.12/site-packages/airflow/example_dags/example_external_task_marker_dag.py
[2025-02-24T09:30:51.638+0000] {logging_mixin.py:190} INFO - [2025-02-24T09:30:51.638+0000] {dag.py:3239} INFO - Sync 2 DAGs
[2025-02-24T09:30:51.655+0000] {logging_mixin.py:190} INFO - [2025-02-24T09:30:51.654+0000] {dag.py:4180} INFO - Setting next_dagrun for example_external_task_marker_child to None, run_after=None
[2025-02-24T09:30:51.658+0000] {logging_mixin.py:190} INFO - [2025-02-24T09:30:51.658+0000] {dag.py:4180} INFO - Setting next_dagrun for example_external_task_marker_parent to None, run_after=None
[2025-02-24T09:30:51.676+0000] {processor.py:208} INFO - Processing /home/airflow/.local/lib/python3.12/site-packages/airflow/example_dags/example_external_task_marker_dag.py took 0.072 seconds
[2025-02-24T09:31:21.962+0000] {processor.py:186} INFO - Started process (PID=895) to work on /home/airflow/.local/lib/python3.12/site-packages/airflow/example_dags/example_external_task_marker_dag.py
[2025-02-24T09:31:21.963+0000] {processor.py:914} INFO - Processing file /home/airflow/.local/lib/python3.12/site-packages/airflow/example_dags/example_external_task_marker_dag.py for tasks to queue
[2025-02-24T09:31:21.965+0000] {logging_mixin.py:190} INFO - [2025-02-24T09:31:21.965+0000] {dagbag.py:588} INFO - Filling up the DagBag from /home/airflow/.local/lib/python3.12/site-packages/airflow/example_dags/example_external_task_marker_dag.py
[2025-02-24T09:31:21.972+0000] {processor.py:925} INFO - DAG(s) 'example_external_task_marker_parent', 'example_external_task_marker_child' retrieved from /home/airflow/.local/lib/python3.12/site-packages/airflow/example_dags/example_external_task_marker_dag.py
[2025-02-24T09:31:21.992+0000] {logging_mixin.py:190} INFO - [2025-02-24T09:31:21.992+0000] {dag.py:3239} INFO - Sync 2 DAGs
[2025-02-24T09:31:22.006+0000] {logging_mixin.py:190} INFO - [2025-02-24T09:31:22.005+0000] {dag.py:4180} INFO - Setting next_dagrun for example_external_task_marker_child to None, run_after=None
[2025-02-24T09:31:22.009+0000] {logging_mixin.py:190} INFO - [2025-02-24T09:31:22.009+0000] {dag.py:4180} INFO - Setting next_dagrun for example_external_task_marker_parent to None, run_after=None
[2025-02-24T09:31:22.021+0000] {processor.py:208} INFO - Processing /home/airflow/.local/lib/python3.12/site-packages/airflow/example_dags/example_external_task_marker_dag.py took 0.064 seconds
[2025-02-24T09:31:52.700+0000] {processor.py:186} INFO - Started process (PID=958) to work on /home/airflow/.local/lib/python3.12/site-packages/airflow/example_dags/example_external_task_marker_dag.py
[2025-02-24T09:31:52.701+0000] {processor.py:914} INFO - Processing file /home/airflow/.local/lib/python3.12/site-packages/airflow/example_dags/example_external_task_marker_dag.py for tasks to queue
[2025-02-24T09:31:52.702+0000] {logging_mixin.py:190} INFO - [2025-02-24T09:31:52.702+0000] {dagbag.py:588} INFO - Filling up the DagBag from /home/airflow/.local/lib/python3.12/site-packages/airflow/example_dags/example_external_task_marker_dag.py
[2025-02-24T09:31:52.709+0000] {processor.py:925} INFO - DAG(s) 'example_external_task_marker_child', 'example_external_task_marker_parent' retrieved from /home/airflow/.local/lib/python3.12/site-packages/airflow/example_dags/example_external_task_marker_dag.py
[2025-02-24T09:31:52.728+0000] {logging_mixin.py:190} INFO - [2025-02-24T09:31:52.727+0000] {dag.py:3239} INFO - Sync 2 DAGs
[2025-02-24T09:31:52.740+0000] {logging_mixin.py:190} INFO - [2025-02-24T09:31:52.740+0000] {dag.py:4180} INFO - Setting next_dagrun for example_external_task_marker_child to None, run_after=None
[2025-02-24T09:31:52.743+0000] {logging_mixin.py:190} INFO - [2025-02-24T09:31:52.743+0000] {dag.py:4180} INFO - Setting next_dagrun for example_external_task_marker_parent to None, run_after=None
[2025-02-24T09:31:52.757+0000] {processor.py:208} INFO - Processing /home/airflow/.local/lib/python3.12/site-packages/airflow/example_dags/example_external_task_marker_dag.py took 0.062 seconds
[2025-02-24T09:32:23.750+0000] {processor.py:186} INFO - Started process (PID=1021) to work on /home/airflow/.local/lib/python3.12/site-packages/airflow/example_dags/example_external_task_marker_dag.py
[2025-02-24T09:32:23.751+0000] {processor.py:914} INFO - Processing file /home/airflow/.local/lib/python3.12/site-packages/airflow/example_dags/example_external_task_marker_dag.py for tasks to queue
[2025-02-24T09:32:23.753+0000] {logging_mixin.py:190} INFO - [2025-02-24T09:32:23.753+0000] {dagbag.py:588} INFO - Filling up the DagBag from /home/airflow/.local/lib/python3.12/site-packages/airflow/example_dags/example_external_task_marker_dag.py
[2025-02-24T09:32:23.763+0000] {processor.py:925} INFO - DAG(s) 'example_external_task_marker_parent', 'example_external_task_marker_child' retrieved from /home/airflow/.local/lib/python3.12/site-packages/airflow/example_dags/example_external_task_marker_dag.py
[2025-02-24T09:32:23.791+0000] {logging_mixin.py:190} INFO - [2025-02-24T09:32:23.791+0000] {dag.py:3239} INFO - Sync 2 DAGs
[2025-02-24T09:32:23.810+0000] {logging_mixin.py:190} INFO - [2025-02-24T09:32:23.809+0000] {dag.py:4180} INFO - Setting next_dagrun for example_external_task_marker_child to None, run_after=None
[2025-02-24T09:32:23.814+0000] {logging_mixin.py:190} INFO - [2025-02-24T09:32:23.814+0000] {dag.py:4180} INFO - Setting next_dagrun for example_external_task_marker_parent to None, run_after=None
[2025-02-24T09:32:23.830+0000] {processor.py:208} INFO - Processing /home/airflow/.local/lib/python3.12/site-packages/airflow/example_dags/example_external_task_marker_dag.py took 0.087 seconds
[2025-02-24T09:32:54.722+0000] {processor.py:186} INFO - Started process (PID=1084) to work on /home/airflow/.local/lib/python3.12/site-packages/airflow/example_dags/example_external_task_marker_dag.py
[2025-02-24T09:32:54.723+0000] {processor.py:914} INFO - Processing file /home/airflow/.local/lib/python3.12/site-packages/airflow/example_dags/example_external_task_marker_dag.py for tasks to queue
[2025-02-24T09:32:54.725+0000] {logging_mixin.py:190} INFO - [2025-02-24T09:32:54.725+0000] {dagbag.py:588} INFO - Filling up the DagBag from /home/airflow/.local/lib/python3.12/site-packages/airflow/example_dags/example_external_task_marker_dag.py
[2025-02-24T09:32:54.736+0000] {processor.py:925} INFO - DAG(s) 'example_external_task_marker_parent', 'example_external_task_marker_child' retrieved from /home/airflow/.local/lib/python3.12/site-packages/airflow/example_dags/example_external_task_marker_dag.py
[2025-02-24T09:32:54.768+0000] {logging_mixin.py:190} INFO - [2025-02-24T09:32:54.768+0000] {dag.py:3239} INFO - Sync 2 DAGs
[2025-02-24T09:32:54.789+0000] {logging_mixin.py:190} INFO - [2025-02-24T09:32:54.789+0000] {dag.py:4180} INFO - Setting next_dagrun for example_external_task_marker_child to None, run_after=None
[2025-02-24T09:32:54.795+0000] {logging_mixin.py:190} INFO - [2025-02-24T09:32:54.794+0000] {dag.py:4180} INFO - Setting next_dagrun for example_external_task_marker_parent to None, run_after=None
[2025-02-24T09:32:54.810+0000] {processor.py:208} INFO - Processing /home/airflow/.local/lib/python3.12/site-packages/airflow/example_dags/example_external_task_marker_dag.py took 0.095 seconds
[2025-02-24T09:33:25.612+0000] {processor.py:186} INFO - Started process (PID=1147) to work on /home/airflow/.local/lib/python3.12/site-packages/airflow/example_dags/example_external_task_marker_dag.py
[2025-02-24T09:33:25.613+0000] {processor.py:914} INFO - Processing file /home/airflow/.local/lib/python3.12/site-packages/airflow/example_dags/example_external_task_marker_dag.py for tasks to queue
[2025-02-24T09:33:25.615+0000] {logging_mixin.py:190} INFO - [2025-02-24T09:33:25.615+0000] {dagbag.py:588} INFO - Filling up the DagBag from /home/airflow/.local/lib/python3.12/site-packages/airflow/example_dags/example_external_task_marker_dag.py
[2025-02-24T09:33:25.623+0000] {processor.py:925} INFO - DAG(s) 'example_external_task_marker_parent', 'example_external_task_marker_child' retrieved from /home/airflow/.local/lib/python3.12/site-packages/airflow/example_dags/example_external_task_marker_dag.py
[2025-02-24T09:33:25.642+0000] {logging_mixin.py:190} INFO - [2025-02-24T09:33:25.642+0000] {dag.py:3239} INFO - Sync 2 DAGs
[2025-02-24T09:33:25.655+0000] {logging_mixin.py:190} INFO - [2025-02-24T09:33:25.654+0000] {dag.py:4180} INFO - Setting next_dagrun for example_external_task_marker_child to None, run_after=None
[2025-02-24T09:33:25.658+0000] {logging_mixin.py:190} INFO - [2025-02-24T09:33:25.658+0000] {dag.py:4180} INFO - Setting next_dagrun for example_external_task_marker_parent to None, run_after=None
[2025-02-24T09:33:25.672+0000] {processor.py:208} INFO - Processing /home/airflow/.local/lib/python3.12/site-packages/airflow/example_dags/example_external_task_marker_dag.py took 0.065 seconds
[2025-02-24T09:33:55.817+0000] {processor.py:186} INFO - Started process (PID=1210) to work on /home/airflow/.local/lib/python3.12/site-packages/airflow/example_dags/example_external_task_marker_dag.py
[2025-02-24T09:33:55.818+0000] {processor.py:914} INFO - Processing file /home/airflow/.local/lib/python3.12/site-packages/airflow/example_dags/example_external_task_marker_dag.py for tasks to queue
[2025-02-24T09:33:55.820+0000] {logging_mixin.py:190} INFO - [2025-02-24T09:33:55.819+0000] {dagbag.py:588} INFO - Filling up the DagBag from /home/airflow/.local/lib/python3.12/site-packages/airflow/example_dags/example_external_task_marker_dag.py
[2025-02-24T09:33:55.826+0000] {processor.py:925} INFO - DAG(s) 'example_external_task_marker_child', 'example_external_task_marker_parent' retrieved from /home/airflow/.local/lib/python3.12/site-packages/airflow/example_dags/example_external_task_marker_dag.py
[2025-02-24T09:33:55.848+0000] {logging_mixin.py:190} INFO - [2025-02-24T09:33:55.848+0000] {dag.py:3239} INFO - Sync 2 DAGs
[2025-02-24T09:33:55.861+0000] {logging_mixin.py:190} INFO - [2025-02-24T09:33:55.861+0000] {dag.py:4180} INFO - Setting next_dagrun for example_external_task_marker_child to None, run_after=None
[2025-02-24T09:33:55.865+0000] {logging_mixin.py:190} INFO - [2025-02-24T09:33:55.864+0000] {dag.py:4180} INFO - Setting next_dagrun for example_external_task_marker_parent to None, run_after=None
[2025-02-24T09:33:55.878+0000] {processor.py:208} INFO - Processing /home/airflow/.local/lib/python3.12/site-packages/airflow/example_dags/example_external_task_marker_dag.py took 0.066 seconds
