[2025-02-24T09:24:52.655+0000] {processor.py:186} INFO - Started process (PID=101) to work on /home/airflow/.local/lib/python3.12/site-packages/airflow/example_dags/example_inlet_event_extra.py
[2025-02-24T09:24:52.655+0000] {processor.py:914} INFO - Processing file /home/airflow/.local/lib/python3.12/site-packages/airflow/example_dags/example_inlet_event_extra.py for tasks to queue
[2025-02-24T09:24:52.657+0000] {logging_mixin.py:190} INFO - [2025-02-24T09:24:52.657+0000] {dagbag.py:588} INFO - Filling up the DagBag from /home/airflow/.local/lib/python3.12/site-packages/airflow/example_dags/example_inlet_event_extra.py
[2025-02-24T09:24:53.419+0000] {processor.py:925} INFO - DAG(s) 'read_dataset_event', 'read_dataset_event_from_classic' retrieved from /home/airflow/.local/lib/python3.12/site-packages/airflow/example_dags/example_inlet_event_extra.py
[2025-02-24T09:24:53.547+0000] {logging_mixin.py:190} INFO - [2025-02-24T09:24:53.547+0000] {override.py:1911} INFO - Created Permission View: can edit on DAG:read_dataset_event
[2025-02-24T09:24:53.556+0000] {logging_mixin.py:190} INFO - [2025-02-24T09:24:53.556+0000] {override.py:1911} INFO - Created Permission View: can read on DAG:read_dataset_event
[2025-02-24T09:24:53.561+0000] {logging_mixin.py:190} INFO - [2025-02-24T09:24:53.561+0000] {override.py:1911} INFO - Created Permission View: can delete on DAG:read_dataset_event
[2025-02-24T09:24:53.566+0000] {logging_mixin.py:190} INFO - [2025-02-24T09:24:53.566+0000] {override.py:1911} INFO - Created Permission View: can create on DAG Run:read_dataset_event
[2025-02-24T09:24:53.572+0000] {logging_mixin.py:190} INFO - [2025-02-24T09:24:53.571+0000] {override.py:1911} INFO - Created Permission View: can read on DAG Run:read_dataset_event
[2025-02-24T09:24:53.578+0000] {logging_mixin.py:190} INFO - [2025-02-24T09:24:53.578+0000] {override.py:1911} INFO - Created Permission View: menu access on DAG Run:read_dataset_event
[2025-02-24T09:24:53.585+0000] {logging_mixin.py:190} INFO - [2025-02-24T09:24:53.585+0000] {override.py:1911} INFO - Created Permission View: can delete on DAG Run:read_dataset_event
[2025-02-24T09:24:53.601+0000] {logging_mixin.py:190} INFO - [2025-02-24T09:24:53.600+0000] {override.py:1911} INFO - Created Permission View: can edit on DAG:read_dataset_event_from_classic
[2025-02-24T09:24:53.610+0000] {logging_mixin.py:190} INFO - [2025-02-24T09:24:53.610+0000] {override.py:1911} INFO - Created Permission View: can read on DAG:read_dataset_event_from_classic
[2025-02-24T09:24:53.619+0000] {logging_mixin.py:190} INFO - [2025-02-24T09:24:53.618+0000] {override.py:1911} INFO - Created Permission View: can delete on DAG:read_dataset_event_from_classic
[2025-02-24T09:24:53.627+0000] {logging_mixin.py:190} INFO - [2025-02-24T09:24:53.626+0000] {override.py:1911} INFO - Created Permission View: can create on DAG Run:read_dataset_event_from_classic
[2025-02-24T09:24:53.636+0000] {logging_mixin.py:190} INFO - [2025-02-24T09:24:53.636+0000] {override.py:1911} INFO - Created Permission View: can read on DAG Run:read_dataset_event_from_classic
[2025-02-24T09:24:53.650+0000] {logging_mixin.py:190} INFO - [2025-02-24T09:24:53.649+0000] {override.py:1911} INFO - Created Permission View: menu access on DAG Run:read_dataset_event_from_classic
[2025-02-24T09:24:53.663+0000] {logging_mixin.py:190} INFO - [2025-02-24T09:24:53.663+0000] {override.py:1911} INFO - Created Permission View: can delete on DAG Run:read_dataset_event_from_classic
[2025-02-24T09:24:53.664+0000] {logging_mixin.py:190} INFO - [2025-02-24T09:24:53.664+0000] {dag.py:3239} INFO - Sync 2 DAGs
[2025-02-24T09:24:53.689+0000] {logging_mixin.py:190} INFO - [2025-02-24T09:24:53.688+0000] {dag.py:3262} INFO - Creating ORM DAG for read_dataset_event_from_classic
[2025-02-24T09:24:53.690+0000] {logging_mixin.py:190} INFO - [2025-02-24T09:24:53.690+0000] {dag.py:3262} INFO - Creating ORM DAG for read_dataset_event
[2025-02-24T09:24:53.707+0000] {logging_mixin.py:190} INFO - [2025-02-24T09:24:53.706+0000] {dag.py:4180} INFO - Setting next_dagrun for read_dataset_event to 2025-02-23 00:00:00+00:00, run_after=2025-02-24 00:00:00+00:00
[2025-02-24T09:24:53.712+0000] {logging_mixin.py:190} INFO - [2025-02-24T09:24:53.712+0000] {dag.py:4180} INFO - Setting next_dagrun for read_dataset_event_from_classic to 2025-02-23 00:00:00+00:00, run_after=2025-02-24 00:00:00+00:00
[2025-02-24T09:24:53.751+0000] {processor.py:208} INFO - Processing /home/airflow/.local/lib/python3.12/site-packages/airflow/example_dags/example_inlet_event_extra.py took 1.101 seconds
[2025-02-24T09:25:23.912+0000] {processor.py:186} INFO - Started process (PID=164) to work on /home/airflow/.local/lib/python3.12/site-packages/airflow/example_dags/example_inlet_event_extra.py
[2025-02-24T09:25:23.913+0000] {processor.py:914} INFO - Processing file /home/airflow/.local/lib/python3.12/site-packages/airflow/example_dags/example_inlet_event_extra.py for tasks to queue
[2025-02-24T09:25:23.915+0000] {logging_mixin.py:190} INFO - [2025-02-24T09:25:23.915+0000] {dagbag.py:588} INFO - Filling up the DagBag from /home/airflow/.local/lib/python3.12/site-packages/airflow/example_dags/example_inlet_event_extra.py
[2025-02-24T09:25:24.477+0000] {processor.py:925} INFO - DAG(s) 'read_dataset_event', 'read_dataset_event_from_classic' retrieved from /home/airflow/.local/lib/python3.12/site-packages/airflow/example_dags/example_inlet_event_extra.py
[2025-02-24T09:25:24.499+0000] {logging_mixin.py:190} INFO - [2025-02-24T09:25:24.499+0000] {dag.py:3239} INFO - Sync 2 DAGs
[2025-02-24T09:25:24.529+0000] {logging_mixin.py:190} INFO - [2025-02-24T09:25:24.528+0000] {dag.py:4180} INFO - Setting next_dagrun for read_dataset_event to 2025-02-23 00:00:00+00:00, run_after=2025-02-24 00:00:00+00:00
[2025-02-24T09:25:24.535+0000] {logging_mixin.py:190} INFO - [2025-02-24T09:25:24.535+0000] {dag.py:4180} INFO - Setting next_dagrun for read_dataset_event_from_classic to 2025-02-23 00:00:00+00:00, run_after=2025-02-24 00:00:00+00:00
[2025-02-24T09:25:24.550+0000] {processor.py:208} INFO - Processing /home/airflow/.local/lib/python3.12/site-packages/airflow/example_dags/example_inlet_event_extra.py took 0.644 seconds
[2025-02-24T09:25:54.846+0000] {processor.py:186} INFO - Started process (PID=227) to work on /home/airflow/.local/lib/python3.12/site-packages/airflow/example_dags/example_inlet_event_extra.py
[2025-02-24T09:25:54.847+0000] {processor.py:914} INFO - Processing file /home/airflow/.local/lib/python3.12/site-packages/airflow/example_dags/example_inlet_event_extra.py for tasks to queue
[2025-02-24T09:25:54.849+0000] {logging_mixin.py:190} INFO - [2025-02-24T09:25:54.849+0000] {dagbag.py:588} INFO - Filling up the DagBag from /home/airflow/.local/lib/python3.12/site-packages/airflow/example_dags/example_inlet_event_extra.py
[2025-02-24T09:25:55.579+0000] {processor.py:925} INFO - DAG(s) 'read_dataset_event', 'read_dataset_event_from_classic' retrieved from /home/airflow/.local/lib/python3.12/site-packages/airflow/example_dags/example_inlet_event_extra.py
[2025-02-24T09:25:55.597+0000] {logging_mixin.py:190} INFO - [2025-02-24T09:25:55.596+0000] {dag.py:3239} INFO - Sync 2 DAGs
[2025-02-24T09:25:55.616+0000] {logging_mixin.py:190} INFO - [2025-02-24T09:25:55.616+0000] {dag.py:4180} INFO - Setting next_dagrun for read_dataset_event to 2025-02-23 00:00:00+00:00, run_after=2025-02-24 00:00:00+00:00
[2025-02-24T09:25:55.620+0000] {logging_mixin.py:190} INFO - [2025-02-24T09:25:55.620+0000] {dag.py:4180} INFO - Setting next_dagrun for read_dataset_event_from_classic to 2025-02-23 00:00:00+00:00, run_after=2025-02-24 00:00:00+00:00
[2025-02-24T09:25:55.632+0000] {processor.py:208} INFO - Processing /home/airflow/.local/lib/python3.12/site-packages/airflow/example_dags/example_inlet_event_extra.py took 0.792 seconds
[2025-02-24T09:26:25.884+0000] {processor.py:186} INFO - Started process (PID=291) to work on /home/airflow/.local/lib/python3.12/site-packages/airflow/example_dags/example_inlet_event_extra.py
[2025-02-24T09:26:25.885+0000] {processor.py:914} INFO - Processing file /home/airflow/.local/lib/python3.12/site-packages/airflow/example_dags/example_inlet_event_extra.py for tasks to queue
[2025-02-24T09:26:25.887+0000] {logging_mixin.py:190} INFO - [2025-02-24T09:26:25.886+0000] {dagbag.py:588} INFO - Filling up the DagBag from /home/airflow/.local/lib/python3.12/site-packages/airflow/example_dags/example_inlet_event_extra.py
[2025-02-24T09:26:26.459+0000] {processor.py:925} INFO - DAG(s) 'read_dataset_event', 'read_dataset_event_from_classic' retrieved from /home/airflow/.local/lib/python3.12/site-packages/airflow/example_dags/example_inlet_event_extra.py
[2025-02-24T09:26:26.482+0000] {logging_mixin.py:190} INFO - [2025-02-24T09:26:26.481+0000] {dag.py:3239} INFO - Sync 2 DAGs
[2025-02-24T09:26:26.514+0000] {logging_mixin.py:190} INFO - [2025-02-24T09:26:26.513+0000] {dag.py:4180} INFO - Setting next_dagrun for read_dataset_event to 2025-02-23 00:00:00+00:00, run_after=2025-02-24 00:00:00+00:00
[2025-02-24T09:26:26.520+0000] {logging_mixin.py:190} INFO - [2025-02-24T09:26:26.520+0000] {dag.py:4180} INFO - Setting next_dagrun for read_dataset_event_from_classic to 2025-02-23 00:00:00+00:00, run_after=2025-02-24 00:00:00+00:00
[2025-02-24T09:26:26.537+0000] {processor.py:208} INFO - Processing /home/airflow/.local/lib/python3.12/site-packages/airflow/example_dags/example_inlet_event_extra.py took 0.657 seconds
[2025-02-24T09:26:56.984+0000] {processor.py:186} INFO - Started process (PID=354) to work on /home/airflow/.local/lib/python3.12/site-packages/airflow/example_dags/example_inlet_event_extra.py
[2025-02-24T09:26:56.984+0000] {processor.py:914} INFO - Processing file /home/airflow/.local/lib/python3.12/site-packages/airflow/example_dags/example_inlet_event_extra.py for tasks to queue
[2025-02-24T09:26:56.986+0000] {logging_mixin.py:190} INFO - [2025-02-24T09:26:56.986+0000] {dagbag.py:588} INFO - Filling up the DagBag from /home/airflow/.local/lib/python3.12/site-packages/airflow/example_dags/example_inlet_event_extra.py
[2025-02-24T09:26:57.565+0000] {processor.py:925} INFO - DAG(s) 'read_dataset_event_from_classic', 'read_dataset_event' retrieved from /home/airflow/.local/lib/python3.12/site-packages/airflow/example_dags/example_inlet_event_extra.py
[2025-02-24T09:26:57.583+0000] {logging_mixin.py:190} INFO - [2025-02-24T09:26:57.583+0000] {dag.py:3239} INFO - Sync 2 DAGs
[2025-02-24T09:26:57.609+0000] {logging_mixin.py:190} INFO - [2025-02-24T09:26:57.608+0000] {dag.py:4180} INFO - Setting next_dagrun for read_dataset_event to 2025-02-23 00:00:00+00:00, run_after=2025-02-24 00:00:00+00:00
[2025-02-24T09:26:57.614+0000] {logging_mixin.py:190} INFO - [2025-02-24T09:26:57.614+0000] {dag.py:4180} INFO - Setting next_dagrun for read_dataset_event_from_classic to 2025-02-23 00:00:00+00:00, run_after=2025-02-24 00:00:00+00:00
[2025-02-24T09:26:57.628+0000] {processor.py:208} INFO - Processing /home/airflow/.local/lib/python3.12/site-packages/airflow/example_dags/example_inlet_event_extra.py took 0.649 seconds
[2025-02-24T09:27:27.670+0000] {processor.py:186} INFO - Started process (PID=416) to work on /home/airflow/.local/lib/python3.12/site-packages/airflow/example_dags/example_inlet_event_extra.py
[2025-02-24T09:27:27.671+0000] {processor.py:914} INFO - Processing file /home/airflow/.local/lib/python3.12/site-packages/airflow/example_dags/example_inlet_event_extra.py for tasks to queue
[2025-02-24T09:27:27.672+0000] {logging_mixin.py:190} INFO - [2025-02-24T09:27:27.672+0000] {dagbag.py:588} INFO - Filling up the DagBag from /home/airflow/.local/lib/python3.12/site-packages/airflow/example_dags/example_inlet_event_extra.py
[2025-02-24T09:27:28.263+0000] {processor.py:925} INFO - DAG(s) 'read_dataset_event_from_classic', 'read_dataset_event' retrieved from /home/airflow/.local/lib/python3.12/site-packages/airflow/example_dags/example_inlet_event_extra.py
[2025-02-24T09:27:28.282+0000] {logging_mixin.py:190} INFO - [2025-02-24T09:27:28.282+0000] {dag.py:3239} INFO - Sync 2 DAGs
[2025-02-24T09:27:28.304+0000] {logging_mixin.py:190} INFO - [2025-02-24T09:27:28.304+0000] {dag.py:4180} INFO - Setting next_dagrun for read_dataset_event to 2025-02-23 00:00:00+00:00, run_after=2025-02-24 00:00:00+00:00
[2025-02-24T09:27:28.308+0000] {logging_mixin.py:190} INFO - [2025-02-24T09:27:28.308+0000] {dag.py:4180} INFO - Setting next_dagrun for read_dataset_event_from_classic to 2025-02-23 00:00:00+00:00, run_after=2025-02-24 00:00:00+00:00
[2025-02-24T09:27:28.320+0000] {processor.py:208} INFO - Processing /home/airflow/.local/lib/python3.12/site-packages/airflow/example_dags/example_inlet_event_extra.py took 0.654 seconds
[2025-02-24T09:27:59.699+0000] {processor.py:186} INFO - Started process (PID=480) to work on /home/airflow/.local/lib/python3.12/site-packages/airflow/example_dags/example_inlet_event_extra.py
[2025-02-24T09:27:59.700+0000] {processor.py:914} INFO - Processing file /home/airflow/.local/lib/python3.12/site-packages/airflow/example_dags/example_inlet_event_extra.py for tasks to queue
[2025-02-24T09:27:59.702+0000] {logging_mixin.py:190} INFO - [2025-02-24T09:27:59.702+0000] {dagbag.py:588} INFO - Filling up the DagBag from /home/airflow/.local/lib/python3.12/site-packages/airflow/example_dags/example_inlet_event_extra.py
[2025-02-24T09:28:00.392+0000] {processor.py:925} INFO - DAG(s) 'read_dataset_event_from_classic', 'read_dataset_event' retrieved from /home/airflow/.local/lib/python3.12/site-packages/airflow/example_dags/example_inlet_event_extra.py
[2025-02-24T09:28:00.411+0000] {logging_mixin.py:190} INFO - [2025-02-24T09:28:00.411+0000] {dag.py:3239} INFO - Sync 2 DAGs
[2025-02-24T09:28:00.433+0000] {logging_mixin.py:190} INFO - [2025-02-24T09:28:00.433+0000] {dag.py:4180} INFO - Setting next_dagrun for read_dataset_event to 2025-02-23 00:00:00+00:00, run_after=2025-02-24 00:00:00+00:00
[2025-02-24T09:28:00.438+0000] {logging_mixin.py:190} INFO - [2025-02-24T09:28:00.437+0000] {dag.py:4180} INFO - Setting next_dagrun for read_dataset_event_from_classic to 2025-02-23 00:00:00+00:00, run_after=2025-02-24 00:00:00+00:00
[2025-02-24T09:28:00.451+0000] {processor.py:208} INFO - Processing /home/airflow/.local/lib/python3.12/site-packages/airflow/example_dags/example_inlet_event_extra.py took 0.759 seconds
[2025-02-24T09:28:31.095+0000] {processor.py:186} INFO - Started process (PID=544) to work on /home/airflow/.local/lib/python3.12/site-packages/airflow/example_dags/example_inlet_event_extra.py
[2025-02-24T09:28:31.096+0000] {processor.py:914} INFO - Processing file /home/airflow/.local/lib/python3.12/site-packages/airflow/example_dags/example_inlet_event_extra.py for tasks to queue
[2025-02-24T09:28:31.098+0000] {logging_mixin.py:190} INFO - [2025-02-24T09:28:31.098+0000] {dagbag.py:588} INFO - Filling up the DagBag from /home/airflow/.local/lib/python3.12/site-packages/airflow/example_dags/example_inlet_event_extra.py
[2025-02-24T09:28:32.065+0000] {processor.py:925} INFO - DAG(s) 'read_dataset_event', 'read_dataset_event_from_classic' retrieved from /home/airflow/.local/lib/python3.12/site-packages/airflow/example_dags/example_inlet_event_extra.py
[2025-02-24T09:28:32.093+0000] {logging_mixin.py:190} INFO - [2025-02-24T09:28:32.092+0000] {dag.py:3239} INFO - Sync 2 DAGs
[2025-02-24T09:28:32.126+0000] {logging_mixin.py:190} INFO - [2025-02-24T09:28:32.125+0000] {dag.py:4180} INFO - Setting next_dagrun for read_dataset_event to 2025-02-23 00:00:00+00:00, run_after=2025-02-24 00:00:00+00:00
[2025-02-24T09:28:32.132+0000] {logging_mixin.py:190} INFO - [2025-02-24T09:28:32.132+0000] {dag.py:4180} INFO - Setting next_dagrun for read_dataset_event_from_classic to 2025-02-23 00:00:00+00:00, run_after=2025-02-24 00:00:00+00:00
[2025-02-24T09:28:32.149+0000] {processor.py:208} INFO - Processing /home/airflow/.local/lib/python3.12/site-packages/airflow/example_dags/example_inlet_event_extra.py took 1.065 seconds
[2025-02-24T09:29:02.345+0000] {processor.py:186} INFO - Started process (PID=613) to work on /home/airflow/.local/lib/python3.12/site-packages/airflow/example_dags/example_inlet_event_extra.py
[2025-02-24T09:29:02.346+0000] {processor.py:914} INFO - Processing file /home/airflow/.local/lib/python3.12/site-packages/airflow/example_dags/example_inlet_event_extra.py for tasks to queue
[2025-02-24T09:29:02.348+0000] {logging_mixin.py:190} INFO - [2025-02-24T09:29:02.348+0000] {dagbag.py:588} INFO - Filling up the DagBag from /home/airflow/.local/lib/python3.12/site-packages/airflow/example_dags/example_inlet_event_extra.py
[2025-02-24T09:29:03.111+0000] {processor.py:925} INFO - DAG(s) 'read_dataset_event_from_classic', 'read_dataset_event' retrieved from /home/airflow/.local/lib/python3.12/site-packages/airflow/example_dags/example_inlet_event_extra.py
[2025-02-24T09:29:03.141+0000] {logging_mixin.py:190} INFO - [2025-02-24T09:29:03.141+0000] {dag.py:3239} INFO - Sync 2 DAGs
[2025-02-24T09:29:03.176+0000] {logging_mixin.py:190} INFO - [2025-02-24T09:29:03.176+0000] {dag.py:4180} INFO - Setting next_dagrun for read_dataset_event to 2025-02-23 00:00:00+00:00, run_after=2025-02-24 00:00:00+00:00
[2025-02-24T09:29:03.183+0000] {logging_mixin.py:190} INFO - [2025-02-24T09:29:03.183+0000] {dag.py:4180} INFO - Setting next_dagrun for read_dataset_event_from_classic to 2025-02-23 00:00:00+00:00, run_after=2025-02-24 00:00:00+00:00
[2025-02-24T09:29:03.199+0000] {processor.py:208} INFO - Processing /home/airflow/.local/lib/python3.12/site-packages/airflow/example_dags/example_inlet_event_extra.py took 0.860 seconds
[2025-02-24T09:29:33.545+0000] {processor.py:186} INFO - Started process (PID=677) to work on /home/airflow/.local/lib/python3.12/site-packages/airflow/example_dags/example_inlet_event_extra.py
[2025-02-24T09:29:33.546+0000] {processor.py:914} INFO - Processing file /home/airflow/.local/lib/python3.12/site-packages/airflow/example_dags/example_inlet_event_extra.py for tasks to queue
[2025-02-24T09:29:33.548+0000] {logging_mixin.py:190} INFO - [2025-02-24T09:29:33.547+0000] {dagbag.py:588} INFO - Filling up the DagBag from /home/airflow/.local/lib/python3.12/site-packages/airflow/example_dags/example_inlet_event_extra.py
[2025-02-24T09:29:34.115+0000] {processor.py:925} INFO - DAG(s) 'read_dataset_event_from_classic', 'read_dataset_event' retrieved from /home/airflow/.local/lib/python3.12/site-packages/airflow/example_dags/example_inlet_event_extra.py
[2025-02-24T09:29:34.133+0000] {logging_mixin.py:190} INFO - [2025-02-24T09:29:34.133+0000] {dag.py:3239} INFO - Sync 2 DAGs
[2025-02-24T09:29:34.161+0000] {logging_mixin.py:190} INFO - [2025-02-24T09:29:34.161+0000] {dag.py:4180} INFO - Setting next_dagrun for read_dataset_event to 2025-02-23 00:00:00+00:00, run_after=2025-02-24 00:00:00+00:00
[2025-02-24T09:29:34.167+0000] {logging_mixin.py:190} INFO - [2025-02-24T09:29:34.167+0000] {dag.py:4180} INFO - Setting next_dagrun for read_dataset_event_from_classic to 2025-02-23 00:00:00+00:00, run_after=2025-02-24 00:00:00+00:00
[2025-02-24T09:29:34.180+0000] {processor.py:208} INFO - Processing /home/airflow/.local/lib/python3.12/site-packages/airflow/example_dags/example_inlet_event_extra.py took 0.639 seconds
[2025-02-24T09:30:04.960+0000] {processor.py:186} INFO - Started process (PID=741) to work on /home/airflow/.local/lib/python3.12/site-packages/airflow/example_dags/example_inlet_event_extra.py
[2025-02-24T09:30:04.961+0000] {processor.py:914} INFO - Processing file /home/airflow/.local/lib/python3.12/site-packages/airflow/example_dags/example_inlet_event_extra.py for tasks to queue
[2025-02-24T09:30:04.963+0000] {logging_mixin.py:190} INFO - [2025-02-24T09:30:04.962+0000] {dagbag.py:588} INFO - Filling up the DagBag from /home/airflow/.local/lib/python3.12/site-packages/airflow/example_dags/example_inlet_event_extra.py
[2025-02-24T09:30:05.522+0000] {processor.py:925} INFO - DAG(s) 'read_dataset_event_from_classic', 'read_dataset_event' retrieved from /home/airflow/.local/lib/python3.12/site-packages/airflow/example_dags/example_inlet_event_extra.py
[2025-02-24T09:30:05.543+0000] {logging_mixin.py:190} INFO - [2025-02-24T09:30:05.542+0000] {dag.py:3239} INFO - Sync 2 DAGs
[2025-02-24T09:30:05.567+0000] {logging_mixin.py:190} INFO - [2025-02-24T09:30:05.567+0000] {dag.py:4180} INFO - Setting next_dagrun for read_dataset_event to 2025-02-23 00:00:00+00:00, run_after=2025-02-24 00:00:00+00:00
[2025-02-24T09:30:05.571+0000] {logging_mixin.py:190} INFO - [2025-02-24T09:30:05.571+0000] {dag.py:4180} INFO - Setting next_dagrun for read_dataset_event_from_classic to 2025-02-23 00:00:00+00:00, run_after=2025-02-24 00:00:00+00:00
[2025-02-24T09:30:05.588+0000] {processor.py:208} INFO - Processing /home/airflow/.local/lib/python3.12/site-packages/airflow/example_dags/example_inlet_event_extra.py took 0.632 seconds
[2025-02-24T09:30:36.198+0000] {processor.py:186} INFO - Started process (PID=805) to work on /home/airflow/.local/lib/python3.12/site-packages/airflow/example_dags/example_inlet_event_extra.py
[2025-02-24T09:30:36.199+0000] {processor.py:914} INFO - Processing file /home/airflow/.local/lib/python3.12/site-packages/airflow/example_dags/example_inlet_event_extra.py for tasks to queue
[2025-02-24T09:30:36.201+0000] {logging_mixin.py:190} INFO - [2025-02-24T09:30:36.201+0000] {dagbag.py:588} INFO - Filling up the DagBag from /home/airflow/.local/lib/python3.12/site-packages/airflow/example_dags/example_inlet_event_extra.py
[2025-02-24T09:30:36.882+0000] {processor.py:925} INFO - DAG(s) 'read_dataset_event_from_classic', 'read_dataset_event' retrieved from /home/airflow/.local/lib/python3.12/site-packages/airflow/example_dags/example_inlet_event_extra.py
[2025-02-24T09:30:36.908+0000] {logging_mixin.py:190} INFO - [2025-02-24T09:30:36.908+0000] {dag.py:3239} INFO - Sync 2 DAGs
[2025-02-24T09:30:36.934+0000] {logging_mixin.py:190} INFO - [2025-02-24T09:30:36.934+0000] {dag.py:4180} INFO - Setting next_dagrun for read_dataset_event to 2025-02-23 00:00:00+00:00, run_after=2025-02-24 00:00:00+00:00
[2025-02-24T09:30:36.939+0000] {logging_mixin.py:190} INFO - [2025-02-24T09:30:36.939+0000] {dag.py:4180} INFO - Setting next_dagrun for read_dataset_event_from_classic to 2025-02-23 00:00:00+00:00, run_after=2025-02-24 00:00:00+00:00
[2025-02-24T09:30:36.954+0000] {processor.py:208} INFO - Processing /home/airflow/.local/lib/python3.12/site-packages/airflow/example_dags/example_inlet_event_extra.py took 0.762 seconds
[2025-02-24T09:31:07.155+0000] {processor.py:186} INFO - Started process (PID=875) to work on /home/airflow/.local/lib/python3.12/site-packages/airflow/example_dags/example_inlet_event_extra.py
[2025-02-24T09:31:07.156+0000] {processor.py:914} INFO - Processing file /home/airflow/.local/lib/python3.12/site-packages/airflow/example_dags/example_inlet_event_extra.py for tasks to queue
[2025-02-24T09:31:07.157+0000] {logging_mixin.py:190} INFO - [2025-02-24T09:31:07.157+0000] {dagbag.py:588} INFO - Filling up the DagBag from /home/airflow/.local/lib/python3.12/site-packages/airflow/example_dags/example_inlet_event_extra.py
[2025-02-24T09:31:07.726+0000] {processor.py:925} INFO - DAG(s) 'read_dataset_event', 'read_dataset_event_from_classic' retrieved from /home/airflow/.local/lib/python3.12/site-packages/airflow/example_dags/example_inlet_event_extra.py
[2025-02-24T09:31:07.743+0000] {logging_mixin.py:190} INFO - [2025-02-24T09:31:07.743+0000] {dag.py:3239} INFO - Sync 2 DAGs
[2025-02-24T09:31:07.766+0000] {logging_mixin.py:190} INFO - [2025-02-24T09:31:07.766+0000] {dag.py:4180} INFO - Setting next_dagrun for read_dataset_event to 2025-02-23 00:00:00+00:00, run_after=2025-02-24 00:00:00+00:00
[2025-02-24T09:31:07.770+0000] {logging_mixin.py:190} INFO - [2025-02-24T09:31:07.770+0000] {dag.py:4180} INFO - Setting next_dagrun for read_dataset_event_from_classic to 2025-02-23 00:00:00+00:00, run_after=2025-02-24 00:00:00+00:00
[2025-02-24T09:31:07.783+0000] {processor.py:208} INFO - Processing /home/airflow/.local/lib/python3.12/site-packages/airflow/example_dags/example_inlet_event_extra.py took 0.633 seconds
[2025-02-24T09:31:38.089+0000] {processor.py:186} INFO - Started process (PID=941) to work on /home/airflow/.local/lib/python3.12/site-packages/airflow/example_dags/example_inlet_event_extra.py
[2025-02-24T09:31:38.089+0000] {processor.py:914} INFO - Processing file /home/airflow/.local/lib/python3.12/site-packages/airflow/example_dags/example_inlet_event_extra.py for tasks to queue
[2025-02-24T09:31:38.091+0000] {logging_mixin.py:190} INFO - [2025-02-24T09:31:38.091+0000] {dagbag.py:588} INFO - Filling up the DagBag from /home/airflow/.local/lib/python3.12/site-packages/airflow/example_dags/example_inlet_event_extra.py
[2025-02-24T09:31:38.620+0000] {processor.py:925} INFO - DAG(s) 'read_dataset_event', 'read_dataset_event_from_classic' retrieved from /home/airflow/.local/lib/python3.12/site-packages/airflow/example_dags/example_inlet_event_extra.py
[2025-02-24T09:31:38.639+0000] {logging_mixin.py:190} INFO - [2025-02-24T09:31:38.639+0000] {dag.py:3239} INFO - Sync 2 DAGs
[2025-02-24T09:31:38.658+0000] {logging_mixin.py:190} INFO - [2025-02-24T09:31:38.658+0000] {dag.py:4180} INFO - Setting next_dagrun for read_dataset_event to 2025-02-23 00:00:00+00:00, run_after=2025-02-24 00:00:00+00:00
[2025-02-24T09:31:38.662+0000] {logging_mixin.py:190} INFO - [2025-02-24T09:31:38.662+0000] {dag.py:4180} INFO - Setting next_dagrun for read_dataset_event_from_classic to 2025-02-23 00:00:00+00:00, run_after=2025-02-24 00:00:00+00:00
[2025-02-24T09:31:38.673+0000] {processor.py:208} INFO - Processing /home/airflow/.local/lib/python3.12/site-packages/airflow/example_dags/example_inlet_event_extra.py took 0.589 seconds
[2025-02-24T09:32:08.963+0000] {processor.py:186} INFO - Started process (PID=1004) to work on /home/airflow/.local/lib/python3.12/site-packages/airflow/example_dags/example_inlet_event_extra.py
[2025-02-24T09:32:08.964+0000] {processor.py:914} INFO - Processing file /home/airflow/.local/lib/python3.12/site-packages/airflow/example_dags/example_inlet_event_extra.py for tasks to queue
[2025-02-24T09:32:08.966+0000] {logging_mixin.py:190} INFO - [2025-02-24T09:32:08.966+0000] {dagbag.py:588} INFO - Filling up the DagBag from /home/airflow/.local/lib/python3.12/site-packages/airflow/example_dags/example_inlet_event_extra.py
[2025-02-24T09:32:09.469+0000] {processor.py:925} INFO - DAG(s) 'read_dataset_event_from_classic', 'read_dataset_event' retrieved from /home/airflow/.local/lib/python3.12/site-packages/airflow/example_dags/example_inlet_event_extra.py
[2025-02-24T09:32:09.485+0000] {logging_mixin.py:190} INFO - [2025-02-24T09:32:09.485+0000] {dag.py:3239} INFO - Sync 2 DAGs
[2025-02-24T09:32:09.506+0000] {logging_mixin.py:190} INFO - [2025-02-24T09:32:09.505+0000] {dag.py:4180} INFO - Setting next_dagrun for read_dataset_event to 2025-02-23 00:00:00+00:00, run_after=2025-02-24 00:00:00+00:00
[2025-02-24T09:32:09.509+0000] {logging_mixin.py:190} INFO - [2025-02-24T09:32:09.509+0000] {dag.py:4180} INFO - Setting next_dagrun for read_dataset_event_from_classic to 2025-02-23 00:00:00+00:00, run_after=2025-02-24 00:00:00+00:00
[2025-02-24T09:32:09.521+0000] {processor.py:208} INFO - Processing /home/airflow/.local/lib/python3.12/site-packages/airflow/example_dags/example_inlet_event_extra.py took 0.563 seconds
[2025-02-24T09:32:40.111+0000] {processor.py:186} INFO - Started process (PID=1067) to work on /home/airflow/.local/lib/python3.12/site-packages/airflow/example_dags/example_inlet_event_extra.py
[2025-02-24T09:32:40.112+0000] {processor.py:914} INFO - Processing file /home/airflow/.local/lib/python3.12/site-packages/airflow/example_dags/example_inlet_event_extra.py for tasks to queue
[2025-02-24T09:32:40.114+0000] {logging_mixin.py:190} INFO - [2025-02-24T09:32:40.113+0000] {dagbag.py:588} INFO - Filling up the DagBag from /home/airflow/.local/lib/python3.12/site-packages/airflow/example_dags/example_inlet_event_extra.py
[2025-02-24T09:32:40.621+0000] {processor.py:925} INFO - DAG(s) 'read_dataset_event_from_classic', 'read_dataset_event' retrieved from /home/airflow/.local/lib/python3.12/site-packages/airflow/example_dags/example_inlet_event_extra.py
[2025-02-24T09:32:40.637+0000] {logging_mixin.py:190} INFO - [2025-02-24T09:32:40.636+0000] {dag.py:3239} INFO - Sync 2 DAGs
[2025-02-24T09:32:40.656+0000] {logging_mixin.py:190} INFO - [2025-02-24T09:32:40.656+0000] {dag.py:4180} INFO - Setting next_dagrun for read_dataset_event to 2025-02-23 00:00:00+00:00, run_after=2025-02-24 00:00:00+00:00
[2025-02-24T09:32:40.660+0000] {logging_mixin.py:190} INFO - [2025-02-24T09:32:40.660+0000] {dag.py:4180} INFO - Setting next_dagrun for read_dataset_event_from_classic to 2025-02-23 00:00:00+00:00, run_after=2025-02-24 00:00:00+00:00
[2025-02-24T09:32:40.670+0000] {processor.py:208} INFO - Processing /home/airflow/.local/lib/python3.12/site-packages/airflow/example_dags/example_inlet_event_extra.py took 0.564 seconds
[2025-02-24T09:33:11.405+0000] {processor.py:186} INFO - Started process (PID=1130) to work on /home/airflow/.local/lib/python3.12/site-packages/airflow/example_dags/example_inlet_event_extra.py
[2025-02-24T09:33:11.406+0000] {processor.py:914} INFO - Processing file /home/airflow/.local/lib/python3.12/site-packages/airflow/example_dags/example_inlet_event_extra.py for tasks to queue
[2025-02-24T09:33:11.408+0000] {logging_mixin.py:190} INFO - [2025-02-24T09:33:11.407+0000] {dagbag.py:588} INFO - Filling up the DagBag from /home/airflow/.local/lib/python3.12/site-packages/airflow/example_dags/example_inlet_event_extra.py
[2025-02-24T09:33:11.970+0000] {processor.py:925} INFO - DAG(s) 'read_dataset_event', 'read_dataset_event_from_classic' retrieved from /home/airflow/.local/lib/python3.12/site-packages/airflow/example_dags/example_inlet_event_extra.py
[2025-02-24T09:33:11.987+0000] {logging_mixin.py:190} INFO - [2025-02-24T09:33:11.987+0000] {dag.py:3239} INFO - Sync 2 DAGs
[2025-02-24T09:33:12.011+0000] {logging_mixin.py:190} INFO - [2025-02-24T09:33:12.010+0000] {dag.py:4180} INFO - Setting next_dagrun for read_dataset_event to 2025-02-23 00:00:00+00:00, run_after=2025-02-24 00:00:00+00:00
[2025-02-24T09:33:12.017+0000] {logging_mixin.py:190} INFO - [2025-02-24T09:33:12.017+0000] {dag.py:4180} INFO - Setting next_dagrun for read_dataset_event_from_classic to 2025-02-23 00:00:00+00:00, run_after=2025-02-24 00:00:00+00:00
[2025-02-24T09:33:12.035+0000] {processor.py:208} INFO - Processing /home/airflow/.local/lib/python3.12/site-packages/airflow/example_dags/example_inlet_event_extra.py took 0.636 seconds
[2025-02-24T09:33:42.200+0000] {processor.py:186} INFO - Started process (PID=1193) to work on /home/airflow/.local/lib/python3.12/site-packages/airflow/example_dags/example_inlet_event_extra.py
[2025-02-24T09:33:42.200+0000] {processor.py:914} INFO - Processing file /home/airflow/.local/lib/python3.12/site-packages/airflow/example_dags/example_inlet_event_extra.py for tasks to queue
[2025-02-24T09:33:42.202+0000] {logging_mixin.py:190} INFO - [2025-02-24T09:33:42.202+0000] {dagbag.py:588} INFO - Filling up the DagBag from /home/airflow/.local/lib/python3.12/site-packages/airflow/example_dags/example_inlet_event_extra.py
[2025-02-24T09:33:42.738+0000] {processor.py:925} INFO - DAG(s) 'read_dataset_event', 'read_dataset_event_from_classic' retrieved from /home/airflow/.local/lib/python3.12/site-packages/airflow/example_dags/example_inlet_event_extra.py
[2025-02-24T09:33:42.756+0000] {logging_mixin.py:190} INFO - [2025-02-24T09:33:42.756+0000] {dag.py:3239} INFO - Sync 2 DAGs
[2025-02-24T09:33:42.778+0000] {logging_mixin.py:190} INFO - [2025-02-24T09:33:42.777+0000] {dag.py:4180} INFO - Setting next_dagrun for read_dataset_event to 2025-02-23 00:00:00+00:00, run_after=2025-02-24 00:00:00+00:00
[2025-02-24T09:33:42.782+0000] {logging_mixin.py:190} INFO - [2025-02-24T09:33:42.782+0000] {dag.py:4180} INFO - Setting next_dagrun for read_dataset_event_from_classic to 2025-02-23 00:00:00+00:00, run_after=2025-02-24 00:00:00+00:00
[2025-02-24T09:33:42.797+0000] {processor.py:208} INFO - Processing /home/airflow/.local/lib/python3.12/site-packages/airflow/example_dags/example_inlet_event_extra.py took 0.602 seconds
