[2025-02-24T09:24:49.138+0000] {processor.py:186} INFO - Started process (PID=85) to work on /home/airflow/.local/lib/python3.12/site-packages/airflow/example_dags/example_setup_teardown_taskflow.py
[2025-02-24T09:24:49.139+0000] {processor.py:914} INFO - Processing file /home/airflow/.local/lib/python3.12/site-packages/airflow/example_dags/example_setup_teardown_taskflow.py for tasks to queue
[2025-02-24T09:24:49.141+0000] {logging_mixin.py:190} INFO - [2025-02-24T09:24:49.141+0000] {dagbag.py:588} INFO - Filling up the DagBag from /home/airflow/.local/lib/python3.12/site-packages/airflow/example_dags/example_setup_teardown_taskflow.py
[2025-02-24T09:24:49.153+0000] {processor.py:925} INFO - DAG(s) 'example_setup_teardown_taskflow' retrieved from /home/airflow/.local/lib/python3.12/site-packages/airflow/example_dags/example_setup_teardown_taskflow.py
[2025-02-24T09:24:49.347+0000] {logging_mixin.py:190} INFO - [2025-02-24T09:24:49.346+0000] {override.py:1911} INFO - Created Permission View: can edit on DAG:example_setup_teardown_taskflow
[2025-02-24T09:24:49.368+0000] {logging_mixin.py:190} INFO - [2025-02-24T09:24:49.367+0000] {override.py:1911} INFO - Created Permission View: can read on DAG:example_setup_teardown_taskflow
[2025-02-24T09:24:49.396+0000] {logging_mixin.py:190} INFO - [2025-02-24T09:24:49.396+0000] {override.py:1911} INFO - Created Permission View: can delete on DAG:example_setup_teardown_taskflow
[2025-02-24T09:24:49.403+0000] {logging_mixin.py:190} INFO - [2025-02-24T09:24:49.402+0000] {override.py:1911} INFO - Created Permission View: can create on DAG Run:example_setup_teardown_taskflow
[2025-02-24T09:24:49.409+0000] {logging_mixin.py:190} INFO - [2025-02-24T09:24:49.409+0000] {override.py:1911} INFO - Created Permission View: can read on DAG Run:example_setup_teardown_taskflow
[2025-02-24T09:24:49.415+0000] {logging_mixin.py:190} INFO - [2025-02-24T09:24:49.415+0000] {override.py:1911} INFO - Created Permission View: menu access on DAG Run:example_setup_teardown_taskflow
[2025-02-24T09:24:49.422+0000] {logging_mixin.py:190} INFO - [2025-02-24T09:24:49.422+0000] {override.py:1911} INFO - Created Permission View: can delete on DAG Run:example_setup_teardown_taskflow
[2025-02-24T09:24:49.423+0000] {logging_mixin.py:190} INFO - [2025-02-24T09:24:49.422+0000] {dag.py:3239} INFO - Sync 1 DAGs
[2025-02-24T09:24:49.439+0000] {logging_mixin.py:190} INFO - [2025-02-24T09:24:49.438+0000] {dag.py:3262} INFO - Creating ORM DAG for example_setup_teardown_taskflow
[2025-02-24T09:24:49.440+0000] {logging_mixin.py:190} INFO - [2025-02-24T09:24:49.439+0000] {dag.py:4180} INFO - Setting next_dagrun for example_setup_teardown_taskflow to None, run_after=None
[2025-02-24T09:24:49.483+0000] {processor.py:208} INFO - Processing /home/airflow/.local/lib/python3.12/site-packages/airflow/example_dags/example_setup_teardown_taskflow.py took 0.351 seconds
[2025-02-24T09:25:20.321+0000] {processor.py:186} INFO - Started process (PID=147) to work on /home/airflow/.local/lib/python3.12/site-packages/airflow/example_dags/example_setup_teardown_taskflow.py
[2025-02-24T09:25:20.323+0000] {processor.py:914} INFO - Processing file /home/airflow/.local/lib/python3.12/site-packages/airflow/example_dags/example_setup_teardown_taskflow.py for tasks to queue
[2025-02-24T09:25:20.326+0000] {logging_mixin.py:190} INFO - [2025-02-24T09:25:20.325+0000] {dagbag.py:588} INFO - Filling up the DagBag from /home/airflow/.local/lib/python3.12/site-packages/airflow/example_dags/example_setup_teardown_taskflow.py
[2025-02-24T09:25:20.336+0000] {processor.py:925} INFO - DAG(s) 'example_setup_teardown_taskflow' retrieved from /home/airflow/.local/lib/python3.12/site-packages/airflow/example_dags/example_setup_teardown_taskflow.py
[2025-02-24T09:25:20.360+0000] {logging_mixin.py:190} INFO - [2025-02-24T09:25:20.359+0000] {dag.py:3239} INFO - Sync 1 DAGs
[2025-02-24T09:25:20.378+0000] {logging_mixin.py:190} INFO - [2025-02-24T09:25:20.378+0000] {dag.py:4180} INFO - Setting next_dagrun for example_setup_teardown_taskflow to None, run_after=None
[2025-02-24T09:25:20.396+0000] {processor.py:208} INFO - Processing /home/airflow/.local/lib/python3.12/site-packages/airflow/example_dags/example_setup_teardown_taskflow.py took 0.080 seconds
[2025-02-24T09:25:50.552+0000] {processor.py:186} INFO - Started process (PID=210) to work on /home/airflow/.local/lib/python3.12/site-packages/airflow/example_dags/example_setup_teardown_taskflow.py
[2025-02-24T09:25:50.552+0000] {processor.py:914} INFO - Processing file /home/airflow/.local/lib/python3.12/site-packages/airflow/example_dags/example_setup_teardown_taskflow.py for tasks to queue
[2025-02-24T09:25:50.554+0000] {logging_mixin.py:190} INFO - [2025-02-24T09:25:50.554+0000] {dagbag.py:588} INFO - Filling up the DagBag from /home/airflow/.local/lib/python3.12/site-packages/airflow/example_dags/example_setup_teardown_taskflow.py
[2025-02-24T09:25:50.562+0000] {processor.py:925} INFO - DAG(s) 'example_setup_teardown_taskflow' retrieved from /home/airflow/.local/lib/python3.12/site-packages/airflow/example_dags/example_setup_teardown_taskflow.py
[2025-02-24T09:25:50.582+0000] {logging_mixin.py:190} INFO - [2025-02-24T09:25:50.582+0000] {dag.py:3239} INFO - Sync 1 DAGs
[2025-02-24T09:25:50.598+0000] {logging_mixin.py:190} INFO - [2025-02-24T09:25:50.598+0000] {dag.py:4180} INFO - Setting next_dagrun for example_setup_teardown_taskflow to None, run_after=None
[2025-02-24T09:25:50.615+0000] {processor.py:208} INFO - Processing /home/airflow/.local/lib/python3.12/site-packages/airflow/example_dags/example_setup_teardown_taskflow.py took 0.069 seconds
[2025-02-24T09:26:20.889+0000] {processor.py:186} INFO - Started process (PID=274) to work on /home/airflow/.local/lib/python3.12/site-packages/airflow/example_dags/example_setup_teardown_taskflow.py
[2025-02-24T09:26:20.889+0000] {processor.py:914} INFO - Processing file /home/airflow/.local/lib/python3.12/site-packages/airflow/example_dags/example_setup_teardown_taskflow.py for tasks to queue
[2025-02-24T09:26:20.891+0000] {logging_mixin.py:190} INFO - [2025-02-24T09:26:20.891+0000] {dagbag.py:588} INFO - Filling up the DagBag from /home/airflow/.local/lib/python3.12/site-packages/airflow/example_dags/example_setup_teardown_taskflow.py
[2025-02-24T09:26:20.899+0000] {processor.py:925} INFO - DAG(s) 'example_setup_teardown_taskflow' retrieved from /home/airflow/.local/lib/python3.12/site-packages/airflow/example_dags/example_setup_teardown_taskflow.py
[2025-02-24T09:26:20.920+0000] {logging_mixin.py:190} INFO - [2025-02-24T09:26:20.920+0000] {dag.py:3239} INFO - Sync 1 DAGs
[2025-02-24T09:26:20.936+0000] {logging_mixin.py:190} INFO - [2025-02-24T09:26:20.936+0000] {dag.py:4180} INFO - Setting next_dagrun for example_setup_teardown_taskflow to None, run_after=None
[2025-02-24T09:26:20.964+0000] {processor.py:208} INFO - Processing /home/airflow/.local/lib/python3.12/site-packages/airflow/example_dags/example_setup_teardown_taskflow.py took 0.079 seconds
[2025-02-24T09:26:51.346+0000] {processor.py:186} INFO - Started process (PID=337) to work on /home/airflow/.local/lib/python3.12/site-packages/airflow/example_dags/example_setup_teardown_taskflow.py
[2025-02-24T09:26:51.348+0000] {processor.py:914} INFO - Processing file /home/airflow/.local/lib/python3.12/site-packages/airflow/example_dags/example_setup_teardown_taskflow.py for tasks to queue
[2025-02-24T09:26:51.353+0000] {logging_mixin.py:190} INFO - [2025-02-24T09:26:51.353+0000] {dagbag.py:588} INFO - Filling up the DagBag from /home/airflow/.local/lib/python3.12/site-packages/airflow/example_dags/example_setup_teardown_taskflow.py
[2025-02-24T09:26:51.370+0000] {processor.py:925} INFO - DAG(s) 'example_setup_teardown_taskflow' retrieved from /home/airflow/.local/lib/python3.12/site-packages/airflow/example_dags/example_setup_teardown_taskflow.py
[2025-02-24T09:26:51.394+0000] {logging_mixin.py:190} INFO - [2025-02-24T09:26:51.394+0000] {dag.py:3239} INFO - Sync 1 DAGs
[2025-02-24T09:26:51.411+0000] {logging_mixin.py:190} INFO - [2025-02-24T09:26:51.411+0000] {dag.py:4180} INFO - Setting next_dagrun for example_setup_teardown_taskflow to None, run_after=None
[2025-02-24T09:26:51.430+0000] {processor.py:208} INFO - Processing /home/airflow/.local/lib/python3.12/site-packages/airflow/example_dags/example_setup_teardown_taskflow.py took 0.091 seconds
[2025-02-24T09:27:21.737+0000] {processor.py:186} INFO - Started process (PID=400) to work on /home/airflow/.local/lib/python3.12/site-packages/airflow/example_dags/example_setup_teardown_taskflow.py
[2025-02-24T09:27:21.737+0000] {processor.py:914} INFO - Processing file /home/airflow/.local/lib/python3.12/site-packages/airflow/example_dags/example_setup_teardown_taskflow.py for tasks to queue
[2025-02-24T09:27:21.739+0000] {logging_mixin.py:190} INFO - [2025-02-24T09:27:21.739+0000] {dagbag.py:588} INFO - Filling up the DagBag from /home/airflow/.local/lib/python3.12/site-packages/airflow/example_dags/example_setup_teardown_taskflow.py
[2025-02-24T09:27:21.748+0000] {processor.py:925} INFO - DAG(s) 'example_setup_teardown_taskflow' retrieved from /home/airflow/.local/lib/python3.12/site-packages/airflow/example_dags/example_setup_teardown_taskflow.py
[2025-02-24T09:27:21.768+0000] {logging_mixin.py:190} INFO - [2025-02-24T09:27:21.768+0000] {dag.py:3239} INFO - Sync 1 DAGs
[2025-02-24T09:27:21.782+0000] {logging_mixin.py:190} INFO - [2025-02-24T09:27:21.781+0000] {dag.py:4180} INFO - Setting next_dagrun for example_setup_teardown_taskflow to None, run_after=None
[2025-02-24T09:27:21.800+0000] {processor.py:208} INFO - Processing /home/airflow/.local/lib/python3.12/site-packages/airflow/example_dags/example_setup_teardown_taskflow.py took 0.068 seconds
[2025-02-24T09:27:52.124+0000] {processor.py:186} INFO - Started process (PID=463) to work on /home/airflow/.local/lib/python3.12/site-packages/airflow/example_dags/example_setup_teardown_taskflow.py
[2025-02-24T09:27:52.125+0000] {processor.py:914} INFO - Processing file /home/airflow/.local/lib/python3.12/site-packages/airflow/example_dags/example_setup_teardown_taskflow.py for tasks to queue
[2025-02-24T09:27:52.127+0000] {logging_mixin.py:190} INFO - [2025-02-24T09:27:52.127+0000] {dagbag.py:588} INFO - Filling up the DagBag from /home/airflow/.local/lib/python3.12/site-packages/airflow/example_dags/example_setup_teardown_taskflow.py
[2025-02-24T09:27:52.136+0000] {processor.py:925} INFO - DAG(s) 'example_setup_teardown_taskflow' retrieved from /home/airflow/.local/lib/python3.12/site-packages/airflow/example_dags/example_setup_teardown_taskflow.py
[2025-02-24T09:27:52.156+0000] {logging_mixin.py:190} INFO - [2025-02-24T09:27:52.156+0000] {dag.py:3239} INFO - Sync 1 DAGs
[2025-02-24T09:27:52.169+0000] {logging_mixin.py:190} INFO - [2025-02-24T09:27:52.169+0000] {dag.py:4180} INFO - Setting next_dagrun for example_setup_teardown_taskflow to None, run_after=None
[2025-02-24T09:27:52.188+0000] {processor.py:208} INFO - Processing /home/airflow/.local/lib/python3.12/site-packages/airflow/example_dags/example_setup_teardown_taskflow.py took 0.069 seconds
[2025-02-24T09:28:22.650+0000] {processor.py:186} INFO - Started process (PID=526) to work on /home/airflow/.local/lib/python3.12/site-packages/airflow/example_dags/example_setup_teardown_taskflow.py
[2025-02-24T09:28:22.651+0000] {processor.py:914} INFO - Processing file /home/airflow/.local/lib/python3.12/site-packages/airflow/example_dags/example_setup_teardown_taskflow.py for tasks to queue
[2025-02-24T09:28:22.653+0000] {logging_mixin.py:190} INFO - [2025-02-24T09:28:22.653+0000] {dagbag.py:588} INFO - Filling up the DagBag from /home/airflow/.local/lib/python3.12/site-packages/airflow/example_dags/example_setup_teardown_taskflow.py
[2025-02-24T09:28:22.661+0000] {processor.py:925} INFO - DAG(s) 'example_setup_teardown_taskflow' retrieved from /home/airflow/.local/lib/python3.12/site-packages/airflow/example_dags/example_setup_teardown_taskflow.py
[2025-02-24T09:28:22.680+0000] {logging_mixin.py:190} INFO - [2025-02-24T09:28:22.680+0000] {dag.py:3239} INFO - Sync 1 DAGs
[2025-02-24T09:28:22.698+0000] {logging_mixin.py:190} INFO - [2025-02-24T09:28:22.697+0000] {dag.py:4180} INFO - Setting next_dagrun for example_setup_teardown_taskflow to None, run_after=None
[2025-02-24T09:28:22.721+0000] {processor.py:208} INFO - Processing /home/airflow/.local/lib/python3.12/site-packages/airflow/example_dags/example_setup_teardown_taskflow.py took 0.075 seconds
[2025-02-24T09:28:52.769+0000] {processor.py:186} INFO - Started process (PID=589) to work on /home/airflow/.local/lib/python3.12/site-packages/airflow/example_dags/example_setup_teardown_taskflow.py
[2025-02-24T09:28:52.769+0000] {processor.py:914} INFO - Processing file /home/airflow/.local/lib/python3.12/site-packages/airflow/example_dags/example_setup_teardown_taskflow.py for tasks to queue
[2025-02-24T09:28:52.771+0000] {logging_mixin.py:190} INFO - [2025-02-24T09:28:52.770+0000] {dagbag.py:588} INFO - Filling up the DagBag from /home/airflow/.local/lib/python3.12/site-packages/airflow/example_dags/example_setup_teardown_taskflow.py
[2025-02-24T09:28:52.779+0000] {processor.py:925} INFO - DAG(s) 'example_setup_teardown_taskflow' retrieved from /home/airflow/.local/lib/python3.12/site-packages/airflow/example_dags/example_setup_teardown_taskflow.py
[2025-02-24T09:28:52.794+0000] {logging_mixin.py:190} INFO - [2025-02-24T09:28:52.794+0000] {dag.py:3239} INFO - Sync 1 DAGs
[2025-02-24T09:28:52.805+0000] {logging_mixin.py:190} INFO - [2025-02-24T09:28:52.805+0000] {dag.py:4180} INFO - Setting next_dagrun for example_setup_teardown_taskflow to None, run_after=None
[2025-02-24T09:28:52.819+0000] {processor.py:208} INFO - Processing /home/airflow/.local/lib/python3.12/site-packages/airflow/example_dags/example_setup_teardown_taskflow.py took 0.054 seconds
[2025-02-24T09:29:23.259+0000] {processor.py:186} INFO - Started process (PID=652) to work on /home/airflow/.local/lib/python3.12/site-packages/airflow/example_dags/example_setup_teardown_taskflow.py
[2025-02-24T09:29:23.260+0000] {processor.py:914} INFO - Processing file /home/airflow/.local/lib/python3.12/site-packages/airflow/example_dags/example_setup_teardown_taskflow.py for tasks to queue
[2025-02-24T09:29:23.261+0000] {logging_mixin.py:190} INFO - [2025-02-24T09:29:23.261+0000] {dagbag.py:588} INFO - Filling up the DagBag from /home/airflow/.local/lib/python3.12/site-packages/airflow/example_dags/example_setup_teardown_taskflow.py
[2025-02-24T09:29:23.270+0000] {processor.py:925} INFO - DAG(s) 'example_setup_teardown_taskflow' retrieved from /home/airflow/.local/lib/python3.12/site-packages/airflow/example_dags/example_setup_teardown_taskflow.py
[2025-02-24T09:29:23.290+0000] {logging_mixin.py:190} INFO - [2025-02-24T09:29:23.290+0000] {dag.py:3239} INFO - Sync 1 DAGs
[2025-02-24T09:29:23.307+0000] {logging_mixin.py:190} INFO - [2025-02-24T09:29:23.307+0000] {dag.py:4180} INFO - Setting next_dagrun for example_setup_teardown_taskflow to None, run_after=None
[2025-02-24T09:29:23.327+0000] {processor.py:208} INFO - Processing /home/airflow/.local/lib/python3.12/site-packages/airflow/example_dags/example_setup_teardown_taskflow.py took 0.072 seconds
[2025-02-24T09:29:53.429+0000] {processor.py:186} INFO - Started process (PID=715) to work on /home/airflow/.local/lib/python3.12/site-packages/airflow/example_dags/example_setup_teardown_taskflow.py
[2025-02-24T09:29:53.429+0000] {processor.py:914} INFO - Processing file /home/airflow/.local/lib/python3.12/site-packages/airflow/example_dags/example_setup_teardown_taskflow.py for tasks to queue
[2025-02-24T09:29:53.431+0000] {logging_mixin.py:190} INFO - [2025-02-24T09:29:53.430+0000] {dagbag.py:588} INFO - Filling up the DagBag from /home/airflow/.local/lib/python3.12/site-packages/airflow/example_dags/example_setup_teardown_taskflow.py
[2025-02-24T09:29:53.439+0000] {processor.py:925} INFO - DAG(s) 'example_setup_teardown_taskflow' retrieved from /home/airflow/.local/lib/python3.12/site-packages/airflow/example_dags/example_setup_teardown_taskflow.py
[2025-02-24T09:29:53.459+0000] {logging_mixin.py:190} INFO - [2025-02-24T09:29:53.459+0000] {dag.py:3239} INFO - Sync 1 DAGs
[2025-02-24T09:29:53.474+0000] {logging_mixin.py:190} INFO - [2025-02-24T09:29:53.474+0000] {dag.py:4180} INFO - Setting next_dagrun for example_setup_teardown_taskflow to None, run_after=None
[2025-02-24T09:29:53.491+0000] {processor.py:208} INFO - Processing /home/airflow/.local/lib/python3.12/site-packages/airflow/example_dags/example_setup_teardown_taskflow.py took 0.067 seconds
[2025-02-24T09:30:23.711+0000] {processor.py:186} INFO - Started process (PID=778) to work on /home/airflow/.local/lib/python3.12/site-packages/airflow/example_dags/example_setup_teardown_taskflow.py
[2025-02-24T09:30:23.712+0000] {processor.py:914} INFO - Processing file /home/airflow/.local/lib/python3.12/site-packages/airflow/example_dags/example_setup_teardown_taskflow.py for tasks to queue
[2025-02-24T09:30:23.713+0000] {logging_mixin.py:190} INFO - [2025-02-24T09:30:23.713+0000] {dagbag.py:588} INFO - Filling up the DagBag from /home/airflow/.local/lib/python3.12/site-packages/airflow/example_dags/example_setup_teardown_taskflow.py
[2025-02-24T09:30:23.722+0000] {processor.py:925} INFO - DAG(s) 'example_setup_teardown_taskflow' retrieved from /home/airflow/.local/lib/python3.12/site-packages/airflow/example_dags/example_setup_teardown_taskflow.py
[2025-02-24T09:30:23.741+0000] {logging_mixin.py:190} INFO - [2025-02-24T09:30:23.741+0000] {dag.py:3239} INFO - Sync 1 DAGs
[2025-02-24T09:30:23.758+0000] {logging_mixin.py:190} INFO - [2025-02-24T09:30:23.757+0000] {dag.py:4180} INFO - Setting next_dagrun for example_setup_teardown_taskflow to None, run_after=None
[2025-02-24T09:30:23.777+0000] {processor.py:208} INFO - Processing /home/airflow/.local/lib/python3.12/site-packages/airflow/example_dags/example_setup_teardown_taskflow.py took 0.071 seconds
[2025-02-24T09:30:54.043+0000] {processor.py:186} INFO - Started process (PID=841) to work on /home/airflow/.local/lib/python3.12/site-packages/airflow/example_dags/example_setup_teardown_taskflow.py
[2025-02-24T09:30:54.044+0000] {processor.py:914} INFO - Processing file /home/airflow/.local/lib/python3.12/site-packages/airflow/example_dags/example_setup_teardown_taskflow.py for tasks to queue
[2025-02-24T09:30:54.046+0000] {logging_mixin.py:190} INFO - [2025-02-24T09:30:54.045+0000] {dagbag.py:588} INFO - Filling up the DagBag from /home/airflow/.local/lib/python3.12/site-packages/airflow/example_dags/example_setup_teardown_taskflow.py
[2025-02-24T09:30:54.054+0000] {processor.py:925} INFO - DAG(s) 'example_setup_teardown_taskflow' retrieved from /home/airflow/.local/lib/python3.12/site-packages/airflow/example_dags/example_setup_teardown_taskflow.py
[2025-02-24T09:30:54.072+0000] {logging_mixin.py:190} INFO - [2025-02-24T09:30:54.072+0000] {dag.py:3239} INFO - Sync 1 DAGs
[2025-02-24T09:30:54.084+0000] {logging_mixin.py:190} INFO - [2025-02-24T09:30:54.083+0000] {dag.py:4180} INFO - Setting next_dagrun for example_setup_teardown_taskflow to None, run_after=None
[2025-02-24T09:30:54.098+0000] {processor.py:208} INFO - Processing /home/airflow/.local/lib/python3.12/site-packages/airflow/example_dags/example_setup_teardown_taskflow.py took 0.059 seconds
[2025-02-24T09:31:24.373+0000] {processor.py:186} INFO - Started process (PID=904) to work on /home/airflow/.local/lib/python3.12/site-packages/airflow/example_dags/example_setup_teardown_taskflow.py
[2025-02-24T09:31:24.374+0000] {processor.py:914} INFO - Processing file /home/airflow/.local/lib/python3.12/site-packages/airflow/example_dags/example_setup_teardown_taskflow.py for tasks to queue
[2025-02-24T09:31:24.375+0000] {logging_mixin.py:190} INFO - [2025-02-24T09:31:24.375+0000] {dagbag.py:588} INFO - Filling up the DagBag from /home/airflow/.local/lib/python3.12/site-packages/airflow/example_dags/example_setup_teardown_taskflow.py
[2025-02-24T09:31:24.385+0000] {processor.py:925} INFO - DAG(s) 'example_setup_teardown_taskflow' retrieved from /home/airflow/.local/lib/python3.12/site-packages/airflow/example_dags/example_setup_teardown_taskflow.py
[2025-02-24T09:31:24.408+0000] {logging_mixin.py:190} INFO - [2025-02-24T09:31:24.407+0000] {dag.py:3239} INFO - Sync 1 DAGs
[2025-02-24T09:31:24.426+0000] {logging_mixin.py:190} INFO - [2025-02-24T09:31:24.426+0000] {dag.py:4180} INFO - Setting next_dagrun for example_setup_teardown_taskflow to None, run_after=None
[2025-02-24T09:31:24.447+0000] {processor.py:208} INFO - Processing /home/airflow/.local/lib/python3.12/site-packages/airflow/example_dags/example_setup_teardown_taskflow.py took 0.079 seconds
[2025-02-24T09:31:55.081+0000] {processor.py:186} INFO - Started process (PID=967) to work on /home/airflow/.local/lib/python3.12/site-packages/airflow/example_dags/example_setup_teardown_taskflow.py
[2025-02-24T09:31:55.082+0000] {processor.py:914} INFO - Processing file /home/airflow/.local/lib/python3.12/site-packages/airflow/example_dags/example_setup_teardown_taskflow.py for tasks to queue
[2025-02-24T09:31:55.084+0000] {logging_mixin.py:190} INFO - [2025-02-24T09:31:55.084+0000] {dagbag.py:588} INFO - Filling up the DagBag from /home/airflow/.local/lib/python3.12/site-packages/airflow/example_dags/example_setup_teardown_taskflow.py
[2025-02-24T09:31:55.093+0000] {processor.py:925} INFO - DAG(s) 'example_setup_teardown_taskflow' retrieved from /home/airflow/.local/lib/python3.12/site-packages/airflow/example_dags/example_setup_teardown_taskflow.py
[2025-02-24T09:31:55.112+0000] {logging_mixin.py:190} INFO - [2025-02-24T09:31:55.111+0000] {dag.py:3239} INFO - Sync 1 DAGs
[2025-02-24T09:31:55.127+0000] {logging_mixin.py:190} INFO - [2025-02-24T09:31:55.127+0000] {dag.py:4180} INFO - Setting next_dagrun for example_setup_teardown_taskflow to None, run_after=None
[2025-02-24T09:31:55.146+0000] {processor.py:208} INFO - Processing /home/airflow/.local/lib/python3.12/site-packages/airflow/example_dags/example_setup_teardown_taskflow.py took 0.070 seconds
[2025-02-24T09:32:25.352+0000] {processor.py:186} INFO - Started process (PID=1030) to work on /home/airflow/.local/lib/python3.12/site-packages/airflow/example_dags/example_setup_teardown_taskflow.py
[2025-02-24T09:32:25.353+0000] {processor.py:914} INFO - Processing file /home/airflow/.local/lib/python3.12/site-packages/airflow/example_dags/example_setup_teardown_taskflow.py for tasks to queue
[2025-02-24T09:32:25.354+0000] {logging_mixin.py:190} INFO - [2025-02-24T09:32:25.354+0000] {dagbag.py:588} INFO - Filling up the DagBag from /home/airflow/.local/lib/python3.12/site-packages/airflow/example_dags/example_setup_teardown_taskflow.py
[2025-02-24T09:32:25.363+0000] {processor.py:925} INFO - DAG(s) 'example_setup_teardown_taskflow' retrieved from /home/airflow/.local/lib/python3.12/site-packages/airflow/example_dags/example_setup_teardown_taskflow.py
[2025-02-24T09:32:25.383+0000] {logging_mixin.py:190} INFO - [2025-02-24T09:32:25.382+0000] {dag.py:3239} INFO - Sync 1 DAGs
[2025-02-24T09:32:25.398+0000] {logging_mixin.py:190} INFO - [2025-02-24T09:32:25.398+0000] {dag.py:4180} INFO - Setting next_dagrun for example_setup_teardown_taskflow to None, run_after=None
[2025-02-24T09:32:25.413+0000] {processor.py:208} INFO - Processing /home/airflow/.local/lib/python3.12/site-packages/airflow/example_dags/example_setup_teardown_taskflow.py took 0.065 seconds
[2025-02-24T09:32:56.316+0000] {processor.py:186} INFO - Started process (PID=1093) to work on /home/airflow/.local/lib/python3.12/site-packages/airflow/example_dags/example_setup_teardown_taskflow.py
[2025-02-24T09:32:56.317+0000] {processor.py:914} INFO - Processing file /home/airflow/.local/lib/python3.12/site-packages/airflow/example_dags/example_setup_teardown_taskflow.py for tasks to queue
[2025-02-24T09:32:56.319+0000] {logging_mixin.py:190} INFO - [2025-02-24T09:32:56.318+0000] {dagbag.py:588} INFO - Filling up the DagBag from /home/airflow/.local/lib/python3.12/site-packages/airflow/example_dags/example_setup_teardown_taskflow.py
[2025-02-24T09:32:56.330+0000] {processor.py:925} INFO - DAG(s) 'example_setup_teardown_taskflow' retrieved from /home/airflow/.local/lib/python3.12/site-packages/airflow/example_dags/example_setup_teardown_taskflow.py
[2025-02-24T09:32:56.356+0000] {logging_mixin.py:190} INFO - [2025-02-24T09:32:56.356+0000] {dag.py:3239} INFO - Sync 1 DAGs
[2025-02-24T09:32:56.374+0000] {logging_mixin.py:190} INFO - [2025-02-24T09:32:56.373+0000] {dag.py:4180} INFO - Setting next_dagrun for example_setup_teardown_taskflow to None, run_after=None
[2025-02-24T09:32:56.392+0000] {processor.py:208} INFO - Processing /home/airflow/.local/lib/python3.12/site-packages/airflow/example_dags/example_setup_teardown_taskflow.py took 0.082 seconds
[2025-02-24T09:33:27.033+0000] {processor.py:186} INFO - Started process (PID=1156) to work on /home/airflow/.local/lib/python3.12/site-packages/airflow/example_dags/example_setup_teardown_taskflow.py
[2025-02-24T09:33:27.033+0000] {processor.py:914} INFO - Processing file /home/airflow/.local/lib/python3.12/site-packages/airflow/example_dags/example_setup_teardown_taskflow.py for tasks to queue
[2025-02-24T09:33:27.036+0000] {logging_mixin.py:190} INFO - [2025-02-24T09:33:27.035+0000] {dagbag.py:588} INFO - Filling up the DagBag from /home/airflow/.local/lib/python3.12/site-packages/airflow/example_dags/example_setup_teardown_taskflow.py
[2025-02-24T09:33:27.046+0000] {processor.py:925} INFO - DAG(s) 'example_setup_teardown_taskflow' retrieved from /home/airflow/.local/lib/python3.12/site-packages/airflow/example_dags/example_setup_teardown_taskflow.py
[2025-02-24T09:33:27.065+0000] {logging_mixin.py:190} INFO - [2025-02-24T09:33:27.064+0000] {dag.py:3239} INFO - Sync 1 DAGs
[2025-02-24T09:33:27.081+0000] {logging_mixin.py:190} INFO - [2025-02-24T09:33:27.080+0000] {dag.py:4180} INFO - Setting next_dagrun for example_setup_teardown_taskflow to None, run_after=None
[2025-02-24T09:33:27.103+0000] {processor.py:208} INFO - Processing /home/airflow/.local/lib/python3.12/site-packages/airflow/example_dags/example_setup_teardown_taskflow.py took 0.076 seconds
[2025-02-24T09:33:57.244+0000] {processor.py:186} INFO - Started process (PID=1219) to work on /home/airflow/.local/lib/python3.12/site-packages/airflow/example_dags/example_setup_teardown_taskflow.py
[2025-02-24T09:33:57.245+0000] {processor.py:914} INFO - Processing file /home/airflow/.local/lib/python3.12/site-packages/airflow/example_dags/example_setup_teardown_taskflow.py for tasks to queue
[2025-02-24T09:33:57.246+0000] {logging_mixin.py:190} INFO - [2025-02-24T09:33:57.246+0000] {dagbag.py:588} INFO - Filling up the DagBag from /home/airflow/.local/lib/python3.12/site-packages/airflow/example_dags/example_setup_teardown_taskflow.py
[2025-02-24T09:33:57.255+0000] {processor.py:925} INFO - DAG(s) 'example_setup_teardown_taskflow' retrieved from /home/airflow/.local/lib/python3.12/site-packages/airflow/example_dags/example_setup_teardown_taskflow.py
[2025-02-24T09:33:57.275+0000] {logging_mixin.py:190} INFO - [2025-02-24T09:33:57.274+0000] {dag.py:3239} INFO - Sync 1 DAGs
[2025-02-24T09:33:57.289+0000] {logging_mixin.py:190} INFO - [2025-02-24T09:33:57.289+0000] {dag.py:4180} INFO - Setting next_dagrun for example_setup_teardown_taskflow to None, run_after=None
[2025-02-24T09:33:57.308+0000] {processor.py:208} INFO - Processing /home/airflow/.local/lib/python3.12/site-packages/airflow/example_dags/example_setup_teardown_taskflow.py took 0.068 seconds
