[2025-02-24T09:24:50.258+0000] {processor.py:186} INFO - Started process (PID=88) to work on /home/airflow/.local/lib/python3.12/site-packages/airflow/example_dags/example_sla_dag.py
[2025-02-24T09:24:50.259+0000] {processor.py:914} INFO - Processing file /home/airflow/.local/lib/python3.12/site-packages/airflow/example_dags/example_sla_dag.py for tasks to queue
[2025-02-24T09:24:50.261+0000] {logging_mixin.py:190} INFO - [2025-02-24T09:24:50.261+0000] {dagbag.py:588} INFO - Filling up the DagBag from /home/airflow/.local/lib/python3.12/site-packages/airflow/example_dags/example_sla_dag.py
[2025-02-24T09:24:50.275+0000] {processor.py:925} INFO - DAG(s) 'example_sla_dag' retrieved from /home/airflow/.local/lib/python3.12/site-packages/airflow/example_dags/example_sla_dag.py
[2025-02-24T09:24:50.391+0000] {logging_mixin.py:190} INFO - [2025-02-24T09:24:50.391+0000] {override.py:1911} INFO - Created Permission View: can edit on DAG:example_sla_dag
[2025-02-24T09:24:50.399+0000] {logging_mixin.py:190} INFO - [2025-02-24T09:24:50.399+0000] {override.py:1911} INFO - Created Permission View: can read on DAG:example_sla_dag
[2025-02-24T09:24:50.403+0000] {logging_mixin.py:190} INFO - [2025-02-24T09:24:50.403+0000] {override.py:1911} INFO - Created Permission View: can delete on DAG:example_sla_dag
[2025-02-24T09:24:50.408+0000] {logging_mixin.py:190} INFO - [2025-02-24T09:24:50.408+0000] {override.py:1911} INFO - Created Permission View: can create on DAG Run:example_sla_dag
[2025-02-24T09:24:50.414+0000] {logging_mixin.py:190} INFO - [2025-02-24T09:24:50.413+0000] {override.py:1911} INFO - Created Permission View: can read on DAG Run:example_sla_dag
[2025-02-24T09:24:50.420+0000] {logging_mixin.py:190} INFO - [2025-02-24T09:24:50.419+0000] {override.py:1911} INFO - Created Permission View: menu access on DAG Run:example_sla_dag
[2025-02-24T09:24:50.425+0000] {logging_mixin.py:190} INFO - [2025-02-24T09:24:50.425+0000] {override.py:1911} INFO - Created Permission View: can delete on DAG Run:example_sla_dag
[2025-02-24T09:24:50.426+0000] {logging_mixin.py:190} INFO - [2025-02-24T09:24:50.426+0000] {dag.py:3239} INFO - Sync 1 DAGs
[2025-02-24T09:24:50.440+0000] {logging_mixin.py:190} INFO - [2025-02-24T09:24:50.440+0000] {dag.py:3262} INFO - Creating ORM DAG for example_sla_dag
[2025-02-24T09:24:50.457+0000] {logging_mixin.py:190} INFO - [2025-02-24T09:24:50.456+0000] {dag.py:4180} INFO - Setting next_dagrun for example_sla_dag to 2025-02-24 09:22:00+00:00, run_after=2025-02-24 09:24:00+00:00
[2025-02-24T09:24:50.474+0000] {processor.py:208} INFO - Processing /home/airflow/.local/lib/python3.12/site-packages/airflow/example_dags/example_sla_dag.py took 0.222 seconds
[2025-02-24T09:25:20.533+0000] {processor.py:186} INFO - Started process (PID=151) to work on /home/airflow/.local/lib/python3.12/site-packages/airflow/example_dags/example_sla_dag.py
[2025-02-24T09:25:20.533+0000] {processor.py:914} INFO - Processing file /home/airflow/.local/lib/python3.12/site-packages/airflow/example_dags/example_sla_dag.py for tasks to queue
[2025-02-24T09:25:20.535+0000] {logging_mixin.py:190} INFO - [2025-02-24T09:25:20.535+0000] {dagbag.py:588} INFO - Filling up the DagBag from /home/airflow/.local/lib/python3.12/site-packages/airflow/example_dags/example_sla_dag.py
[2025-02-24T09:25:20.546+0000] {processor.py:925} INFO - DAG(s) 'example_sla_dag' retrieved from /home/airflow/.local/lib/python3.12/site-packages/airflow/example_dags/example_sla_dag.py
[2025-02-24T09:25:20.567+0000] {logging_mixin.py:190} INFO - [2025-02-24T09:25:20.567+0000] {dag.py:3239} INFO - Sync 1 DAGs
[2025-02-24T09:25:20.596+0000] {logging_mixin.py:190} INFO - [2025-02-24T09:25:20.596+0000] {dag.py:4180} INFO - Setting next_dagrun for example_sla_dag to 2025-02-24 09:22:00+00:00, run_after=2025-02-24 09:24:00+00:00
[2025-02-24T09:25:20.616+0000] {processor.py:208} INFO - Processing /home/airflow/.local/lib/python3.12/site-packages/airflow/example_dags/example_sla_dag.py took 0.087 seconds
[2025-02-24T09:25:50.683+0000] {processor.py:186} INFO - Started process (PID=213) to work on /home/airflow/.local/lib/python3.12/site-packages/airflow/example_dags/example_sla_dag.py
[2025-02-24T09:25:50.683+0000] {processor.py:914} INFO - Processing file /home/airflow/.local/lib/python3.12/site-packages/airflow/example_dags/example_sla_dag.py for tasks to queue
[2025-02-24T09:25:50.685+0000] {logging_mixin.py:190} INFO - [2025-02-24T09:25:50.685+0000] {dagbag.py:588} INFO - Filling up the DagBag from /home/airflow/.local/lib/python3.12/site-packages/airflow/example_dags/example_sla_dag.py
[2025-02-24T09:25:50.693+0000] {processor.py:925} INFO - DAG(s) 'example_sla_dag' retrieved from /home/airflow/.local/lib/python3.12/site-packages/airflow/example_dags/example_sla_dag.py
[2025-02-24T09:25:50.707+0000] {logging_mixin.py:190} INFO - [2025-02-24T09:25:50.707+0000] {dag.py:3239} INFO - Sync 1 DAGs
[2025-02-24T09:25:50.728+0000] {logging_mixin.py:190} INFO - [2025-02-24T09:25:50.728+0000] {dag.py:4180} INFO - Setting next_dagrun for example_sla_dag to 2025-02-24 09:22:00+00:00, run_after=2025-02-24 09:24:00+00:00
[2025-02-24T09:25:50.740+0000] {processor.py:208} INFO - Processing /home/airflow/.local/lib/python3.12/site-packages/airflow/example_dags/example_sla_dag.py took 0.062 seconds
[2025-02-24T09:26:21.023+0000] {processor.py:186} INFO - Started process (PID=277) to work on /home/airflow/.local/lib/python3.12/site-packages/airflow/example_dags/example_sla_dag.py
[2025-02-24T09:26:21.024+0000] {processor.py:914} INFO - Processing file /home/airflow/.local/lib/python3.12/site-packages/airflow/example_dags/example_sla_dag.py for tasks to queue
[2025-02-24T09:26:21.027+0000] {logging_mixin.py:190} INFO - [2025-02-24T09:26:21.026+0000] {dagbag.py:588} INFO - Filling up the DagBag from /home/airflow/.local/lib/python3.12/site-packages/airflow/example_dags/example_sla_dag.py
[2025-02-24T09:26:21.045+0000] {processor.py:925} INFO - DAG(s) 'example_sla_dag' retrieved from /home/airflow/.local/lib/python3.12/site-packages/airflow/example_dags/example_sla_dag.py
[2025-02-24T09:26:21.065+0000] {logging_mixin.py:190} INFO - [2025-02-24T09:26:21.065+0000] {dag.py:3239} INFO - Sync 1 DAGs
[2025-02-24T09:26:21.099+0000] {logging_mixin.py:190} INFO - [2025-02-24T09:26:21.098+0000] {dag.py:4180} INFO - Setting next_dagrun for example_sla_dag to 2025-02-24 09:24:00+00:00, run_after=2025-02-24 09:26:00+00:00
[2025-02-24T09:26:21.118+0000] {processor.py:208} INFO - Processing /home/airflow/.local/lib/python3.12/site-packages/airflow/example_dags/example_sla_dag.py took 0.100 seconds
[2025-02-24T09:26:51.516+0000] {processor.py:186} INFO - Started process (PID=340) to work on /home/airflow/.local/lib/python3.12/site-packages/airflow/example_dags/example_sla_dag.py
[2025-02-24T09:26:51.517+0000] {processor.py:914} INFO - Processing file /home/airflow/.local/lib/python3.12/site-packages/airflow/example_dags/example_sla_dag.py for tasks to queue
[2025-02-24T09:26:51.519+0000] {logging_mixin.py:190} INFO - [2025-02-24T09:26:51.518+0000] {dagbag.py:588} INFO - Filling up the DagBag from /home/airflow/.local/lib/python3.12/site-packages/airflow/example_dags/example_sla_dag.py
[2025-02-24T09:26:51.530+0000] {processor.py:925} INFO - DAG(s) 'example_sla_dag' retrieved from /home/airflow/.local/lib/python3.12/site-packages/airflow/example_dags/example_sla_dag.py
[2025-02-24T09:26:51.550+0000] {logging_mixin.py:190} INFO - [2025-02-24T09:26:51.550+0000] {dag.py:3239} INFO - Sync 1 DAGs
[2025-02-24T09:26:51.574+0000] {logging_mixin.py:190} INFO - [2025-02-24T09:26:51.574+0000] {dag.py:4180} INFO - Setting next_dagrun for example_sla_dag to 2025-02-24 09:24:00+00:00, run_after=2025-02-24 09:26:00+00:00
[2025-02-24T09:26:51.587+0000] {processor.py:208} INFO - Processing /home/airflow/.local/lib/python3.12/site-packages/airflow/example_dags/example_sla_dag.py took 0.077 seconds
[2025-02-24T09:27:21.864+0000] {processor.py:186} INFO - Started process (PID=403) to work on /home/airflow/.local/lib/python3.12/site-packages/airflow/example_dags/example_sla_dag.py
[2025-02-24T09:27:21.865+0000] {processor.py:914} INFO - Processing file /home/airflow/.local/lib/python3.12/site-packages/airflow/example_dags/example_sla_dag.py for tasks to queue
[2025-02-24T09:27:21.867+0000] {logging_mixin.py:190} INFO - [2025-02-24T09:27:21.867+0000] {dagbag.py:588} INFO - Filling up the DagBag from /home/airflow/.local/lib/python3.12/site-packages/airflow/example_dags/example_sla_dag.py
[2025-02-24T09:27:21.879+0000] {processor.py:925} INFO - DAG(s) 'example_sla_dag' retrieved from /home/airflow/.local/lib/python3.12/site-packages/airflow/example_dags/example_sla_dag.py
[2025-02-24T09:27:21.901+0000] {logging_mixin.py:190} INFO - [2025-02-24T09:27:21.900+0000] {dag.py:3239} INFO - Sync 1 DAGs
[2025-02-24T09:27:21.932+0000] {logging_mixin.py:190} INFO - [2025-02-24T09:27:21.932+0000] {dag.py:4180} INFO - Setting next_dagrun for example_sla_dag to 2025-02-24 09:24:00+00:00, run_after=2025-02-24 09:26:00+00:00
[2025-02-24T09:27:21.953+0000] {processor.py:208} INFO - Processing /home/airflow/.local/lib/python3.12/site-packages/airflow/example_dags/example_sla_dag.py took 0.095 seconds
[2025-02-24T09:27:52.246+0000] {processor.py:186} INFO - Started process (PID=466) to work on /home/airflow/.local/lib/python3.12/site-packages/airflow/example_dags/example_sla_dag.py
[2025-02-24T09:27:52.247+0000] {processor.py:914} INFO - Processing file /home/airflow/.local/lib/python3.12/site-packages/airflow/example_dags/example_sla_dag.py for tasks to queue
[2025-02-24T09:27:52.248+0000] {logging_mixin.py:190} INFO - [2025-02-24T09:27:52.248+0000] {dagbag.py:588} INFO - Filling up the DagBag from /home/airflow/.local/lib/python3.12/site-packages/airflow/example_dags/example_sla_dag.py
[2025-02-24T09:27:52.257+0000] {processor.py:925} INFO - DAG(s) 'example_sla_dag' retrieved from /home/airflow/.local/lib/python3.12/site-packages/airflow/example_dags/example_sla_dag.py
[2025-02-24T09:27:52.275+0000] {logging_mixin.py:190} INFO - [2025-02-24T09:27:52.274+0000] {dag.py:3239} INFO - Sync 1 DAGs
[2025-02-24T09:27:52.298+0000] {logging_mixin.py:190} INFO - [2025-02-24T09:27:52.298+0000] {dag.py:4180} INFO - Setting next_dagrun for example_sla_dag to 2025-02-24 09:24:00+00:00, run_after=2025-02-24 09:26:00+00:00
[2025-02-24T09:27:52.311+0000] {processor.py:208} INFO - Processing /home/airflow/.local/lib/python3.12/site-packages/airflow/example_dags/example_sla_dag.py took 0.070 seconds
[2025-02-24T09:28:22.782+0000] {processor.py:186} INFO - Started process (PID=529) to work on /home/airflow/.local/lib/python3.12/site-packages/airflow/example_dags/example_sla_dag.py
[2025-02-24T09:28:22.782+0000] {processor.py:914} INFO - Processing file /home/airflow/.local/lib/python3.12/site-packages/airflow/example_dags/example_sla_dag.py for tasks to queue
[2025-02-24T09:28:22.784+0000] {logging_mixin.py:190} INFO - [2025-02-24T09:28:22.784+0000] {dagbag.py:588} INFO - Filling up the DagBag from /home/airflow/.local/lib/python3.12/site-packages/airflow/example_dags/example_sla_dag.py
[2025-02-24T09:28:22.792+0000] {processor.py:925} INFO - DAG(s) 'example_sla_dag' retrieved from /home/airflow/.local/lib/python3.12/site-packages/airflow/example_dags/example_sla_dag.py
[2025-02-24T09:28:22.809+0000] {logging_mixin.py:190} INFO - [2025-02-24T09:28:22.809+0000] {dag.py:3239} INFO - Sync 1 DAGs
[2025-02-24T09:28:22.831+0000] {logging_mixin.py:190} INFO - [2025-02-24T09:28:22.831+0000] {dag.py:4180} INFO - Setting next_dagrun for example_sla_dag to 2025-02-24 09:26:00+00:00, run_after=2025-02-24 09:28:00+00:00
[2025-02-24T09:28:22.844+0000] {processor.py:208} INFO - Processing /home/airflow/.local/lib/python3.12/site-packages/airflow/example_dags/example_sla_dag.py took 0.067 seconds
[2025-02-24T09:28:52.937+0000] {processor.py:186} INFO - Started process (PID=592) to work on /home/airflow/.local/lib/python3.12/site-packages/airflow/example_dags/example_sla_dag.py
[2025-02-24T09:28:52.938+0000] {processor.py:914} INFO - Processing file /home/airflow/.local/lib/python3.12/site-packages/airflow/example_dags/example_sla_dag.py for tasks to queue
[2025-02-24T09:28:52.939+0000] {logging_mixin.py:190} INFO - [2025-02-24T09:28:52.939+0000] {dagbag.py:588} INFO - Filling up the DagBag from /home/airflow/.local/lib/python3.12/site-packages/airflow/example_dags/example_sla_dag.py
[2025-02-24T09:28:52.947+0000] {processor.py:925} INFO - DAG(s) 'example_sla_dag' retrieved from /home/airflow/.local/lib/python3.12/site-packages/airflow/example_dags/example_sla_dag.py
[2025-02-24T09:28:52.962+0000] {logging_mixin.py:190} INFO - [2025-02-24T09:28:52.961+0000] {dag.py:3239} INFO - Sync 1 DAGs
[2025-02-24T09:28:52.981+0000] {logging_mixin.py:190} INFO - [2025-02-24T09:28:52.981+0000] {dag.py:4180} INFO - Setting next_dagrun for example_sla_dag to 2025-02-24 09:26:00+00:00, run_after=2025-02-24 09:28:00+00:00
[2025-02-24T09:28:52.993+0000] {processor.py:208} INFO - Processing /home/airflow/.local/lib/python3.12/site-packages/airflow/example_dags/example_sla_dag.py took 0.060 seconds
[2025-02-24T09:29:23.385+0000] {processor.py:186} INFO - Started process (PID=655) to work on /home/airflow/.local/lib/python3.12/site-packages/airflow/example_dags/example_sla_dag.py
[2025-02-24T09:29:23.386+0000] {processor.py:914} INFO - Processing file /home/airflow/.local/lib/python3.12/site-packages/airflow/example_dags/example_sla_dag.py for tasks to queue
[2025-02-24T09:29:23.387+0000] {logging_mixin.py:190} INFO - [2025-02-24T09:29:23.387+0000] {dagbag.py:588} INFO - Filling up the DagBag from /home/airflow/.local/lib/python3.12/site-packages/airflow/example_dags/example_sla_dag.py
[2025-02-24T09:29:23.396+0000] {processor.py:925} INFO - DAG(s) 'example_sla_dag' retrieved from /home/airflow/.local/lib/python3.12/site-packages/airflow/example_dags/example_sla_dag.py
[2025-02-24T09:29:23.413+0000] {logging_mixin.py:190} INFO - [2025-02-24T09:29:23.413+0000] {dag.py:3239} INFO - Sync 1 DAGs
[2025-02-24T09:29:23.436+0000] {logging_mixin.py:190} INFO - [2025-02-24T09:29:23.436+0000] {dag.py:4180} INFO - Setting next_dagrun for example_sla_dag to 2025-02-24 09:26:00+00:00, run_after=2025-02-24 09:28:00+00:00
[2025-02-24T09:29:23.448+0000] {processor.py:208} INFO - Processing /home/airflow/.local/lib/python3.12/site-packages/airflow/example_dags/example_sla_dag.py took 0.067 seconds
[2025-02-24T09:29:53.560+0000] {processor.py:186} INFO - Started process (PID=718) to work on /home/airflow/.local/lib/python3.12/site-packages/airflow/example_dags/example_sla_dag.py
[2025-02-24T09:29:53.560+0000] {processor.py:914} INFO - Processing file /home/airflow/.local/lib/python3.12/site-packages/airflow/example_dags/example_sla_dag.py for tasks to queue
[2025-02-24T09:29:53.563+0000] {logging_mixin.py:190} INFO - [2025-02-24T09:29:53.562+0000] {dagbag.py:588} INFO - Filling up the DagBag from /home/airflow/.local/lib/python3.12/site-packages/airflow/example_dags/example_sla_dag.py
[2025-02-24T09:29:53.574+0000] {processor.py:925} INFO - DAG(s) 'example_sla_dag' retrieved from /home/airflow/.local/lib/python3.12/site-packages/airflow/example_dags/example_sla_dag.py
[2025-02-24T09:29:53.590+0000] {logging_mixin.py:190} INFO - [2025-02-24T09:29:53.590+0000] {dag.py:3239} INFO - Sync 1 DAGs
[2025-02-24T09:29:53.612+0000] {logging_mixin.py:190} INFO - [2025-02-24T09:29:53.612+0000] {dag.py:4180} INFO - Setting next_dagrun for example_sla_dag to 2025-02-24 09:26:00+00:00, run_after=2025-02-24 09:28:00+00:00
[2025-02-24T09:29:53.628+0000] {processor.py:208} INFO - Processing /home/airflow/.local/lib/python3.12/site-packages/airflow/example_dags/example_sla_dag.py took 0.075 seconds
[2025-02-24T09:30:23.837+0000] {processor.py:186} INFO - Started process (PID=781) to work on /home/airflow/.local/lib/python3.12/site-packages/airflow/example_dags/example_sla_dag.py
[2025-02-24T09:30:23.838+0000] {processor.py:914} INFO - Processing file /home/airflow/.local/lib/python3.12/site-packages/airflow/example_dags/example_sla_dag.py for tasks to queue
[2025-02-24T09:30:23.840+0000] {logging_mixin.py:190} INFO - [2025-02-24T09:30:23.839+0000] {dagbag.py:588} INFO - Filling up the DagBag from /home/airflow/.local/lib/python3.12/site-packages/airflow/example_dags/example_sla_dag.py
[2025-02-24T09:30:23.851+0000] {processor.py:925} INFO - DAG(s) 'example_sla_dag' retrieved from /home/airflow/.local/lib/python3.12/site-packages/airflow/example_dags/example_sla_dag.py
[2025-02-24T09:30:23.869+0000] {logging_mixin.py:190} INFO - [2025-02-24T09:30:23.868+0000] {dag.py:3239} INFO - Sync 1 DAGs
[2025-02-24T09:30:23.889+0000] {logging_mixin.py:190} INFO - [2025-02-24T09:30:23.888+0000] {dag.py:4180} INFO - Setting next_dagrun for example_sla_dag to 2025-02-24 09:28:00+00:00, run_after=2025-02-24 09:30:00+00:00
[2025-02-24T09:30:23.901+0000] {processor.py:208} INFO - Processing /home/airflow/.local/lib/python3.12/site-packages/airflow/example_dags/example_sla_dag.py took 0.068 seconds
[2025-02-24T09:30:54.157+0000] {processor.py:186} INFO - Started process (PID=844) to work on /home/airflow/.local/lib/python3.12/site-packages/airflow/example_dags/example_sla_dag.py
[2025-02-24T09:30:54.158+0000] {processor.py:914} INFO - Processing file /home/airflow/.local/lib/python3.12/site-packages/airflow/example_dags/example_sla_dag.py for tasks to queue
[2025-02-24T09:30:54.160+0000] {logging_mixin.py:190} INFO - [2025-02-24T09:30:54.160+0000] {dagbag.py:588} INFO - Filling up the DagBag from /home/airflow/.local/lib/python3.12/site-packages/airflow/example_dags/example_sla_dag.py
[2025-02-24T09:30:54.170+0000] {processor.py:925} INFO - DAG(s) 'example_sla_dag' retrieved from /home/airflow/.local/lib/python3.12/site-packages/airflow/example_dags/example_sla_dag.py
[2025-02-24T09:30:54.189+0000] {logging_mixin.py:190} INFO - [2025-02-24T09:30:54.189+0000] {dag.py:3239} INFO - Sync 1 DAGs
[2025-02-24T09:30:54.218+0000] {logging_mixin.py:190} INFO - [2025-02-24T09:30:54.218+0000] {dag.py:4180} INFO - Setting next_dagrun for example_sla_dag to 2025-02-24 09:28:00+00:00, run_after=2025-02-24 09:30:00+00:00
[2025-02-24T09:30:54.236+0000] {processor.py:208} INFO - Processing /home/airflow/.local/lib/python3.12/site-packages/airflow/example_dags/example_sla_dag.py took 0.085 seconds
[2025-02-24T09:31:24.511+0000] {processor.py:186} INFO - Started process (PID=907) to work on /home/airflow/.local/lib/python3.12/site-packages/airflow/example_dags/example_sla_dag.py
[2025-02-24T09:31:24.511+0000] {processor.py:914} INFO - Processing file /home/airflow/.local/lib/python3.12/site-packages/airflow/example_dags/example_sla_dag.py for tasks to queue
[2025-02-24T09:31:24.513+0000] {logging_mixin.py:190} INFO - [2025-02-24T09:31:24.513+0000] {dagbag.py:588} INFO - Filling up the DagBag from /home/airflow/.local/lib/python3.12/site-packages/airflow/example_dags/example_sla_dag.py
[2025-02-24T09:31:24.522+0000] {processor.py:925} INFO - DAG(s) 'example_sla_dag' retrieved from /home/airflow/.local/lib/python3.12/site-packages/airflow/example_dags/example_sla_dag.py
[2025-02-24T09:31:24.541+0000] {logging_mixin.py:190} INFO - [2025-02-24T09:31:24.541+0000] {dag.py:3239} INFO - Sync 1 DAGs
[2025-02-24T09:31:24.567+0000] {logging_mixin.py:190} INFO - [2025-02-24T09:31:24.567+0000] {dag.py:4180} INFO - Setting next_dagrun for example_sla_dag to 2025-02-24 09:28:00+00:00, run_after=2025-02-24 09:30:00+00:00
[2025-02-24T09:31:24.581+0000] {processor.py:208} INFO - Processing /home/airflow/.local/lib/python3.12/site-packages/airflow/example_dags/example_sla_dag.py took 0.076 seconds
[2025-02-24T09:31:55.209+0000] {processor.py:186} INFO - Started process (PID=970) to work on /home/airflow/.local/lib/python3.12/site-packages/airflow/example_dags/example_sla_dag.py
[2025-02-24T09:31:55.209+0000] {processor.py:914} INFO - Processing file /home/airflow/.local/lib/python3.12/site-packages/airflow/example_dags/example_sla_dag.py for tasks to queue
[2025-02-24T09:31:55.211+0000] {logging_mixin.py:190} INFO - [2025-02-24T09:31:55.211+0000] {dagbag.py:588} INFO - Filling up the DagBag from /home/airflow/.local/lib/python3.12/site-packages/airflow/example_dags/example_sla_dag.py
[2025-02-24T09:31:55.219+0000] {processor.py:925} INFO - DAG(s) 'example_sla_dag' retrieved from /home/airflow/.local/lib/python3.12/site-packages/airflow/example_dags/example_sla_dag.py
[2025-02-24T09:31:55.237+0000] {logging_mixin.py:190} INFO - [2025-02-24T09:31:55.237+0000] {dag.py:3239} INFO - Sync 1 DAGs
[2025-02-24T09:31:55.259+0000] {logging_mixin.py:190} INFO - [2025-02-24T09:31:55.259+0000] {dag.py:4180} INFO - Setting next_dagrun for example_sla_dag to 2025-02-24 09:28:00+00:00, run_after=2025-02-24 09:30:00+00:00
[2025-02-24T09:31:55.271+0000] {processor.py:208} INFO - Processing /home/airflow/.local/lib/python3.12/site-packages/airflow/example_dags/example_sla_dag.py took 0.067 seconds
[2025-02-24T09:32:25.470+0000] {processor.py:186} INFO - Started process (PID=1033) to work on /home/airflow/.local/lib/python3.12/site-packages/airflow/example_dags/example_sla_dag.py
[2025-02-24T09:32:25.471+0000] {processor.py:914} INFO - Processing file /home/airflow/.local/lib/python3.12/site-packages/airflow/example_dags/example_sla_dag.py for tasks to queue
[2025-02-24T09:32:25.473+0000] {logging_mixin.py:190} INFO - [2025-02-24T09:32:25.473+0000] {dagbag.py:588} INFO - Filling up the DagBag from /home/airflow/.local/lib/python3.12/site-packages/airflow/example_dags/example_sla_dag.py
[2025-02-24T09:32:25.482+0000] {processor.py:925} INFO - DAG(s) 'example_sla_dag' retrieved from /home/airflow/.local/lib/python3.12/site-packages/airflow/example_dags/example_sla_dag.py
[2025-02-24T09:32:25.499+0000] {logging_mixin.py:190} INFO - [2025-02-24T09:32:25.499+0000] {dag.py:3239} INFO - Sync 1 DAGs
[2025-02-24T09:32:25.522+0000] {logging_mixin.py:190} INFO - [2025-02-24T09:32:25.522+0000] {dag.py:4180} INFO - Setting next_dagrun for example_sla_dag to 2025-02-24 09:30:00+00:00, run_after=2025-02-24 09:32:00+00:00
[2025-02-24T09:32:25.536+0000] {processor.py:208} INFO - Processing /home/airflow/.local/lib/python3.12/site-packages/airflow/example_dags/example_sla_dag.py took 0.070 seconds
[2025-02-24T09:32:56.481+0000] {processor.py:186} INFO - Started process (PID=1096) to work on /home/airflow/.local/lib/python3.12/site-packages/airflow/example_dags/example_sla_dag.py
[2025-02-24T09:32:56.482+0000] {processor.py:914} INFO - Processing file /home/airflow/.local/lib/python3.12/site-packages/airflow/example_dags/example_sla_dag.py for tasks to queue
[2025-02-24T09:32:56.485+0000] {logging_mixin.py:190} INFO - [2025-02-24T09:32:56.484+0000] {dagbag.py:588} INFO - Filling up the DagBag from /home/airflow/.local/lib/python3.12/site-packages/airflow/example_dags/example_sla_dag.py
[2025-02-24T09:32:56.497+0000] {processor.py:925} INFO - DAG(s) 'example_sla_dag' retrieved from /home/airflow/.local/lib/python3.12/site-packages/airflow/example_dags/example_sla_dag.py
[2025-02-24T09:32:56.518+0000] {logging_mixin.py:190} INFO - [2025-02-24T09:32:56.518+0000] {dag.py:3239} INFO - Sync 1 DAGs
[2025-02-24T09:32:56.550+0000] {logging_mixin.py:190} INFO - [2025-02-24T09:32:56.549+0000] {dag.py:4180} INFO - Setting next_dagrun for example_sla_dag to 2025-02-24 09:30:00+00:00, run_after=2025-02-24 09:32:00+00:00
[2025-02-24T09:32:56.566+0000] {processor.py:208} INFO - Processing /home/airflow/.local/lib/python3.12/site-packages/airflow/example_dags/example_sla_dag.py took 0.092 seconds
[2025-02-24T09:33:27.209+0000] {processor.py:186} INFO - Started process (PID=1159) to work on /home/airflow/.local/lib/python3.12/site-packages/airflow/example_dags/example_sla_dag.py
[2025-02-24T09:33:27.209+0000] {processor.py:914} INFO - Processing file /home/airflow/.local/lib/python3.12/site-packages/airflow/example_dags/example_sla_dag.py for tasks to queue
[2025-02-24T09:33:27.212+0000] {logging_mixin.py:190} INFO - [2025-02-24T09:33:27.211+0000] {dagbag.py:588} INFO - Filling up the DagBag from /home/airflow/.local/lib/python3.12/site-packages/airflow/example_dags/example_sla_dag.py
[2025-02-24T09:33:27.224+0000] {processor.py:925} INFO - DAG(s) 'example_sla_dag' retrieved from /home/airflow/.local/lib/python3.12/site-packages/airflow/example_dags/example_sla_dag.py
[2025-02-24T09:33:27.240+0000] {logging_mixin.py:190} INFO - [2025-02-24T09:33:27.240+0000] {dag.py:3239} INFO - Sync 1 DAGs
[2025-02-24T09:33:27.265+0000] {logging_mixin.py:190} INFO - [2025-02-24T09:33:27.264+0000] {dag.py:4180} INFO - Setting next_dagrun for example_sla_dag to 2025-02-24 09:30:00+00:00, run_after=2025-02-24 09:32:00+00:00
[2025-02-24T09:33:27.278+0000] {processor.py:208} INFO - Processing /home/airflow/.local/lib/python3.12/site-packages/airflow/example_dags/example_sla_dag.py took 0.077 seconds
[2025-02-24T09:33:57.394+0000] {processor.py:186} INFO - Started process (PID=1222) to work on /home/airflow/.local/lib/python3.12/site-packages/airflow/example_dags/example_sla_dag.py
[2025-02-24T09:33:57.395+0000] {processor.py:914} INFO - Processing file /home/airflow/.local/lib/python3.12/site-packages/airflow/example_dags/example_sla_dag.py for tasks to queue
[2025-02-24T09:33:57.396+0000] {logging_mixin.py:190} INFO - [2025-02-24T09:33:57.396+0000] {dagbag.py:588} INFO - Filling up the DagBag from /home/airflow/.local/lib/python3.12/site-packages/airflow/example_dags/example_sla_dag.py
[2025-02-24T09:33:57.406+0000] {processor.py:925} INFO - DAG(s) 'example_sla_dag' retrieved from /home/airflow/.local/lib/python3.12/site-packages/airflow/example_dags/example_sla_dag.py
[2025-02-24T09:33:57.422+0000] {logging_mixin.py:190} INFO - [2025-02-24T09:33:57.422+0000] {dag.py:3239} INFO - Sync 1 DAGs
[2025-02-24T09:33:57.444+0000] {logging_mixin.py:190} INFO - [2025-02-24T09:33:57.444+0000] {dag.py:4180} INFO - Setting next_dagrun for example_sla_dag to 2025-02-24 09:30:00+00:00, run_after=2025-02-24 09:32:00+00:00
[2025-02-24T09:33:57.457+0000] {processor.py:208} INFO - Processing /home/airflow/.local/lib/python3.12/site-packages/airflow/example_dags/example_sla_dag.py took 0.069 seconds
[2025-02-24T09:34:27.628+0000] {processor.py:186} INFO - Started process (PID=1286) to work on /home/airflow/.local/lib/python3.12/site-packages/airflow/example_dags/example_sla_dag.py
[2025-02-24T09:34:27.629+0000] {processor.py:914} INFO - Processing file /home/airflow/.local/lib/python3.12/site-packages/airflow/example_dags/example_sla_dag.py for tasks to queue
[2025-02-24T09:34:27.631+0000] {logging_mixin.py:190} INFO - [2025-02-24T09:34:27.630+0000] {dagbag.py:588} INFO - Filling up the DagBag from /home/airflow/.local/lib/python3.12/site-packages/airflow/example_dags/example_sla_dag.py
[2025-02-24T09:34:27.641+0000] {processor.py:925} INFO - DAG(s) 'example_sla_dag' retrieved from /home/airflow/.local/lib/python3.12/site-packages/airflow/example_dags/example_sla_dag.py
[2025-02-24T09:34:27.661+0000] {logging_mixin.py:190} INFO - [2025-02-24T09:34:27.661+0000] {dag.py:3239} INFO - Sync 1 DAGs
[2025-02-24T09:34:27.686+0000] {logging_mixin.py:190} INFO - [2025-02-24T09:34:27.686+0000] {dag.py:4180} INFO - Setting next_dagrun for example_sla_dag to 2025-02-24 09:32:00+00:00, run_after=2025-02-24 09:34:00+00:00
[2025-02-24T09:34:27.699+0000] {processor.py:208} INFO - Processing /home/airflow/.local/lib/python3.12/site-packages/airflow/example_dags/example_sla_dag.py took 0.075 seconds
[2025-02-24T09:34:57.940+0000] {processor.py:186} INFO - Started process (PID=1350) to work on /home/airflow/.local/lib/python3.12/site-packages/airflow/example_dags/example_sla_dag.py
[2025-02-24T09:34:57.941+0000] {processor.py:914} INFO - Processing file /home/airflow/.local/lib/python3.12/site-packages/airflow/example_dags/example_sla_dag.py for tasks to queue
[2025-02-24T09:34:57.942+0000] {logging_mixin.py:190} INFO - [2025-02-24T09:34:57.942+0000] {dagbag.py:588} INFO - Filling up the DagBag from /home/airflow/.local/lib/python3.12/site-packages/airflow/example_dags/example_sla_dag.py
[2025-02-24T09:34:57.951+0000] {processor.py:925} INFO - DAG(s) 'example_sla_dag' retrieved from /home/airflow/.local/lib/python3.12/site-packages/airflow/example_dags/example_sla_dag.py
[2025-02-24T09:34:57.970+0000] {logging_mixin.py:190} INFO - [2025-02-24T09:34:57.970+0000] {dag.py:3239} INFO - Sync 1 DAGs
[2025-02-24T09:34:57.992+0000] {logging_mixin.py:190} INFO - [2025-02-24T09:34:57.992+0000] {dag.py:4180} INFO - Setting next_dagrun for example_sla_dag to 2025-02-24 09:32:00+00:00, run_after=2025-02-24 09:34:00+00:00
[2025-02-24T09:34:58.004+0000] {processor.py:208} INFO - Processing /home/airflow/.local/lib/python3.12/site-packages/airflow/example_dags/example_sla_dag.py took 0.068 seconds
[2025-02-24T09:35:28.703+0000] {processor.py:186} INFO - Started process (PID=1414) to work on /home/airflow/.local/lib/python3.12/site-packages/airflow/example_dags/example_sla_dag.py
[2025-02-24T09:35:28.703+0000] {processor.py:914} INFO - Processing file /home/airflow/.local/lib/python3.12/site-packages/airflow/example_dags/example_sla_dag.py for tasks to queue
[2025-02-24T09:35:28.705+0000] {logging_mixin.py:190} INFO - [2025-02-24T09:35:28.705+0000] {dagbag.py:588} INFO - Filling up the DagBag from /home/airflow/.local/lib/python3.12/site-packages/airflow/example_dags/example_sla_dag.py
[2025-02-24T09:35:28.715+0000] {processor.py:925} INFO - DAG(s) 'example_sla_dag' retrieved from /home/airflow/.local/lib/python3.12/site-packages/airflow/example_dags/example_sla_dag.py
[2025-02-24T09:35:28.741+0000] {logging_mixin.py:190} INFO - [2025-02-24T09:35:28.741+0000] {dag.py:3239} INFO - Sync 1 DAGs
[2025-02-24T09:35:28.775+0000] {logging_mixin.py:190} INFO - [2025-02-24T09:35:28.774+0000] {dag.py:4180} INFO - Setting next_dagrun for example_sla_dag to 2025-02-24 09:32:00+00:00, run_after=2025-02-24 09:34:00+00:00
[2025-02-24T09:35:28.805+0000] {processor.py:208} INFO - Processing /home/airflow/.local/lib/python3.12/site-packages/airflow/example_dags/example_sla_dag.py took 0.108 seconds
[2025-02-24T09:35:59.495+0000] {processor.py:186} INFO - Started process (PID=1477) to work on /home/airflow/.local/lib/python3.12/site-packages/airflow/example_dags/example_sla_dag.py
[2025-02-24T09:35:59.496+0000] {processor.py:914} INFO - Processing file /home/airflow/.local/lib/python3.12/site-packages/airflow/example_dags/example_sla_dag.py for tasks to queue
[2025-02-24T09:35:59.497+0000] {logging_mixin.py:190} INFO - [2025-02-24T09:35:59.497+0000] {dagbag.py:588} INFO - Filling up the DagBag from /home/airflow/.local/lib/python3.12/site-packages/airflow/example_dags/example_sla_dag.py
[2025-02-24T09:35:59.507+0000] {processor.py:925} INFO - DAG(s) 'example_sla_dag' retrieved from /home/airflow/.local/lib/python3.12/site-packages/airflow/example_dags/example_sla_dag.py
[2025-02-24T09:35:59.523+0000] {logging_mixin.py:190} INFO - [2025-02-24T09:35:59.523+0000] {dag.py:3239} INFO - Sync 1 DAGs
[2025-02-24T09:35:59.544+0000] {logging_mixin.py:190} INFO - [2025-02-24T09:35:59.544+0000] {dag.py:4180} INFO - Setting next_dagrun for example_sla_dag to 2025-02-24 09:32:00+00:00, run_after=2025-02-24 09:34:00+00:00
[2025-02-24T09:35:59.559+0000] {processor.py:208} INFO - Processing /home/airflow/.local/lib/python3.12/site-packages/airflow/example_dags/example_sla_dag.py took 0.069 seconds
[2025-02-24T09:36:29.837+0000] {processor.py:186} INFO - Started process (PID=1540) to work on /home/airflow/.local/lib/python3.12/site-packages/airflow/example_dags/example_sla_dag.py
[2025-02-24T09:36:29.838+0000] {processor.py:914} INFO - Processing file /home/airflow/.local/lib/python3.12/site-packages/airflow/example_dags/example_sla_dag.py for tasks to queue
[2025-02-24T09:36:29.840+0000] {logging_mixin.py:190} INFO - [2025-02-24T09:36:29.840+0000] {dagbag.py:588} INFO - Filling up the DagBag from /home/airflow/.local/lib/python3.12/site-packages/airflow/example_dags/example_sla_dag.py
[2025-02-24T09:36:29.850+0000] {processor.py:925} INFO - DAG(s) 'example_sla_dag' retrieved from /home/airflow/.local/lib/python3.12/site-packages/airflow/example_dags/example_sla_dag.py
[2025-02-24T09:36:29.870+0000] {logging_mixin.py:190} INFO - [2025-02-24T09:36:29.870+0000] {dag.py:3239} INFO - Sync 1 DAGs
[2025-02-24T09:36:29.893+0000] {logging_mixin.py:190} INFO - [2025-02-24T09:36:29.893+0000] {dag.py:4180} INFO - Setting next_dagrun for example_sla_dag to 2025-02-24 09:34:00+00:00, run_after=2025-02-24 09:36:00+00:00
[2025-02-24T09:36:29.905+0000] {processor.py:208} INFO - Processing /home/airflow/.local/lib/python3.12/site-packages/airflow/example_dags/example_sla_dag.py took 0.073 seconds
[2025-02-24T09:37:00.040+0000] {processor.py:186} INFO - Started process (PID=1604) to work on /home/airflow/.local/lib/python3.12/site-packages/airflow/example_dags/example_sla_dag.py
[2025-02-24T09:37:00.041+0000] {processor.py:914} INFO - Processing file /home/airflow/.local/lib/python3.12/site-packages/airflow/example_dags/example_sla_dag.py for tasks to queue
[2025-02-24T09:37:00.044+0000] {logging_mixin.py:190} INFO - [2025-02-24T09:37:00.043+0000] {dagbag.py:588} INFO - Filling up the DagBag from /home/airflow/.local/lib/python3.12/site-packages/airflow/example_dags/example_sla_dag.py
[2025-02-24T09:37:00.055+0000] {processor.py:925} INFO - DAG(s) 'example_sla_dag' retrieved from /home/airflow/.local/lib/python3.12/site-packages/airflow/example_dags/example_sla_dag.py
[2025-02-24T09:37:00.073+0000] {logging_mixin.py:190} INFO - [2025-02-24T09:37:00.073+0000] {dag.py:3239} INFO - Sync 1 DAGs
[2025-02-24T09:37:00.095+0000] {logging_mixin.py:190} INFO - [2025-02-24T09:37:00.095+0000] {dag.py:4180} INFO - Setting next_dagrun for example_sla_dag to 2025-02-24 09:34:00+00:00, run_after=2025-02-24 09:36:00+00:00
[2025-02-24T09:37:00.107+0000] {processor.py:208} INFO - Processing /home/airflow/.local/lib/python3.12/site-packages/airflow/example_dags/example_sla_dag.py took 0.075 seconds
[2025-02-24T09:37:30.157+0000] {processor.py:186} INFO - Started process (PID=1668) to work on /home/airflow/.local/lib/python3.12/site-packages/airflow/example_dags/example_sla_dag.py
[2025-02-24T09:37:30.158+0000] {processor.py:914} INFO - Processing file /home/airflow/.local/lib/python3.12/site-packages/airflow/example_dags/example_sla_dag.py for tasks to queue
[2025-02-24T09:37:30.159+0000] {logging_mixin.py:190} INFO - [2025-02-24T09:37:30.159+0000] {dagbag.py:588} INFO - Filling up the DagBag from /home/airflow/.local/lib/python3.12/site-packages/airflow/example_dags/example_sla_dag.py
[2025-02-24T09:37:30.167+0000] {processor.py:925} INFO - DAG(s) 'example_sla_dag' retrieved from /home/airflow/.local/lib/python3.12/site-packages/airflow/example_dags/example_sla_dag.py
[2025-02-24T09:37:30.182+0000] {logging_mixin.py:190} INFO - [2025-02-24T09:37:30.181+0000] {dag.py:3239} INFO - Sync 1 DAGs
[2025-02-24T09:37:30.202+0000] {logging_mixin.py:190} INFO - [2025-02-24T09:37:30.202+0000] {dag.py:4180} INFO - Setting next_dagrun for example_sla_dag to 2025-02-24 09:34:00+00:00, run_after=2025-02-24 09:36:00+00:00
[2025-02-24T09:37:30.216+0000] {processor.py:208} INFO - Processing /home/airflow/.local/lib/python3.12/site-packages/airflow/example_dags/example_sla_dag.py took 0.063 seconds
[2025-02-24T09:38:00.458+0000] {processor.py:186} INFO - Started process (PID=1732) to work on /home/airflow/.local/lib/python3.12/site-packages/airflow/example_dags/example_sla_dag.py
[2025-02-24T09:38:00.459+0000] {processor.py:914} INFO - Processing file /home/airflow/.local/lib/python3.12/site-packages/airflow/example_dags/example_sla_dag.py for tasks to queue
[2025-02-24T09:38:00.461+0000] {logging_mixin.py:190} INFO - [2025-02-24T09:38:00.460+0000] {dagbag.py:588} INFO - Filling up the DagBag from /home/airflow/.local/lib/python3.12/site-packages/airflow/example_dags/example_sla_dag.py
[2025-02-24T09:38:00.469+0000] {processor.py:925} INFO - DAG(s) 'example_sla_dag' retrieved from /home/airflow/.local/lib/python3.12/site-packages/airflow/example_dags/example_sla_dag.py
[2025-02-24T09:38:00.487+0000] {logging_mixin.py:190} INFO - [2025-02-24T09:38:00.486+0000] {dag.py:3239} INFO - Sync 1 DAGs
[2025-02-24T09:38:00.508+0000] {logging_mixin.py:190} INFO - [2025-02-24T09:38:00.508+0000] {dag.py:4180} INFO - Setting next_dagrun for example_sla_dag to 2025-02-24 09:36:00+00:00, run_after=2025-02-24 09:38:00+00:00
[2025-02-24T09:38:00.521+0000] {processor.py:208} INFO - Processing /home/airflow/.local/lib/python3.12/site-packages/airflow/example_dags/example_sla_dag.py took 0.068 seconds
[2025-02-24T09:38:30.927+0000] {processor.py:186} INFO - Started process (PID=1796) to work on /home/airflow/.local/lib/python3.12/site-packages/airflow/example_dags/example_sla_dag.py
[2025-02-24T09:38:30.927+0000] {processor.py:914} INFO - Processing file /home/airflow/.local/lib/python3.12/site-packages/airflow/example_dags/example_sla_dag.py for tasks to queue
[2025-02-24T09:38:30.930+0000] {logging_mixin.py:190} INFO - [2025-02-24T09:38:30.929+0000] {dagbag.py:588} INFO - Filling up the DagBag from /home/airflow/.local/lib/python3.12/site-packages/airflow/example_dags/example_sla_dag.py
[2025-02-24T09:38:30.943+0000] {processor.py:925} INFO - DAG(s) 'example_sla_dag' retrieved from /home/airflow/.local/lib/python3.12/site-packages/airflow/example_dags/example_sla_dag.py
[2025-02-24T09:38:30.965+0000] {logging_mixin.py:190} INFO - [2025-02-24T09:38:30.964+0000] {dag.py:3239} INFO - Sync 1 DAGs
[2025-02-24T09:38:30.990+0000] {logging_mixin.py:190} INFO - [2025-02-24T09:38:30.989+0000] {dag.py:4180} INFO - Setting next_dagrun for example_sla_dag to 2025-02-24 09:36:00+00:00, run_after=2025-02-24 09:38:00+00:00
[2025-02-24T09:38:31.006+0000] {processor.py:208} INFO - Processing /home/airflow/.local/lib/python3.12/site-packages/airflow/example_dags/example_sla_dag.py took 0.085 seconds
[2025-02-24T09:39:01.128+0000] {processor.py:186} INFO - Started process (PID=1860) to work on /home/airflow/.local/lib/python3.12/site-packages/airflow/example_dags/example_sla_dag.py
[2025-02-24T09:39:01.128+0000] {processor.py:914} INFO - Processing file /home/airflow/.local/lib/python3.12/site-packages/airflow/example_dags/example_sla_dag.py for tasks to queue
[2025-02-24T09:39:01.130+0000] {logging_mixin.py:190} INFO - [2025-02-24T09:39:01.130+0000] {dagbag.py:588} INFO - Filling up the DagBag from /home/airflow/.local/lib/python3.12/site-packages/airflow/example_dags/example_sla_dag.py
[2025-02-24T09:39:01.139+0000] {processor.py:925} INFO - DAG(s) 'example_sla_dag' retrieved from /home/airflow/.local/lib/python3.12/site-packages/airflow/example_dags/example_sla_dag.py
[2025-02-24T09:39:01.159+0000] {logging_mixin.py:190} INFO - [2025-02-24T09:39:01.158+0000] {dag.py:3239} INFO - Sync 1 DAGs
[2025-02-24T09:39:01.188+0000] {logging_mixin.py:190} INFO - [2025-02-24T09:39:01.188+0000] {dag.py:4180} INFO - Setting next_dagrun for example_sla_dag to 2025-02-24 09:36:00+00:00, run_after=2025-02-24 09:38:00+00:00
[2025-02-24T09:39:01.206+0000] {processor.py:208} INFO - Processing /home/airflow/.local/lib/python3.12/site-packages/airflow/example_dags/example_sla_dag.py took 0.083 seconds
[2025-02-24T09:39:31.824+0000] {processor.py:186} INFO - Started process (PID=1924) to work on /home/airflow/.local/lib/python3.12/site-packages/airflow/example_dags/example_sla_dag.py
[2025-02-24T09:39:31.825+0000] {processor.py:914} INFO - Processing file /home/airflow/.local/lib/python3.12/site-packages/airflow/example_dags/example_sla_dag.py for tasks to queue
[2025-02-24T09:39:31.827+0000] {logging_mixin.py:190} INFO - [2025-02-24T09:39:31.827+0000] {dagbag.py:588} INFO - Filling up the DagBag from /home/airflow/.local/lib/python3.12/site-packages/airflow/example_dags/example_sla_dag.py
[2025-02-24T09:39:31.839+0000] {processor.py:925} INFO - DAG(s) 'example_sla_dag' retrieved from /home/airflow/.local/lib/python3.12/site-packages/airflow/example_dags/example_sla_dag.py
[2025-02-24T09:39:31.861+0000] {logging_mixin.py:190} INFO - [2025-02-24T09:39:31.861+0000] {dag.py:3239} INFO - Sync 1 DAGs
[2025-02-24T09:39:31.884+0000] {logging_mixin.py:190} INFO - [2025-02-24T09:39:31.884+0000] {dag.py:4180} INFO - Setting next_dagrun for example_sla_dag to 2025-02-24 09:36:00+00:00, run_after=2025-02-24 09:38:00+00:00
[2025-02-24T09:39:31.898+0000] {processor.py:208} INFO - Processing /home/airflow/.local/lib/python3.12/site-packages/airflow/example_dags/example_sla_dag.py took 0.081 seconds
[2025-02-24T09:40:02.382+0000] {processor.py:186} INFO - Started process (PID=1988) to work on /home/airflow/.local/lib/python3.12/site-packages/airflow/example_dags/example_sla_dag.py
[2025-02-24T09:40:02.383+0000] {processor.py:914} INFO - Processing file /home/airflow/.local/lib/python3.12/site-packages/airflow/example_dags/example_sla_dag.py for tasks to queue
[2025-02-24T09:40:02.385+0000] {logging_mixin.py:190} INFO - [2025-02-24T09:40:02.384+0000] {dagbag.py:588} INFO - Filling up the DagBag from /home/airflow/.local/lib/python3.12/site-packages/airflow/example_dags/example_sla_dag.py
[2025-02-24T09:40:02.394+0000] {processor.py:925} INFO - DAG(s) 'example_sla_dag' retrieved from /home/airflow/.local/lib/python3.12/site-packages/airflow/example_dags/example_sla_dag.py
[2025-02-24T09:40:02.412+0000] {logging_mixin.py:190} INFO - [2025-02-24T09:40:02.412+0000] {dag.py:3239} INFO - Sync 1 DAGs
[2025-02-24T09:40:02.439+0000] {logging_mixin.py:190} INFO - [2025-02-24T09:40:02.438+0000] {dag.py:4180} INFO - Setting next_dagrun for example_sla_dag to 2025-02-24 09:38:00+00:00, run_after=2025-02-24 09:40:00+00:00
[2025-02-24T09:40:02.451+0000] {processor.py:208} INFO - Processing /home/airflow/.local/lib/python3.12/site-packages/airflow/example_dags/example_sla_dag.py took 0.074 seconds
[2025-02-24T09:40:33.055+0000] {processor.py:186} INFO - Started process (PID=2052) to work on /home/airflow/.local/lib/python3.12/site-packages/airflow/example_dags/example_sla_dag.py
[2025-02-24T09:40:33.055+0000] {processor.py:914} INFO - Processing file /home/airflow/.local/lib/python3.12/site-packages/airflow/example_dags/example_sla_dag.py for tasks to queue
[2025-02-24T09:40:33.057+0000] {logging_mixin.py:190} INFO - [2025-02-24T09:40:33.056+0000] {dagbag.py:588} INFO - Filling up the DagBag from /home/airflow/.local/lib/python3.12/site-packages/airflow/example_dags/example_sla_dag.py
[2025-02-24T09:40:33.066+0000] {processor.py:925} INFO - DAG(s) 'example_sla_dag' retrieved from /home/airflow/.local/lib/python3.12/site-packages/airflow/example_dags/example_sla_dag.py
[2025-02-24T09:40:33.080+0000] {logging_mixin.py:190} INFO - [2025-02-24T09:40:33.080+0000] {dag.py:3239} INFO - Sync 1 DAGs
[2025-02-24T09:40:33.101+0000] {logging_mixin.py:190} INFO - [2025-02-24T09:40:33.100+0000] {dag.py:4180} INFO - Setting next_dagrun for example_sla_dag to 2025-02-24 09:38:00+00:00, run_after=2025-02-24 09:40:00+00:00
[2025-02-24T09:40:33.113+0000] {processor.py:208} INFO - Processing /home/airflow/.local/lib/python3.12/site-packages/airflow/example_dags/example_sla_dag.py took 0.063 seconds
[2025-02-24T09:41:03.328+0000] {processor.py:186} INFO - Started process (PID=2116) to work on /home/airflow/.local/lib/python3.12/site-packages/airflow/example_dags/example_sla_dag.py
[2025-02-24T09:41:03.329+0000] {processor.py:914} INFO - Processing file /home/airflow/.local/lib/python3.12/site-packages/airflow/example_dags/example_sla_dag.py for tasks to queue
[2025-02-24T09:41:03.331+0000] {logging_mixin.py:190} INFO - [2025-02-24T09:41:03.331+0000] {dagbag.py:588} INFO - Filling up the DagBag from /home/airflow/.local/lib/python3.12/site-packages/airflow/example_dags/example_sla_dag.py
[2025-02-24T09:41:03.341+0000] {processor.py:925} INFO - DAG(s) 'example_sla_dag' retrieved from /home/airflow/.local/lib/python3.12/site-packages/airflow/example_dags/example_sla_dag.py
[2025-02-24T09:41:03.359+0000] {logging_mixin.py:190} INFO - [2025-02-24T09:41:03.358+0000] {dag.py:3239} INFO - Sync 1 DAGs
[2025-02-24T09:41:03.381+0000] {logging_mixin.py:190} INFO - [2025-02-24T09:41:03.381+0000] {dag.py:4180} INFO - Setting next_dagrun for example_sla_dag to 2025-02-24 09:38:00+00:00, run_after=2025-02-24 09:40:00+00:00
[2025-02-24T09:41:03.395+0000] {processor.py:208} INFO - Processing /home/airflow/.local/lib/python3.12/site-packages/airflow/example_dags/example_sla_dag.py took 0.072 seconds
