[2025-02-24T09:24:47.427+0000] {processor.py:186} INFO - Started process (PID=78) to work on /home/airflow/.local/lib/python3.12/site-packages/airflow/example_dags/example_branch_python_dop_operator_3.py
[2025-02-24T09:24:47.429+0000] {processor.py:914} INFO - Processing file /home/airflow/.local/lib/python3.12/site-packages/airflow/example_dags/example_branch_python_dop_operator_3.py for tasks to queue
[2025-02-24T09:24:47.431+0000] {logging_mixin.py:190} INFO - [2025-02-24T09:24:47.431+0000] {dagbag.py:588} INFO - Filling up the DagBag from /home/airflow/.local/lib/python3.12/site-packages/airflow/example_dags/example_branch_python_dop_operator_3.py
[2025-02-24T09:24:47.444+0000] {processor.py:925} INFO - DAG(s) 'example_branch_dop_operator_v3' retrieved from /home/airflow/.local/lib/python3.12/site-packages/airflow/example_dags/example_branch_python_dop_operator_3.py
[2025-02-24T09:24:47.572+0000] {logging_mixin.py:190} INFO - [2025-02-24T09:24:47.571+0000] {override.py:1911} INFO - Created Permission View: can edit on DAG:example_branch_dop_operator_v3
[2025-02-24T09:24:47.581+0000] {logging_mixin.py:190} INFO - [2025-02-24T09:24:47.581+0000] {override.py:1911} INFO - Created Permission View: can read on DAG:example_branch_dop_operator_v3
[2025-02-24T09:24:47.587+0000] {logging_mixin.py:190} INFO - [2025-02-24T09:24:47.586+0000] {override.py:1911} INFO - Created Permission View: can delete on DAG:example_branch_dop_operator_v3
[2025-02-24T09:24:47.600+0000] {logging_mixin.py:190} INFO - [2025-02-24T09:24:47.600+0000] {override.py:1911} INFO - Created Permission View: can create on DAG Run:example_branch_dop_operator_v3
[2025-02-24T09:24:47.608+0000] {logging_mixin.py:190} INFO - [2025-02-24T09:24:47.608+0000] {override.py:1911} INFO - Created Permission View: can read on DAG Run:example_branch_dop_operator_v3
[2025-02-24T09:24:47.614+0000] {logging_mixin.py:190} INFO - [2025-02-24T09:24:47.613+0000] {override.py:1911} INFO - Created Permission View: menu access on DAG Run:example_branch_dop_operator_v3
[2025-02-24T09:24:47.628+0000] {logging_mixin.py:190} INFO - [2025-02-24T09:24:47.628+0000] {override.py:1911} INFO - Created Permission View: can delete on DAG Run:example_branch_dop_operator_v3
[2025-02-24T09:24:47.629+0000] {logging_mixin.py:190} INFO - [2025-02-24T09:24:47.629+0000] {dag.py:3239} INFO - Sync 1 DAGs
[2025-02-24T09:24:47.652+0000] {logging_mixin.py:190} INFO - [2025-02-24T09:24:47.651+0000] {dag.py:3262} INFO - Creating ORM DAG for example_branch_dop_operator_v3
[2025-02-24T09:24:47.667+0000] {logging_mixin.py:190} INFO - [2025-02-24T09:24:47.667+0000] {dag.py:4180} INFO - Setting next_dagrun for example_branch_dop_operator_v3 to 2025-02-24 09:23:00+00:00, run_after=2025-02-24 09:24:00+00:00
[2025-02-24T09:24:47.682+0000] {processor.py:208} INFO - Processing /home/airflow/.local/lib/python3.12/site-packages/airflow/example_dags/example_branch_python_dop_operator_3.py took 0.277 seconds
[2025-02-24T09:25:17.999+0000] {processor.py:186} INFO - Started process (PID=141) to work on /home/airflow/.local/lib/python3.12/site-packages/airflow/example_dags/example_branch_python_dop_operator_3.py
[2025-02-24T09:25:18.000+0000] {processor.py:914} INFO - Processing file /home/airflow/.local/lib/python3.12/site-packages/airflow/example_dags/example_branch_python_dop_operator_3.py for tasks to queue
[2025-02-24T09:25:18.002+0000] {logging_mixin.py:190} INFO - [2025-02-24T09:25:18.002+0000] {dagbag.py:588} INFO - Filling up the DagBag from /home/airflow/.local/lib/python3.12/site-packages/airflow/example_dags/example_branch_python_dop_operator_3.py
[2025-02-24T09:25:18.013+0000] {processor.py:925} INFO - DAG(s) 'example_branch_dop_operator_v3' retrieved from /home/airflow/.local/lib/python3.12/site-packages/airflow/example_dags/example_branch_python_dop_operator_3.py
[2025-02-24T09:25:18.029+0000] {logging_mixin.py:190} INFO - [2025-02-24T09:25:18.029+0000] {dag.py:3239} INFO - Sync 1 DAGs
[2025-02-24T09:25:18.055+0000] {logging_mixin.py:190} INFO - [2025-02-24T09:25:18.055+0000] {dag.py:4180} INFO - Setting next_dagrun for example_branch_dop_operator_v3 to 2025-02-24 09:24:00+00:00, run_after=2025-02-24 09:25:00+00:00
[2025-02-24T09:25:18.070+0000] {processor.py:208} INFO - Processing /home/airflow/.local/lib/python3.12/site-packages/airflow/example_dags/example_branch_python_dop_operator_3.py took 0.076 seconds
[2025-02-24T09:25:48.259+0000] {processor.py:186} INFO - Started process (PID=204) to work on /home/airflow/.local/lib/python3.12/site-packages/airflow/example_dags/example_branch_python_dop_operator_3.py
[2025-02-24T09:25:48.259+0000] {processor.py:914} INFO - Processing file /home/airflow/.local/lib/python3.12/site-packages/airflow/example_dags/example_branch_python_dop_operator_3.py for tasks to queue
[2025-02-24T09:25:48.261+0000] {logging_mixin.py:190} INFO - [2025-02-24T09:25:48.261+0000] {dagbag.py:588} INFO - Filling up the DagBag from /home/airflow/.local/lib/python3.12/site-packages/airflow/example_dags/example_branch_python_dop_operator_3.py
[2025-02-24T09:25:48.270+0000] {processor.py:925} INFO - DAG(s) 'example_branch_dop_operator_v3' retrieved from /home/airflow/.local/lib/python3.12/site-packages/airflow/example_dags/example_branch_python_dop_operator_3.py
[2025-02-24T09:25:48.286+0000] {logging_mixin.py:190} INFO - [2025-02-24T09:25:48.286+0000] {dag.py:3239} INFO - Sync 1 DAGs
[2025-02-24T09:25:48.309+0000] {logging_mixin.py:190} INFO - [2025-02-24T09:25:48.309+0000] {dag.py:4180} INFO - Setting next_dagrun for example_branch_dop_operator_v3 to 2025-02-24 09:24:00+00:00, run_after=2025-02-24 09:25:00+00:00
[2025-02-24T09:25:48.326+0000] {processor.py:208} INFO - Processing /home/airflow/.local/lib/python3.12/site-packages/airflow/example_dags/example_branch_python_dop_operator_3.py took 0.071 seconds
[2025-02-24T09:26:18.595+0000] {processor.py:186} INFO - Started process (PID=268) to work on /home/airflow/.local/lib/python3.12/site-packages/airflow/example_dags/example_branch_python_dop_operator_3.py
[2025-02-24T09:26:18.596+0000] {processor.py:914} INFO - Processing file /home/airflow/.local/lib/python3.12/site-packages/airflow/example_dags/example_branch_python_dop_operator_3.py for tasks to queue
[2025-02-24T09:26:18.598+0000] {logging_mixin.py:190} INFO - [2025-02-24T09:26:18.597+0000] {dagbag.py:588} INFO - Filling up the DagBag from /home/airflow/.local/lib/python3.12/site-packages/airflow/example_dags/example_branch_python_dop_operator_3.py
[2025-02-24T09:26:18.608+0000] {processor.py:925} INFO - DAG(s) 'example_branch_dop_operator_v3' retrieved from /home/airflow/.local/lib/python3.12/site-packages/airflow/example_dags/example_branch_python_dop_operator_3.py
[2025-02-24T09:26:18.626+0000] {logging_mixin.py:190} INFO - [2025-02-24T09:26:18.626+0000] {dag.py:3239} INFO - Sync 1 DAGs
[2025-02-24T09:26:18.652+0000] {logging_mixin.py:190} INFO - [2025-02-24T09:26:18.652+0000] {dag.py:4180} INFO - Setting next_dagrun for example_branch_dop_operator_v3 to 2025-02-24 09:25:00+00:00, run_after=2025-02-24 09:26:00+00:00
[2025-02-24T09:26:18.671+0000] {processor.py:208} INFO - Processing /home/airflow/.local/lib/python3.12/site-packages/airflow/example_dags/example_branch_python_dop_operator_3.py took 0.082 seconds
[2025-02-24T09:26:48.999+0000] {processor.py:186} INFO - Started process (PID=331) to work on /home/airflow/.local/lib/python3.12/site-packages/airflow/example_dags/example_branch_python_dop_operator_3.py
[2025-02-24T09:26:49.000+0000] {processor.py:914} INFO - Processing file /home/airflow/.local/lib/python3.12/site-packages/airflow/example_dags/example_branch_python_dop_operator_3.py for tasks to queue
[2025-02-24T09:26:49.002+0000] {logging_mixin.py:190} INFO - [2025-02-24T09:26:49.001+0000] {dagbag.py:588} INFO - Filling up the DagBag from /home/airflow/.local/lib/python3.12/site-packages/airflow/example_dags/example_branch_python_dop_operator_3.py
[2025-02-24T09:26:49.010+0000] {processor.py:925} INFO - DAG(s) 'example_branch_dop_operator_v3' retrieved from /home/airflow/.local/lib/python3.12/site-packages/airflow/example_dags/example_branch_python_dop_operator_3.py
[2025-02-24T09:26:49.028+0000] {logging_mixin.py:190} INFO - [2025-02-24T09:26:49.028+0000] {dag.py:3239} INFO - Sync 1 DAGs
[2025-02-24T09:26:49.054+0000] {logging_mixin.py:190} INFO - [2025-02-24T09:26:49.053+0000] {dag.py:4180} INFO - Setting next_dagrun for example_branch_dop_operator_v3 to 2025-02-24 09:25:00+00:00, run_after=2025-02-24 09:26:00+00:00
[2025-02-24T09:26:49.073+0000] {processor.py:208} INFO - Processing /home/airflow/.local/lib/python3.12/site-packages/airflow/example_dags/example_branch_python_dop_operator_3.py took 0.078 seconds
[2025-02-24T09:27:19.409+0000] {processor.py:186} INFO - Started process (PID=394) to work on /home/airflow/.local/lib/python3.12/site-packages/airflow/example_dags/example_branch_python_dop_operator_3.py
[2025-02-24T09:27:19.410+0000] {processor.py:914} INFO - Processing file /home/airflow/.local/lib/python3.12/site-packages/airflow/example_dags/example_branch_python_dop_operator_3.py for tasks to queue
[2025-02-24T09:27:19.412+0000] {logging_mixin.py:190} INFO - [2025-02-24T09:27:19.412+0000] {dagbag.py:588} INFO - Filling up the DagBag from /home/airflow/.local/lib/python3.12/site-packages/airflow/example_dags/example_branch_python_dop_operator_3.py
[2025-02-24T09:27:19.421+0000] {processor.py:925} INFO - DAG(s) 'example_branch_dop_operator_v3' retrieved from /home/airflow/.local/lib/python3.12/site-packages/airflow/example_dags/example_branch_python_dop_operator_3.py
[2025-02-24T09:27:19.437+0000] {logging_mixin.py:190} INFO - [2025-02-24T09:27:19.437+0000] {dag.py:3239} INFO - Sync 1 DAGs
[2025-02-24T09:27:19.458+0000] {logging_mixin.py:190} INFO - [2025-02-24T09:27:19.458+0000] {dag.py:4180} INFO - Setting next_dagrun for example_branch_dop_operator_v3 to 2025-02-24 09:26:00+00:00, run_after=2025-02-24 09:27:00+00:00
[2025-02-24T09:27:19.473+0000] {processor.py:208} INFO - Processing /home/airflow/.local/lib/python3.12/site-packages/airflow/example_dags/example_branch_python_dop_operator_3.py took 0.068 seconds
[2025-02-24T09:27:49.834+0000] {processor.py:186} INFO - Started process (PID=457) to work on /home/airflow/.local/lib/python3.12/site-packages/airflow/example_dags/example_branch_python_dop_operator_3.py
[2025-02-24T09:27:49.835+0000] {processor.py:914} INFO - Processing file /home/airflow/.local/lib/python3.12/site-packages/airflow/example_dags/example_branch_python_dop_operator_3.py for tasks to queue
[2025-02-24T09:27:49.837+0000] {logging_mixin.py:190} INFO - [2025-02-24T09:27:49.836+0000] {dagbag.py:588} INFO - Filling up the DagBag from /home/airflow/.local/lib/python3.12/site-packages/airflow/example_dags/example_branch_python_dop_operator_3.py
[2025-02-24T09:27:49.845+0000] {processor.py:925} INFO - DAG(s) 'example_branch_dop_operator_v3' retrieved from /home/airflow/.local/lib/python3.12/site-packages/airflow/example_dags/example_branch_python_dop_operator_3.py
[2025-02-24T09:27:49.862+0000] {logging_mixin.py:190} INFO - [2025-02-24T09:27:49.862+0000] {dag.py:3239} INFO - Sync 1 DAGs
[2025-02-24T09:27:49.888+0000] {logging_mixin.py:190} INFO - [2025-02-24T09:27:49.888+0000] {dag.py:4180} INFO - Setting next_dagrun for example_branch_dop_operator_v3 to 2025-02-24 09:26:00+00:00, run_after=2025-02-24 09:27:00+00:00
[2025-02-24T09:27:49.903+0000] {processor.py:208} INFO - Processing /home/airflow/.local/lib/python3.12/site-packages/airflow/example_dags/example_branch_python_dop_operator_3.py took 0.073 seconds
[2025-02-24T09:28:20.365+0000] {processor.py:186} INFO - Started process (PID=520) to work on /home/airflow/.local/lib/python3.12/site-packages/airflow/example_dags/example_branch_python_dop_operator_3.py
[2025-02-24T09:28:20.366+0000] {processor.py:914} INFO - Processing file /home/airflow/.local/lib/python3.12/site-packages/airflow/example_dags/example_branch_python_dop_operator_3.py for tasks to queue
[2025-02-24T09:28:20.367+0000] {logging_mixin.py:190} INFO - [2025-02-24T09:28:20.367+0000] {dagbag.py:588} INFO - Filling up the DagBag from /home/airflow/.local/lib/python3.12/site-packages/airflow/example_dags/example_branch_python_dop_operator_3.py
[2025-02-24T09:28:20.376+0000] {processor.py:925} INFO - DAG(s) 'example_branch_dop_operator_v3' retrieved from /home/airflow/.local/lib/python3.12/site-packages/airflow/example_dags/example_branch_python_dop_operator_3.py
[2025-02-24T09:28:20.394+0000] {logging_mixin.py:190} INFO - [2025-02-24T09:28:20.393+0000] {dag.py:3239} INFO - Sync 1 DAGs
[2025-02-24T09:28:20.420+0000] {logging_mixin.py:190} INFO - [2025-02-24T09:28:20.420+0000] {dag.py:4180} INFO - Setting next_dagrun for example_branch_dop_operator_v3 to 2025-02-24 09:27:00+00:00, run_after=2025-02-24 09:28:00+00:00
[2025-02-24T09:28:20.434+0000] {processor.py:208} INFO - Processing /home/airflow/.local/lib/python3.12/site-packages/airflow/example_dags/example_branch_python_dop_operator_3.py took 0.073 seconds
[2025-02-24T09:28:50.518+0000] {processor.py:186} INFO - Started process (PID=583) to work on /home/airflow/.local/lib/python3.12/site-packages/airflow/example_dags/example_branch_python_dop_operator_3.py
[2025-02-24T09:28:50.519+0000] {processor.py:914} INFO - Processing file /home/airflow/.local/lib/python3.12/site-packages/airflow/example_dags/example_branch_python_dop_operator_3.py for tasks to queue
[2025-02-24T09:28:50.520+0000] {logging_mixin.py:190} INFO - [2025-02-24T09:28:50.520+0000] {dagbag.py:588} INFO - Filling up the DagBag from /home/airflow/.local/lib/python3.12/site-packages/airflow/example_dags/example_branch_python_dop_operator_3.py
[2025-02-24T09:28:50.528+0000] {processor.py:925} INFO - DAG(s) 'example_branch_dop_operator_v3' retrieved from /home/airflow/.local/lib/python3.12/site-packages/airflow/example_dags/example_branch_python_dop_operator_3.py
[2025-02-24T09:28:50.542+0000] {logging_mixin.py:190} INFO - [2025-02-24T09:28:50.542+0000] {dag.py:3239} INFO - Sync 1 DAGs
[2025-02-24T09:28:50.563+0000] {logging_mixin.py:190} INFO - [2025-02-24T09:28:50.562+0000] {dag.py:4180} INFO - Setting next_dagrun for example_branch_dop_operator_v3 to 2025-02-24 09:27:00+00:00, run_after=2025-02-24 09:28:00+00:00
[2025-02-24T09:28:50.575+0000] {processor.py:208} INFO - Processing /home/airflow/.local/lib/python3.12/site-packages/airflow/example_dags/example_branch_python_dop_operator_3.py took 0.061 seconds
[2025-02-24T09:29:20.964+0000] {processor.py:186} INFO - Started process (PID=646) to work on /home/airflow/.local/lib/python3.12/site-packages/airflow/example_dags/example_branch_python_dop_operator_3.py
[2025-02-24T09:29:20.964+0000] {processor.py:914} INFO - Processing file /home/airflow/.local/lib/python3.12/site-packages/airflow/example_dags/example_branch_python_dop_operator_3.py for tasks to queue
[2025-02-24T09:29:20.966+0000] {logging_mixin.py:190} INFO - [2025-02-24T09:29:20.966+0000] {dagbag.py:588} INFO - Filling up the DagBag from /home/airflow/.local/lib/python3.12/site-packages/airflow/example_dags/example_branch_python_dop_operator_3.py
[2025-02-24T09:29:20.975+0000] {processor.py:925} INFO - DAG(s) 'example_branch_dop_operator_v3' retrieved from /home/airflow/.local/lib/python3.12/site-packages/airflow/example_dags/example_branch_python_dop_operator_3.py
[2025-02-24T09:29:20.997+0000] {logging_mixin.py:190} INFO - [2025-02-24T09:29:20.997+0000] {dag.py:3239} INFO - Sync 1 DAGs
[2025-02-24T09:29:21.027+0000] {logging_mixin.py:190} INFO - [2025-02-24T09:29:21.027+0000] {dag.py:4180} INFO - Setting next_dagrun for example_branch_dop_operator_v3 to 2025-02-24 09:28:00+00:00, run_after=2025-02-24 09:29:00+00:00
[2025-02-24T09:29:21.044+0000] {processor.py:208} INFO - Processing /home/airflow/.local/lib/python3.12/site-packages/airflow/example_dags/example_branch_python_dop_operator_3.py took 0.085 seconds
[2025-02-24T09:29:51.138+0000] {processor.py:186} INFO - Started process (PID=709) to work on /home/airflow/.local/lib/python3.12/site-packages/airflow/example_dags/example_branch_python_dop_operator_3.py
[2025-02-24T09:29:51.138+0000] {processor.py:914} INFO - Processing file /home/airflow/.local/lib/python3.12/site-packages/airflow/example_dags/example_branch_python_dop_operator_3.py for tasks to queue
[2025-02-24T09:29:51.141+0000] {logging_mixin.py:190} INFO - [2025-02-24T09:29:51.140+0000] {dagbag.py:588} INFO - Filling up the DagBag from /home/airflow/.local/lib/python3.12/site-packages/airflow/example_dags/example_branch_python_dop_operator_3.py
[2025-02-24T09:29:51.152+0000] {processor.py:925} INFO - DAG(s) 'example_branch_dop_operator_v3' retrieved from /home/airflow/.local/lib/python3.12/site-packages/airflow/example_dags/example_branch_python_dop_operator_3.py
[2025-02-24T09:29:51.171+0000] {logging_mixin.py:190} INFO - [2025-02-24T09:29:51.171+0000] {dag.py:3239} INFO - Sync 1 DAGs
[2025-02-24T09:29:51.199+0000] {logging_mixin.py:190} INFO - [2025-02-24T09:29:51.199+0000] {dag.py:4180} INFO - Setting next_dagrun for example_branch_dop_operator_v3 to 2025-02-24 09:28:00+00:00, run_after=2025-02-24 09:29:00+00:00
[2025-02-24T09:29:51.217+0000] {processor.py:208} INFO - Processing /home/airflow/.local/lib/python3.12/site-packages/airflow/example_dags/example_branch_python_dop_operator_3.py took 0.086 seconds
[2025-02-24T09:30:21.425+0000] {processor.py:186} INFO - Started process (PID=772) to work on /home/airflow/.local/lib/python3.12/site-packages/airflow/example_dags/example_branch_python_dop_operator_3.py
[2025-02-24T09:30:21.426+0000] {processor.py:914} INFO - Processing file /home/airflow/.local/lib/python3.12/site-packages/airflow/example_dags/example_branch_python_dop_operator_3.py for tasks to queue
[2025-02-24T09:30:21.428+0000] {logging_mixin.py:190} INFO - [2025-02-24T09:30:21.427+0000] {dagbag.py:588} INFO - Filling up the DagBag from /home/airflow/.local/lib/python3.12/site-packages/airflow/example_dags/example_branch_python_dop_operator_3.py
[2025-02-24T09:30:21.437+0000] {processor.py:925} INFO - DAG(s) 'example_branch_dop_operator_v3' retrieved from /home/airflow/.local/lib/python3.12/site-packages/airflow/example_dags/example_branch_python_dop_operator_3.py
[2025-02-24T09:30:21.453+0000] {logging_mixin.py:190} INFO - [2025-02-24T09:30:21.453+0000] {dag.py:3239} INFO - Sync 1 DAGs
[2025-02-24T09:30:21.477+0000] {logging_mixin.py:190} INFO - [2025-02-24T09:30:21.477+0000] {dag.py:4180} INFO - Setting next_dagrun for example_branch_dop_operator_v3 to 2025-02-24 09:29:00+00:00, run_after=2025-02-24 09:30:00+00:00
[2025-02-24T09:30:21.493+0000] {processor.py:208} INFO - Processing /home/airflow/.local/lib/python3.12/site-packages/airflow/example_dags/example_branch_python_dop_operator_3.py took 0.072 seconds
[2025-02-24T09:30:51.729+0000] {processor.py:186} INFO - Started process (PID=835) to work on /home/airflow/.local/lib/python3.12/site-packages/airflow/example_dags/example_branch_python_dop_operator_3.py
[2025-02-24T09:30:51.730+0000] {processor.py:914} INFO - Processing file /home/airflow/.local/lib/python3.12/site-packages/airflow/example_dags/example_branch_python_dop_operator_3.py for tasks to queue
[2025-02-24T09:30:51.732+0000] {logging_mixin.py:190} INFO - [2025-02-24T09:30:51.732+0000] {dagbag.py:588} INFO - Filling up the DagBag from /home/airflow/.local/lib/python3.12/site-packages/airflow/example_dags/example_branch_python_dop_operator_3.py
[2025-02-24T09:30:51.741+0000] {processor.py:925} INFO - DAG(s) 'example_branch_dop_operator_v3' retrieved from /home/airflow/.local/lib/python3.12/site-packages/airflow/example_dags/example_branch_python_dop_operator_3.py
[2025-02-24T09:30:51.770+0000] {logging_mixin.py:190} INFO - [2025-02-24T09:30:51.770+0000] {dag.py:3239} INFO - Sync 1 DAGs
[2025-02-24T09:30:51.794+0000] {logging_mixin.py:190} INFO - [2025-02-24T09:30:51.794+0000] {dag.py:4180} INFO - Setting next_dagrun for example_branch_dop_operator_v3 to 2025-02-24 09:29:00+00:00, run_after=2025-02-24 09:30:00+00:00
[2025-02-24T09:30:51.812+0000] {processor.py:208} INFO - Processing /home/airflow/.local/lib/python3.12/site-packages/airflow/example_dags/example_branch_python_dop_operator_3.py took 0.088 seconds
[2025-02-24T09:31:22.065+0000] {processor.py:186} INFO - Started process (PID=898) to work on /home/airflow/.local/lib/python3.12/site-packages/airflow/example_dags/example_branch_python_dop_operator_3.py
[2025-02-24T09:31:22.066+0000] {processor.py:914} INFO - Processing file /home/airflow/.local/lib/python3.12/site-packages/airflow/example_dags/example_branch_python_dop_operator_3.py for tasks to queue
[2025-02-24T09:31:22.067+0000] {logging_mixin.py:190} INFO - [2025-02-24T09:31:22.067+0000] {dagbag.py:588} INFO - Filling up the DagBag from /home/airflow/.local/lib/python3.12/site-packages/airflow/example_dags/example_branch_python_dop_operator_3.py
[2025-02-24T09:31:22.077+0000] {processor.py:925} INFO - DAG(s) 'example_branch_dop_operator_v3' retrieved from /home/airflow/.local/lib/python3.12/site-packages/airflow/example_dags/example_branch_python_dop_operator_3.py
[2025-02-24T09:31:22.097+0000] {logging_mixin.py:190} INFO - [2025-02-24T09:31:22.096+0000] {dag.py:3239} INFO - Sync 1 DAGs
[2025-02-24T09:31:22.124+0000] {logging_mixin.py:190} INFO - [2025-02-24T09:31:22.124+0000] {dag.py:4180} INFO - Setting next_dagrun for example_branch_dop_operator_v3 to 2025-02-24 09:30:00+00:00, run_after=2025-02-24 09:31:00+00:00
[2025-02-24T09:31:22.139+0000] {processor.py:208} INFO - Processing /home/airflow/.local/lib/python3.12/site-packages/airflow/example_dags/example_branch_python_dop_operator_3.py took 0.079 seconds
[2025-02-24T09:31:52.807+0000] {processor.py:186} INFO - Started process (PID=961) to work on /home/airflow/.local/lib/python3.12/site-packages/airflow/example_dags/example_branch_python_dop_operator_3.py
[2025-02-24T09:31:52.808+0000] {processor.py:914} INFO - Processing file /home/airflow/.local/lib/python3.12/site-packages/airflow/example_dags/example_branch_python_dop_operator_3.py for tasks to queue
[2025-02-24T09:31:52.809+0000] {logging_mixin.py:190} INFO - [2025-02-24T09:31:52.809+0000] {dagbag.py:588} INFO - Filling up the DagBag from /home/airflow/.local/lib/python3.12/site-packages/airflow/example_dags/example_branch_python_dop_operator_3.py
[2025-02-24T09:31:52.818+0000] {processor.py:925} INFO - DAG(s) 'example_branch_dop_operator_v3' retrieved from /home/airflow/.local/lib/python3.12/site-packages/airflow/example_dags/example_branch_python_dop_operator_3.py
[2025-02-24T09:31:52.833+0000] {logging_mixin.py:190} INFO - [2025-02-24T09:31:52.833+0000] {dag.py:3239} INFO - Sync 1 DAGs
[2025-02-24T09:31:52.856+0000] {logging_mixin.py:190} INFO - [2025-02-24T09:31:52.856+0000] {dag.py:4180} INFO - Setting next_dagrun for example_branch_dop_operator_v3 to 2025-02-24 09:30:00+00:00, run_after=2025-02-24 09:31:00+00:00
[2025-02-24T09:31:52.869+0000] {processor.py:208} INFO - Processing /home/airflow/.local/lib/python3.12/site-packages/airflow/example_dags/example_branch_python_dop_operator_3.py took 0.066 seconds
[2025-02-24T09:32:23.909+0000] {processor.py:186} INFO - Started process (PID=1024) to work on /home/airflow/.local/lib/python3.12/site-packages/airflow/example_dags/example_branch_python_dop_operator_3.py
[2025-02-24T09:32:23.909+0000] {processor.py:914} INFO - Processing file /home/airflow/.local/lib/python3.12/site-packages/airflow/example_dags/example_branch_python_dop_operator_3.py for tasks to queue
[2025-02-24T09:32:23.912+0000] {logging_mixin.py:190} INFO - [2025-02-24T09:32:23.911+0000] {dagbag.py:588} INFO - Filling up the DagBag from /home/airflow/.local/lib/python3.12/site-packages/airflow/example_dags/example_branch_python_dop_operator_3.py
[2025-02-24T09:32:23.923+0000] {processor.py:925} INFO - DAG(s) 'example_branch_dop_operator_v3' retrieved from /home/airflow/.local/lib/python3.12/site-packages/airflow/example_dags/example_branch_python_dop_operator_3.py
[2025-02-24T09:32:23.967+0000] {logging_mixin.py:190} INFO - [2025-02-24T09:32:23.967+0000] {dag.py:3239} INFO - Sync 1 DAGs
[2025-02-24T09:32:24.010+0000] {logging_mixin.py:190} INFO - [2025-02-24T09:32:24.010+0000] {dag.py:4180} INFO - Setting next_dagrun for example_branch_dop_operator_v3 to 2025-02-24 09:31:00+00:00, run_after=2025-02-24 09:32:00+00:00
[2025-02-24T09:32:24.041+0000] {processor.py:208} INFO - Processing /home/airflow/.local/lib/python3.12/site-packages/airflow/example_dags/example_branch_python_dop_operator_3.py took 0.139 seconds
[2025-02-24T09:32:54.885+0000] {processor.py:186} INFO - Started process (PID=1087) to work on /home/airflow/.local/lib/python3.12/site-packages/airflow/example_dags/example_branch_python_dop_operator_3.py
[2025-02-24T09:32:54.901+0000] {processor.py:914} INFO - Processing file /home/airflow/.local/lib/python3.12/site-packages/airflow/example_dags/example_branch_python_dop_operator_3.py for tasks to queue
[2025-02-24T09:32:54.903+0000] {logging_mixin.py:190} INFO - [2025-02-24T09:32:54.903+0000] {dagbag.py:588} INFO - Filling up the DagBag from /home/airflow/.local/lib/python3.12/site-packages/airflow/example_dags/example_branch_python_dop_operator_3.py
[2025-02-24T09:32:54.916+0000] {processor.py:925} INFO - DAG(s) 'example_branch_dop_operator_v3' retrieved from /home/airflow/.local/lib/python3.12/site-packages/airflow/example_dags/example_branch_python_dop_operator_3.py
[2025-02-24T09:32:54.939+0000] {logging_mixin.py:190} INFO - [2025-02-24T09:32:54.939+0000] {dag.py:3239} INFO - Sync 1 DAGs
[2025-02-24T09:32:54.977+0000] {logging_mixin.py:190} INFO - [2025-02-24T09:32:54.976+0000] {dag.py:4180} INFO - Setting next_dagrun for example_branch_dop_operator_v3 to 2025-02-24 09:31:00+00:00, run_after=2025-02-24 09:32:00+00:00
[2025-02-24T09:32:54.996+0000] {processor.py:208} INFO - Processing /home/airflow/.local/lib/python3.12/site-packages/airflow/example_dags/example_branch_python_dop_operator_3.py took 0.117 seconds
[2025-02-24T09:33:25.714+0000] {processor.py:186} INFO - Started process (PID=1150) to work on /home/airflow/.local/lib/python3.12/site-packages/airflow/example_dags/example_branch_python_dop_operator_3.py
[2025-02-24T09:33:25.715+0000] {processor.py:914} INFO - Processing file /home/airflow/.local/lib/python3.12/site-packages/airflow/example_dags/example_branch_python_dop_operator_3.py for tasks to queue
[2025-02-24T09:33:25.717+0000] {logging_mixin.py:190} INFO - [2025-02-24T09:33:25.717+0000] {dagbag.py:588} INFO - Filling up the DagBag from /home/airflow/.local/lib/python3.12/site-packages/airflow/example_dags/example_branch_python_dop_operator_3.py
[2025-02-24T09:33:25.725+0000] {processor.py:925} INFO - DAG(s) 'example_branch_dop_operator_v3' retrieved from /home/airflow/.local/lib/python3.12/site-packages/airflow/example_dags/example_branch_python_dop_operator_3.py
[2025-02-24T09:33:25.744+0000] {logging_mixin.py:190} INFO - [2025-02-24T09:33:25.744+0000] {dag.py:3239} INFO - Sync 1 DAGs
[2025-02-24T09:33:25.774+0000] {logging_mixin.py:190} INFO - [2025-02-24T09:33:25.774+0000] {dag.py:4180} INFO - Setting next_dagrun for example_branch_dop_operator_v3 to 2025-02-24 09:32:00+00:00, run_after=2025-02-24 09:33:00+00:00
[2025-02-24T09:33:25.792+0000] {processor.py:208} INFO - Processing /home/airflow/.local/lib/python3.12/site-packages/airflow/example_dags/example_branch_python_dop_operator_3.py took 0.082 seconds
[2025-02-24T09:33:55.922+0000] {processor.py:186} INFO - Started process (PID=1213) to work on /home/airflow/.local/lib/python3.12/site-packages/airflow/example_dags/example_branch_python_dop_operator_3.py
[2025-02-24T09:33:55.922+0000] {processor.py:914} INFO - Processing file /home/airflow/.local/lib/python3.12/site-packages/airflow/example_dags/example_branch_python_dop_operator_3.py for tasks to queue
[2025-02-24T09:33:55.924+0000] {logging_mixin.py:190} INFO - [2025-02-24T09:33:55.924+0000] {dagbag.py:588} INFO - Filling up the DagBag from /home/airflow/.local/lib/python3.12/site-packages/airflow/example_dags/example_branch_python_dop_operator_3.py
[2025-02-24T09:33:55.932+0000] {processor.py:925} INFO - DAG(s) 'example_branch_dop_operator_v3' retrieved from /home/airflow/.local/lib/python3.12/site-packages/airflow/example_dags/example_branch_python_dop_operator_3.py
[2025-02-24T09:33:55.951+0000] {logging_mixin.py:190} INFO - [2025-02-24T09:33:55.950+0000] {dag.py:3239} INFO - Sync 1 DAGs
[2025-02-24T09:33:55.978+0000] {logging_mixin.py:190} INFO - [2025-02-24T09:33:55.978+0000] {dag.py:4180} INFO - Setting next_dagrun for example_branch_dop_operator_v3 to 2025-02-24 09:32:00+00:00, run_after=2025-02-24 09:33:00+00:00
[2025-02-24T09:33:55.994+0000] {processor.py:208} INFO - Processing /home/airflow/.local/lib/python3.12/site-packages/airflow/example_dags/example_branch_python_dop_operator_3.py took 0.077 seconds
[2025-02-24T09:34:26.233+0000] {processor.py:186} INFO - Started process (PID=1277) to work on /home/airflow/.local/lib/python3.12/site-packages/airflow/example_dags/example_branch_python_dop_operator_3.py
[2025-02-24T09:34:26.234+0000] {processor.py:914} INFO - Processing file /home/airflow/.local/lib/python3.12/site-packages/airflow/example_dags/example_branch_python_dop_operator_3.py for tasks to queue
[2025-02-24T09:34:26.236+0000] {logging_mixin.py:190} INFO - [2025-02-24T09:34:26.236+0000] {dagbag.py:588} INFO - Filling up the DagBag from /home/airflow/.local/lib/python3.12/site-packages/airflow/example_dags/example_branch_python_dop_operator_3.py
[2025-02-24T09:34:26.247+0000] {processor.py:925} INFO - DAG(s) 'example_branch_dop_operator_v3' retrieved from /home/airflow/.local/lib/python3.12/site-packages/airflow/example_dags/example_branch_python_dop_operator_3.py
[2025-02-24T09:34:26.264+0000] {logging_mixin.py:190} INFO - [2025-02-24T09:34:26.264+0000] {dag.py:3239} INFO - Sync 1 DAGs
[2025-02-24T09:34:26.291+0000] {logging_mixin.py:190} INFO - [2025-02-24T09:34:26.290+0000] {dag.py:4180} INFO - Setting next_dagrun for example_branch_dop_operator_v3 to 2025-02-24 09:33:00+00:00, run_after=2025-02-24 09:34:00+00:00
[2025-02-24T09:34:26.304+0000] {processor.py:208} INFO - Processing /home/airflow/.local/lib/python3.12/site-packages/airflow/example_dags/example_branch_python_dop_operator_3.py took 0.076 seconds
[2025-02-24T09:34:56.536+0000] {processor.py:186} INFO - Started process (PID=1341) to work on /home/airflow/.local/lib/python3.12/site-packages/airflow/example_dags/example_branch_python_dop_operator_3.py
[2025-02-24T09:34:56.537+0000] {processor.py:914} INFO - Processing file /home/airflow/.local/lib/python3.12/site-packages/airflow/example_dags/example_branch_python_dop_operator_3.py for tasks to queue
[2025-02-24T09:34:56.539+0000] {logging_mixin.py:190} INFO - [2025-02-24T09:34:56.538+0000] {dagbag.py:588} INFO - Filling up the DagBag from /home/airflow/.local/lib/python3.12/site-packages/airflow/example_dags/example_branch_python_dop_operator_3.py
[2025-02-24T09:34:56.547+0000] {processor.py:925} INFO - DAG(s) 'example_branch_dop_operator_v3' retrieved from /home/airflow/.local/lib/python3.12/site-packages/airflow/example_dags/example_branch_python_dop_operator_3.py
[2025-02-24T09:34:56.565+0000] {logging_mixin.py:190} INFO - [2025-02-24T09:34:56.565+0000] {dag.py:3239} INFO - Sync 1 DAGs
[2025-02-24T09:34:56.592+0000] {logging_mixin.py:190} INFO - [2025-02-24T09:34:56.592+0000] {dag.py:4180} INFO - Setting next_dagrun for example_branch_dop_operator_v3 to 2025-02-24 09:33:00+00:00, run_after=2025-02-24 09:34:00+00:00
[2025-02-24T09:34:56.607+0000] {processor.py:208} INFO - Processing /home/airflow/.local/lib/python3.12/site-packages/airflow/example_dags/example_branch_python_dop_operator_3.py took 0.075 seconds
[2025-02-24T09:35:27.286+0000] {processor.py:186} INFO - Started process (PID=1405) to work on /home/airflow/.local/lib/python3.12/site-packages/airflow/example_dags/example_branch_python_dop_operator_3.py
[2025-02-24T09:35:27.286+0000] {processor.py:914} INFO - Processing file /home/airflow/.local/lib/python3.12/site-packages/airflow/example_dags/example_branch_python_dop_operator_3.py for tasks to queue
[2025-02-24T09:35:27.289+0000] {logging_mixin.py:190} INFO - [2025-02-24T09:35:27.288+0000] {dagbag.py:588} INFO - Filling up the DagBag from /home/airflow/.local/lib/python3.12/site-packages/airflow/example_dags/example_branch_python_dop_operator_3.py
[2025-02-24T09:35:27.300+0000] {processor.py:925} INFO - DAG(s) 'example_branch_dop_operator_v3' retrieved from /home/airflow/.local/lib/python3.12/site-packages/airflow/example_dags/example_branch_python_dop_operator_3.py
[2025-02-24T09:35:27.318+0000] {logging_mixin.py:190} INFO - [2025-02-24T09:35:27.318+0000] {dag.py:3239} INFO - Sync 1 DAGs
[2025-02-24T09:35:27.346+0000] {logging_mixin.py:190} INFO - [2025-02-24T09:35:27.346+0000] {dag.py:4180} INFO - Setting next_dagrun for example_branch_dop_operator_v3 to 2025-02-24 09:34:00+00:00, run_after=2025-02-24 09:35:00+00:00
[2025-02-24T09:35:27.362+0000] {processor.py:208} INFO - Processing /home/airflow/.local/lib/python3.12/site-packages/airflow/example_dags/example_branch_python_dop_operator_3.py took 0.082 seconds
[2025-02-24T09:35:58.092+0000] {processor.py:186} INFO - Started process (PID=1468) to work on /home/airflow/.local/lib/python3.12/site-packages/airflow/example_dags/example_branch_python_dop_operator_3.py
[2025-02-24T09:35:58.092+0000] {processor.py:914} INFO - Processing file /home/airflow/.local/lib/python3.12/site-packages/airflow/example_dags/example_branch_python_dop_operator_3.py for tasks to queue
[2025-02-24T09:35:58.094+0000] {logging_mixin.py:190} INFO - [2025-02-24T09:35:58.093+0000] {dagbag.py:588} INFO - Filling up the DagBag from /home/airflow/.local/lib/python3.12/site-packages/airflow/example_dags/example_branch_python_dop_operator_3.py
[2025-02-24T09:35:58.102+0000] {processor.py:925} INFO - DAG(s) 'example_branch_dop_operator_v3' retrieved from /home/airflow/.local/lib/python3.12/site-packages/airflow/example_dags/example_branch_python_dop_operator_3.py
[2025-02-24T09:35:58.116+0000] {logging_mixin.py:190} INFO - [2025-02-24T09:35:58.116+0000] {dag.py:3239} INFO - Sync 1 DAGs
[2025-02-24T09:35:58.136+0000] {logging_mixin.py:190} INFO - [2025-02-24T09:35:58.136+0000] {dag.py:4180} INFO - Setting next_dagrun for example_branch_dop_operator_v3 to 2025-02-24 09:34:00+00:00, run_after=2025-02-24 09:35:00+00:00
[2025-02-24T09:35:58.149+0000] {processor.py:208} INFO - Processing /home/airflow/.local/lib/python3.12/site-packages/airflow/example_dags/example_branch_python_dop_operator_3.py took 0.062 seconds
[2025-02-24T09:36:28.399+0000] {processor.py:186} INFO - Started process (PID=1531) to work on /home/airflow/.local/lib/python3.12/site-packages/airflow/example_dags/example_branch_python_dop_operator_3.py
[2025-02-24T09:36:28.400+0000] {processor.py:914} INFO - Processing file /home/airflow/.local/lib/python3.12/site-packages/airflow/example_dags/example_branch_python_dop_operator_3.py for tasks to queue
[2025-02-24T09:36:28.401+0000] {logging_mixin.py:190} INFO - [2025-02-24T09:36:28.401+0000] {dagbag.py:588} INFO - Filling up the DagBag from /home/airflow/.local/lib/python3.12/site-packages/airflow/example_dags/example_branch_python_dop_operator_3.py
[2025-02-24T09:36:28.412+0000] {processor.py:925} INFO - DAG(s) 'example_branch_dop_operator_v3' retrieved from /home/airflow/.local/lib/python3.12/site-packages/airflow/example_dags/example_branch_python_dop_operator_3.py
[2025-02-24T09:36:28.430+0000] {logging_mixin.py:190} INFO - [2025-02-24T09:36:28.430+0000] {dag.py:3239} INFO - Sync 1 DAGs
[2025-02-24T09:36:28.460+0000] {logging_mixin.py:190} INFO - [2025-02-24T09:36:28.459+0000] {dag.py:4180} INFO - Setting next_dagrun for example_branch_dop_operator_v3 to 2025-02-24 09:35:00+00:00, run_after=2025-02-24 09:36:00+00:00
[2025-02-24T09:36:28.478+0000] {processor.py:208} INFO - Processing /home/airflow/.local/lib/python3.12/site-packages/airflow/example_dags/example_branch_python_dop_operator_3.py took 0.084 seconds
[2025-02-24T09:36:58.599+0000] {processor.py:186} INFO - Started process (PID=1595) to work on /home/airflow/.local/lib/python3.12/site-packages/airflow/example_dags/example_branch_python_dop_operator_3.py
[2025-02-24T09:36:58.599+0000] {processor.py:914} INFO - Processing file /home/airflow/.local/lib/python3.12/site-packages/airflow/example_dags/example_branch_python_dop_operator_3.py for tasks to queue
[2025-02-24T09:36:58.601+0000] {logging_mixin.py:190} INFO - [2025-02-24T09:36:58.601+0000] {dagbag.py:588} INFO - Filling up the DagBag from /home/airflow/.local/lib/python3.12/site-packages/airflow/example_dags/example_branch_python_dop_operator_3.py
[2025-02-24T09:36:58.609+0000] {processor.py:925} INFO - DAG(s) 'example_branch_dop_operator_v3' retrieved from /home/airflow/.local/lib/python3.12/site-packages/airflow/example_dags/example_branch_python_dop_operator_3.py
[2025-02-24T09:36:58.623+0000] {logging_mixin.py:190} INFO - [2025-02-24T09:36:58.623+0000] {dag.py:3239} INFO - Sync 1 DAGs
[2025-02-24T09:36:58.648+0000] {logging_mixin.py:190} INFO - [2025-02-24T09:36:58.647+0000] {dag.py:4180} INFO - Setting next_dagrun for example_branch_dop_operator_v3 to 2025-02-24 09:35:00+00:00, run_after=2025-02-24 09:36:00+00:00
[2025-02-24T09:36:58.666+0000] {processor.py:208} INFO - Processing /home/airflow/.local/lib/python3.12/site-packages/airflow/example_dags/example_branch_python_dop_operator_3.py took 0.072 seconds
[2025-02-24T09:37:28.699+0000] {processor.py:186} INFO - Started process (PID=1659) to work on /home/airflow/.local/lib/python3.12/site-packages/airflow/example_dags/example_branch_python_dop_operator_3.py
[2025-02-24T09:37:28.700+0000] {processor.py:914} INFO - Processing file /home/airflow/.local/lib/python3.12/site-packages/airflow/example_dags/example_branch_python_dop_operator_3.py for tasks to queue
[2025-02-24T09:37:28.702+0000] {logging_mixin.py:190} INFO - [2025-02-24T09:37:28.701+0000] {dagbag.py:588} INFO - Filling up the DagBag from /home/airflow/.local/lib/python3.12/site-packages/airflow/example_dags/example_branch_python_dop_operator_3.py
[2025-02-24T09:37:28.712+0000] {processor.py:925} INFO - DAG(s) 'example_branch_dop_operator_v3' retrieved from /home/airflow/.local/lib/python3.12/site-packages/airflow/example_dags/example_branch_python_dop_operator_3.py
[2025-02-24T09:37:28.732+0000] {logging_mixin.py:190} INFO - [2025-02-24T09:37:28.732+0000] {dag.py:3239} INFO - Sync 1 DAGs
[2025-02-24T09:37:28.755+0000] {logging_mixin.py:190} INFO - [2025-02-24T09:37:28.755+0000] {dag.py:4180} INFO - Setting next_dagrun for example_branch_dop_operator_v3 to 2025-02-24 09:36:00+00:00, run_after=2025-02-24 09:37:00+00:00
[2025-02-24T09:37:28.769+0000] {processor.py:208} INFO - Processing /home/airflow/.local/lib/python3.12/site-packages/airflow/example_dags/example_branch_python_dop_operator_3.py took 0.074 seconds
[2025-02-24T09:37:59.000+0000] {processor.py:186} INFO - Started process (PID=1723) to work on /home/airflow/.local/lib/python3.12/site-packages/airflow/example_dags/example_branch_python_dop_operator_3.py
[2025-02-24T09:37:59.001+0000] {processor.py:914} INFO - Processing file /home/airflow/.local/lib/python3.12/site-packages/airflow/example_dags/example_branch_python_dop_operator_3.py for tasks to queue
[2025-02-24T09:37:59.003+0000] {logging_mixin.py:190} INFO - [2025-02-24T09:37:59.003+0000] {dagbag.py:588} INFO - Filling up the DagBag from /home/airflow/.local/lib/python3.12/site-packages/airflow/example_dags/example_branch_python_dop_operator_3.py
[2025-02-24T09:37:59.015+0000] {processor.py:925} INFO - DAG(s) 'example_branch_dop_operator_v3' retrieved from /home/airflow/.local/lib/python3.12/site-packages/airflow/example_dags/example_branch_python_dop_operator_3.py
[2025-02-24T09:37:59.034+0000] {logging_mixin.py:190} INFO - [2025-02-24T09:37:59.034+0000] {dag.py:3239} INFO - Sync 1 DAGs
[2025-02-24T09:37:59.061+0000] {logging_mixin.py:190} INFO - [2025-02-24T09:37:59.061+0000] {dag.py:4180} INFO - Setting next_dagrun for example_branch_dop_operator_v3 to 2025-02-24 09:36:00+00:00, run_after=2025-02-24 09:37:00+00:00
[2025-02-24T09:37:59.079+0000] {processor.py:208} INFO - Processing /home/airflow/.local/lib/python3.12/site-packages/airflow/example_dags/example_branch_python_dop_operator_3.py took 0.084 seconds
[2025-02-24T09:38:29.294+0000] {processor.py:186} INFO - Started process (PID=1787) to work on /home/airflow/.local/lib/python3.12/site-packages/airflow/example_dags/example_branch_python_dop_operator_3.py
[2025-02-24T09:38:29.295+0000] {processor.py:914} INFO - Processing file /home/airflow/.local/lib/python3.12/site-packages/airflow/example_dags/example_branch_python_dop_operator_3.py for tasks to queue
[2025-02-24T09:38:29.300+0000] {logging_mixin.py:190} INFO - [2025-02-24T09:38:29.300+0000] {dagbag.py:588} INFO - Filling up the DagBag from /home/airflow/.local/lib/python3.12/site-packages/airflow/example_dags/example_branch_python_dop_operator_3.py
[2025-02-24T09:38:29.351+0000] {processor.py:925} INFO - DAG(s) 'example_branch_dop_operator_v3' retrieved from /home/airflow/.local/lib/python3.12/site-packages/airflow/example_dags/example_branch_python_dop_operator_3.py
[2025-02-24T09:38:29.406+0000] {logging_mixin.py:190} INFO - [2025-02-24T09:38:29.406+0000] {dag.py:3239} INFO - Sync 1 DAGs
[2025-02-24T09:38:29.452+0000] {logging_mixin.py:190} INFO - [2025-02-24T09:38:29.452+0000] {dag.py:4180} INFO - Setting next_dagrun for example_branch_dop_operator_v3 to 2025-02-24 09:37:00+00:00, run_after=2025-02-24 09:38:00+00:00
[2025-02-24T09:38:29.480+0000] {processor.py:208} INFO - Processing /home/airflow/.local/lib/python3.12/site-packages/airflow/example_dags/example_branch_python_dop_operator_3.py took 0.194 seconds
[2025-02-24T09:38:59.577+0000] {processor.py:186} INFO - Started process (PID=1851) to work on /home/airflow/.local/lib/python3.12/site-packages/airflow/example_dags/example_branch_python_dop_operator_3.py
[2025-02-24T09:38:59.577+0000] {processor.py:914} INFO - Processing file /home/airflow/.local/lib/python3.12/site-packages/airflow/example_dags/example_branch_python_dop_operator_3.py for tasks to queue
[2025-02-24T09:38:59.579+0000] {logging_mixin.py:190} INFO - [2025-02-24T09:38:59.579+0000] {dagbag.py:588} INFO - Filling up the DagBag from /home/airflow/.local/lib/python3.12/site-packages/airflow/example_dags/example_branch_python_dop_operator_3.py
[2025-02-24T09:38:59.588+0000] {processor.py:925} INFO - DAG(s) 'example_branch_dop_operator_v3' retrieved from /home/airflow/.local/lib/python3.12/site-packages/airflow/example_dags/example_branch_python_dop_operator_3.py
[2025-02-24T09:38:59.605+0000] {logging_mixin.py:190} INFO - [2025-02-24T09:38:59.604+0000] {dag.py:3239} INFO - Sync 1 DAGs
[2025-02-24T09:38:59.631+0000] {logging_mixin.py:190} INFO - [2025-02-24T09:38:59.631+0000] {dag.py:4180} INFO - Setting next_dagrun for example_branch_dop_operator_v3 to 2025-02-24 09:37:00+00:00, run_after=2025-02-24 09:38:00+00:00
[2025-02-24T09:38:59.647+0000] {processor.py:208} INFO - Processing /home/airflow/.local/lib/python3.12/site-packages/airflow/example_dags/example_branch_python_dop_operator_3.py took 0.076 seconds
[2025-02-24T09:39:30.345+0000] {processor.py:186} INFO - Started process (PID=1915) to work on /home/airflow/.local/lib/python3.12/site-packages/airflow/example_dags/example_branch_python_dop_operator_3.py
[2025-02-24T09:39:30.346+0000] {processor.py:914} INFO - Processing file /home/airflow/.local/lib/python3.12/site-packages/airflow/example_dags/example_branch_python_dop_operator_3.py for tasks to queue
[2025-02-24T09:39:30.347+0000] {logging_mixin.py:190} INFO - [2025-02-24T09:39:30.347+0000] {dagbag.py:588} INFO - Filling up the DagBag from /home/airflow/.local/lib/python3.12/site-packages/airflow/example_dags/example_branch_python_dop_operator_3.py
[2025-02-24T09:39:30.356+0000] {processor.py:925} INFO - DAG(s) 'example_branch_dop_operator_v3' retrieved from /home/airflow/.local/lib/python3.12/site-packages/airflow/example_dags/example_branch_python_dop_operator_3.py
[2025-02-24T09:39:30.372+0000] {logging_mixin.py:190} INFO - [2025-02-24T09:39:30.372+0000] {dag.py:3239} INFO - Sync 1 DAGs
[2025-02-24T09:39:30.394+0000] {logging_mixin.py:190} INFO - [2025-02-24T09:39:30.394+0000] {dag.py:4180} INFO - Setting next_dagrun for example_branch_dop_operator_v3 to 2025-02-24 09:38:00+00:00, run_after=2025-02-24 09:39:00+00:00
[2025-02-24T09:39:30.410+0000] {processor.py:208} INFO - Processing /home/airflow/.local/lib/python3.12/site-packages/airflow/example_dags/example_branch_python_dop_operator_3.py took 0.069 seconds
[2025-02-24T09:40:00.975+0000] {processor.py:186} INFO - Started process (PID=1979) to work on /home/airflow/.local/lib/python3.12/site-packages/airflow/example_dags/example_branch_python_dop_operator_3.py
[2025-02-24T09:40:00.975+0000] {processor.py:914} INFO - Processing file /home/airflow/.local/lib/python3.12/site-packages/airflow/example_dags/example_branch_python_dop_operator_3.py for tasks to queue
[2025-02-24T09:40:00.977+0000] {logging_mixin.py:190} INFO - [2025-02-24T09:40:00.977+0000] {dagbag.py:588} INFO - Filling up the DagBag from /home/airflow/.local/lib/python3.12/site-packages/airflow/example_dags/example_branch_python_dop_operator_3.py
[2025-02-24T09:40:00.985+0000] {processor.py:925} INFO - DAG(s) 'example_branch_dop_operator_v3' retrieved from /home/airflow/.local/lib/python3.12/site-packages/airflow/example_dags/example_branch_python_dop_operator_3.py
[2025-02-24T09:40:01.000+0000] {logging_mixin.py:190} INFO - [2025-02-24T09:40:01.000+0000] {dag.py:3239} INFO - Sync 1 DAGs
[2025-02-24T09:40:01.024+0000] {logging_mixin.py:190} INFO - [2025-02-24T09:40:01.024+0000] {dag.py:4180} INFO - Setting next_dagrun for example_branch_dop_operator_v3 to 2025-02-24 09:39:00+00:00, run_after=2025-02-24 09:40:00+00:00
[2025-02-24T09:40:01.039+0000] {processor.py:208} INFO - Processing /home/airflow/.local/lib/python3.12/site-packages/airflow/example_dags/example_branch_python_dop_operator_3.py took 0.068 seconds
[2025-02-24T09:40:31.627+0000] {processor.py:186} INFO - Started process (PID=2043) to work on /home/airflow/.local/lib/python3.12/site-packages/airflow/example_dags/example_branch_python_dop_operator_3.py
[2025-02-24T09:40:31.627+0000] {processor.py:914} INFO - Processing file /home/airflow/.local/lib/python3.12/site-packages/airflow/example_dags/example_branch_python_dop_operator_3.py for tasks to queue
[2025-02-24T09:40:31.629+0000] {logging_mixin.py:190} INFO - [2025-02-24T09:40:31.629+0000] {dagbag.py:588} INFO - Filling up the DagBag from /home/airflow/.local/lib/python3.12/site-packages/airflow/example_dags/example_branch_python_dop_operator_3.py
[2025-02-24T09:40:31.638+0000] {processor.py:925} INFO - DAG(s) 'example_branch_dop_operator_v3' retrieved from /home/airflow/.local/lib/python3.12/site-packages/airflow/example_dags/example_branch_python_dop_operator_3.py
[2025-02-24T09:40:31.654+0000] {logging_mixin.py:190} INFO - [2025-02-24T09:40:31.653+0000] {dag.py:3239} INFO - Sync 1 DAGs
[2025-02-24T09:40:31.677+0000] {logging_mixin.py:190} INFO - [2025-02-24T09:40:31.676+0000] {dag.py:4180} INFO - Setting next_dagrun for example_branch_dop_operator_v3 to 2025-02-24 09:39:00+00:00, run_after=2025-02-24 09:40:00+00:00
[2025-02-24T09:40:31.693+0000] {processor.py:208} INFO - Processing /home/airflow/.local/lib/python3.12/site-packages/airflow/example_dags/example_branch_python_dop_operator_3.py took 0.071 seconds
[2025-02-24T09:41:01.908+0000] {processor.py:186} INFO - Started process (PID=2107) to work on /home/airflow/.local/lib/python3.12/site-packages/airflow/example_dags/example_branch_python_dop_operator_3.py
[2025-02-24T09:41:01.909+0000] {processor.py:914} INFO - Processing file /home/airflow/.local/lib/python3.12/site-packages/airflow/example_dags/example_branch_python_dop_operator_3.py for tasks to queue
[2025-02-24T09:41:01.911+0000] {logging_mixin.py:190} INFO - [2025-02-24T09:41:01.910+0000] {dagbag.py:588} INFO - Filling up the DagBag from /home/airflow/.local/lib/python3.12/site-packages/airflow/example_dags/example_branch_python_dop_operator_3.py
[2025-02-24T09:41:01.926+0000] {processor.py:925} INFO - DAG(s) 'example_branch_dop_operator_v3' retrieved from /home/airflow/.local/lib/python3.12/site-packages/airflow/example_dags/example_branch_python_dop_operator_3.py
[2025-02-24T09:41:01.946+0000] {logging_mixin.py:190} INFO - [2025-02-24T09:41:01.946+0000] {dag.py:3239} INFO - Sync 1 DAGs
[2025-02-24T09:41:01.973+0000] {logging_mixin.py:190} INFO - [2025-02-24T09:41:01.973+0000] {dag.py:4180} INFO - Setting next_dagrun for example_branch_dop_operator_v3 to 2025-02-24 09:40:00+00:00, run_after=2025-02-24 09:41:00+00:00
[2025-02-24T09:41:01.987+0000] {processor.py:208} INFO - Processing /home/airflow/.local/lib/python3.12/site-packages/airflow/example_dags/example_branch_python_dop_operator_3.py took 0.084 seconds
