[2025-02-24T09:24:51.009+0000] {processor.py:186} INFO - Started process (PID=94) to work on /home/airflow/.local/lib/python3.12/site-packages/airflow/example_dags/example_dag_decorator.py
[2025-02-24T09:24:51.010+0000] {processor.py:914} INFO - Processing file /home/airflow/.local/lib/python3.12/site-packages/airflow/example_dags/example_dag_decorator.py for tasks to queue
[2025-02-24T09:24:51.012+0000] {logging_mixin.py:190} INFO - [2025-02-24T09:24:51.012+0000] {dagbag.py:588} INFO - Filling up the DagBag from /home/airflow/.local/lib/python3.12/site-packages/airflow/example_dags/example_dag_decorator.py
[2025-02-24T09:24:51.022+0000] {processor.py:925} INFO - DAG(s) 'example_dag_decorator' retrieved from /home/airflow/.local/lib/python3.12/site-packages/airflow/example_dags/example_dag_decorator.py
[2025-02-24T09:24:51.117+0000] {logging_mixin.py:190} INFO - [2025-02-24T09:24:51.116+0000] {override.py:1911} INFO - Created Permission View: can edit on DAG:example_dag_decorator
[2025-02-24T09:24:51.125+0000] {logging_mixin.py:190} INFO - [2025-02-24T09:24:51.124+0000] {override.py:1911} INFO - Created Permission View: can read on DAG:example_dag_decorator
[2025-02-24T09:24:51.129+0000] {logging_mixin.py:190} INFO - [2025-02-24T09:24:51.129+0000] {override.py:1911} INFO - Created Permission View: can delete on DAG:example_dag_decorator
[2025-02-24T09:24:51.135+0000] {logging_mixin.py:190} INFO - [2025-02-24T09:24:51.134+0000] {override.py:1911} INFO - Created Permission View: can create on DAG Run:example_dag_decorator
[2025-02-24T09:24:51.139+0000] {logging_mixin.py:190} INFO - [2025-02-24T09:24:51.139+0000] {override.py:1911} INFO - Created Permission View: can read on DAG Run:example_dag_decorator
[2025-02-24T09:24:51.144+0000] {logging_mixin.py:190} INFO - [2025-02-24T09:24:51.144+0000] {override.py:1911} INFO - Created Permission View: menu access on DAG Run:example_dag_decorator
[2025-02-24T09:24:51.148+0000] {logging_mixin.py:190} INFO - [2025-02-24T09:24:51.148+0000] {override.py:1911} INFO - Created Permission View: can delete on DAG Run:example_dag_decorator
[2025-02-24T09:24:51.149+0000] {logging_mixin.py:190} INFO - [2025-02-24T09:24:51.148+0000] {dag.py:3239} INFO - Sync 1 DAGs
[2025-02-24T09:24:51.160+0000] {logging_mixin.py:190} INFO - [2025-02-24T09:24:51.160+0000] {dag.py:3262} INFO - Creating ORM DAG for example_dag_decorator
[2025-02-24T09:24:51.161+0000] {logging_mixin.py:190} INFO - [2025-02-24T09:24:51.161+0000] {dag.py:4180} INFO - Setting next_dagrun for example_dag_decorator to None, run_after=None
[2025-02-24T09:24:51.173+0000] {processor.py:208} INFO - Processing /home/airflow/.local/lib/python3.12/site-packages/airflow/example_dags/example_dag_decorator.py took 0.168 seconds
[2025-02-24T09:25:21.416+0000] {processor.py:186} INFO - Started process (PID=156) to work on /home/airflow/.local/lib/python3.12/site-packages/airflow/example_dags/example_dag_decorator.py
[2025-02-24T09:25:21.417+0000] {processor.py:914} INFO - Processing file /home/airflow/.local/lib/python3.12/site-packages/airflow/example_dags/example_dag_decorator.py for tasks to queue
[2025-02-24T09:25:21.418+0000] {logging_mixin.py:190} INFO - [2025-02-24T09:25:21.418+0000] {dagbag.py:588} INFO - Filling up the DagBag from /home/airflow/.local/lib/python3.12/site-packages/airflow/example_dags/example_dag_decorator.py
[2025-02-24T09:25:21.428+0000] {processor.py:925} INFO - DAG(s) 'example_dag_decorator' retrieved from /home/airflow/.local/lib/python3.12/site-packages/airflow/example_dags/example_dag_decorator.py
[2025-02-24T09:25:21.528+0000] {logging_mixin.py:190} INFO - [2025-02-24T09:25:21.527+0000] {dag.py:3239} INFO - Sync 1 DAGs
[2025-02-24T09:25:21.538+0000] {logging_mixin.py:190} INFO - [2025-02-24T09:25:21.537+0000] {dag.py:4180} INFO - Setting next_dagrun for example_dag_decorator to None, run_after=None
[2025-02-24T09:25:21.552+0000] {processor.py:208} INFO - Processing /home/airflow/.local/lib/python3.12/site-packages/airflow/example_dags/example_dag_decorator.py took 0.141 seconds
[2025-02-24T09:25:52.172+0000] {processor.py:186} INFO - Started process (PID=219) to work on /home/airflow/.local/lib/python3.12/site-packages/airflow/example_dags/example_dag_decorator.py
[2025-02-24T09:25:52.172+0000] {processor.py:914} INFO - Processing file /home/airflow/.local/lib/python3.12/site-packages/airflow/example_dags/example_dag_decorator.py for tasks to queue
[2025-02-24T09:25:52.174+0000] {logging_mixin.py:190} INFO - [2025-02-24T09:25:52.174+0000] {dagbag.py:588} INFO - Filling up the DagBag from /home/airflow/.local/lib/python3.12/site-packages/airflow/example_dags/example_dag_decorator.py
[2025-02-24T09:25:52.185+0000] {processor.py:925} INFO - DAG(s) 'example_dag_decorator' retrieved from /home/airflow/.local/lib/python3.12/site-packages/airflow/example_dags/example_dag_decorator.py
[2025-02-24T09:25:52.285+0000] {logging_mixin.py:190} INFO - [2025-02-24T09:25:52.285+0000] {dag.py:3239} INFO - Sync 1 DAGs
[2025-02-24T09:25:52.295+0000] {logging_mixin.py:190} INFO - [2025-02-24T09:25:52.295+0000] {dag.py:4180} INFO - Setting next_dagrun for example_dag_decorator to None, run_after=None
[2025-02-24T09:25:52.312+0000] {processor.py:208} INFO - Processing /home/airflow/.local/lib/python3.12/site-packages/airflow/example_dags/example_dag_decorator.py took 0.145 seconds
[2025-02-24T09:26:22.375+0000] {processor.py:186} INFO - Started process (PID=282) to work on /home/airflow/.local/lib/python3.12/site-packages/airflow/example_dags/example_dag_decorator.py
[2025-02-24T09:26:22.375+0000] {processor.py:914} INFO - Processing file /home/airflow/.local/lib/python3.12/site-packages/airflow/example_dags/example_dag_decorator.py for tasks to queue
[2025-02-24T09:26:22.377+0000] {logging_mixin.py:190} INFO - [2025-02-24T09:26:22.377+0000] {dagbag.py:588} INFO - Filling up the DagBag from /home/airflow/.local/lib/python3.12/site-packages/airflow/example_dags/example_dag_decorator.py
[2025-02-24T09:26:22.387+0000] {processor.py:925} INFO - DAG(s) 'example_dag_decorator' retrieved from /home/airflow/.local/lib/python3.12/site-packages/airflow/example_dags/example_dag_decorator.py
[2025-02-24T09:26:22.481+0000] {logging_mixin.py:190} INFO - [2025-02-24T09:26:22.481+0000] {dag.py:3239} INFO - Sync 1 DAGs
[2025-02-24T09:26:22.494+0000] {logging_mixin.py:190} INFO - [2025-02-24T09:26:22.493+0000] {dag.py:4180} INFO - Setting next_dagrun for example_dag_decorator to None, run_after=None
[2025-02-24T09:26:22.514+0000] {processor.py:208} INFO - Processing /home/airflow/.local/lib/python3.12/site-packages/airflow/example_dags/example_dag_decorator.py took 0.144 seconds
[2025-02-24T09:26:52.773+0000] {processor.py:186} INFO - Started process (PID=345) to work on /home/airflow/.local/lib/python3.12/site-packages/airflow/example_dags/example_dag_decorator.py
[2025-02-24T09:26:52.773+0000] {processor.py:914} INFO - Processing file /home/airflow/.local/lib/python3.12/site-packages/airflow/example_dags/example_dag_decorator.py for tasks to queue
[2025-02-24T09:26:52.775+0000] {logging_mixin.py:190} INFO - [2025-02-24T09:26:52.775+0000] {dagbag.py:588} INFO - Filling up the DagBag from /home/airflow/.local/lib/python3.12/site-packages/airflow/example_dags/example_dag_decorator.py
[2025-02-24T09:26:52.785+0000] {processor.py:925} INFO - DAG(s) 'example_dag_decorator' retrieved from /home/airflow/.local/lib/python3.12/site-packages/airflow/example_dags/example_dag_decorator.py
[2025-02-24T09:26:52.894+0000] {logging_mixin.py:190} INFO - [2025-02-24T09:26:52.894+0000] {dag.py:3239} INFO - Sync 1 DAGs
[2025-02-24T09:26:52.909+0000] {logging_mixin.py:190} INFO - [2025-02-24T09:26:52.908+0000] {dag.py:4180} INFO - Setting next_dagrun for example_dag_decorator to None, run_after=None
[2025-02-24T09:26:52.930+0000] {processor.py:208} INFO - Processing /home/airflow/.local/lib/python3.12/site-packages/airflow/example_dags/example_dag_decorator.py took 0.162 seconds
[2025-02-24T09:27:23.173+0000] {processor.py:186} INFO - Started process (PID=408) to work on /home/airflow/.local/lib/python3.12/site-packages/airflow/example_dags/example_dag_decorator.py
[2025-02-24T09:27:23.174+0000] {processor.py:914} INFO - Processing file /home/airflow/.local/lib/python3.12/site-packages/airflow/example_dags/example_dag_decorator.py for tasks to queue
[2025-02-24T09:27:23.177+0000] {logging_mixin.py:190} INFO - [2025-02-24T09:27:23.177+0000] {dagbag.py:588} INFO - Filling up the DagBag from /home/airflow/.local/lib/python3.12/site-packages/airflow/example_dags/example_dag_decorator.py
[2025-02-24T09:27:23.192+0000] {processor.py:925} INFO - DAG(s) 'example_dag_decorator' retrieved from /home/airflow/.local/lib/python3.12/site-packages/airflow/example_dags/example_dag_decorator.py
[2025-02-24T09:27:23.350+0000] {logging_mixin.py:190} INFO - [2025-02-24T09:27:23.350+0000] {dag.py:3239} INFO - Sync 1 DAGs
[2025-02-24T09:27:23.364+0000] {logging_mixin.py:190} INFO - [2025-02-24T09:27:23.364+0000] {dag.py:4180} INFO - Setting next_dagrun for example_dag_decorator to None, run_after=None
[2025-02-24T09:27:23.379+0000] {processor.py:208} INFO - Processing /home/airflow/.local/lib/python3.12/site-packages/airflow/example_dags/example_dag_decorator.py took 0.213 seconds
[2025-02-24T09:27:53.620+0000] {processor.py:186} INFO - Started process (PID=471) to work on /home/airflow/.local/lib/python3.12/site-packages/airflow/example_dags/example_dag_decorator.py
[2025-02-24T09:27:53.621+0000] {processor.py:914} INFO - Processing file /home/airflow/.local/lib/python3.12/site-packages/airflow/example_dags/example_dag_decorator.py for tasks to queue
[2025-02-24T09:27:53.623+0000] {logging_mixin.py:190} INFO - [2025-02-24T09:27:53.623+0000] {dagbag.py:588} INFO - Filling up the DagBag from /home/airflow/.local/lib/python3.12/site-packages/airflow/example_dags/example_dag_decorator.py
[2025-02-24T09:27:53.633+0000] {processor.py:925} INFO - DAG(s) 'example_dag_decorator' retrieved from /home/airflow/.local/lib/python3.12/site-packages/airflow/example_dags/example_dag_decorator.py
[2025-02-24T09:27:53.742+0000] {logging_mixin.py:190} INFO - [2025-02-24T09:27:53.742+0000] {dag.py:3239} INFO - Sync 1 DAGs
[2025-02-24T09:27:53.754+0000] {logging_mixin.py:190} INFO - [2025-02-24T09:27:53.753+0000] {dag.py:4180} INFO - Setting next_dagrun for example_dag_decorator to None, run_after=None
[2025-02-24T09:27:53.772+0000] {processor.py:208} INFO - Processing /home/airflow/.local/lib/python3.12/site-packages/airflow/example_dags/example_dag_decorator.py took 0.156 seconds
[2025-02-24T09:28:24.055+0000] {processor.py:186} INFO - Started process (PID=534) to work on /home/airflow/.local/lib/python3.12/site-packages/airflow/example_dags/example_dag_decorator.py
[2025-02-24T09:28:24.056+0000] {processor.py:914} INFO - Processing file /home/airflow/.local/lib/python3.12/site-packages/airflow/example_dags/example_dag_decorator.py for tasks to queue
[2025-02-24T09:28:24.058+0000] {logging_mixin.py:190} INFO - [2025-02-24T09:28:24.058+0000] {dagbag.py:588} INFO - Filling up the DagBag from /home/airflow/.local/lib/python3.12/site-packages/airflow/example_dags/example_dag_decorator.py
[2025-02-24T09:28:24.068+0000] {processor.py:925} INFO - DAG(s) 'example_dag_decorator' retrieved from /home/airflow/.local/lib/python3.12/site-packages/airflow/example_dags/example_dag_decorator.py
[2025-02-24T09:28:24.171+0000] {logging_mixin.py:190} INFO - [2025-02-24T09:28:24.171+0000] {dag.py:3239} INFO - Sync 1 DAGs
[2025-02-24T09:28:24.183+0000] {logging_mixin.py:190} INFO - [2025-02-24T09:28:24.183+0000] {dag.py:4180} INFO - Setting next_dagrun for example_dag_decorator to None, run_after=None
[2025-02-24T09:28:24.199+0000] {processor.py:208} INFO - Processing /home/airflow/.local/lib/python3.12/site-packages/airflow/example_dags/example_dag_decorator.py took 0.149 seconds
[2025-02-24T09:28:54.263+0000] {processor.py:186} INFO - Started process (PID=597) to work on /home/airflow/.local/lib/python3.12/site-packages/airflow/example_dags/example_dag_decorator.py
[2025-02-24T09:28:54.263+0000] {processor.py:914} INFO - Processing file /home/airflow/.local/lib/python3.12/site-packages/airflow/example_dags/example_dag_decorator.py for tasks to queue
[2025-02-24T09:28:54.265+0000] {logging_mixin.py:190} INFO - [2025-02-24T09:28:54.264+0000] {dagbag.py:588} INFO - Filling up the DagBag from /home/airflow/.local/lib/python3.12/site-packages/airflow/example_dags/example_dag_decorator.py
[2025-02-24T09:28:54.274+0000] {processor.py:925} INFO - DAG(s) 'example_dag_decorator' retrieved from /home/airflow/.local/lib/python3.12/site-packages/airflow/example_dags/example_dag_decorator.py
[2025-02-24T09:28:54.382+0000] {logging_mixin.py:190} INFO - [2025-02-24T09:28:54.382+0000] {dag.py:3239} INFO - Sync 1 DAGs
[2025-02-24T09:28:54.392+0000] {logging_mixin.py:190} INFO - [2025-02-24T09:28:54.392+0000] {dag.py:4180} INFO - Setting next_dagrun for example_dag_decorator to None, run_after=None
[2025-02-24T09:28:54.407+0000] {processor.py:208} INFO - Processing /home/airflow/.local/lib/python3.12/site-packages/airflow/example_dags/example_dag_decorator.py took 0.149 seconds
[2025-02-24T09:29:24.615+0000] {processor.py:186} INFO - Started process (PID=660) to work on /home/airflow/.local/lib/python3.12/site-packages/airflow/example_dags/example_dag_decorator.py
[2025-02-24T09:29:24.615+0000] {processor.py:914} INFO - Processing file /home/airflow/.local/lib/python3.12/site-packages/airflow/example_dags/example_dag_decorator.py for tasks to queue
[2025-02-24T09:29:24.617+0000] {logging_mixin.py:190} INFO - [2025-02-24T09:29:24.617+0000] {dagbag.py:588} INFO - Filling up the DagBag from /home/airflow/.local/lib/python3.12/site-packages/airflow/example_dags/example_dag_decorator.py
[2025-02-24T09:29:24.627+0000] {processor.py:925} INFO - DAG(s) 'example_dag_decorator' retrieved from /home/airflow/.local/lib/python3.12/site-packages/airflow/example_dags/example_dag_decorator.py
[2025-02-24T09:29:24.742+0000] {logging_mixin.py:190} INFO - [2025-02-24T09:29:24.742+0000] {dag.py:3239} INFO - Sync 1 DAGs
[2025-02-24T09:29:24.757+0000] {logging_mixin.py:190} INFO - [2025-02-24T09:29:24.757+0000] {dag.py:4180} INFO - Setting next_dagrun for example_dag_decorator to None, run_after=None
[2025-02-24T09:29:24.772+0000] {processor.py:208} INFO - Processing /home/airflow/.local/lib/python3.12/site-packages/airflow/example_dags/example_dag_decorator.py took 0.162 seconds
[2025-02-24T09:29:54.821+0000] {processor.py:186} INFO - Started process (PID=723) to work on /home/airflow/.local/lib/python3.12/site-packages/airflow/example_dags/example_dag_decorator.py
[2025-02-24T09:29:54.822+0000] {processor.py:914} INFO - Processing file /home/airflow/.local/lib/python3.12/site-packages/airflow/example_dags/example_dag_decorator.py for tasks to queue
[2025-02-24T09:29:54.823+0000] {logging_mixin.py:190} INFO - [2025-02-24T09:29:54.823+0000] {dagbag.py:588} INFO - Filling up the DagBag from /home/airflow/.local/lib/python3.12/site-packages/airflow/example_dags/example_dag_decorator.py
[2025-02-24T09:29:54.832+0000] {processor.py:925} INFO - DAG(s) 'example_dag_decorator' retrieved from /home/airflow/.local/lib/python3.12/site-packages/airflow/example_dags/example_dag_decorator.py
[2025-02-24T09:29:54.944+0000] {logging_mixin.py:190} INFO - [2025-02-24T09:29:54.944+0000] {dag.py:3239} INFO - Sync 1 DAGs
[2025-02-24T09:29:54.953+0000] {logging_mixin.py:190} INFO - [2025-02-24T09:29:54.953+0000] {dag.py:4180} INFO - Setting next_dagrun for example_dag_decorator to None, run_after=None
[2025-02-24T09:29:54.967+0000] {processor.py:208} INFO - Processing /home/airflow/.local/lib/python3.12/site-packages/airflow/example_dags/example_dag_decorator.py took 0.150 seconds
[2025-02-24T09:30:25.144+0000] {processor.py:186} INFO - Started process (PID=786) to work on /home/airflow/.local/lib/python3.12/site-packages/airflow/example_dags/example_dag_decorator.py
[2025-02-24T09:30:25.145+0000] {processor.py:914} INFO - Processing file /home/airflow/.local/lib/python3.12/site-packages/airflow/example_dags/example_dag_decorator.py for tasks to queue
[2025-02-24T09:30:25.146+0000] {logging_mixin.py:190} INFO - [2025-02-24T09:30:25.146+0000] {dagbag.py:588} INFO - Filling up the DagBag from /home/airflow/.local/lib/python3.12/site-packages/airflow/example_dags/example_dag_decorator.py
[2025-02-24T09:30:25.156+0000] {processor.py:925} INFO - DAG(s) 'example_dag_decorator' retrieved from /home/airflow/.local/lib/python3.12/site-packages/airflow/example_dags/example_dag_decorator.py
[2025-02-24T09:30:25.256+0000] {logging_mixin.py:190} INFO - [2025-02-24T09:30:25.256+0000] {dag.py:3239} INFO - Sync 1 DAGs
[2025-02-24T09:30:25.265+0000] {logging_mixin.py:190} INFO - [2025-02-24T09:30:25.265+0000] {dag.py:4180} INFO - Setting next_dagrun for example_dag_decorator to None, run_after=None
[2025-02-24T09:30:25.278+0000] {processor.py:208} INFO - Processing /home/airflow/.local/lib/python3.12/site-packages/airflow/example_dags/example_dag_decorator.py took 0.139 seconds
[2025-02-24T09:30:55.500+0000] {processor.py:186} INFO - Started process (PID=850) to work on /home/airflow/.local/lib/python3.12/site-packages/airflow/example_dags/example_dag_decorator.py
[2025-02-24T09:30:55.501+0000] {processor.py:914} INFO - Processing file /home/airflow/.local/lib/python3.12/site-packages/airflow/example_dags/example_dag_decorator.py for tasks to queue
[2025-02-24T09:30:55.502+0000] {logging_mixin.py:190} INFO - [2025-02-24T09:30:55.502+0000] {dagbag.py:588} INFO - Filling up the DagBag from /home/airflow/.local/lib/python3.12/site-packages/airflow/example_dags/example_dag_decorator.py
[2025-02-24T09:30:55.513+0000] {processor.py:925} INFO - DAG(s) 'example_dag_decorator' retrieved from /home/airflow/.local/lib/python3.12/site-packages/airflow/example_dags/example_dag_decorator.py
[2025-02-24T09:30:55.628+0000] {logging_mixin.py:190} INFO - [2025-02-24T09:30:55.628+0000] {dag.py:3239} INFO - Sync 1 DAGs
[2025-02-24T09:30:55.638+0000] {logging_mixin.py:190} INFO - [2025-02-24T09:30:55.638+0000] {dag.py:4180} INFO - Setting next_dagrun for example_dag_decorator to None, run_after=None
[2025-02-24T09:30:55.653+0000] {processor.py:208} INFO - Processing /home/airflow/.local/lib/python3.12/site-packages/airflow/example_dags/example_dag_decorator.py took 0.158 seconds
[2025-02-24T09:31:25.854+0000] {processor.py:186} INFO - Started process (PID=913) to work on /home/airflow/.local/lib/python3.12/site-packages/airflow/example_dags/example_dag_decorator.py
[2025-02-24T09:31:25.855+0000] {processor.py:914} INFO - Processing file /home/airflow/.local/lib/python3.12/site-packages/airflow/example_dags/example_dag_decorator.py for tasks to queue
[2025-02-24T09:31:25.857+0000] {logging_mixin.py:190} INFO - [2025-02-24T09:31:25.856+0000] {dagbag.py:588} INFO - Filling up the DagBag from /home/airflow/.local/lib/python3.12/site-packages/airflow/example_dags/example_dag_decorator.py
[2025-02-24T09:31:25.866+0000] {processor.py:925} INFO - DAG(s) 'example_dag_decorator' retrieved from /home/airflow/.local/lib/python3.12/site-packages/airflow/example_dags/example_dag_decorator.py
[2025-02-24T09:31:25.977+0000] {logging_mixin.py:190} INFO - [2025-02-24T09:31:25.976+0000] {dag.py:3239} INFO - Sync 1 DAGs
[2025-02-24T09:31:25.989+0000] {logging_mixin.py:190} INFO - [2025-02-24T09:31:25.989+0000] {dag.py:4180} INFO - Setting next_dagrun for example_dag_decorator to None, run_after=None
[2025-02-24T09:31:26.006+0000] {processor.py:208} INFO - Processing /home/airflow/.local/lib/python3.12/site-packages/airflow/example_dags/example_dag_decorator.py took 0.156 seconds
[2025-02-24T09:31:56.438+0000] {processor.py:186} INFO - Started process (PID=975) to work on /home/airflow/.local/lib/python3.12/site-packages/airflow/example_dags/example_dag_decorator.py
[2025-02-24T09:31:56.439+0000] {processor.py:914} INFO - Processing file /home/airflow/.local/lib/python3.12/site-packages/airflow/example_dags/example_dag_decorator.py for tasks to queue
[2025-02-24T09:31:56.440+0000] {logging_mixin.py:190} INFO - [2025-02-24T09:31:56.440+0000] {dagbag.py:588} INFO - Filling up the DagBag from /home/airflow/.local/lib/python3.12/site-packages/airflow/example_dags/example_dag_decorator.py
[2025-02-24T09:31:56.450+0000] {processor.py:925} INFO - DAG(s) 'example_dag_decorator' retrieved from /home/airflow/.local/lib/python3.12/site-packages/airflow/example_dags/example_dag_decorator.py
[2025-02-24T09:31:56.552+0000] {logging_mixin.py:190} INFO - [2025-02-24T09:31:56.552+0000] {dag.py:3239} INFO - Sync 1 DAGs
[2025-02-24T09:31:56.561+0000] {logging_mixin.py:190} INFO - [2025-02-24T09:31:56.561+0000] {dag.py:4180} INFO - Setting next_dagrun for example_dag_decorator to None, run_after=None
[2025-02-24T09:31:56.576+0000] {processor.py:208} INFO - Processing /home/airflow/.local/lib/python3.12/site-packages/airflow/example_dags/example_dag_decorator.py took 0.142 seconds
[2025-02-24T09:32:26.777+0000] {processor.py:186} INFO - Started process (PID=1038) to work on /home/airflow/.local/lib/python3.12/site-packages/airflow/example_dags/example_dag_decorator.py
[2025-02-24T09:32:26.778+0000] {processor.py:914} INFO - Processing file /home/airflow/.local/lib/python3.12/site-packages/airflow/example_dags/example_dag_decorator.py for tasks to queue
[2025-02-24T09:32:26.780+0000] {logging_mixin.py:190} INFO - [2025-02-24T09:32:26.780+0000] {dagbag.py:588} INFO - Filling up the DagBag from /home/airflow/.local/lib/python3.12/site-packages/airflow/example_dags/example_dag_decorator.py
[2025-02-24T09:32:26.790+0000] {processor.py:925} INFO - DAG(s) 'example_dag_decorator' retrieved from /home/airflow/.local/lib/python3.12/site-packages/airflow/example_dags/example_dag_decorator.py
[2025-02-24T09:32:26.889+0000] {logging_mixin.py:190} INFO - [2025-02-24T09:32:26.888+0000] {dag.py:3239} INFO - Sync 1 DAGs
[2025-02-24T09:32:26.899+0000] {logging_mixin.py:190} INFO - [2025-02-24T09:32:26.899+0000] {dag.py:4180} INFO - Setting next_dagrun for example_dag_decorator to None, run_after=None
[2025-02-24T09:32:26.912+0000] {processor.py:208} INFO - Processing /home/airflow/.local/lib/python3.12/site-packages/airflow/example_dags/example_dag_decorator.py took 0.139 seconds
[2025-02-24T09:32:57.786+0000] {processor.py:186} INFO - Started process (PID=1101) to work on /home/airflow/.local/lib/python3.12/site-packages/airflow/example_dags/example_dag_decorator.py
[2025-02-24T09:32:57.787+0000] {processor.py:914} INFO - Processing file /home/airflow/.local/lib/python3.12/site-packages/airflow/example_dags/example_dag_decorator.py for tasks to queue
[2025-02-24T09:32:57.789+0000] {logging_mixin.py:190} INFO - [2025-02-24T09:32:57.789+0000] {dagbag.py:588} INFO - Filling up the DagBag from /home/airflow/.local/lib/python3.12/site-packages/airflow/example_dags/example_dag_decorator.py
[2025-02-24T09:32:57.803+0000] {processor.py:925} INFO - DAG(s) 'example_dag_decorator' retrieved from /home/airflow/.local/lib/python3.12/site-packages/airflow/example_dags/example_dag_decorator.py
[2025-02-24T09:32:57.962+0000] {logging_mixin.py:190} INFO - [2025-02-24T09:32:57.962+0000] {dag.py:3239} INFO - Sync 1 DAGs
[2025-02-24T09:32:57.978+0000] {logging_mixin.py:190} INFO - [2025-02-24T09:32:57.977+0000] {dag.py:4180} INFO - Setting next_dagrun for example_dag_decorator to None, run_after=None
[2025-02-24T09:32:58.019+0000] {processor.py:208} INFO - Processing /home/airflow/.local/lib/python3.12/site-packages/airflow/example_dags/example_dag_decorator.py took 0.239 seconds
[2025-02-24T09:33:28.551+0000] {processor.py:186} INFO - Started process (PID=1164) to work on /home/airflow/.local/lib/python3.12/site-packages/airflow/example_dags/example_dag_decorator.py
[2025-02-24T09:33:28.551+0000] {processor.py:914} INFO - Processing file /home/airflow/.local/lib/python3.12/site-packages/airflow/example_dags/example_dag_decorator.py for tasks to queue
[2025-02-24T09:33:28.556+0000] {logging_mixin.py:190} INFO - [2025-02-24T09:33:28.555+0000] {dagbag.py:588} INFO - Filling up the DagBag from /home/airflow/.local/lib/python3.12/site-packages/airflow/example_dags/example_dag_decorator.py
[2025-02-24T09:33:28.569+0000] {processor.py:925} INFO - DAG(s) 'example_dag_decorator' retrieved from /home/airflow/.local/lib/python3.12/site-packages/airflow/example_dags/example_dag_decorator.py
[2025-02-24T09:33:28.768+0000] {logging_mixin.py:190} INFO - [2025-02-24T09:33:28.767+0000] {dag.py:3239} INFO - Sync 1 DAGs
[2025-02-24T09:33:28.783+0000] {logging_mixin.py:190} INFO - [2025-02-24T09:33:28.783+0000] {dag.py:4180} INFO - Setting next_dagrun for example_dag_decorator to None, run_after=None
[2025-02-24T09:33:28.830+0000] {processor.py:208} INFO - Processing /home/airflow/.local/lib/python3.12/site-packages/airflow/example_dags/example_dag_decorator.py took 0.286 seconds
[2025-02-24T09:33:59.754+0000] {processor.py:186} INFO - Started process (PID=1228) to work on /home/airflow/.local/lib/python3.12/site-packages/airflow/example_dags/example_dag_decorator.py
[2025-02-24T09:33:59.755+0000] {processor.py:914} INFO - Processing file /home/airflow/.local/lib/python3.12/site-packages/airflow/example_dags/example_dag_decorator.py for tasks to queue
[2025-02-24T09:33:59.757+0000] {logging_mixin.py:190} INFO - [2025-02-24T09:33:59.756+0000] {dagbag.py:588} INFO - Filling up the DagBag from /home/airflow/.local/lib/python3.12/site-packages/airflow/example_dags/example_dag_decorator.py
[2025-02-24T09:33:59.767+0000] {processor.py:925} INFO - DAG(s) 'example_dag_decorator' retrieved from /home/airflow/.local/lib/python3.12/site-packages/airflow/example_dags/example_dag_decorator.py
[2025-02-24T09:33:59.790+0000] {logging_mixin.py:190} INFO - [2025-02-24T09:33:59.789+0000] {dag.py:3239} INFO - Sync 1 DAGs
[2025-02-24T09:33:59.805+0000] {logging_mixin.py:190} INFO - [2025-02-24T09:33:59.805+0000] {dag.py:4180} INFO - Setting next_dagrun for example_dag_decorator to None, run_after=None
[2025-02-24T09:33:59.822+0000] {processor.py:208} INFO - Processing /home/airflow/.local/lib/python3.12/site-packages/airflow/example_dags/example_dag_decorator.py took 0.073 seconds
