[2025-02-24T09:24:55.557+0000] {processor.py:186} INFO - Started process (PID=115) to work on /home/airflow/.local/lib/python3.12/site-packages/airflow/example_dags/example_xcom.py
[2025-02-24T09:24:55.558+0000] {processor.py:914} INFO - Processing file /home/airflow/.local/lib/python3.12/site-packages/airflow/example_dags/example_xcom.py for tasks to queue
[2025-02-24T09:24:55.560+0000] {logging_mixin.py:190} INFO - [2025-02-24T09:24:55.560+0000] {dagbag.py:588} INFO - Filling up the DagBag from /home/airflow/.local/lib/python3.12/site-packages/airflow/example_dags/example_xcom.py
[2025-02-24T09:24:55.570+0000] {processor.py:925} INFO - DAG(s) 'example_xcom' retrieved from /home/airflow/.local/lib/python3.12/site-packages/airflow/example_dags/example_xcom.py
[2025-02-24T09:24:55.712+0000] {logging_mixin.py:190} INFO - [2025-02-24T09:24:55.711+0000] {override.py:1911} INFO - Created Permission View: can edit on DAG:example_xcom
[2025-02-24T09:24:55.725+0000] {logging_mixin.py:190} INFO - [2025-02-24T09:24:55.724+0000] {override.py:1911} INFO - Created Permission View: can read on DAG:example_xcom
[2025-02-24T09:24:55.730+0000] {logging_mixin.py:190} INFO - [2025-02-24T09:24:55.730+0000] {override.py:1911} INFO - Created Permission View: can delete on DAG:example_xcom
[2025-02-24T09:24:55.736+0000] {logging_mixin.py:190} INFO - [2025-02-24T09:24:55.736+0000] {override.py:1911} INFO - Created Permission View: can create on DAG Run:example_xcom
[2025-02-24T09:24:55.741+0000] {logging_mixin.py:190} INFO - [2025-02-24T09:24:55.741+0000] {override.py:1911} INFO - Created Permission View: can read on DAG Run:example_xcom
[2025-02-24T09:24:55.746+0000] {logging_mixin.py:190} INFO - [2025-02-24T09:24:55.745+0000] {override.py:1911} INFO - Created Permission View: menu access on DAG Run:example_xcom
[2025-02-24T09:24:55.750+0000] {logging_mixin.py:190} INFO - [2025-02-24T09:24:55.750+0000] {override.py:1911} INFO - Created Permission View: can delete on DAG Run:example_xcom
[2025-02-24T09:24:55.750+0000] {logging_mixin.py:190} INFO - [2025-02-24T09:24:55.750+0000] {dag.py:3239} INFO - Sync 1 DAGs
[2025-02-24T09:24:55.761+0000] {logging_mixin.py:190} INFO - [2025-02-24T09:24:55.761+0000] {dag.py:3262} INFO - Creating ORM DAG for example_xcom
[2025-02-24T09:24:55.770+0000] {logging_mixin.py:190} INFO - [2025-02-24T09:24:55.770+0000] {dag.py:4180} INFO - Setting next_dagrun for example_xcom to 2021-01-01 00:00:00+00:00, run_after=2021-01-01 00:00:00+00:00
[2025-02-24T09:24:55.789+0000] {processor.py:208} INFO - Processing /home/airflow/.local/lib/python3.12/site-packages/airflow/example_dags/example_xcom.py took 0.239 seconds
[2025-02-24T09:25:26.235+0000] {processor.py:186} INFO - Started process (PID=178) to work on /home/airflow/.local/lib/python3.12/site-packages/airflow/example_dags/example_xcom.py
[2025-02-24T09:25:26.236+0000] {processor.py:914} INFO - Processing file /home/airflow/.local/lib/python3.12/site-packages/airflow/example_dags/example_xcom.py for tasks to queue
[2025-02-24T09:25:26.238+0000] {logging_mixin.py:190} INFO - [2025-02-24T09:25:26.237+0000] {dagbag.py:588} INFO - Filling up the DagBag from /home/airflow/.local/lib/python3.12/site-packages/airflow/example_dags/example_xcom.py
[2025-02-24T09:25:26.247+0000] {processor.py:925} INFO - DAG(s) 'example_xcom' retrieved from /home/airflow/.local/lib/python3.12/site-packages/airflow/example_dags/example_xcom.py
[2025-02-24T09:25:26.267+0000] {logging_mixin.py:190} INFO - [2025-02-24T09:25:26.267+0000] {dag.py:3239} INFO - Sync 1 DAGs
[2025-02-24T09:25:26.292+0000] {logging_mixin.py:190} INFO - [2025-02-24T09:25:26.291+0000] {dag.py:4180} INFO - Setting next_dagrun for example_xcom to 2021-01-01 00:00:00+00:00, run_after=2021-01-01 00:00:00+00:00
[2025-02-24T09:25:26.309+0000] {processor.py:208} INFO - Processing /home/airflow/.local/lib/python3.12/site-packages/airflow/example_dags/example_xcom.py took 0.079 seconds
[2025-02-24T09:25:56.489+0000] {processor.py:186} INFO - Started process (PID=241) to work on /home/airflow/.local/lib/python3.12/site-packages/airflow/example_dags/example_xcom.py
[2025-02-24T09:25:56.490+0000] {processor.py:914} INFO - Processing file /home/airflow/.local/lib/python3.12/site-packages/airflow/example_dags/example_xcom.py for tasks to queue
[2025-02-24T09:25:56.492+0000] {logging_mixin.py:190} INFO - [2025-02-24T09:25:56.491+0000] {dagbag.py:588} INFO - Filling up the DagBag from /home/airflow/.local/lib/python3.12/site-packages/airflow/example_dags/example_xcom.py
[2025-02-24T09:25:56.500+0000] {processor.py:925} INFO - DAG(s) 'example_xcom' retrieved from /home/airflow/.local/lib/python3.12/site-packages/airflow/example_dags/example_xcom.py
[2025-02-24T09:25:56.518+0000] {logging_mixin.py:190} INFO - [2025-02-24T09:25:56.518+0000] {dag.py:3239} INFO - Sync 1 DAGs
[2025-02-24T09:25:56.538+0000] {logging_mixin.py:190} INFO - [2025-02-24T09:25:56.537+0000] {dag.py:4180} INFO - Setting next_dagrun for example_xcom to 2021-01-01 00:00:00+00:00, run_after=2021-01-01 00:00:00+00:00
[2025-02-24T09:25:56.554+0000] {processor.py:208} INFO - Processing /home/airflow/.local/lib/python3.12/site-packages/airflow/example_dags/example_xcom.py took 0.070 seconds
[2025-02-24T09:26:27.384+0000] {processor.py:186} INFO - Started process (PID=305) to work on /home/airflow/.local/lib/python3.12/site-packages/airflow/example_dags/example_xcom.py
[2025-02-24T09:26:27.385+0000] {processor.py:914} INFO - Processing file /home/airflow/.local/lib/python3.12/site-packages/airflow/example_dags/example_xcom.py for tasks to queue
[2025-02-24T09:26:27.388+0000] {logging_mixin.py:190} INFO - [2025-02-24T09:26:27.388+0000] {dagbag.py:588} INFO - Filling up the DagBag from /home/airflow/.local/lib/python3.12/site-packages/airflow/example_dags/example_xcom.py
[2025-02-24T09:26:27.407+0000] {processor.py:925} INFO - DAG(s) 'example_xcom' retrieved from /home/airflow/.local/lib/python3.12/site-packages/airflow/example_dags/example_xcom.py
[2025-02-24T09:26:27.443+0000] {logging_mixin.py:190} INFO - [2025-02-24T09:26:27.442+0000] {dag.py:3239} INFO - Sync 1 DAGs
[2025-02-24T09:26:27.467+0000] {logging_mixin.py:190} INFO - [2025-02-24T09:26:27.467+0000] {dag.py:4180} INFO - Setting next_dagrun for example_xcom to 2021-01-01 00:00:00+00:00, run_after=2021-01-01 00:00:00+00:00
[2025-02-24T09:26:27.481+0000] {processor.py:208} INFO - Processing /home/airflow/.local/lib/python3.12/site-packages/airflow/example_dags/example_xcom.py took 0.104 seconds
[2025-02-24T09:26:58.351+0000] {processor.py:186} INFO - Started process (PID=368) to work on /home/airflow/.local/lib/python3.12/site-packages/airflow/example_dags/example_xcom.py
[2025-02-24T09:26:58.352+0000] {processor.py:914} INFO - Processing file /home/airflow/.local/lib/python3.12/site-packages/airflow/example_dags/example_xcom.py for tasks to queue
[2025-02-24T09:26:58.353+0000] {logging_mixin.py:190} INFO - [2025-02-24T09:26:58.353+0000] {dagbag.py:588} INFO - Filling up the DagBag from /home/airflow/.local/lib/python3.12/site-packages/airflow/example_dags/example_xcom.py
[2025-02-24T09:26:58.361+0000] {processor.py:925} INFO - DAG(s) 'example_xcom' retrieved from /home/airflow/.local/lib/python3.12/site-packages/airflow/example_dags/example_xcom.py
[2025-02-24T09:26:58.380+0000] {logging_mixin.py:190} INFO - [2025-02-24T09:26:58.380+0000] {dag.py:3239} INFO - Sync 1 DAGs
[2025-02-24T09:26:58.401+0000] {logging_mixin.py:190} INFO - [2025-02-24T09:26:58.400+0000] {dag.py:4180} INFO - Setting next_dagrun for example_xcom to 2021-01-01 00:00:00+00:00, run_after=2021-01-01 00:00:00+00:00
[2025-02-24T09:26:58.416+0000] {processor.py:208} INFO - Processing /home/airflow/.local/lib/python3.12/site-packages/airflow/example_dags/example_xcom.py took 0.069 seconds
[2025-02-24T09:27:29.137+0000] {processor.py:186} INFO - Started process (PID=431) to work on /home/airflow/.local/lib/python3.12/site-packages/airflow/example_dags/example_xcom.py
[2025-02-24T09:27:29.137+0000] {processor.py:914} INFO - Processing file /home/airflow/.local/lib/python3.12/site-packages/airflow/example_dags/example_xcom.py for tasks to queue
[2025-02-24T09:27:29.139+0000] {logging_mixin.py:190} INFO - [2025-02-24T09:27:29.139+0000] {dagbag.py:588} INFO - Filling up the DagBag from /home/airflow/.local/lib/python3.12/site-packages/airflow/example_dags/example_xcom.py
[2025-02-24T09:27:29.147+0000] {processor.py:925} INFO - DAG(s) 'example_xcom' retrieved from /home/airflow/.local/lib/python3.12/site-packages/airflow/example_dags/example_xcom.py
[2025-02-24T09:27:29.166+0000] {logging_mixin.py:190} INFO - [2025-02-24T09:27:29.166+0000] {dag.py:3239} INFO - Sync 1 DAGs
[2025-02-24T09:27:29.190+0000] {logging_mixin.py:190} INFO - [2025-02-24T09:27:29.190+0000] {dag.py:4180} INFO - Setting next_dagrun for example_xcom to 2021-01-01 00:00:00+00:00, run_after=2021-01-01 00:00:00+00:00
[2025-02-24T09:27:29.208+0000] {processor.py:208} INFO - Processing /home/airflow/.local/lib/python3.12/site-packages/airflow/example_dags/example_xcom.py took 0.076 seconds
[2025-02-24T09:28:00.806+0000] {processor.py:186} INFO - Started process (PID=494) to work on /home/airflow/.local/lib/python3.12/site-packages/airflow/example_dags/example_xcom.py
[2025-02-24T09:28:00.807+0000] {processor.py:914} INFO - Processing file /home/airflow/.local/lib/python3.12/site-packages/airflow/example_dags/example_xcom.py for tasks to queue
[2025-02-24T09:28:00.809+0000] {logging_mixin.py:190} INFO - [2025-02-24T09:28:00.809+0000] {dagbag.py:588} INFO - Filling up the DagBag from /home/airflow/.local/lib/python3.12/site-packages/airflow/example_dags/example_xcom.py
[2025-02-24T09:28:00.819+0000] {processor.py:925} INFO - DAG(s) 'example_xcom' retrieved from /home/airflow/.local/lib/python3.12/site-packages/airflow/example_dags/example_xcom.py
[2025-02-24T09:28:00.838+0000] {logging_mixin.py:190} INFO - [2025-02-24T09:28:00.837+0000] {dag.py:3239} INFO - Sync 1 DAGs
[2025-02-24T09:28:00.857+0000] {logging_mixin.py:190} INFO - [2025-02-24T09:28:00.857+0000] {dag.py:4180} INFO - Setting next_dagrun for example_xcom to 2021-01-01 00:00:00+00:00, run_after=2021-01-01 00:00:00+00:00
[2025-02-24T09:28:00.872+0000] {processor.py:208} INFO - Processing /home/airflow/.local/lib/python3.12/site-packages/airflow/example_dags/example_xcom.py took 0.071 seconds
[2025-02-24T09:28:32.461+0000] {processor.py:186} INFO - Started process (PID=557) to work on /home/airflow/.local/lib/python3.12/site-packages/airflow/example_dags/example_xcom.py
[2025-02-24T09:28:32.462+0000] {processor.py:914} INFO - Processing file /home/airflow/.local/lib/python3.12/site-packages/airflow/example_dags/example_xcom.py for tasks to queue
[2025-02-24T09:28:32.465+0000] {logging_mixin.py:190} INFO - [2025-02-24T09:28:32.464+0000] {dagbag.py:588} INFO - Filling up the DagBag from /home/airflow/.local/lib/python3.12/site-packages/airflow/example_dags/example_xcom.py
[2025-02-24T09:28:32.477+0000] {processor.py:925} INFO - DAG(s) 'example_xcom' retrieved from /home/airflow/.local/lib/python3.12/site-packages/airflow/example_dags/example_xcom.py
[2025-02-24T09:28:32.499+0000] {logging_mixin.py:190} INFO - [2025-02-24T09:28:32.498+0000] {dag.py:3239} INFO - Sync 1 DAGs
[2025-02-24T09:28:32.527+0000] {logging_mixin.py:190} INFO - [2025-02-24T09:28:32.526+0000] {dag.py:4180} INFO - Setting next_dagrun for example_xcom to 2021-01-01 00:00:00+00:00, run_after=2021-01-01 00:00:00+00:00
[2025-02-24T09:28:32.545+0000] {processor.py:208} INFO - Processing /home/airflow/.local/lib/python3.12/site-packages/airflow/example_dags/example_xcom.py took 0.091 seconds
[2025-02-24T09:29:03.004+0000] {processor.py:186} INFO - Started process (PID=620) to work on /home/airflow/.local/lib/python3.12/site-packages/airflow/example_dags/example_xcom.py
[2025-02-24T09:29:03.004+0000] {processor.py:914} INFO - Processing file /home/airflow/.local/lib/python3.12/site-packages/airflow/example_dags/example_xcom.py for tasks to queue
[2025-02-24T09:29:03.007+0000] {logging_mixin.py:190} INFO - [2025-02-24T09:29:03.006+0000] {dagbag.py:588} INFO - Filling up the DagBag from /home/airflow/.local/lib/python3.12/site-packages/airflow/example_dags/example_xcom.py
[2025-02-24T09:29:03.017+0000] {processor.py:925} INFO - DAG(s) 'example_xcom' retrieved from /home/airflow/.local/lib/python3.12/site-packages/airflow/example_dags/example_xcom.py
[2025-02-24T09:29:03.044+0000] {logging_mixin.py:190} INFO - [2025-02-24T09:29:03.044+0000] {dag.py:3239} INFO - Sync 1 DAGs
[2025-02-24T09:29:03.071+0000] {logging_mixin.py:190} INFO - [2025-02-24T09:29:03.071+0000] {dag.py:4180} INFO - Setting next_dagrun for example_xcom to 2021-01-01 00:00:00+00:00, run_after=2021-01-01 00:00:00+00:00
[2025-02-24T09:29:03.091+0000] {processor.py:208} INFO - Processing /home/airflow/.local/lib/python3.12/site-packages/airflow/example_dags/example_xcom.py took 0.093 seconds
[2025-02-24T09:29:34.109+0000] {processor.py:186} INFO - Started process (PID=683) to work on /home/airflow/.local/lib/python3.12/site-packages/airflow/example_dags/example_xcom.py
[2025-02-24T09:29:34.110+0000] {processor.py:914} INFO - Processing file /home/airflow/.local/lib/python3.12/site-packages/airflow/example_dags/example_xcom.py for tasks to queue
[2025-02-24T09:29:34.112+0000] {logging_mixin.py:190} INFO - [2025-02-24T09:29:34.111+0000] {dagbag.py:588} INFO - Filling up the DagBag from /home/airflow/.local/lib/python3.12/site-packages/airflow/example_dags/example_xcom.py
[2025-02-24T09:29:34.119+0000] {processor.py:925} INFO - DAG(s) 'example_xcom' retrieved from /home/airflow/.local/lib/python3.12/site-packages/airflow/example_dags/example_xcom.py
[2025-02-24T09:29:34.139+0000] {logging_mixin.py:190} INFO - [2025-02-24T09:29:34.138+0000] {dag.py:3239} INFO - Sync 1 DAGs
[2025-02-24T09:29:34.160+0000] {logging_mixin.py:190} INFO - [2025-02-24T09:29:34.160+0000] {dag.py:4180} INFO - Setting next_dagrun for example_xcom to 2021-01-01 00:00:00+00:00, run_after=2021-01-01 00:00:00+00:00
[2025-02-24T09:29:34.176+0000] {processor.py:208} INFO - Processing /home/airflow/.local/lib/python3.12/site-packages/airflow/example_dags/example_xcom.py took 0.071 seconds
[2025-02-24T09:30:05.372+0000] {processor.py:186} INFO - Started process (PID=746) to work on /home/airflow/.local/lib/python3.12/site-packages/airflow/example_dags/example_xcom.py
[2025-02-24T09:30:05.373+0000] {processor.py:914} INFO - Processing file /home/airflow/.local/lib/python3.12/site-packages/airflow/example_dags/example_xcom.py for tasks to queue
[2025-02-24T09:30:05.374+0000] {logging_mixin.py:190} INFO - [2025-02-24T09:30:05.374+0000] {dagbag.py:588} INFO - Filling up the DagBag from /home/airflow/.local/lib/python3.12/site-packages/airflow/example_dags/example_xcom.py
[2025-02-24T09:30:05.382+0000] {processor.py:925} INFO - DAG(s) 'example_xcom' retrieved from /home/airflow/.local/lib/python3.12/site-packages/airflow/example_dags/example_xcom.py
[2025-02-24T09:30:05.400+0000] {logging_mixin.py:190} INFO - [2025-02-24T09:30:05.400+0000] {dag.py:3239} INFO - Sync 1 DAGs
[2025-02-24T09:30:05.418+0000] {logging_mixin.py:190} INFO - [2025-02-24T09:30:05.418+0000] {dag.py:4180} INFO - Setting next_dagrun for example_xcom to 2021-01-01 00:00:00+00:00, run_after=2021-01-01 00:00:00+00:00
[2025-02-24T09:30:05.433+0000] {processor.py:208} INFO - Processing /home/airflow/.local/lib/python3.12/site-packages/airflow/example_dags/example_xcom.py took 0.066 seconds
[2025-02-24T09:30:36.580+0000] {processor.py:186} INFO - Started process (PID=809) to work on /home/airflow/.local/lib/python3.12/site-packages/airflow/example_dags/example_xcom.py
[2025-02-24T09:30:36.581+0000] {processor.py:914} INFO - Processing file /home/airflow/.local/lib/python3.12/site-packages/airflow/example_dags/example_xcom.py for tasks to queue
[2025-02-24T09:30:36.583+0000] {logging_mixin.py:190} INFO - [2025-02-24T09:30:36.582+0000] {dagbag.py:588} INFO - Filling up the DagBag from /home/airflow/.local/lib/python3.12/site-packages/airflow/example_dags/example_xcom.py
[2025-02-24T09:30:36.592+0000] {processor.py:925} INFO - DAG(s) 'example_xcom' retrieved from /home/airflow/.local/lib/python3.12/site-packages/airflow/example_dags/example_xcom.py
[2025-02-24T09:30:36.612+0000] {logging_mixin.py:190} INFO - [2025-02-24T09:30:36.611+0000] {dag.py:3239} INFO - Sync 1 DAGs
[2025-02-24T09:30:36.635+0000] {logging_mixin.py:190} INFO - [2025-02-24T09:30:36.634+0000] {dag.py:4180} INFO - Setting next_dagrun for example_xcom to 2021-01-01 00:00:00+00:00, run_after=2021-01-01 00:00:00+00:00
[2025-02-24T09:30:36.651+0000] {processor.py:208} INFO - Processing /home/airflow/.local/lib/python3.12/site-packages/airflow/example_dags/example_xcom.py took 0.077 seconds
[2025-02-24T09:31:06.994+0000] {processor.py:186} INFO - Started process (PID=871) to work on /home/airflow/.local/lib/python3.12/site-packages/airflow/example_dags/example_xcom.py
[2025-02-24T09:31:06.994+0000] {processor.py:914} INFO - Processing file /home/airflow/.local/lib/python3.12/site-packages/airflow/example_dags/example_xcom.py for tasks to queue
[2025-02-24T09:31:06.996+0000] {logging_mixin.py:190} INFO - [2025-02-24T09:31:06.996+0000] {dagbag.py:588} INFO - Filling up the DagBag from /home/airflow/.local/lib/python3.12/site-packages/airflow/example_dags/example_xcom.py
[2025-02-24T09:31:07.004+0000] {processor.py:925} INFO - DAG(s) 'example_xcom' retrieved from /home/airflow/.local/lib/python3.12/site-packages/airflow/example_dags/example_xcom.py
[2025-02-24T09:31:07.028+0000] {logging_mixin.py:190} INFO - [2025-02-24T09:31:07.027+0000] {dag.py:3239} INFO - Sync 1 DAGs
[2025-02-24T09:31:07.056+0000] {logging_mixin.py:190} INFO - [2025-02-24T09:31:07.055+0000] {dag.py:4180} INFO - Setting next_dagrun for example_xcom to 2021-01-01 00:00:00+00:00, run_after=2021-01-01 00:00:00+00:00
[2025-02-24T09:31:07.070+0000] {processor.py:208} INFO - Processing /home/airflow/.local/lib/python3.12/site-packages/airflow/example_dags/example_xcom.py took 0.082 seconds
[2025-02-24T09:31:37.831+0000] {processor.py:186} INFO - Started process (PID=934) to work on /home/airflow/.local/lib/python3.12/site-packages/airflow/example_dags/example_xcom.py
[2025-02-24T09:31:37.832+0000] {processor.py:914} INFO - Processing file /home/airflow/.local/lib/python3.12/site-packages/airflow/example_dags/example_xcom.py for tasks to queue
[2025-02-24T09:31:37.834+0000] {logging_mixin.py:190} INFO - [2025-02-24T09:31:37.834+0000] {dagbag.py:588} INFO - Filling up the DagBag from /home/airflow/.local/lib/python3.12/site-packages/airflow/example_dags/example_xcom.py
[2025-02-24T09:31:37.842+0000] {processor.py:925} INFO - DAG(s) 'example_xcom' retrieved from /home/airflow/.local/lib/python3.12/site-packages/airflow/example_dags/example_xcom.py
[2025-02-24T09:31:37.860+0000] {logging_mixin.py:190} INFO - [2025-02-24T09:31:37.860+0000] {dag.py:3239} INFO - Sync 1 DAGs
[2025-02-24T09:31:37.884+0000] {logging_mixin.py:190} INFO - [2025-02-24T09:31:37.884+0000] {dag.py:4180} INFO - Setting next_dagrun for example_xcom to 2021-01-01 00:00:00+00:00, run_after=2021-01-01 00:00:00+00:00
[2025-02-24T09:31:37.902+0000] {processor.py:208} INFO - Processing /home/airflow/.local/lib/python3.12/site-packages/airflow/example_dags/example_xcom.py took 0.076 seconds
[2025-02-24T09:32:08.726+0000] {processor.py:186} INFO - Started process (PID=997) to work on /home/airflow/.local/lib/python3.12/site-packages/airflow/example_dags/example_xcom.py
[2025-02-24T09:32:08.727+0000] {processor.py:914} INFO - Processing file /home/airflow/.local/lib/python3.12/site-packages/airflow/example_dags/example_xcom.py for tasks to queue
[2025-02-24T09:32:08.729+0000] {logging_mixin.py:190} INFO - [2025-02-24T09:32:08.729+0000] {dagbag.py:588} INFO - Filling up the DagBag from /home/airflow/.local/lib/python3.12/site-packages/airflow/example_dags/example_xcom.py
[2025-02-24T09:32:08.737+0000] {processor.py:925} INFO - DAG(s) 'example_xcom' retrieved from /home/airflow/.local/lib/python3.12/site-packages/airflow/example_dags/example_xcom.py
[2025-02-24T09:32:08.757+0000] {logging_mixin.py:190} INFO - [2025-02-24T09:32:08.757+0000] {dag.py:3239} INFO - Sync 1 DAGs
[2025-02-24T09:32:08.780+0000] {logging_mixin.py:190} INFO - [2025-02-24T09:32:08.779+0000] {dag.py:4180} INFO - Setting next_dagrun for example_xcom to 2021-01-01 00:00:00+00:00, run_after=2021-01-01 00:00:00+00:00
[2025-02-24T09:32:08.799+0000] {processor.py:208} INFO - Processing /home/airflow/.local/lib/python3.12/site-packages/airflow/example_dags/example_xcom.py took 0.078 seconds
[2025-02-24T09:32:39.865+0000] {processor.py:186} INFO - Started process (PID=1060) to work on /home/airflow/.local/lib/python3.12/site-packages/airflow/example_dags/example_xcom.py
[2025-02-24T09:32:39.866+0000] {processor.py:914} INFO - Processing file /home/airflow/.local/lib/python3.12/site-packages/airflow/example_dags/example_xcom.py for tasks to queue
[2025-02-24T09:32:39.868+0000] {logging_mixin.py:190} INFO - [2025-02-24T09:32:39.867+0000] {dagbag.py:588} INFO - Filling up the DagBag from /home/airflow/.local/lib/python3.12/site-packages/airflow/example_dags/example_xcom.py
[2025-02-24T09:32:39.876+0000] {processor.py:925} INFO - DAG(s) 'example_xcom' retrieved from /home/airflow/.local/lib/python3.12/site-packages/airflow/example_dags/example_xcom.py
[2025-02-24T09:32:39.898+0000] {logging_mixin.py:190} INFO - [2025-02-24T09:32:39.898+0000] {dag.py:3239} INFO - Sync 1 DAGs
[2025-02-24T09:32:39.917+0000] {logging_mixin.py:190} INFO - [2025-02-24T09:32:39.917+0000] {dag.py:4180} INFO - Setting next_dagrun for example_xcom to 2021-01-01 00:00:00+00:00, run_after=2021-01-01 00:00:00+00:00
[2025-02-24T09:32:39.931+0000] {processor.py:208} INFO - Processing /home/airflow/.local/lib/python3.12/site-packages/airflow/example_dags/example_xcom.py took 0.070 seconds
[2025-02-24T09:33:11.073+0000] {processor.py:186} INFO - Started process (PID=1123) to work on /home/airflow/.local/lib/python3.12/site-packages/airflow/example_dags/example_xcom.py
[2025-02-24T09:33:11.075+0000] {processor.py:914} INFO - Processing file /home/airflow/.local/lib/python3.12/site-packages/airflow/example_dags/example_xcom.py for tasks to queue
[2025-02-24T09:33:11.077+0000] {logging_mixin.py:190} INFO - [2025-02-24T09:33:11.077+0000] {dagbag.py:588} INFO - Filling up the DagBag from /home/airflow/.local/lib/python3.12/site-packages/airflow/example_dags/example_xcom.py
[2025-02-24T09:33:11.089+0000] {processor.py:925} INFO - DAG(s) 'example_xcom' retrieved from /home/airflow/.local/lib/python3.12/site-packages/airflow/example_dags/example_xcom.py
[2025-02-24T09:33:11.116+0000] {logging_mixin.py:190} INFO - [2025-02-24T09:33:11.116+0000] {dag.py:3239} INFO - Sync 1 DAGs
[2025-02-24T09:33:11.152+0000] {logging_mixin.py:190} INFO - [2025-02-24T09:33:11.151+0000] {dag.py:4180} INFO - Setting next_dagrun for example_xcom to 2021-01-01 00:00:00+00:00, run_after=2021-01-01 00:00:00+00:00
[2025-02-24T09:33:11.172+0000] {processor.py:208} INFO - Processing /home/airflow/.local/lib/python3.12/site-packages/airflow/example_dags/example_xcom.py took 0.106 seconds
[2025-02-24T09:33:41.757+0000] {processor.py:186} INFO - Started process (PID=1186) to work on /home/airflow/.local/lib/python3.12/site-packages/airflow/example_dags/example_xcom.py
[2025-02-24T09:33:41.758+0000] {processor.py:914} INFO - Processing file /home/airflow/.local/lib/python3.12/site-packages/airflow/example_dags/example_xcom.py for tasks to queue
[2025-02-24T09:33:41.759+0000] {logging_mixin.py:190} INFO - [2025-02-24T09:33:41.759+0000] {dagbag.py:588} INFO - Filling up the DagBag from /home/airflow/.local/lib/python3.12/site-packages/airflow/example_dags/example_xcom.py
[2025-02-24T09:33:41.767+0000] {processor.py:925} INFO - DAG(s) 'example_xcom' retrieved from /home/airflow/.local/lib/python3.12/site-packages/airflow/example_dags/example_xcom.py
[2025-02-24T09:33:41.784+0000] {logging_mixin.py:190} INFO - [2025-02-24T09:33:41.784+0000] {dag.py:3239} INFO - Sync 1 DAGs
[2025-02-24T09:33:41.802+0000] {logging_mixin.py:190} INFO - [2025-02-24T09:33:41.802+0000] {dag.py:4180} INFO - Setting next_dagrun for example_xcom to 2021-01-01 00:00:00+00:00, run_after=2021-01-01 00:00:00+00:00
[2025-02-24T09:33:41.816+0000] {processor.py:208} INFO - Processing /home/airflow/.local/lib/python3.12/site-packages/airflow/example_dags/example_xcom.py took 0.064 seconds
[2025-02-24T09:34:12.479+0000] {processor.py:186} INFO - Started process (PID=1248) to work on /home/airflow/.local/lib/python3.12/site-packages/airflow/example_dags/example_xcom.py
[2025-02-24T09:34:12.480+0000] {processor.py:914} INFO - Processing file /home/airflow/.local/lib/python3.12/site-packages/airflow/example_dags/example_xcom.py for tasks to queue
[2025-02-24T09:34:12.482+0000] {logging_mixin.py:190} INFO - [2025-02-24T09:34:12.482+0000] {dagbag.py:588} INFO - Filling up the DagBag from /home/airflow/.local/lib/python3.12/site-packages/airflow/example_dags/example_xcom.py
[2025-02-24T09:34:12.491+0000] {processor.py:925} INFO - DAG(s) 'example_xcom' retrieved from /home/airflow/.local/lib/python3.12/site-packages/airflow/example_dags/example_xcom.py
[2025-02-24T09:34:12.516+0000] {logging_mixin.py:190} INFO - [2025-02-24T09:34:12.515+0000] {dag.py:3239} INFO - Sync 1 DAGs
[2025-02-24T09:34:12.544+0000] {logging_mixin.py:190} INFO - [2025-02-24T09:34:12.544+0000] {dag.py:4180} INFO - Setting next_dagrun for example_xcom to 2021-01-01 00:00:00+00:00, run_after=2021-01-01 00:00:00+00:00
[2025-02-24T09:34:12.560+0000] {processor.py:208} INFO - Processing /home/airflow/.local/lib/python3.12/site-packages/airflow/example_dags/example_xcom.py took 0.089 seconds
[2025-02-24T09:34:43.582+0000] {processor.py:186} INFO - Started process (PID=1312) to work on /home/airflow/.local/lib/python3.12/site-packages/airflow/example_dags/example_xcom.py
[2025-02-24T09:34:43.583+0000] {processor.py:914} INFO - Processing file /home/airflow/.local/lib/python3.12/site-packages/airflow/example_dags/example_xcom.py for tasks to queue
[2025-02-24T09:34:43.584+0000] {logging_mixin.py:190} INFO - [2025-02-24T09:34:43.584+0000] {dagbag.py:588} INFO - Filling up the DagBag from /home/airflow/.local/lib/python3.12/site-packages/airflow/example_dags/example_xcom.py
[2025-02-24T09:34:43.593+0000] {processor.py:925} INFO - DAG(s) 'example_xcom' retrieved from /home/airflow/.local/lib/python3.12/site-packages/airflow/example_dags/example_xcom.py
[2025-02-24T09:34:43.611+0000] {logging_mixin.py:190} INFO - [2025-02-24T09:34:43.611+0000] {dag.py:3239} INFO - Sync 1 DAGs
[2025-02-24T09:34:43.630+0000] {logging_mixin.py:190} INFO - [2025-02-24T09:34:43.629+0000] {dag.py:4180} INFO - Setting next_dagrun for example_xcom to 2021-01-01 00:00:00+00:00, run_after=2021-01-01 00:00:00+00:00
[2025-02-24T09:34:43.642+0000] {processor.py:208} INFO - Processing /home/airflow/.local/lib/python3.12/site-packages/airflow/example_dags/example_xcom.py took 0.065 seconds
[2025-02-24T09:35:15.096+0000] {processor.py:186} INFO - Started process (PID=1377) to work on /home/airflow/.local/lib/python3.12/site-packages/airflow/example_dags/example_xcom.py
[2025-02-24T09:35:15.096+0000] {processor.py:914} INFO - Processing file /home/airflow/.local/lib/python3.12/site-packages/airflow/example_dags/example_xcom.py for tasks to queue
[2025-02-24T09:35:15.098+0000] {logging_mixin.py:190} INFO - [2025-02-24T09:35:15.098+0000] {dagbag.py:588} INFO - Filling up the DagBag from /home/airflow/.local/lib/python3.12/site-packages/airflow/example_dags/example_xcom.py
[2025-02-24T09:35:15.106+0000] {processor.py:925} INFO - DAG(s) 'example_xcom' retrieved from /home/airflow/.local/lib/python3.12/site-packages/airflow/example_dags/example_xcom.py
[2025-02-24T09:35:15.123+0000] {logging_mixin.py:190} INFO - [2025-02-24T09:35:15.123+0000] {dag.py:3239} INFO - Sync 1 DAGs
[2025-02-24T09:35:15.143+0000] {logging_mixin.py:190} INFO - [2025-02-24T09:35:15.143+0000] {dag.py:4180} INFO - Setting next_dagrun for example_xcom to 2021-01-01 00:00:00+00:00, run_after=2021-01-01 00:00:00+00:00
[2025-02-24T09:35:15.162+0000] {processor.py:208} INFO - Processing /home/airflow/.local/lib/python3.12/site-packages/airflow/example_dags/example_xcom.py took 0.071 seconds
[2025-02-24T09:35:45.794+0000] {processor.py:186} INFO - Started process (PID=1442) to work on /home/airflow/.local/lib/python3.12/site-packages/airflow/example_dags/example_xcom.py
[2025-02-24T09:35:45.795+0000] {processor.py:914} INFO - Processing file /home/airflow/.local/lib/python3.12/site-packages/airflow/example_dags/example_xcom.py for tasks to queue
[2025-02-24T09:35:45.797+0000] {logging_mixin.py:190} INFO - [2025-02-24T09:35:45.797+0000] {dagbag.py:588} INFO - Filling up the DagBag from /home/airflow/.local/lib/python3.12/site-packages/airflow/example_dags/example_xcom.py
[2025-02-24T09:35:45.808+0000] {processor.py:925} INFO - DAG(s) 'example_xcom' retrieved from /home/airflow/.local/lib/python3.12/site-packages/airflow/example_dags/example_xcom.py
[2025-02-24T09:35:45.830+0000] {logging_mixin.py:190} INFO - [2025-02-24T09:35:45.829+0000] {dag.py:3239} INFO - Sync 1 DAGs
[2025-02-24T09:35:45.858+0000] {logging_mixin.py:190} INFO - [2025-02-24T09:35:45.858+0000] {dag.py:4180} INFO - Setting next_dagrun for example_xcom to 2021-01-01 00:00:00+00:00, run_after=2021-01-01 00:00:00+00:00
[2025-02-24T09:35:45.876+0000] {processor.py:208} INFO - Processing /home/airflow/.local/lib/python3.12/site-packages/airflow/example_dags/example_xcom.py took 0.087 seconds
[2025-02-24T09:36:17.076+0000] {processor.py:186} INFO - Started process (PID=1509) to work on /home/airflow/.local/lib/python3.12/site-packages/airflow/example_dags/example_xcom.py
[2025-02-24T09:36:17.077+0000] {processor.py:914} INFO - Processing file /home/airflow/.local/lib/python3.12/site-packages/airflow/example_dags/example_xcom.py for tasks to queue
[2025-02-24T09:36:17.079+0000] {logging_mixin.py:190} INFO - [2025-02-24T09:36:17.079+0000] {dagbag.py:588} INFO - Filling up the DagBag from /home/airflow/.local/lib/python3.12/site-packages/airflow/example_dags/example_xcom.py
[2025-02-24T09:36:17.090+0000] {processor.py:925} INFO - DAG(s) 'example_xcom' retrieved from /home/airflow/.local/lib/python3.12/site-packages/airflow/example_dags/example_xcom.py
[2025-02-24T09:36:17.116+0000] {logging_mixin.py:190} INFO - [2025-02-24T09:36:17.116+0000] {dag.py:3239} INFO - Sync 1 DAGs
[2025-02-24T09:36:17.140+0000] {logging_mixin.py:190} INFO - [2025-02-24T09:36:17.140+0000] {dag.py:4180} INFO - Setting next_dagrun for example_xcom to 2021-01-01 00:00:00+00:00, run_after=2021-01-01 00:00:00+00:00
[2025-02-24T09:36:17.160+0000] {processor.py:208} INFO - Processing /home/airflow/.local/lib/python3.12/site-packages/airflow/example_dags/example_xcom.py took 0.090 seconds
[2025-02-24T09:36:48.283+0000] {processor.py:186} INFO - Started process (PID=1573) to work on /home/airflow/.local/lib/python3.12/site-packages/airflow/example_dags/example_xcom.py
[2025-02-24T09:36:48.284+0000] {processor.py:914} INFO - Processing file /home/airflow/.local/lib/python3.12/site-packages/airflow/example_dags/example_xcom.py for tasks to queue
[2025-02-24T09:36:48.286+0000] {logging_mixin.py:190} INFO - [2025-02-24T09:36:48.286+0000] {dagbag.py:588} INFO - Filling up the DagBag from /home/airflow/.local/lib/python3.12/site-packages/airflow/example_dags/example_xcom.py
[2025-02-24T09:36:48.299+0000] {processor.py:925} INFO - DAG(s) 'example_xcom' retrieved from /home/airflow/.local/lib/python3.12/site-packages/airflow/example_dags/example_xcom.py
[2025-02-24T09:36:48.322+0000] {logging_mixin.py:190} INFO - [2025-02-24T09:36:48.322+0000] {dag.py:3239} INFO - Sync 1 DAGs
[2025-02-24T09:36:48.350+0000] {logging_mixin.py:190} INFO - [2025-02-24T09:36:48.350+0000] {dag.py:4180} INFO - Setting next_dagrun for example_xcom to 2021-01-01 00:00:00+00:00, run_after=2021-01-01 00:00:00+00:00
[2025-02-24T09:36:48.370+0000] {processor.py:208} INFO - Processing /home/airflow/.local/lib/python3.12/site-packages/airflow/example_dags/example_xcom.py took 0.093 seconds
[2025-02-24T09:37:19.109+0000] {processor.py:186} INFO - Started process (PID=1637) to work on /home/airflow/.local/lib/python3.12/site-packages/airflow/example_dags/example_xcom.py
[2025-02-24T09:37:19.110+0000] {processor.py:914} INFO - Processing file /home/airflow/.local/lib/python3.12/site-packages/airflow/example_dags/example_xcom.py for tasks to queue
[2025-02-24T09:37:19.112+0000] {logging_mixin.py:190} INFO - [2025-02-24T09:37:19.112+0000] {dagbag.py:588} INFO - Filling up the DagBag from /home/airflow/.local/lib/python3.12/site-packages/airflow/example_dags/example_xcom.py
[2025-02-24T09:37:19.122+0000] {processor.py:925} INFO - DAG(s) 'example_xcom' retrieved from /home/airflow/.local/lib/python3.12/site-packages/airflow/example_dags/example_xcom.py
[2025-02-24T09:37:19.141+0000] {logging_mixin.py:190} INFO - [2025-02-24T09:37:19.141+0000] {dag.py:3239} INFO - Sync 1 DAGs
[2025-02-24T09:37:19.166+0000] {logging_mixin.py:190} INFO - [2025-02-24T09:37:19.166+0000] {dag.py:4180} INFO - Setting next_dagrun for example_xcom to 2021-01-01 00:00:00+00:00, run_after=2021-01-01 00:00:00+00:00
[2025-02-24T09:37:19.182+0000] {processor.py:208} INFO - Processing /home/airflow/.local/lib/python3.12/site-packages/airflow/example_dags/example_xcom.py took 0.079 seconds
[2025-02-24T09:37:50.377+0000] {processor.py:186} INFO - Started process (PID=1701) to work on /home/airflow/.local/lib/python3.12/site-packages/airflow/example_dags/example_xcom.py
[2025-02-24T09:37:50.378+0000] {processor.py:914} INFO - Processing file /home/airflow/.local/lib/python3.12/site-packages/airflow/example_dags/example_xcom.py for tasks to queue
[2025-02-24T09:37:50.380+0000] {logging_mixin.py:190} INFO - [2025-02-24T09:37:50.379+0000] {dagbag.py:588} INFO - Filling up the DagBag from /home/airflow/.local/lib/python3.12/site-packages/airflow/example_dags/example_xcom.py
[2025-02-24T09:37:50.388+0000] {processor.py:925} INFO - DAG(s) 'example_xcom' retrieved from /home/airflow/.local/lib/python3.12/site-packages/airflow/example_dags/example_xcom.py
[2025-02-24T09:37:50.408+0000] {logging_mixin.py:190} INFO - [2025-02-24T09:37:50.408+0000] {dag.py:3239} INFO - Sync 1 DAGs
[2025-02-24T09:37:50.429+0000] {logging_mixin.py:190} INFO - [2025-02-24T09:37:50.429+0000] {dag.py:4180} INFO - Setting next_dagrun for example_xcom to 2021-01-01 00:00:00+00:00, run_after=2021-01-01 00:00:00+00:00
[2025-02-24T09:37:50.442+0000] {processor.py:208} INFO - Processing /home/airflow/.local/lib/python3.12/site-packages/airflow/example_dags/example_xcom.py took 0.070 seconds
[2025-02-24T09:38:21.545+0000] {processor.py:186} INFO - Started process (PID=1765) to work on /home/airflow/.local/lib/python3.12/site-packages/airflow/example_dags/example_xcom.py
[2025-02-24T09:38:21.545+0000] {processor.py:914} INFO - Processing file /home/airflow/.local/lib/python3.12/site-packages/airflow/example_dags/example_xcom.py for tasks to queue
[2025-02-24T09:38:21.548+0000] {logging_mixin.py:190} INFO - [2025-02-24T09:38:21.547+0000] {dagbag.py:588} INFO - Filling up the DagBag from /home/airflow/.local/lib/python3.12/site-packages/airflow/example_dags/example_xcom.py
[2025-02-24T09:38:21.561+0000] {processor.py:925} INFO - DAG(s) 'example_xcom' retrieved from /home/airflow/.local/lib/python3.12/site-packages/airflow/example_dags/example_xcom.py
[2025-02-24T09:38:21.579+0000] {logging_mixin.py:190} INFO - [2025-02-24T09:38:21.579+0000] {dag.py:3239} INFO - Sync 1 DAGs
[2025-02-24T09:38:21.605+0000] {logging_mixin.py:190} INFO - [2025-02-24T09:38:21.605+0000] {dag.py:4180} INFO - Setting next_dagrun for example_xcom to 2021-01-01 00:00:00+00:00, run_after=2021-01-01 00:00:00+00:00
[2025-02-24T09:38:21.623+0000] {processor.py:208} INFO - Processing /home/airflow/.local/lib/python3.12/site-packages/airflow/example_dags/example_xcom.py took 0.086 seconds
[2025-02-24T09:38:53.007+0000] {processor.py:186} INFO - Started process (PID=1829) to work on /home/airflow/.local/lib/python3.12/site-packages/airflow/example_dags/example_xcom.py
[2025-02-24T09:38:53.008+0000] {processor.py:914} INFO - Processing file /home/airflow/.local/lib/python3.12/site-packages/airflow/example_dags/example_xcom.py for tasks to queue
[2025-02-24T09:38:53.010+0000] {logging_mixin.py:190} INFO - [2025-02-24T09:38:53.010+0000] {dagbag.py:588} INFO - Filling up the DagBag from /home/airflow/.local/lib/python3.12/site-packages/airflow/example_dags/example_xcom.py
[2025-02-24T09:38:53.021+0000] {processor.py:925} INFO - DAG(s) 'example_xcom' retrieved from /home/airflow/.local/lib/python3.12/site-packages/airflow/example_dags/example_xcom.py
[2025-02-24T09:38:53.042+0000] {logging_mixin.py:190} INFO - [2025-02-24T09:38:53.041+0000] {dag.py:3239} INFO - Sync 1 DAGs
[2025-02-24T09:38:53.060+0000] {logging_mixin.py:190} INFO - [2025-02-24T09:38:53.060+0000] {dag.py:4180} INFO - Setting next_dagrun for example_xcom to 2021-01-01 00:00:00+00:00, run_after=2021-01-01 00:00:00+00:00
[2025-02-24T09:38:53.073+0000] {processor.py:208} INFO - Processing /home/airflow/.local/lib/python3.12/site-packages/airflow/example_dags/example_xcom.py took 0.071 seconds
[2025-02-24T09:39:24.580+0000] {processor.py:186} INFO - Started process (PID=1893) to work on /home/airflow/.local/lib/python3.12/site-packages/airflow/example_dags/example_xcom.py
[2025-02-24T09:39:24.581+0000] {processor.py:914} INFO - Processing file /home/airflow/.local/lib/python3.12/site-packages/airflow/example_dags/example_xcom.py for tasks to queue
[2025-02-24T09:39:24.583+0000] {logging_mixin.py:190} INFO - [2025-02-24T09:39:24.582+0000] {dagbag.py:588} INFO - Filling up the DagBag from /home/airflow/.local/lib/python3.12/site-packages/airflow/example_dags/example_xcom.py
[2025-02-24T09:39:24.591+0000] {processor.py:925} INFO - DAG(s) 'example_xcom' retrieved from /home/airflow/.local/lib/python3.12/site-packages/airflow/example_dags/example_xcom.py
[2025-02-24T09:39:24.612+0000] {logging_mixin.py:190} INFO - [2025-02-24T09:39:24.611+0000] {dag.py:3239} INFO - Sync 1 DAGs
[2025-02-24T09:39:24.634+0000] {logging_mixin.py:190} INFO - [2025-02-24T09:39:24.634+0000] {dag.py:4180} INFO - Setting next_dagrun for example_xcom to 2021-01-01 00:00:00+00:00, run_after=2021-01-01 00:00:00+00:00
[2025-02-24T09:39:24.649+0000] {processor.py:208} INFO - Processing /home/airflow/.local/lib/python3.12/site-packages/airflow/example_dags/example_xcom.py took 0.074 seconds
[2025-02-24T09:39:56.071+0000] {processor.py:186} INFO - Started process (PID=1957) to work on /home/airflow/.local/lib/python3.12/site-packages/airflow/example_dags/example_xcom.py
[2025-02-24T09:39:56.073+0000] {processor.py:914} INFO - Processing file /home/airflow/.local/lib/python3.12/site-packages/airflow/example_dags/example_xcom.py for tasks to queue
[2025-02-24T09:39:56.078+0000] {logging_mixin.py:190} INFO - [2025-02-24T09:39:56.077+0000] {dagbag.py:588} INFO - Filling up the DagBag from /home/airflow/.local/lib/python3.12/site-packages/airflow/example_dags/example_xcom.py
[2025-02-24T09:39:56.090+0000] {processor.py:925} INFO - DAG(s) 'example_xcom' retrieved from /home/airflow/.local/lib/python3.12/site-packages/airflow/example_dags/example_xcom.py
[2025-02-24T09:39:56.113+0000] {logging_mixin.py:190} INFO - [2025-02-24T09:39:56.112+0000] {dag.py:3239} INFO - Sync 1 DAGs
[2025-02-24T09:39:56.136+0000] {logging_mixin.py:190} INFO - [2025-02-24T09:39:56.136+0000] {dag.py:4180} INFO - Setting next_dagrun for example_xcom to 2021-01-01 00:00:00+00:00, run_after=2021-01-01 00:00:00+00:00
[2025-02-24T09:39:56.151+0000] {processor.py:208} INFO - Processing /home/airflow/.local/lib/python3.12/site-packages/airflow/example_dags/example_xcom.py took 0.086 seconds
[2025-02-24T09:40:27.433+0000] {processor.py:186} INFO - Started process (PID=2021) to work on /home/airflow/.local/lib/python3.12/site-packages/airflow/example_dags/example_xcom.py
[2025-02-24T09:40:27.433+0000] {processor.py:914} INFO - Processing file /home/airflow/.local/lib/python3.12/site-packages/airflow/example_dags/example_xcom.py for tasks to queue
[2025-02-24T09:40:27.435+0000] {logging_mixin.py:190} INFO - [2025-02-24T09:40:27.435+0000] {dagbag.py:588} INFO - Filling up the DagBag from /home/airflow/.local/lib/python3.12/site-packages/airflow/example_dags/example_xcom.py
[2025-02-24T09:40:27.442+0000] {processor.py:925} INFO - DAG(s) 'example_xcom' retrieved from /home/airflow/.local/lib/python3.12/site-packages/airflow/example_dags/example_xcom.py
[2025-02-24T09:40:27.460+0000] {logging_mixin.py:190} INFO - [2025-02-24T09:40:27.459+0000] {dag.py:3239} INFO - Sync 1 DAGs
[2025-02-24T09:40:27.477+0000] {logging_mixin.py:190} INFO - [2025-02-24T09:40:27.476+0000] {dag.py:4180} INFO - Setting next_dagrun for example_xcom to 2021-01-01 00:00:00+00:00, run_after=2021-01-01 00:00:00+00:00
[2025-02-24T09:40:27.491+0000] {processor.py:208} INFO - Processing /home/airflow/.local/lib/python3.12/site-packages/airflow/example_dags/example_xcom.py took 0.063 seconds
[2025-02-24T09:40:58.346+0000] {processor.py:186} INFO - Started process (PID=2085) to work on /home/airflow/.local/lib/python3.12/site-packages/airflow/example_dags/example_xcom.py
[2025-02-24T09:40:58.347+0000] {processor.py:914} INFO - Processing file /home/airflow/.local/lib/python3.12/site-packages/airflow/example_dags/example_xcom.py for tasks to queue
[2025-02-24T09:40:58.348+0000] {logging_mixin.py:190} INFO - [2025-02-24T09:40:58.348+0000] {dagbag.py:588} INFO - Filling up the DagBag from /home/airflow/.local/lib/python3.12/site-packages/airflow/example_dags/example_xcom.py
[2025-02-24T09:40:58.359+0000] {processor.py:925} INFO - DAG(s) 'example_xcom' retrieved from /home/airflow/.local/lib/python3.12/site-packages/airflow/example_dags/example_xcom.py
[2025-02-24T09:40:58.375+0000] {logging_mixin.py:190} INFO - [2025-02-24T09:40:58.375+0000] {dag.py:3239} INFO - Sync 1 DAGs
[2025-02-24T09:40:58.393+0000] {logging_mixin.py:190} INFO - [2025-02-24T09:40:58.393+0000] {dag.py:4180} INFO - Setting next_dagrun for example_xcom to 2021-01-01 00:00:00+00:00, run_after=2021-01-01 00:00:00+00:00
[2025-02-24T09:40:58.406+0000] {processor.py:208} INFO - Processing /home/airflow/.local/lib/python3.12/site-packages/airflow/example_dags/example_xcom.py took 0.065 seconds
