[2025-02-24T09:24:47.979+0000] {processor.py:186} INFO - Started process (PID=81) to work on /home/airflow/.local/lib/python3.12/site-packages/airflow/example_dags/example_skip_dag.py
[2025-02-24T09:24:47.980+0000] {processor.py:914} INFO - Processing file /home/airflow/.local/lib/python3.12/site-packages/airflow/example_dags/example_skip_dag.py for tasks to queue
[2025-02-24T09:24:47.982+0000] {logging_mixin.py:190} INFO - [2025-02-24T09:24:47.981+0000] {dagbag.py:588} INFO - Filling up the DagBag from /home/airflow/.local/lib/python3.12/site-packages/airflow/example_dags/example_skip_dag.py
[2025-02-24T09:24:47.991+0000] {processor.py:925} INFO - DAG(s) 'example_skip_dag' retrieved from /home/airflow/.local/lib/python3.12/site-packages/airflow/example_dags/example_skip_dag.py
[2025-02-24T09:24:48.183+0000] {logging_mixin.py:190} INFO - [2025-02-24T09:24:48.183+0000] {override.py:1911} INFO - Created Permission View: can edit on DAG:example_skip_dag
[2025-02-24T09:24:48.194+0000] {logging_mixin.py:190} INFO - [2025-02-24T09:24:48.194+0000] {override.py:1911} INFO - Created Permission View: can read on DAG:example_skip_dag
[2025-02-24T09:24:48.200+0000] {logging_mixin.py:190} INFO - [2025-02-24T09:24:48.200+0000] {override.py:1911} INFO - Created Permission View: can delete on DAG:example_skip_dag
[2025-02-24T09:24:48.206+0000] {logging_mixin.py:190} INFO - [2025-02-24T09:24:48.205+0000] {override.py:1911} INFO - Created Permission View: can create on DAG Run:example_skip_dag
[2025-02-24T09:24:48.211+0000] {logging_mixin.py:190} INFO - [2025-02-24T09:24:48.210+0000] {override.py:1911} INFO - Created Permission View: can read on DAG Run:example_skip_dag
[2025-02-24T09:24:48.216+0000] {logging_mixin.py:190} INFO - [2025-02-24T09:24:48.215+0000] {override.py:1911} INFO - Created Permission View: menu access on DAG Run:example_skip_dag
[2025-02-24T09:24:48.220+0000] {logging_mixin.py:190} INFO - [2025-02-24T09:24:48.220+0000] {override.py:1911} INFO - Created Permission View: can delete on DAG Run:example_skip_dag
[2025-02-24T09:24:48.221+0000] {logging_mixin.py:190} INFO - [2025-02-24T09:24:48.221+0000] {dag.py:3239} INFO - Sync 1 DAGs
[2025-02-24T09:24:48.232+0000] {logging_mixin.py:190} INFO - [2025-02-24T09:24:48.232+0000] {dag.py:3262} INFO - Creating ORM DAG for example_skip_dag
[2025-02-24T09:24:48.241+0000] {logging_mixin.py:190} INFO - [2025-02-24T09:24:48.241+0000] {dag.py:4180} INFO - Setting next_dagrun for example_skip_dag to 2025-02-23 00:00:00+00:00, run_after=2025-02-24 00:00:00+00:00
[2025-02-24T09:24:48.255+0000] {processor.py:208} INFO - Processing /home/airflow/.local/lib/python3.12/site-packages/airflow/example_dags/example_skip_dag.py took 0.281 seconds
[2025-02-24T09:25:19.106+0000] {processor.py:186} INFO - Started process (PID=143) to work on /home/airflow/.local/lib/python3.12/site-packages/airflow/example_dags/example_skip_dag.py
[2025-02-24T09:25:19.107+0000] {processor.py:914} INFO - Processing file /home/airflow/.local/lib/python3.12/site-packages/airflow/example_dags/example_skip_dag.py for tasks to queue
[2025-02-24T09:25:19.109+0000] {logging_mixin.py:190} INFO - [2025-02-24T09:25:19.108+0000] {dagbag.py:588} INFO - Filling up the DagBag from /home/airflow/.local/lib/python3.12/site-packages/airflow/example_dags/example_skip_dag.py
[2025-02-24T09:25:19.115+0000] {processor.py:925} INFO - DAG(s) 'example_skip_dag' retrieved from /home/airflow/.local/lib/python3.12/site-packages/airflow/example_dags/example_skip_dag.py
[2025-02-24T09:25:19.132+0000] {logging_mixin.py:190} INFO - [2025-02-24T09:25:19.132+0000] {dag.py:3239} INFO - Sync 1 DAGs
[2025-02-24T09:25:19.158+0000] {logging_mixin.py:190} INFO - [2025-02-24T09:25:19.157+0000] {dag.py:4180} INFO - Setting next_dagrun for example_skip_dag to 2025-02-23 00:00:00+00:00, run_after=2025-02-24 00:00:00+00:00
[2025-02-24T09:25:19.176+0000] {processor.py:208} INFO - Processing /home/airflow/.local/lib/python3.12/site-packages/airflow/example_dags/example_skip_dag.py took 0.075 seconds
[2025-02-24T09:25:49.358+0000] {processor.py:186} INFO - Started process (PID=206) to work on /home/airflow/.local/lib/python3.12/site-packages/airflow/example_dags/example_skip_dag.py
[2025-02-24T09:25:49.359+0000] {processor.py:914} INFO - Processing file /home/airflow/.local/lib/python3.12/site-packages/airflow/example_dags/example_skip_dag.py for tasks to queue
[2025-02-24T09:25:49.361+0000] {logging_mixin.py:190} INFO - [2025-02-24T09:25:49.360+0000] {dagbag.py:588} INFO - Filling up the DagBag from /home/airflow/.local/lib/python3.12/site-packages/airflow/example_dags/example_skip_dag.py
[2025-02-24T09:25:49.367+0000] {processor.py:925} INFO - DAG(s) 'example_skip_dag' retrieved from /home/airflow/.local/lib/python3.12/site-packages/airflow/example_dags/example_skip_dag.py
[2025-02-24T09:25:49.386+0000] {logging_mixin.py:190} INFO - [2025-02-24T09:25:49.386+0000] {dag.py:3239} INFO - Sync 1 DAGs
[2025-02-24T09:25:49.412+0000] {logging_mixin.py:190} INFO - [2025-02-24T09:25:49.412+0000] {dag.py:4180} INFO - Setting next_dagrun for example_skip_dag to 2025-02-23 00:00:00+00:00, run_after=2025-02-24 00:00:00+00:00
[2025-02-24T09:25:49.427+0000] {processor.py:208} INFO - Processing /home/airflow/.local/lib/python3.12/site-packages/airflow/example_dags/example_skip_dag.py took 0.073 seconds
[2025-02-24T09:26:19.710+0000] {processor.py:186} INFO - Started process (PID=270) to work on /home/airflow/.local/lib/python3.12/site-packages/airflow/example_dags/example_skip_dag.py
[2025-02-24T09:26:19.711+0000] {processor.py:914} INFO - Processing file /home/airflow/.local/lib/python3.12/site-packages/airflow/example_dags/example_skip_dag.py for tasks to queue
[2025-02-24T09:26:19.712+0000] {logging_mixin.py:190} INFO - [2025-02-24T09:26:19.712+0000] {dagbag.py:588} INFO - Filling up the DagBag from /home/airflow/.local/lib/python3.12/site-packages/airflow/example_dags/example_skip_dag.py
[2025-02-24T09:26:19.720+0000] {processor.py:925} INFO - DAG(s) 'example_skip_dag' retrieved from /home/airflow/.local/lib/python3.12/site-packages/airflow/example_dags/example_skip_dag.py
[2025-02-24T09:26:19.744+0000] {logging_mixin.py:190} INFO - [2025-02-24T09:26:19.743+0000] {dag.py:3239} INFO - Sync 1 DAGs
[2025-02-24T09:26:19.772+0000] {logging_mixin.py:190} INFO - [2025-02-24T09:26:19.771+0000] {dag.py:4180} INFO - Setting next_dagrun for example_skip_dag to 2025-02-23 00:00:00+00:00, run_after=2025-02-24 00:00:00+00:00
[2025-02-24T09:26:19.791+0000] {processor.py:208} INFO - Processing /home/airflow/.local/lib/python3.12/site-packages/airflow/example_dags/example_skip_dag.py took 0.085 seconds
[2025-02-24T09:26:50.111+0000] {processor.py:186} INFO - Started process (PID=333) to work on /home/airflow/.local/lib/python3.12/site-packages/airflow/example_dags/example_skip_dag.py
[2025-02-24T09:26:50.111+0000] {processor.py:914} INFO - Processing file /home/airflow/.local/lib/python3.12/site-packages/airflow/example_dags/example_skip_dag.py for tasks to queue
[2025-02-24T09:26:50.113+0000] {logging_mixin.py:190} INFO - [2025-02-24T09:26:50.113+0000] {dagbag.py:588} INFO - Filling up the DagBag from /home/airflow/.local/lib/python3.12/site-packages/airflow/example_dags/example_skip_dag.py
[2025-02-24T09:26:50.122+0000] {processor.py:925} INFO - DAG(s) 'example_skip_dag' retrieved from /home/airflow/.local/lib/python3.12/site-packages/airflow/example_dags/example_skip_dag.py
[2025-02-24T09:26:50.145+0000] {logging_mixin.py:190} INFO - [2025-02-24T09:26:50.145+0000] {dag.py:3239} INFO - Sync 1 DAGs
[2025-02-24T09:26:50.177+0000] {logging_mixin.py:190} INFO - [2025-02-24T09:26:50.176+0000] {dag.py:4180} INFO - Setting next_dagrun for example_skip_dag to 2025-02-23 00:00:00+00:00, run_after=2025-02-24 00:00:00+00:00
[2025-02-24T09:26:50.197+0000] {processor.py:208} INFO - Processing /home/airflow/.local/lib/python3.12/site-packages/airflow/example_dags/example_skip_dag.py took 0.091 seconds
[2025-02-24T09:27:20.507+0000] {processor.py:186} INFO - Started process (PID=396) to work on /home/airflow/.local/lib/python3.12/site-packages/airflow/example_dags/example_skip_dag.py
[2025-02-24T09:27:20.508+0000] {processor.py:914} INFO - Processing file /home/airflow/.local/lib/python3.12/site-packages/airflow/example_dags/example_skip_dag.py for tasks to queue
[2025-02-24T09:27:20.510+0000] {logging_mixin.py:190} INFO - [2025-02-24T09:27:20.509+0000] {dagbag.py:588} INFO - Filling up the DagBag from /home/airflow/.local/lib/python3.12/site-packages/airflow/example_dags/example_skip_dag.py
[2025-02-24T09:27:20.516+0000] {processor.py:925} INFO - DAG(s) 'example_skip_dag' retrieved from /home/airflow/.local/lib/python3.12/site-packages/airflow/example_dags/example_skip_dag.py
[2025-02-24T09:27:20.538+0000] {logging_mixin.py:190} INFO - [2025-02-24T09:27:20.538+0000] {dag.py:3239} INFO - Sync 1 DAGs
[2025-02-24T09:27:20.564+0000] {logging_mixin.py:190} INFO - [2025-02-24T09:27:20.564+0000] {dag.py:4180} INFO - Setting next_dagrun for example_skip_dag to 2025-02-23 00:00:00+00:00, run_after=2025-02-24 00:00:00+00:00
[2025-02-24T09:27:20.580+0000] {processor.py:208} INFO - Processing /home/airflow/.local/lib/python3.12/site-packages/airflow/example_dags/example_skip_dag.py took 0.078 seconds
[2025-02-24T09:27:50.933+0000] {processor.py:186} INFO - Started process (PID=459) to work on /home/airflow/.local/lib/python3.12/site-packages/airflow/example_dags/example_skip_dag.py
[2025-02-24T09:27:50.934+0000] {processor.py:914} INFO - Processing file /home/airflow/.local/lib/python3.12/site-packages/airflow/example_dags/example_skip_dag.py for tasks to queue
[2025-02-24T09:27:50.936+0000] {logging_mixin.py:190} INFO - [2025-02-24T09:27:50.936+0000] {dagbag.py:588} INFO - Filling up the DagBag from /home/airflow/.local/lib/python3.12/site-packages/airflow/example_dags/example_skip_dag.py
[2025-02-24T09:27:50.943+0000] {processor.py:925} INFO - DAG(s) 'example_skip_dag' retrieved from /home/airflow/.local/lib/python3.12/site-packages/airflow/example_dags/example_skip_dag.py
[2025-02-24T09:27:50.963+0000] {logging_mixin.py:190} INFO - [2025-02-24T09:27:50.962+0000] {dag.py:3239} INFO - Sync 1 DAGs
[2025-02-24T09:27:50.987+0000] {logging_mixin.py:190} INFO - [2025-02-24T09:27:50.987+0000] {dag.py:4180} INFO - Setting next_dagrun for example_skip_dag to 2025-02-23 00:00:00+00:00, run_after=2025-02-24 00:00:00+00:00
[2025-02-24T09:27:51.001+0000] {processor.py:208} INFO - Processing /home/airflow/.local/lib/python3.12/site-packages/airflow/example_dags/example_skip_dag.py took 0.073 seconds
[2025-02-24T09:28:21.466+0000] {processor.py:186} INFO - Started process (PID=522) to work on /home/airflow/.local/lib/python3.12/site-packages/airflow/example_dags/example_skip_dag.py
[2025-02-24T09:28:21.467+0000] {processor.py:914} INFO - Processing file /home/airflow/.local/lib/python3.12/site-packages/airflow/example_dags/example_skip_dag.py for tasks to queue
[2025-02-24T09:28:21.469+0000] {logging_mixin.py:190} INFO - [2025-02-24T09:28:21.469+0000] {dagbag.py:588} INFO - Filling up the DagBag from /home/airflow/.local/lib/python3.12/site-packages/airflow/example_dags/example_skip_dag.py
[2025-02-24T09:28:21.476+0000] {processor.py:925} INFO - DAG(s) 'example_skip_dag' retrieved from /home/airflow/.local/lib/python3.12/site-packages/airflow/example_dags/example_skip_dag.py
[2025-02-24T09:28:21.495+0000] {logging_mixin.py:190} INFO - [2025-02-24T09:28:21.495+0000] {dag.py:3239} INFO - Sync 1 DAGs
[2025-02-24T09:28:21.519+0000] {logging_mixin.py:190} INFO - [2025-02-24T09:28:21.519+0000] {dag.py:4180} INFO - Setting next_dagrun for example_skip_dag to 2025-02-23 00:00:00+00:00, run_after=2025-02-24 00:00:00+00:00
[2025-02-24T09:28:21.533+0000] {processor.py:208} INFO - Processing /home/airflow/.local/lib/python3.12/site-packages/airflow/example_dags/example_skip_dag.py took 0.072 seconds
[2025-02-24T09:28:51.602+0000] {processor.py:186} INFO - Started process (PID=585) to work on /home/airflow/.local/lib/python3.12/site-packages/airflow/example_dags/example_skip_dag.py
[2025-02-24T09:28:51.603+0000] {processor.py:914} INFO - Processing file /home/airflow/.local/lib/python3.12/site-packages/airflow/example_dags/example_skip_dag.py for tasks to queue
[2025-02-24T09:28:51.604+0000] {logging_mixin.py:190} INFO - [2025-02-24T09:28:51.604+0000] {dagbag.py:588} INFO - Filling up the DagBag from /home/airflow/.local/lib/python3.12/site-packages/airflow/example_dags/example_skip_dag.py
[2025-02-24T09:28:51.611+0000] {processor.py:925} INFO - DAG(s) 'example_skip_dag' retrieved from /home/airflow/.local/lib/python3.12/site-packages/airflow/example_dags/example_skip_dag.py
[2025-02-24T09:28:51.627+0000] {logging_mixin.py:190} INFO - [2025-02-24T09:28:51.627+0000] {dag.py:3239} INFO - Sync 1 DAGs
[2025-02-24T09:28:51.646+0000] {logging_mixin.py:190} INFO - [2025-02-24T09:28:51.646+0000] {dag.py:4180} INFO - Setting next_dagrun for example_skip_dag to 2025-02-23 00:00:00+00:00, run_after=2025-02-24 00:00:00+00:00
[2025-02-24T09:28:51.660+0000] {processor.py:208} INFO - Processing /home/airflow/.local/lib/python3.12/site-packages/airflow/example_dags/example_skip_dag.py took 0.062 seconds
[2025-02-24T09:29:22.079+0000] {processor.py:186} INFO - Started process (PID=648) to work on /home/airflow/.local/lib/python3.12/site-packages/airflow/example_dags/example_skip_dag.py
[2025-02-24T09:29:22.079+0000] {processor.py:914} INFO - Processing file /home/airflow/.local/lib/python3.12/site-packages/airflow/example_dags/example_skip_dag.py for tasks to queue
[2025-02-24T09:29:22.081+0000] {logging_mixin.py:190} INFO - [2025-02-24T09:29:22.081+0000] {dagbag.py:588} INFO - Filling up the DagBag from /home/airflow/.local/lib/python3.12/site-packages/airflow/example_dags/example_skip_dag.py
[2025-02-24T09:29:22.089+0000] {processor.py:925} INFO - DAG(s) 'example_skip_dag' retrieved from /home/airflow/.local/lib/python3.12/site-packages/airflow/example_dags/example_skip_dag.py
[2025-02-24T09:29:22.111+0000] {logging_mixin.py:190} INFO - [2025-02-24T09:29:22.111+0000] {dag.py:3239} INFO - Sync 1 DAGs
[2025-02-24T09:29:22.131+0000] {logging_mixin.py:190} INFO - [2025-02-24T09:29:22.131+0000] {dag.py:4180} INFO - Setting next_dagrun for example_skip_dag to 2025-02-23 00:00:00+00:00, run_after=2025-02-24 00:00:00+00:00
[2025-02-24T09:29:22.144+0000] {processor.py:208} INFO - Processing /home/airflow/.local/lib/python3.12/site-packages/airflow/example_dags/example_skip_dag.py took 0.071 seconds
[2025-02-24T09:29:52.249+0000] {processor.py:186} INFO - Started process (PID=711) to work on /home/airflow/.local/lib/python3.12/site-packages/airflow/example_dags/example_skip_dag.py
[2025-02-24T09:29:52.250+0000] {processor.py:914} INFO - Processing file /home/airflow/.local/lib/python3.12/site-packages/airflow/example_dags/example_skip_dag.py for tasks to queue
[2025-02-24T09:29:52.252+0000] {logging_mixin.py:190} INFO - [2025-02-24T09:29:52.251+0000] {dagbag.py:588} INFO - Filling up the DagBag from /home/airflow/.local/lib/python3.12/site-packages/airflow/example_dags/example_skip_dag.py
[2025-02-24T09:29:52.258+0000] {processor.py:925} INFO - DAG(s) 'example_skip_dag' retrieved from /home/airflow/.local/lib/python3.12/site-packages/airflow/example_dags/example_skip_dag.py
[2025-02-24T09:29:52.278+0000] {logging_mixin.py:190} INFO - [2025-02-24T09:29:52.277+0000] {dag.py:3239} INFO - Sync 1 DAGs
[2025-02-24T09:29:52.303+0000] {logging_mixin.py:190} INFO - [2025-02-24T09:29:52.303+0000] {dag.py:4180} INFO - Setting next_dagrun for example_skip_dag to 2025-02-23 00:00:00+00:00, run_after=2025-02-24 00:00:00+00:00
[2025-02-24T09:29:52.318+0000] {processor.py:208} INFO - Processing /home/airflow/.local/lib/python3.12/site-packages/airflow/example_dags/example_skip_dag.py took 0.074 seconds
[2025-02-24T09:30:22.530+0000] {processor.py:186} INFO - Started process (PID=774) to work on /home/airflow/.local/lib/python3.12/site-packages/airflow/example_dags/example_skip_dag.py
[2025-02-24T09:30:22.530+0000] {processor.py:914} INFO - Processing file /home/airflow/.local/lib/python3.12/site-packages/airflow/example_dags/example_skip_dag.py for tasks to queue
[2025-02-24T09:30:22.532+0000] {logging_mixin.py:190} INFO - [2025-02-24T09:30:22.532+0000] {dagbag.py:588} INFO - Filling up the DagBag from /home/airflow/.local/lib/python3.12/site-packages/airflow/example_dags/example_skip_dag.py
[2025-02-24T09:30:22.538+0000] {processor.py:925} INFO - DAG(s) 'example_skip_dag' retrieved from /home/airflow/.local/lib/python3.12/site-packages/airflow/example_dags/example_skip_dag.py
[2025-02-24T09:30:22.557+0000] {logging_mixin.py:190} INFO - [2025-02-24T09:30:22.556+0000] {dag.py:3239} INFO - Sync 1 DAGs
[2025-02-24T09:30:22.576+0000] {logging_mixin.py:190} INFO - [2025-02-24T09:30:22.576+0000] {dag.py:4180} INFO - Setting next_dagrun for example_skip_dag to 2025-02-23 00:00:00+00:00, run_after=2025-02-24 00:00:00+00:00
[2025-02-24T09:30:22.591+0000] {processor.py:208} INFO - Processing /home/airflow/.local/lib/python3.12/site-packages/airflow/example_dags/example_skip_dag.py took 0.066 seconds
[2025-02-24T09:30:52.848+0000] {processor.py:186} INFO - Started process (PID=837) to work on /home/airflow/.local/lib/python3.12/site-packages/airflow/example_dags/example_skip_dag.py
[2025-02-24T09:30:52.848+0000] {processor.py:914} INFO - Processing file /home/airflow/.local/lib/python3.12/site-packages/airflow/example_dags/example_skip_dag.py for tasks to queue
[2025-02-24T09:30:52.850+0000] {logging_mixin.py:190} INFO - [2025-02-24T09:30:52.850+0000] {dagbag.py:588} INFO - Filling up the DagBag from /home/airflow/.local/lib/python3.12/site-packages/airflow/example_dags/example_skip_dag.py
[2025-02-24T09:30:52.857+0000] {processor.py:925} INFO - DAG(s) 'example_skip_dag' retrieved from /home/airflow/.local/lib/python3.12/site-packages/airflow/example_dags/example_skip_dag.py
[2025-02-24T09:30:52.877+0000] {logging_mixin.py:190} INFO - [2025-02-24T09:30:52.877+0000] {dag.py:3239} INFO - Sync 1 DAGs
[2025-02-24T09:30:52.903+0000] {logging_mixin.py:190} INFO - [2025-02-24T09:30:52.902+0000] {dag.py:4180} INFO - Setting next_dagrun for example_skip_dag to 2025-02-23 00:00:00+00:00, run_after=2025-02-24 00:00:00+00:00
[2025-02-24T09:30:52.920+0000] {processor.py:208} INFO - Processing /home/airflow/.local/lib/python3.12/site-packages/airflow/example_dags/example_skip_dag.py took 0.077 seconds
[2025-02-24T09:31:23.177+0000] {processor.py:186} INFO - Started process (PID=900) to work on /home/airflow/.local/lib/python3.12/site-packages/airflow/example_dags/example_skip_dag.py
[2025-02-24T09:31:23.178+0000] {processor.py:914} INFO - Processing file /home/airflow/.local/lib/python3.12/site-packages/airflow/example_dags/example_skip_dag.py for tasks to queue
[2025-02-24T09:31:23.180+0000] {logging_mixin.py:190} INFO - [2025-02-24T09:31:23.179+0000] {dagbag.py:588} INFO - Filling up the DagBag from /home/airflow/.local/lib/python3.12/site-packages/airflow/example_dags/example_skip_dag.py
[2025-02-24T09:31:23.186+0000] {processor.py:925} INFO - DAG(s) 'example_skip_dag' retrieved from /home/airflow/.local/lib/python3.12/site-packages/airflow/example_dags/example_skip_dag.py
[2025-02-24T09:31:23.206+0000] {logging_mixin.py:190} INFO - [2025-02-24T09:31:23.206+0000] {dag.py:3239} INFO - Sync 1 DAGs
[2025-02-24T09:31:23.230+0000] {logging_mixin.py:190} INFO - [2025-02-24T09:31:23.230+0000] {dag.py:4180} INFO - Setting next_dagrun for example_skip_dag to 2025-02-23 00:00:00+00:00, run_after=2025-02-24 00:00:00+00:00
[2025-02-24T09:31:23.246+0000] {processor.py:208} INFO - Processing /home/airflow/.local/lib/python3.12/site-packages/airflow/example_dags/example_skip_dag.py took 0.074 seconds
[2025-02-24T09:31:53.902+0000] {processor.py:186} INFO - Started process (PID=963) to work on /home/airflow/.local/lib/python3.12/site-packages/airflow/example_dags/example_skip_dag.py
[2025-02-24T09:31:53.903+0000] {processor.py:914} INFO - Processing file /home/airflow/.local/lib/python3.12/site-packages/airflow/example_dags/example_skip_dag.py for tasks to queue
[2025-02-24T09:31:53.904+0000] {logging_mixin.py:190} INFO - [2025-02-24T09:31:53.904+0000] {dagbag.py:588} INFO - Filling up the DagBag from /home/airflow/.local/lib/python3.12/site-packages/airflow/example_dags/example_skip_dag.py
[2025-02-24T09:31:53.910+0000] {processor.py:925} INFO - DAG(s) 'example_skip_dag' retrieved from /home/airflow/.local/lib/python3.12/site-packages/airflow/example_dags/example_skip_dag.py
[2025-02-24T09:31:53.928+0000] {logging_mixin.py:190} INFO - [2025-02-24T09:31:53.928+0000] {dag.py:3239} INFO - Sync 1 DAGs
[2025-02-24T09:31:53.947+0000] {logging_mixin.py:190} INFO - [2025-02-24T09:31:53.947+0000] {dag.py:4180} INFO - Setting next_dagrun for example_skip_dag to 2025-02-23 00:00:00+00:00, run_after=2025-02-24 00:00:00+00:00
[2025-02-24T09:31:53.963+0000] {processor.py:208} INFO - Processing /home/airflow/.local/lib/python3.12/site-packages/airflow/example_dags/example_skip_dag.py took 0.065 seconds
[2025-02-24T09:32:24.084+0000] {processor.py:186} INFO - Started process (PID=1026) to work on /home/airflow/.local/lib/python3.12/site-packages/airflow/example_dags/example_skip_dag.py
[2025-02-24T09:32:24.085+0000] {processor.py:914} INFO - Processing file /home/airflow/.local/lib/python3.12/site-packages/airflow/example_dags/example_skip_dag.py for tasks to queue
[2025-02-24T09:32:24.087+0000] {logging_mixin.py:190} INFO - [2025-02-24T09:32:24.087+0000] {dagbag.py:588} INFO - Filling up the DagBag from /home/airflow/.local/lib/python3.12/site-packages/airflow/example_dags/example_skip_dag.py
[2025-02-24T09:32:24.096+0000] {processor.py:925} INFO - DAG(s) 'example_skip_dag' retrieved from /home/airflow/.local/lib/python3.12/site-packages/airflow/example_dags/example_skip_dag.py
[2025-02-24T09:32:24.123+0000] {logging_mixin.py:190} INFO - [2025-02-24T09:32:24.122+0000] {dag.py:3239} INFO - Sync 1 DAGs
[2025-02-24T09:32:24.167+0000] {logging_mixin.py:190} INFO - [2025-02-24T09:32:24.167+0000] {dag.py:4180} INFO - Setting next_dagrun for example_skip_dag to 2025-02-23 00:00:00+00:00, run_after=2025-02-24 00:00:00+00:00
[2025-02-24T09:32:24.199+0000] {processor.py:208} INFO - Processing /home/airflow/.local/lib/python3.12/site-packages/airflow/example_dags/example_skip_dag.py took 0.121 seconds
[2025-02-24T09:32:55.039+0000] {processor.py:186} INFO - Started process (PID=1089) to work on /home/airflow/.local/lib/python3.12/site-packages/airflow/example_dags/example_skip_dag.py
[2025-02-24T09:32:55.040+0000] {processor.py:914} INFO - Processing file /home/airflow/.local/lib/python3.12/site-packages/airflow/example_dags/example_skip_dag.py for tasks to queue
[2025-02-24T09:32:55.042+0000] {logging_mixin.py:190} INFO - [2025-02-24T09:32:55.042+0000] {dagbag.py:588} INFO - Filling up the DagBag from /home/airflow/.local/lib/python3.12/site-packages/airflow/example_dags/example_skip_dag.py
[2025-02-24T09:32:55.052+0000] {processor.py:925} INFO - DAG(s) 'example_skip_dag' retrieved from /home/airflow/.local/lib/python3.12/site-packages/airflow/example_dags/example_skip_dag.py
[2025-02-24T09:32:55.076+0000] {logging_mixin.py:190} INFO - [2025-02-24T09:32:55.076+0000] {dag.py:3239} INFO - Sync 1 DAGs
[2025-02-24T09:32:55.102+0000] {logging_mixin.py:190} INFO - [2025-02-24T09:32:55.101+0000] {dag.py:4180} INFO - Setting next_dagrun for example_skip_dag to 2025-02-23 00:00:00+00:00, run_after=2025-02-24 00:00:00+00:00
[2025-02-24T09:32:55.126+0000] {processor.py:208} INFO - Processing /home/airflow/.local/lib/python3.12/site-packages/airflow/example_dags/example_skip_dag.py took 0.094 seconds
[2025-02-24T09:33:25.825+0000] {processor.py:186} INFO - Started process (PID=1152) to work on /home/airflow/.local/lib/python3.12/site-packages/airflow/example_dags/example_skip_dag.py
[2025-02-24T09:33:25.826+0000] {processor.py:914} INFO - Processing file /home/airflow/.local/lib/python3.12/site-packages/airflow/example_dags/example_skip_dag.py for tasks to queue
[2025-02-24T09:33:25.828+0000] {logging_mixin.py:190} INFO - [2025-02-24T09:33:25.828+0000] {dagbag.py:588} INFO - Filling up the DagBag from /home/airflow/.local/lib/python3.12/site-packages/airflow/example_dags/example_skip_dag.py
[2025-02-24T09:33:25.837+0000] {processor.py:925} INFO - DAG(s) 'example_skip_dag' retrieved from /home/airflow/.local/lib/python3.12/site-packages/airflow/example_dags/example_skip_dag.py
[2025-02-24T09:33:25.858+0000] {logging_mixin.py:190} INFO - [2025-02-24T09:33:25.858+0000] {dag.py:3239} INFO - Sync 1 DAGs
[2025-02-24T09:33:25.883+0000] {logging_mixin.py:190} INFO - [2025-02-24T09:33:25.883+0000] {dag.py:4180} INFO - Setting next_dagrun for example_skip_dag to 2025-02-23 00:00:00+00:00, run_after=2025-02-24 00:00:00+00:00
[2025-02-24T09:33:25.898+0000] {processor.py:208} INFO - Processing /home/airflow/.local/lib/python3.12/site-packages/airflow/example_dags/example_skip_dag.py took 0.078 seconds
[2025-02-24T09:33:56.030+0000] {processor.py:186} INFO - Started process (PID=1215) to work on /home/airflow/.local/lib/python3.12/site-packages/airflow/example_dags/example_skip_dag.py
[2025-02-24T09:33:56.031+0000] {processor.py:914} INFO - Processing file /home/airflow/.local/lib/python3.12/site-packages/airflow/example_dags/example_skip_dag.py for tasks to queue
[2025-02-24T09:33:56.033+0000] {logging_mixin.py:190} INFO - [2025-02-24T09:33:56.032+0000] {dagbag.py:588} INFO - Filling up the DagBag from /home/airflow/.local/lib/python3.12/site-packages/airflow/example_dags/example_skip_dag.py
[2025-02-24T09:33:56.042+0000] {processor.py:925} INFO - DAG(s) 'example_skip_dag' retrieved from /home/airflow/.local/lib/python3.12/site-packages/airflow/example_dags/example_skip_dag.py
[2025-02-24T09:33:56.065+0000] {logging_mixin.py:190} INFO - [2025-02-24T09:33:56.065+0000] {dag.py:3239} INFO - Sync 1 DAGs
[2025-02-24T09:33:56.095+0000] {logging_mixin.py:190} INFO - [2025-02-24T09:33:56.095+0000] {dag.py:4180} INFO - Setting next_dagrun for example_skip_dag to 2025-02-23 00:00:00+00:00, run_after=2025-02-24 00:00:00+00:00
[2025-02-24T09:33:56.115+0000] {processor.py:208} INFO - Processing /home/airflow/.local/lib/python3.12/site-packages/airflow/example_dags/example_skip_dag.py took 0.091 seconds
[2025-02-24T09:34:26.336+0000] {processor.py:186} INFO - Started process (PID=1279) to work on /home/airflow/.local/lib/python3.12/site-packages/airflow/example_dags/example_skip_dag.py
[2025-02-24T09:34:26.337+0000] {processor.py:914} INFO - Processing file /home/airflow/.local/lib/python3.12/site-packages/airflow/example_dags/example_skip_dag.py for tasks to queue
[2025-02-24T09:34:26.338+0000] {logging_mixin.py:190} INFO - [2025-02-24T09:34:26.338+0000] {dagbag.py:588} INFO - Filling up the DagBag from /home/airflow/.local/lib/python3.12/site-packages/airflow/example_dags/example_skip_dag.py
[2025-02-24T09:34:26.345+0000] {processor.py:925} INFO - DAG(s) 'example_skip_dag' retrieved from /home/airflow/.local/lib/python3.12/site-packages/airflow/example_dags/example_skip_dag.py
[2025-02-24T09:34:26.366+0000] {logging_mixin.py:190} INFO - [2025-02-24T09:34:26.365+0000] {dag.py:3239} INFO - Sync 1 DAGs
[2025-02-24T09:34:26.391+0000] {logging_mixin.py:190} INFO - [2025-02-24T09:34:26.391+0000] {dag.py:4180} INFO - Setting next_dagrun for example_skip_dag to 2025-02-23 00:00:00+00:00, run_after=2025-02-24 00:00:00+00:00
[2025-02-24T09:34:26.404+0000] {processor.py:208} INFO - Processing /home/airflow/.local/lib/python3.12/site-packages/airflow/example_dags/example_skip_dag.py took 0.073 seconds
[2025-02-24T09:34:56.635+0000] {processor.py:186} INFO - Started process (PID=1343) to work on /home/airflow/.local/lib/python3.12/site-packages/airflow/example_dags/example_skip_dag.py
[2025-02-24T09:34:56.636+0000] {processor.py:914} INFO - Processing file /home/airflow/.local/lib/python3.12/site-packages/airflow/example_dags/example_skip_dag.py for tasks to queue
[2025-02-24T09:34:56.638+0000] {logging_mixin.py:190} INFO - [2025-02-24T09:34:56.638+0000] {dagbag.py:588} INFO - Filling up the DagBag from /home/airflow/.local/lib/python3.12/site-packages/airflow/example_dags/example_skip_dag.py
[2025-02-24T09:34:56.646+0000] {processor.py:925} INFO - DAG(s) 'example_skip_dag' retrieved from /home/airflow/.local/lib/python3.12/site-packages/airflow/example_dags/example_skip_dag.py
[2025-02-24T09:34:56.667+0000] {logging_mixin.py:190} INFO - [2025-02-24T09:34:56.667+0000] {dag.py:3239} INFO - Sync 1 DAGs
[2025-02-24T09:34:56.691+0000] {logging_mixin.py:190} INFO - [2025-02-24T09:34:56.690+0000] {dag.py:4180} INFO - Setting next_dagrun for example_skip_dag to 2025-02-23 00:00:00+00:00, run_after=2025-02-24 00:00:00+00:00
[2025-02-24T09:34:56.708+0000] {processor.py:208} INFO - Processing /home/airflow/.local/lib/python3.12/site-packages/airflow/example_dags/example_skip_dag.py took 0.079 seconds
[2025-02-24T09:35:27.388+0000] {processor.py:186} INFO - Started process (PID=1407) to work on /home/airflow/.local/lib/python3.12/site-packages/airflow/example_dags/example_skip_dag.py
[2025-02-24T09:35:27.389+0000] {processor.py:914} INFO - Processing file /home/airflow/.local/lib/python3.12/site-packages/airflow/example_dags/example_skip_dag.py for tasks to queue
[2025-02-24T09:35:27.391+0000] {logging_mixin.py:190} INFO - [2025-02-24T09:35:27.390+0000] {dagbag.py:588} INFO - Filling up the DagBag from /home/airflow/.local/lib/python3.12/site-packages/airflow/example_dags/example_skip_dag.py
[2025-02-24T09:35:27.397+0000] {processor.py:925} INFO - DAG(s) 'example_skip_dag' retrieved from /home/airflow/.local/lib/python3.12/site-packages/airflow/example_dags/example_skip_dag.py
[2025-02-24T09:35:27.414+0000] {logging_mixin.py:190} INFO - [2025-02-24T09:35:27.414+0000] {dag.py:3239} INFO - Sync 1 DAGs
[2025-02-24T09:35:27.435+0000] {logging_mixin.py:190} INFO - [2025-02-24T09:35:27.435+0000] {dag.py:4180} INFO - Setting next_dagrun for example_skip_dag to 2025-02-23 00:00:00+00:00, run_after=2025-02-24 00:00:00+00:00
[2025-02-24T09:35:27.450+0000] {processor.py:208} INFO - Processing /home/airflow/.local/lib/python3.12/site-packages/airflow/example_dags/example_skip_dag.py took 0.066 seconds
[2025-02-24T09:35:58.174+0000] {processor.py:186} INFO - Started process (PID=1470) to work on /home/airflow/.local/lib/python3.12/site-packages/airflow/example_dags/example_skip_dag.py
[2025-02-24T09:35:58.175+0000] {processor.py:914} INFO - Processing file /home/airflow/.local/lib/python3.12/site-packages/airflow/example_dags/example_skip_dag.py for tasks to queue
[2025-02-24T09:35:58.177+0000] {logging_mixin.py:190} INFO - [2025-02-24T09:35:58.176+0000] {dagbag.py:588} INFO - Filling up the DagBag from /home/airflow/.local/lib/python3.12/site-packages/airflow/example_dags/example_skip_dag.py
[2025-02-24T09:35:58.185+0000] {processor.py:925} INFO - DAG(s) 'example_skip_dag' retrieved from /home/airflow/.local/lib/python3.12/site-packages/airflow/example_dags/example_skip_dag.py
[2025-02-24T09:35:58.205+0000] {logging_mixin.py:190} INFO - [2025-02-24T09:35:58.205+0000] {dag.py:3239} INFO - Sync 1 DAGs
[2025-02-24T09:35:58.227+0000] {logging_mixin.py:190} INFO - [2025-02-24T09:35:58.227+0000] {dag.py:4180} INFO - Setting next_dagrun for example_skip_dag to 2025-02-23 00:00:00+00:00, run_after=2025-02-24 00:00:00+00:00
[2025-02-24T09:35:58.240+0000] {processor.py:208} INFO - Processing /home/airflow/.local/lib/python3.12/site-packages/airflow/example_dags/example_skip_dag.py took 0.071 seconds
[2025-02-24T09:36:28.521+0000] {processor.py:186} INFO - Started process (PID=1533) to work on /home/airflow/.local/lib/python3.12/site-packages/airflow/example_dags/example_skip_dag.py
[2025-02-24T09:36:28.522+0000] {processor.py:914} INFO - Processing file /home/airflow/.local/lib/python3.12/site-packages/airflow/example_dags/example_skip_dag.py for tasks to queue
[2025-02-24T09:36:28.524+0000] {logging_mixin.py:190} INFO - [2025-02-24T09:36:28.524+0000] {dagbag.py:588} INFO - Filling up the DagBag from /home/airflow/.local/lib/python3.12/site-packages/airflow/example_dags/example_skip_dag.py
[2025-02-24T09:36:28.533+0000] {processor.py:925} INFO - DAG(s) 'example_skip_dag' retrieved from /home/airflow/.local/lib/python3.12/site-packages/airflow/example_dags/example_skip_dag.py
[2025-02-24T09:36:28.553+0000] {logging_mixin.py:190} INFO - [2025-02-24T09:36:28.553+0000] {dag.py:3239} INFO - Sync 1 DAGs
[2025-02-24T09:36:28.575+0000] {logging_mixin.py:190} INFO - [2025-02-24T09:36:28.575+0000] {dag.py:4180} INFO - Setting next_dagrun for example_skip_dag to 2025-02-23 00:00:00+00:00, run_after=2025-02-24 00:00:00+00:00
[2025-02-24T09:36:28.589+0000] {processor.py:208} INFO - Processing /home/airflow/.local/lib/python3.12/site-packages/airflow/example_dags/example_skip_dag.py took 0.074 seconds
[2025-02-24T09:36:58.705+0000] {processor.py:186} INFO - Started process (PID=1597) to work on /home/airflow/.local/lib/python3.12/site-packages/airflow/example_dags/example_skip_dag.py
[2025-02-24T09:36:58.705+0000] {processor.py:914} INFO - Processing file /home/airflow/.local/lib/python3.12/site-packages/airflow/example_dags/example_skip_dag.py for tasks to queue
[2025-02-24T09:36:58.707+0000] {logging_mixin.py:190} INFO - [2025-02-24T09:36:58.707+0000] {dagbag.py:588} INFO - Filling up the DagBag from /home/airflow/.local/lib/python3.12/site-packages/airflow/example_dags/example_skip_dag.py
[2025-02-24T09:36:58.714+0000] {processor.py:925} INFO - DAG(s) 'example_skip_dag' retrieved from /home/airflow/.local/lib/python3.12/site-packages/airflow/example_dags/example_skip_dag.py
[2025-02-24T09:36:58.730+0000] {logging_mixin.py:190} INFO - [2025-02-24T09:36:58.730+0000] {dag.py:3239} INFO - Sync 1 DAGs
[2025-02-24T09:36:58.748+0000] {logging_mixin.py:190} INFO - [2025-02-24T09:36:58.747+0000] {dag.py:4180} INFO - Setting next_dagrun for example_skip_dag to 2025-02-23 00:00:00+00:00, run_after=2025-02-24 00:00:00+00:00
[2025-02-24T09:36:58.761+0000] {processor.py:208} INFO - Processing /home/airflow/.local/lib/python3.12/site-packages/airflow/example_dags/example_skip_dag.py took 0.061 seconds
[2025-02-24T09:37:28.797+0000] {processor.py:186} INFO - Started process (PID=1661) to work on /home/airflow/.local/lib/python3.12/site-packages/airflow/example_dags/example_skip_dag.py
[2025-02-24T09:37:28.798+0000] {processor.py:914} INFO - Processing file /home/airflow/.local/lib/python3.12/site-packages/airflow/example_dags/example_skip_dag.py for tasks to queue
[2025-02-24T09:37:28.799+0000] {logging_mixin.py:190} INFO - [2025-02-24T09:37:28.799+0000] {dagbag.py:588} INFO - Filling up the DagBag from /home/airflow/.local/lib/python3.12/site-packages/airflow/example_dags/example_skip_dag.py
[2025-02-24T09:37:28.806+0000] {processor.py:925} INFO - DAG(s) 'example_skip_dag' retrieved from /home/airflow/.local/lib/python3.12/site-packages/airflow/example_dags/example_skip_dag.py
[2025-02-24T09:37:28.829+0000] {logging_mixin.py:190} INFO - [2025-02-24T09:37:28.829+0000] {dag.py:3239} INFO - Sync 1 DAGs
[2025-02-24T09:37:28.854+0000] {logging_mixin.py:190} INFO - [2025-02-24T09:37:28.854+0000] {dag.py:4180} INFO - Setting next_dagrun for example_skip_dag to 2025-02-23 00:00:00+00:00, run_after=2025-02-24 00:00:00+00:00
[2025-02-24T09:37:28.871+0000] {processor.py:208} INFO - Processing /home/airflow/.local/lib/python3.12/site-packages/airflow/example_dags/example_skip_dag.py took 0.078 seconds
[2025-02-24T09:37:59.120+0000] {processor.py:186} INFO - Started process (PID=1725) to work on /home/airflow/.local/lib/python3.12/site-packages/airflow/example_dags/example_skip_dag.py
[2025-02-24T09:37:59.121+0000] {processor.py:914} INFO - Processing file /home/airflow/.local/lib/python3.12/site-packages/airflow/example_dags/example_skip_dag.py for tasks to queue
[2025-02-24T09:37:59.123+0000] {logging_mixin.py:190} INFO - [2025-02-24T09:37:59.123+0000] {dagbag.py:588} INFO - Filling up the DagBag from /home/airflow/.local/lib/python3.12/site-packages/airflow/example_dags/example_skip_dag.py
[2025-02-24T09:37:59.132+0000] {processor.py:925} INFO - DAG(s) 'example_skip_dag' retrieved from /home/airflow/.local/lib/python3.12/site-packages/airflow/example_dags/example_skip_dag.py
[2025-02-24T09:37:59.151+0000] {logging_mixin.py:190} INFO - [2025-02-24T09:37:59.151+0000] {dag.py:3239} INFO - Sync 1 DAGs
[2025-02-24T09:37:59.174+0000] {logging_mixin.py:190} INFO - [2025-02-24T09:37:59.174+0000] {dag.py:4180} INFO - Setting next_dagrun for example_skip_dag to 2025-02-23 00:00:00+00:00, run_after=2025-02-24 00:00:00+00:00
[2025-02-24T09:37:59.188+0000] {processor.py:208} INFO - Processing /home/airflow/.local/lib/python3.12/site-packages/airflow/example_dags/example_skip_dag.py took 0.075 seconds
[2025-02-24T09:38:29.528+0000] {processor.py:186} INFO - Started process (PID=1789) to work on /home/airflow/.local/lib/python3.12/site-packages/airflow/example_dags/example_skip_dag.py
[2025-02-24T09:38:29.529+0000] {processor.py:914} INFO - Processing file /home/airflow/.local/lib/python3.12/site-packages/airflow/example_dags/example_skip_dag.py for tasks to queue
[2025-02-24T09:38:29.531+0000] {logging_mixin.py:190} INFO - [2025-02-24T09:38:29.531+0000] {dagbag.py:588} INFO - Filling up the DagBag from /home/airflow/.local/lib/python3.12/site-packages/airflow/example_dags/example_skip_dag.py
[2025-02-24T09:38:29.540+0000] {processor.py:925} INFO - DAG(s) 'example_skip_dag' retrieved from /home/airflow/.local/lib/python3.12/site-packages/airflow/example_dags/example_skip_dag.py
[2025-02-24T09:38:29.562+0000] {logging_mixin.py:190} INFO - [2025-02-24T09:38:29.562+0000] {dag.py:3239} INFO - Sync 1 DAGs
[2025-02-24T09:38:29.590+0000] {logging_mixin.py:190} INFO - [2025-02-24T09:38:29.589+0000] {dag.py:4180} INFO - Setting next_dagrun for example_skip_dag to 2025-02-23 00:00:00+00:00, run_after=2025-02-24 00:00:00+00:00
[2025-02-24T09:38:29.615+0000] {processor.py:208} INFO - Processing /home/airflow/.local/lib/python3.12/site-packages/airflow/example_dags/example_skip_dag.py took 0.093 seconds
[2025-02-24T09:38:59.671+0000] {processor.py:186} INFO - Started process (PID=1853) to work on /home/airflow/.local/lib/python3.12/site-packages/airflow/example_dags/example_skip_dag.py
[2025-02-24T09:38:59.672+0000] {processor.py:914} INFO - Processing file /home/airflow/.local/lib/python3.12/site-packages/airflow/example_dags/example_skip_dag.py for tasks to queue
[2025-02-24T09:38:59.674+0000] {logging_mixin.py:190} INFO - [2025-02-24T09:38:59.674+0000] {dagbag.py:588} INFO - Filling up the DagBag from /home/airflow/.local/lib/python3.12/site-packages/airflow/example_dags/example_skip_dag.py
[2025-02-24T09:38:59.683+0000] {processor.py:925} INFO - DAG(s) 'example_skip_dag' retrieved from /home/airflow/.local/lib/python3.12/site-packages/airflow/example_dags/example_skip_dag.py
[2025-02-24T09:38:59.706+0000] {logging_mixin.py:190} INFO - [2025-02-24T09:38:59.706+0000] {dag.py:3239} INFO - Sync 1 DAGs
[2025-02-24T09:38:59.728+0000] {logging_mixin.py:190} INFO - [2025-02-24T09:38:59.728+0000] {dag.py:4180} INFO - Setting next_dagrun for example_skip_dag to 2025-02-23 00:00:00+00:00, run_after=2025-02-24 00:00:00+00:00
[2025-02-24T09:38:59.754+0000] {processor.py:208} INFO - Processing /home/airflow/.local/lib/python3.12/site-packages/airflow/example_dags/example_skip_dag.py took 0.089 seconds
[2025-02-24T09:39:30.441+0000] {processor.py:186} INFO - Started process (PID=1917) to work on /home/airflow/.local/lib/python3.12/site-packages/airflow/example_dags/example_skip_dag.py
[2025-02-24T09:39:30.442+0000] {processor.py:914} INFO - Processing file /home/airflow/.local/lib/python3.12/site-packages/airflow/example_dags/example_skip_dag.py for tasks to queue
[2025-02-24T09:39:30.444+0000] {logging_mixin.py:190} INFO - [2025-02-24T09:39:30.444+0000] {dagbag.py:588} INFO - Filling up the DagBag from /home/airflow/.local/lib/python3.12/site-packages/airflow/example_dags/example_skip_dag.py
[2025-02-24T09:39:30.453+0000] {processor.py:925} INFO - DAG(s) 'example_skip_dag' retrieved from /home/airflow/.local/lib/python3.12/site-packages/airflow/example_dags/example_skip_dag.py
[2025-02-24T09:39:30.476+0000] {logging_mixin.py:190} INFO - [2025-02-24T09:39:30.476+0000] {dag.py:3239} INFO - Sync 1 DAGs
[2025-02-24T09:39:30.501+0000] {logging_mixin.py:190} INFO - [2025-02-24T09:39:30.501+0000] {dag.py:4180} INFO - Setting next_dagrun for example_skip_dag to 2025-02-23 00:00:00+00:00, run_after=2025-02-24 00:00:00+00:00
[2025-02-24T09:39:30.517+0000] {processor.py:208} INFO - Processing /home/airflow/.local/lib/python3.12/site-packages/airflow/example_dags/example_skip_dag.py took 0.082 seconds
[2025-02-24T09:40:01.072+0000] {processor.py:186} INFO - Started process (PID=1981) to work on /home/airflow/.local/lib/python3.12/site-packages/airflow/example_dags/example_skip_dag.py
[2025-02-24T09:40:01.073+0000] {processor.py:914} INFO - Processing file /home/airflow/.local/lib/python3.12/site-packages/airflow/example_dags/example_skip_dag.py for tasks to queue
[2025-02-24T09:40:01.075+0000] {logging_mixin.py:190} INFO - [2025-02-24T09:40:01.075+0000] {dagbag.py:588} INFO - Filling up the DagBag from /home/airflow/.local/lib/python3.12/site-packages/airflow/example_dags/example_skip_dag.py
[2025-02-24T09:40:01.084+0000] {processor.py:925} INFO - DAG(s) 'example_skip_dag' retrieved from /home/airflow/.local/lib/python3.12/site-packages/airflow/example_dags/example_skip_dag.py
[2025-02-24T09:40:01.106+0000] {logging_mixin.py:190} INFO - [2025-02-24T09:40:01.106+0000] {dag.py:3239} INFO - Sync 1 DAGs
[2025-02-24T09:40:01.129+0000] {logging_mixin.py:190} INFO - [2025-02-24T09:40:01.129+0000] {dag.py:4180} INFO - Setting next_dagrun for example_skip_dag to 2025-02-23 00:00:00+00:00, run_after=2025-02-24 00:00:00+00:00
[2025-02-24T09:40:01.143+0000] {processor.py:208} INFO - Processing /home/airflow/.local/lib/python3.12/site-packages/airflow/example_dags/example_skip_dag.py took 0.077 seconds
[2025-02-24T09:40:31.726+0000] {processor.py:186} INFO - Started process (PID=2045) to work on /home/airflow/.local/lib/python3.12/site-packages/airflow/example_dags/example_skip_dag.py
[2025-02-24T09:40:31.727+0000] {processor.py:914} INFO - Processing file /home/airflow/.local/lib/python3.12/site-packages/airflow/example_dags/example_skip_dag.py for tasks to queue
[2025-02-24T09:40:31.729+0000] {logging_mixin.py:190} INFO - [2025-02-24T09:40:31.728+0000] {dagbag.py:588} INFO - Filling up the DagBag from /home/airflow/.local/lib/python3.12/site-packages/airflow/example_dags/example_skip_dag.py
[2025-02-24T09:40:31.737+0000] {processor.py:925} INFO - DAG(s) 'example_skip_dag' retrieved from /home/airflow/.local/lib/python3.12/site-packages/airflow/example_dags/example_skip_dag.py
[2025-02-24T09:40:31.758+0000] {logging_mixin.py:190} INFO - [2025-02-24T09:40:31.757+0000] {dag.py:3239} INFO - Sync 1 DAGs
[2025-02-24T09:40:31.780+0000] {logging_mixin.py:190} INFO - [2025-02-24T09:40:31.780+0000] {dag.py:4180} INFO - Setting next_dagrun for example_skip_dag to 2025-02-23 00:00:00+00:00, run_after=2025-02-24 00:00:00+00:00
[2025-02-24T09:40:31.793+0000] {processor.py:208} INFO - Processing /home/airflow/.local/lib/python3.12/site-packages/airflow/example_dags/example_skip_dag.py took 0.072 seconds
[2025-02-24T09:41:02.018+0000] {processor.py:186} INFO - Started process (PID=2109) to work on /home/airflow/.local/lib/python3.12/site-packages/airflow/example_dags/example_skip_dag.py
[2025-02-24T09:41:02.019+0000] {processor.py:914} INFO - Processing file /home/airflow/.local/lib/python3.12/site-packages/airflow/example_dags/example_skip_dag.py for tasks to queue
[2025-02-24T09:41:02.021+0000] {logging_mixin.py:190} INFO - [2025-02-24T09:41:02.020+0000] {dagbag.py:588} INFO - Filling up the DagBag from /home/airflow/.local/lib/python3.12/site-packages/airflow/example_dags/example_skip_dag.py
[2025-02-24T09:41:02.028+0000] {processor.py:925} INFO - DAG(s) 'example_skip_dag' retrieved from /home/airflow/.local/lib/python3.12/site-packages/airflow/example_dags/example_skip_dag.py
[2025-02-24T09:41:02.049+0000] {logging_mixin.py:190} INFO - [2025-02-24T09:41:02.049+0000] {dag.py:3239} INFO - Sync 1 DAGs
[2025-02-24T09:41:02.075+0000] {logging_mixin.py:190} INFO - [2025-02-24T09:41:02.075+0000] {dag.py:4180} INFO - Setting next_dagrun for example_skip_dag to 2025-02-23 00:00:00+00:00, run_after=2025-02-24 00:00:00+00:00
[2025-02-24T09:41:02.090+0000] {processor.py:208} INFO - Processing /home/airflow/.local/lib/python3.12/site-packages/airflow/example_dags/example_skip_dag.py took 0.077 seconds
