[2025-02-24T09:24:51.815+0000] {processor.py:186} INFO - Started process (PID=97) to work on /home/airflow/.local/lib/python3.12/site-packages/airflow/example_dags/example_latest_only.py
[2025-02-24T09:24:51.816+0000] {processor.py:914} INFO - Processing file /home/airflow/.local/lib/python3.12/site-packages/airflow/example_dags/example_latest_only.py for tasks to queue
[2025-02-24T09:24:51.818+0000] {logging_mixin.py:190} INFO - [2025-02-24T09:24:51.818+0000] {dagbag.py:588} INFO - Filling up the DagBag from /home/airflow/.local/lib/python3.12/site-packages/airflow/example_dags/example_latest_only.py
[2025-02-24T09:24:51.827+0000] {processor.py:925} INFO - DAG(s) 'latest_only' retrieved from /home/airflow/.local/lib/python3.12/site-packages/airflow/example_dags/example_latest_only.py
[2025-02-24T09:24:51.948+0000] {logging_mixin.py:190} INFO - [2025-02-24T09:24:51.948+0000] {override.py:1911} INFO - Created Permission View: can edit on DAG:latest_only
[2025-02-24T09:24:51.956+0000] {logging_mixin.py:190} INFO - [2025-02-24T09:24:51.956+0000] {override.py:1911} INFO - Created Permission View: can read on DAG:latest_only
[2025-02-24T09:24:51.961+0000] {logging_mixin.py:190} INFO - [2025-02-24T09:24:51.961+0000] {override.py:1911} INFO - Created Permission View: can delete on DAG:latest_only
[2025-02-24T09:24:51.965+0000] {logging_mixin.py:190} INFO - [2025-02-24T09:24:51.965+0000] {override.py:1911} INFO - Created Permission View: can create on DAG Run:latest_only
[2025-02-24T09:24:51.970+0000] {logging_mixin.py:190} INFO - [2025-02-24T09:24:51.970+0000] {override.py:1911} INFO - Created Permission View: can read on DAG Run:latest_only
[2025-02-24T09:24:51.974+0000] {logging_mixin.py:190} INFO - [2025-02-24T09:24:51.974+0000] {override.py:1911} INFO - Created Permission View: menu access on DAG Run:latest_only
[2025-02-24T09:24:51.981+0000] {logging_mixin.py:190} INFO - [2025-02-24T09:24:51.980+0000] {override.py:1911} INFO - Created Permission View: can delete on DAG Run:latest_only
[2025-02-24T09:24:51.981+0000] {logging_mixin.py:190} INFO - [2025-02-24T09:24:51.981+0000] {dag.py:3239} INFO - Sync 1 DAGs
[2025-02-24T09:24:51.993+0000] {logging_mixin.py:190} INFO - [2025-02-24T09:24:51.993+0000] {dag.py:3262} INFO - Creating ORM DAG for latest_only
[2025-02-24T09:24:52.001+0000] {logging_mixin.py:190} INFO - [2025-02-24T09:24:52.001+0000] {dag.py:4180} INFO - Setting next_dagrun for latest_only to 2025-02-24 04:00:00+00:00, run_after=2025-02-24 08:00:00+00:00
[2025-02-24T09:24:52.015+0000] {processor.py:208} INFO - Processing /home/airflow/.local/lib/python3.12/site-packages/airflow/example_dags/example_latest_only.py took 0.206 seconds
[2025-02-24T09:25:22.613+0000] {processor.py:186} INFO - Started process (PID=160) to work on /home/airflow/.local/lib/python3.12/site-packages/airflow/example_dags/example_latest_only.py
[2025-02-24T09:25:22.613+0000] {processor.py:914} INFO - Processing file /home/airflow/.local/lib/python3.12/site-packages/airflow/example_dags/example_latest_only.py for tasks to queue
[2025-02-24T09:25:22.615+0000] {logging_mixin.py:190} INFO - [2025-02-24T09:25:22.615+0000] {dagbag.py:588} INFO - Filling up the DagBag from /home/airflow/.local/lib/python3.12/site-packages/airflow/example_dags/example_latest_only.py
[2025-02-24T09:25:22.621+0000] {processor.py:925} INFO - DAG(s) 'latest_only' retrieved from /home/airflow/.local/lib/python3.12/site-packages/airflow/example_dags/example_latest_only.py
[2025-02-24T09:25:22.637+0000] {logging_mixin.py:190} INFO - [2025-02-24T09:25:22.637+0000] {dag.py:3239} INFO - Sync 1 DAGs
[2025-02-24T09:25:22.658+0000] {logging_mixin.py:190} INFO - [2025-02-24T09:25:22.657+0000] {dag.py:4180} INFO - Setting next_dagrun for latest_only to 2025-02-24 04:00:00+00:00, run_after=2025-02-24 08:00:00+00:00
[2025-02-24T09:25:22.674+0000] {processor.py:208} INFO - Processing /home/airflow/.local/lib/python3.12/site-packages/airflow/example_dags/example_latest_only.py took 0.066 seconds
[2025-02-24T09:25:53.532+0000] {processor.py:186} INFO - Started process (PID=223) to work on /home/airflow/.local/lib/python3.12/site-packages/airflow/example_dags/example_latest_only.py
[2025-02-24T09:25:53.533+0000] {processor.py:914} INFO - Processing file /home/airflow/.local/lib/python3.12/site-packages/airflow/example_dags/example_latest_only.py for tasks to queue
[2025-02-24T09:25:53.534+0000] {logging_mixin.py:190} INFO - [2025-02-24T09:25:53.534+0000] {dagbag.py:588} INFO - Filling up the DagBag from /home/airflow/.local/lib/python3.12/site-packages/airflow/example_dags/example_latest_only.py
[2025-02-24T09:25:53.540+0000] {processor.py:925} INFO - DAG(s) 'latest_only' retrieved from /home/airflow/.local/lib/python3.12/site-packages/airflow/example_dags/example_latest_only.py
[2025-02-24T09:25:53.560+0000] {logging_mixin.py:190} INFO - [2025-02-24T09:25:53.559+0000] {dag.py:3239} INFO - Sync 1 DAGs
[2025-02-24T09:25:53.586+0000] {logging_mixin.py:190} INFO - [2025-02-24T09:25:53.585+0000] {dag.py:4180} INFO - Setting next_dagrun for latest_only to 2025-02-24 04:00:00+00:00, run_after=2025-02-24 08:00:00+00:00
[2025-02-24T09:25:53.602+0000] {processor.py:208} INFO - Processing /home/airflow/.local/lib/python3.12/site-packages/airflow/example_dags/example_latest_only.py took 0.075 seconds
[2025-02-24T09:26:23.659+0000] {processor.py:186} INFO - Started process (PID=286) to work on /home/airflow/.local/lib/python3.12/site-packages/airflow/example_dags/example_latest_only.py
[2025-02-24T09:26:23.659+0000] {processor.py:914} INFO - Processing file /home/airflow/.local/lib/python3.12/site-packages/airflow/example_dags/example_latest_only.py for tasks to queue
[2025-02-24T09:26:23.661+0000] {logging_mixin.py:190} INFO - [2025-02-24T09:26:23.661+0000] {dagbag.py:588} INFO - Filling up the DagBag from /home/airflow/.local/lib/python3.12/site-packages/airflow/example_dags/example_latest_only.py
[2025-02-24T09:26:23.667+0000] {processor.py:925} INFO - DAG(s) 'latest_only' retrieved from /home/airflow/.local/lib/python3.12/site-packages/airflow/example_dags/example_latest_only.py
[2025-02-24T09:26:23.685+0000] {logging_mixin.py:190} INFO - [2025-02-24T09:26:23.685+0000] {dag.py:3239} INFO - Sync 1 DAGs
[2025-02-24T09:26:23.710+0000] {logging_mixin.py:190} INFO - [2025-02-24T09:26:23.710+0000] {dag.py:4180} INFO - Setting next_dagrun for latest_only to 2025-02-24 04:00:00+00:00, run_after=2025-02-24 08:00:00+00:00
[2025-02-24T09:26:23.724+0000] {processor.py:208} INFO - Processing /home/airflow/.local/lib/python3.12/site-packages/airflow/example_dags/example_latest_only.py took 0.070 seconds
[2025-02-24T09:26:54.063+0000] {processor.py:186} INFO - Started process (PID=349) to work on /home/airflow/.local/lib/python3.12/site-packages/airflow/example_dags/example_latest_only.py
[2025-02-24T09:26:54.064+0000] {processor.py:914} INFO - Processing file /home/airflow/.local/lib/python3.12/site-packages/airflow/example_dags/example_latest_only.py for tasks to queue
[2025-02-24T09:26:54.066+0000] {logging_mixin.py:190} INFO - [2025-02-24T09:26:54.066+0000] {dagbag.py:588} INFO - Filling up the DagBag from /home/airflow/.local/lib/python3.12/site-packages/airflow/example_dags/example_latest_only.py
[2025-02-24T09:26:54.072+0000] {processor.py:925} INFO - DAG(s) 'latest_only' retrieved from /home/airflow/.local/lib/python3.12/site-packages/airflow/example_dags/example_latest_only.py
[2025-02-24T09:26:54.091+0000] {logging_mixin.py:190} INFO - [2025-02-24T09:26:54.090+0000] {dag.py:3239} INFO - Sync 1 DAGs
[2025-02-24T09:26:54.111+0000] {logging_mixin.py:190} INFO - [2025-02-24T09:26:54.111+0000] {dag.py:4180} INFO - Setting next_dagrun for latest_only to 2025-02-24 04:00:00+00:00, run_after=2025-02-24 08:00:00+00:00
[2025-02-24T09:26:54.125+0000] {processor.py:208} INFO - Processing /home/airflow/.local/lib/python3.12/site-packages/airflow/example_dags/example_latest_only.py took 0.067 seconds
[2025-02-24T09:27:24.343+0000] {processor.py:186} INFO - Started process (PID=411) to work on /home/airflow/.local/lib/python3.12/site-packages/airflow/example_dags/example_latest_only.py
[2025-02-24T09:27:24.344+0000] {processor.py:914} INFO - Processing file /home/airflow/.local/lib/python3.12/site-packages/airflow/example_dags/example_latest_only.py for tasks to queue
[2025-02-24T09:27:24.347+0000] {logging_mixin.py:190} INFO - [2025-02-24T09:27:24.346+0000] {dagbag.py:588} INFO - Filling up the DagBag from /home/airflow/.local/lib/python3.12/site-packages/airflow/example_dags/example_latest_only.py
[2025-02-24T09:27:24.356+0000] {processor.py:925} INFO - DAG(s) 'latest_only' retrieved from /home/airflow/.local/lib/python3.12/site-packages/airflow/example_dags/example_latest_only.py
[2025-02-24T09:27:24.379+0000] {logging_mixin.py:190} INFO - [2025-02-24T09:27:24.379+0000] {dag.py:3239} INFO - Sync 1 DAGs
[2025-02-24T09:27:24.416+0000] {logging_mixin.py:190} INFO - [2025-02-24T09:27:24.416+0000] {dag.py:4180} INFO - Setting next_dagrun for latest_only to 2025-02-24 04:00:00+00:00, run_after=2025-02-24 08:00:00+00:00
[2025-02-24T09:27:24.447+0000] {processor.py:208} INFO - Processing /home/airflow/.local/lib/python3.12/site-packages/airflow/example_dags/example_latest_only.py took 0.113 seconds
[2025-02-24T09:27:54.725+0000] {processor.py:186} INFO - Started process (PID=474) to work on /home/airflow/.local/lib/python3.12/site-packages/airflow/example_dags/example_latest_only.py
[2025-02-24T09:27:54.726+0000] {processor.py:914} INFO - Processing file /home/airflow/.local/lib/python3.12/site-packages/airflow/example_dags/example_latest_only.py for tasks to queue
[2025-02-24T09:27:54.728+0000] {logging_mixin.py:190} INFO - [2025-02-24T09:27:54.728+0000] {dagbag.py:588} INFO - Filling up the DagBag from /home/airflow/.local/lib/python3.12/site-packages/airflow/example_dags/example_latest_only.py
[2025-02-24T09:27:54.736+0000] {processor.py:925} INFO - DAG(s) 'latest_only' retrieved from /home/airflow/.local/lib/python3.12/site-packages/airflow/example_dags/example_latest_only.py
[2025-02-24T09:27:54.757+0000] {logging_mixin.py:190} INFO - [2025-02-24T09:27:54.757+0000] {dag.py:3239} INFO - Sync 1 DAGs
[2025-02-24T09:27:54.776+0000] {logging_mixin.py:190} INFO - [2025-02-24T09:27:54.776+0000] {dag.py:4180} INFO - Setting next_dagrun for latest_only to 2025-02-24 04:00:00+00:00, run_after=2025-02-24 08:00:00+00:00
[2025-02-24T09:27:54.794+0000] {processor.py:208} INFO - Processing /home/airflow/.local/lib/python3.12/site-packages/airflow/example_dags/example_latest_only.py took 0.077 seconds
[2025-02-24T09:28:25.158+0000] {processor.py:186} INFO - Started process (PID=537) to work on /home/airflow/.local/lib/python3.12/site-packages/airflow/example_dags/example_latest_only.py
[2025-02-24T09:28:25.158+0000] {processor.py:914} INFO - Processing file /home/airflow/.local/lib/python3.12/site-packages/airflow/example_dags/example_latest_only.py for tasks to queue
[2025-02-24T09:28:25.160+0000] {logging_mixin.py:190} INFO - [2025-02-24T09:28:25.159+0000] {dagbag.py:588} INFO - Filling up the DagBag from /home/airflow/.local/lib/python3.12/site-packages/airflow/example_dags/example_latest_only.py
[2025-02-24T09:28:25.165+0000] {processor.py:925} INFO - DAG(s) 'latest_only' retrieved from /home/airflow/.local/lib/python3.12/site-packages/airflow/example_dags/example_latest_only.py
[2025-02-24T09:28:25.180+0000] {logging_mixin.py:190} INFO - [2025-02-24T09:28:25.180+0000] {dag.py:3239} INFO - Sync 1 DAGs
[2025-02-24T09:28:25.199+0000] {logging_mixin.py:190} INFO - [2025-02-24T09:28:25.199+0000] {dag.py:4180} INFO - Setting next_dagrun for latest_only to 2025-02-24 04:00:00+00:00, run_after=2025-02-24 08:00:00+00:00
[2025-02-24T09:28:25.212+0000] {processor.py:208} INFO - Processing /home/airflow/.local/lib/python3.12/site-packages/airflow/example_dags/example_latest_only.py took 0.059 seconds
[2025-02-24T09:28:55.366+0000] {processor.py:186} INFO - Started process (PID=600) to work on /home/airflow/.local/lib/python3.12/site-packages/airflow/example_dags/example_latest_only.py
[2025-02-24T09:28:55.367+0000] {processor.py:914} INFO - Processing file /home/airflow/.local/lib/python3.12/site-packages/airflow/example_dags/example_latest_only.py for tasks to queue
[2025-02-24T09:28:55.368+0000] {logging_mixin.py:190} INFO - [2025-02-24T09:28:55.368+0000] {dagbag.py:588} INFO - Filling up the DagBag from /home/airflow/.local/lib/python3.12/site-packages/airflow/example_dags/example_latest_only.py
[2025-02-24T09:28:55.373+0000] {processor.py:925} INFO - DAG(s) 'latest_only' retrieved from /home/airflow/.local/lib/python3.12/site-packages/airflow/example_dags/example_latest_only.py
[2025-02-24T09:28:55.389+0000] {logging_mixin.py:190} INFO - [2025-02-24T09:28:55.389+0000] {dag.py:3239} INFO - Sync 1 DAGs
[2025-02-24T09:28:55.410+0000] {logging_mixin.py:190} INFO - [2025-02-24T09:28:55.410+0000] {dag.py:4180} INFO - Setting next_dagrun for latest_only to 2025-02-24 04:00:00+00:00, run_after=2025-02-24 08:00:00+00:00
[2025-02-24T09:28:55.424+0000] {processor.py:208} INFO - Processing /home/airflow/.local/lib/python3.12/site-packages/airflow/example_dags/example_latest_only.py took 0.062 seconds
[2025-02-24T09:29:25.737+0000] {processor.py:186} INFO - Started process (PID=663) to work on /home/airflow/.local/lib/python3.12/site-packages/airflow/example_dags/example_latest_only.py
[2025-02-24T09:29:25.738+0000] {processor.py:914} INFO - Processing file /home/airflow/.local/lib/python3.12/site-packages/airflow/example_dags/example_latest_only.py for tasks to queue
[2025-02-24T09:29:25.740+0000] {logging_mixin.py:190} INFO - [2025-02-24T09:29:25.740+0000] {dagbag.py:588} INFO - Filling up the DagBag from /home/airflow/.local/lib/python3.12/site-packages/airflow/example_dags/example_latest_only.py
[2025-02-24T09:29:25.745+0000] {processor.py:925} INFO - DAG(s) 'latest_only' retrieved from /home/airflow/.local/lib/python3.12/site-packages/airflow/example_dags/example_latest_only.py
[2025-02-24T09:29:25.761+0000] {logging_mixin.py:190} INFO - [2025-02-24T09:29:25.761+0000] {dag.py:3239} INFO - Sync 1 DAGs
[2025-02-24T09:29:25.779+0000] {logging_mixin.py:190} INFO - [2025-02-24T09:29:25.779+0000] {dag.py:4180} INFO - Setting next_dagrun for latest_only to 2025-02-24 04:00:00+00:00, run_after=2025-02-24 08:00:00+00:00
[2025-02-24T09:29:25.792+0000] {processor.py:208} INFO - Processing /home/airflow/.local/lib/python3.12/site-packages/airflow/example_dags/example_latest_only.py took 0.059 seconds
[2025-02-24T09:29:55.927+0000] {processor.py:186} INFO - Started process (PID=726) to work on /home/airflow/.local/lib/python3.12/site-packages/airflow/example_dags/example_latest_only.py
[2025-02-24T09:29:55.928+0000] {processor.py:914} INFO - Processing file /home/airflow/.local/lib/python3.12/site-packages/airflow/example_dags/example_latest_only.py for tasks to queue
[2025-02-24T09:29:55.929+0000] {logging_mixin.py:190} INFO - [2025-02-24T09:29:55.929+0000] {dagbag.py:588} INFO - Filling up the DagBag from /home/airflow/.local/lib/python3.12/site-packages/airflow/example_dags/example_latest_only.py
[2025-02-24T09:29:55.934+0000] {processor.py:925} INFO - DAG(s) 'latest_only' retrieved from /home/airflow/.local/lib/python3.12/site-packages/airflow/example_dags/example_latest_only.py
[2025-02-24T09:29:55.949+0000] {logging_mixin.py:190} INFO - [2025-02-24T09:29:55.949+0000] {dag.py:3239} INFO - Sync 1 DAGs
[2025-02-24T09:29:55.972+0000] {logging_mixin.py:190} INFO - [2025-02-24T09:29:55.972+0000] {dag.py:4180} INFO - Setting next_dagrun for latest_only to 2025-02-24 04:00:00+00:00, run_after=2025-02-24 08:00:00+00:00
[2025-02-24T09:29:55.987+0000] {processor.py:208} INFO - Processing /home/airflow/.local/lib/python3.12/site-packages/airflow/example_dags/example_latest_only.py took 0.064 seconds
[2025-02-24T09:30:26.245+0000] {processor.py:186} INFO - Started process (PID=789) to work on /home/airflow/.local/lib/python3.12/site-packages/airflow/example_dags/example_latest_only.py
[2025-02-24T09:30:26.246+0000] {processor.py:914} INFO - Processing file /home/airflow/.local/lib/python3.12/site-packages/airflow/example_dags/example_latest_only.py for tasks to queue
[2025-02-24T09:30:26.247+0000] {logging_mixin.py:190} INFO - [2025-02-24T09:30:26.247+0000] {dagbag.py:588} INFO - Filling up the DagBag from /home/airflow/.local/lib/python3.12/site-packages/airflow/example_dags/example_latest_only.py
[2025-02-24T09:30:26.252+0000] {processor.py:925} INFO - DAG(s) 'latest_only' retrieved from /home/airflow/.local/lib/python3.12/site-packages/airflow/example_dags/example_latest_only.py
[2025-02-24T09:30:26.278+0000] {logging_mixin.py:190} INFO - [2025-02-24T09:30:26.277+0000] {dag.py:3239} INFO - Sync 1 DAGs
[2025-02-24T09:30:26.304+0000] {logging_mixin.py:190} INFO - [2025-02-24T09:30:26.304+0000] {dag.py:4180} INFO - Setting next_dagrun for latest_only to 2025-02-24 04:00:00+00:00, run_after=2025-02-24 08:00:00+00:00
[2025-02-24T09:30:26.316+0000] {processor.py:208} INFO - Processing /home/airflow/.local/lib/python3.12/site-packages/airflow/example_dags/example_latest_only.py took 0.075 seconds
[2025-02-24T09:30:56.538+0000] {processor.py:186} INFO - Started process (PID=852) to work on /home/airflow/.local/lib/python3.12/site-packages/airflow/example_dags/example_latest_only.py
[2025-02-24T09:30:56.539+0000] {processor.py:914} INFO - Processing file /home/airflow/.local/lib/python3.12/site-packages/airflow/example_dags/example_latest_only.py for tasks to queue
[2025-02-24T09:30:56.541+0000] {logging_mixin.py:190} INFO - [2025-02-24T09:30:56.540+0000] {dagbag.py:588} INFO - Filling up the DagBag from /home/airflow/.local/lib/python3.12/site-packages/airflow/example_dags/example_latest_only.py
[2025-02-24T09:30:56.548+0000] {processor.py:925} INFO - DAG(s) 'latest_only' retrieved from /home/airflow/.local/lib/python3.12/site-packages/airflow/example_dags/example_latest_only.py
[2025-02-24T09:30:56.568+0000] {logging_mixin.py:190} INFO - [2025-02-24T09:30:56.568+0000] {dag.py:3239} INFO - Sync 1 DAGs
[2025-02-24T09:30:56.594+0000] {logging_mixin.py:190} INFO - [2025-02-24T09:30:56.594+0000] {dag.py:4180} INFO - Setting next_dagrun for latest_only to 2025-02-24 04:00:00+00:00, run_after=2025-02-24 08:00:00+00:00
[2025-02-24T09:30:56.612+0000] {processor.py:208} INFO - Processing /home/airflow/.local/lib/python3.12/site-packages/airflow/example_dags/example_latest_only.py took 0.081 seconds
[2025-02-24T09:31:26.879+0000] {processor.py:186} INFO - Started process (PID=915) to work on /home/airflow/.local/lib/python3.12/site-packages/airflow/example_dags/example_latest_only.py
[2025-02-24T09:31:26.880+0000] {processor.py:914} INFO - Processing file /home/airflow/.local/lib/python3.12/site-packages/airflow/example_dags/example_latest_only.py for tasks to queue
[2025-02-24T09:31:26.882+0000] {logging_mixin.py:190} INFO - [2025-02-24T09:31:26.881+0000] {dagbag.py:588} INFO - Filling up the DagBag from /home/airflow/.local/lib/python3.12/site-packages/airflow/example_dags/example_latest_only.py
[2025-02-24T09:31:26.887+0000] {processor.py:925} INFO - DAG(s) 'latest_only' retrieved from /home/airflow/.local/lib/python3.12/site-packages/airflow/example_dags/example_latest_only.py
[2025-02-24T09:31:26.904+0000] {logging_mixin.py:190} INFO - [2025-02-24T09:31:26.903+0000] {dag.py:3239} INFO - Sync 1 DAGs
[2025-02-24T09:31:26.923+0000] {logging_mixin.py:190} INFO - [2025-02-24T09:31:26.923+0000] {dag.py:4180} INFO - Setting next_dagrun for latest_only to 2025-02-24 04:00:00+00:00, run_after=2025-02-24 08:00:00+00:00
[2025-02-24T09:31:26.939+0000] {processor.py:208} INFO - Processing /home/airflow/.local/lib/python3.12/site-packages/airflow/example_dags/example_latest_only.py took 0.064 seconds
[2025-02-24T09:31:57.544+0000] {processor.py:186} INFO - Started process (PID=978) to work on /home/airflow/.local/lib/python3.12/site-packages/airflow/example_dags/example_latest_only.py
[2025-02-24T09:31:57.545+0000] {processor.py:914} INFO - Processing file /home/airflow/.local/lib/python3.12/site-packages/airflow/example_dags/example_latest_only.py for tasks to queue
[2025-02-24T09:31:57.546+0000] {logging_mixin.py:190} INFO - [2025-02-24T09:31:57.546+0000] {dagbag.py:588} INFO - Filling up the DagBag from /home/airflow/.local/lib/python3.12/site-packages/airflow/example_dags/example_latest_only.py
[2025-02-24T09:31:57.552+0000] {processor.py:925} INFO - DAG(s) 'latest_only' retrieved from /home/airflow/.local/lib/python3.12/site-packages/airflow/example_dags/example_latest_only.py
[2025-02-24T09:31:57.567+0000] {logging_mixin.py:190} INFO - [2025-02-24T09:31:57.566+0000] {dag.py:3239} INFO - Sync 1 DAGs
[2025-02-24T09:31:57.587+0000] {logging_mixin.py:190} INFO - [2025-02-24T09:31:57.587+0000] {dag.py:4180} INFO - Setting next_dagrun for latest_only to 2025-02-24 04:00:00+00:00, run_after=2025-02-24 08:00:00+00:00
[2025-02-24T09:31:57.601+0000] {processor.py:208} INFO - Processing /home/airflow/.local/lib/python3.12/site-packages/airflow/example_dags/example_latest_only.py took 0.061 seconds
[2025-02-24T09:32:27.876+0000] {processor.py:186} INFO - Started process (PID=1041) to work on /home/airflow/.local/lib/python3.12/site-packages/airflow/example_dags/example_latest_only.py
[2025-02-24T09:32:27.876+0000] {processor.py:914} INFO - Processing file /home/airflow/.local/lib/python3.12/site-packages/airflow/example_dags/example_latest_only.py for tasks to queue
[2025-02-24T09:32:27.878+0000] {logging_mixin.py:190} INFO - [2025-02-24T09:32:27.878+0000] {dagbag.py:588} INFO - Filling up the DagBag from /home/airflow/.local/lib/python3.12/site-packages/airflow/example_dags/example_latest_only.py
[2025-02-24T09:32:27.883+0000] {processor.py:925} INFO - DAG(s) 'latest_only' retrieved from /home/airflow/.local/lib/python3.12/site-packages/airflow/example_dags/example_latest_only.py
[2025-02-24T09:32:27.898+0000] {logging_mixin.py:190} INFO - [2025-02-24T09:32:27.897+0000] {dag.py:3239} INFO - Sync 1 DAGs
[2025-02-24T09:32:27.917+0000] {logging_mixin.py:190} INFO - [2025-02-24T09:32:27.917+0000] {dag.py:4180} INFO - Setting next_dagrun for latest_only to 2025-02-24 04:00:00+00:00, run_after=2025-02-24 08:00:00+00:00
[2025-02-24T09:32:27.944+0000] {processor.py:208} INFO - Processing /home/airflow/.local/lib/python3.12/site-packages/airflow/example_dags/example_latest_only.py took 0.072 seconds
[2025-02-24T09:32:58.132+0000] {processor.py:186} INFO - Started process (PID=1104) to work on /home/airflow/.local/lib/python3.12/site-packages/airflow/example_dags/example_latest_only.py
[2025-02-24T09:32:58.133+0000] {processor.py:914} INFO - Processing file /home/airflow/.local/lib/python3.12/site-packages/airflow/example_dags/example_latest_only.py for tasks to queue
[2025-02-24T09:32:58.136+0000] {logging_mixin.py:190} INFO - [2025-02-24T09:32:58.136+0000] {dagbag.py:588} INFO - Filling up the DagBag from /home/airflow/.local/lib/python3.12/site-packages/airflow/example_dags/example_latest_only.py
[2025-02-24T09:32:58.147+0000] {processor.py:925} INFO - DAG(s) 'latest_only' retrieved from /home/airflow/.local/lib/python3.12/site-packages/airflow/example_dags/example_latest_only.py
[2025-02-24T09:32:58.174+0000] {logging_mixin.py:190} INFO - [2025-02-24T09:32:58.174+0000] {dag.py:3239} INFO - Sync 1 DAGs
[2025-02-24T09:32:58.197+0000] {logging_mixin.py:190} INFO - [2025-02-24T09:32:58.197+0000] {dag.py:4180} INFO - Setting next_dagrun for latest_only to 2025-02-24 04:00:00+00:00, run_after=2025-02-24 08:00:00+00:00
[2025-02-24T09:32:58.216+0000] {processor.py:208} INFO - Processing /home/airflow/.local/lib/python3.12/site-packages/airflow/example_dags/example_latest_only.py took 0.092 seconds
[2025-02-24T09:33:28.866+0000] {processor.py:186} INFO - Started process (PID=1167) to work on /home/airflow/.local/lib/python3.12/site-packages/airflow/example_dags/example_latest_only.py
[2025-02-24T09:33:28.868+0000] {processor.py:914} INFO - Processing file /home/airflow/.local/lib/python3.12/site-packages/airflow/example_dags/example_latest_only.py for tasks to queue
[2025-02-24T09:33:28.870+0000] {logging_mixin.py:190} INFO - [2025-02-24T09:33:28.870+0000] {dagbag.py:588} INFO - Filling up the DagBag from /home/airflow/.local/lib/python3.12/site-packages/airflow/example_dags/example_latest_only.py
[2025-02-24T09:33:28.878+0000] {processor.py:925} INFO - DAG(s) 'latest_only' retrieved from /home/airflow/.local/lib/python3.12/site-packages/airflow/example_dags/example_latest_only.py
[2025-02-24T09:33:28.900+0000] {logging_mixin.py:190} INFO - [2025-02-24T09:33:28.900+0000] {dag.py:3239} INFO - Sync 1 DAGs
[2025-02-24T09:33:28.930+0000] {logging_mixin.py:190} INFO - [2025-02-24T09:33:28.929+0000] {dag.py:4180} INFO - Setting next_dagrun for latest_only to 2025-02-24 04:00:00+00:00, run_after=2025-02-24 08:00:00+00:00
[2025-02-24T09:33:28.950+0000] {processor.py:208} INFO - Processing /home/airflow/.local/lib/python3.12/site-packages/airflow/example_dags/example_latest_only.py took 0.091 seconds
[2025-02-24T09:33:59.847+0000] {processor.py:186} INFO - Started process (PID=1230) to work on /home/airflow/.local/lib/python3.12/site-packages/airflow/example_dags/example_latest_only.py
[2025-02-24T09:33:59.848+0000] {processor.py:914} INFO - Processing file /home/airflow/.local/lib/python3.12/site-packages/airflow/example_dags/example_latest_only.py for tasks to queue
[2025-02-24T09:33:59.850+0000] {logging_mixin.py:190} INFO - [2025-02-24T09:33:59.849+0000] {dagbag.py:588} INFO - Filling up the DagBag from /home/airflow/.local/lib/python3.12/site-packages/airflow/example_dags/example_latest_only.py
[2025-02-24T09:33:59.855+0000] {processor.py:925} INFO - DAG(s) 'latest_only' retrieved from /home/airflow/.local/lib/python3.12/site-packages/airflow/example_dags/example_latest_only.py
[2025-02-24T09:33:59.870+0000] {logging_mixin.py:190} INFO - [2025-02-24T09:33:59.870+0000] {dag.py:3239} INFO - Sync 1 DAGs
[2025-02-24T09:33:59.887+0000] {logging_mixin.py:190} INFO - [2025-02-24T09:33:59.887+0000] {dag.py:4180} INFO - Setting next_dagrun for latest_only to 2025-02-24 04:00:00+00:00, run_after=2025-02-24 08:00:00+00:00
[2025-02-24T09:33:59.899+0000] {processor.py:208} INFO - Processing /home/airflow/.local/lib/python3.12/site-packages/airflow/example_dags/example_latest_only.py took 0.056 seconds
[2025-02-24T09:34:30.064+0000] {processor.py:186} INFO - Started process (PID=1294) to work on /home/airflow/.local/lib/python3.12/site-packages/airflow/example_dags/example_latest_only.py
[2025-02-24T09:34:30.064+0000] {processor.py:914} INFO - Processing file /home/airflow/.local/lib/python3.12/site-packages/airflow/example_dags/example_latest_only.py for tasks to queue
[2025-02-24T09:34:30.066+0000] {logging_mixin.py:190} INFO - [2025-02-24T09:34:30.066+0000] {dagbag.py:588} INFO - Filling up the DagBag from /home/airflow/.local/lib/python3.12/site-packages/airflow/example_dags/example_latest_only.py
[2025-02-24T09:34:30.072+0000] {processor.py:925} INFO - DAG(s) 'latest_only' retrieved from /home/airflow/.local/lib/python3.12/site-packages/airflow/example_dags/example_latest_only.py
[2025-02-24T09:34:30.089+0000] {logging_mixin.py:190} INFO - [2025-02-24T09:34:30.088+0000] {dag.py:3239} INFO - Sync 1 DAGs
[2025-02-24T09:34:30.108+0000] {logging_mixin.py:190} INFO - [2025-02-24T09:34:30.108+0000] {dag.py:4180} INFO - Setting next_dagrun for latest_only to 2025-02-24 04:00:00+00:00, run_after=2025-02-24 08:00:00+00:00
[2025-02-24T09:34:30.121+0000] {processor.py:208} INFO - Processing /home/airflow/.local/lib/python3.12/site-packages/airflow/example_dags/example_latest_only.py took 0.061 seconds
[2025-02-24T09:35:00.379+0000] {processor.py:186} INFO - Started process (PID=1358) to work on /home/airflow/.local/lib/python3.12/site-packages/airflow/example_dags/example_latest_only.py
[2025-02-24T09:35:00.380+0000] {processor.py:914} INFO - Processing file /home/airflow/.local/lib/python3.12/site-packages/airflow/example_dags/example_latest_only.py for tasks to queue
[2025-02-24T09:35:00.381+0000] {logging_mixin.py:190} INFO - [2025-02-24T09:35:00.381+0000] {dagbag.py:588} INFO - Filling up the DagBag from /home/airflow/.local/lib/python3.12/site-packages/airflow/example_dags/example_latest_only.py
[2025-02-24T09:35:00.387+0000] {processor.py:925} INFO - DAG(s) 'latest_only' retrieved from /home/airflow/.local/lib/python3.12/site-packages/airflow/example_dags/example_latest_only.py
[2025-02-24T09:35:00.405+0000] {logging_mixin.py:190} INFO - [2025-02-24T09:35:00.405+0000] {dag.py:3239} INFO - Sync 1 DAGs
[2025-02-24T09:35:00.426+0000] {logging_mixin.py:190} INFO - [2025-02-24T09:35:00.426+0000] {dag.py:4180} INFO - Setting next_dagrun for latest_only to 2025-02-24 04:00:00+00:00, run_after=2025-02-24 08:00:00+00:00
[2025-02-24T09:35:00.442+0000] {processor.py:208} INFO - Processing /home/airflow/.local/lib/python3.12/site-packages/airflow/example_dags/example_latest_only.py took 0.068 seconds
[2025-02-24T09:35:31.163+0000] {processor.py:186} INFO - Started process (PID=1422) to work on /home/airflow/.local/lib/python3.12/site-packages/airflow/example_dags/example_latest_only.py
[2025-02-24T09:35:31.164+0000] {processor.py:914} INFO - Processing file /home/airflow/.local/lib/python3.12/site-packages/airflow/example_dags/example_latest_only.py for tasks to queue
[2025-02-24T09:35:31.166+0000] {logging_mixin.py:190} INFO - [2025-02-24T09:35:31.166+0000] {dagbag.py:588} INFO - Filling up the DagBag from /home/airflow/.local/lib/python3.12/site-packages/airflow/example_dags/example_latest_only.py
[2025-02-24T09:35:31.173+0000] {processor.py:925} INFO - DAG(s) 'latest_only' retrieved from /home/airflow/.local/lib/python3.12/site-packages/airflow/example_dags/example_latest_only.py
[2025-02-24T09:35:31.190+0000] {logging_mixin.py:190} INFO - [2025-02-24T09:35:31.189+0000] {dag.py:3239} INFO - Sync 1 DAGs
[2025-02-24T09:35:31.213+0000] {logging_mixin.py:190} INFO - [2025-02-24T09:35:31.212+0000] {dag.py:4180} INFO - Setting next_dagrun for latest_only to 2025-02-24 04:00:00+00:00, run_after=2025-02-24 08:00:00+00:00
[2025-02-24T09:35:31.229+0000] {processor.py:208} INFO - Processing /home/airflow/.local/lib/python3.12/site-packages/airflow/example_dags/example_latest_only.py took 0.071 seconds
[2025-02-24T09:36:01.879+0000] {processor.py:186} INFO - Started process (PID=1485) to work on /home/airflow/.local/lib/python3.12/site-packages/airflow/example_dags/example_latest_only.py
[2025-02-24T09:36:01.880+0000] {processor.py:914} INFO - Processing file /home/airflow/.local/lib/python3.12/site-packages/airflow/example_dags/example_latest_only.py for tasks to queue
[2025-02-24T09:36:01.881+0000] {logging_mixin.py:190} INFO - [2025-02-24T09:36:01.881+0000] {dagbag.py:588} INFO - Filling up the DagBag from /home/airflow/.local/lib/python3.12/site-packages/airflow/example_dags/example_latest_only.py
[2025-02-24T09:36:01.888+0000] {processor.py:925} INFO - DAG(s) 'latest_only' retrieved from /home/airflow/.local/lib/python3.12/site-packages/airflow/example_dags/example_latest_only.py
[2025-02-24T09:36:01.906+0000] {logging_mixin.py:190} INFO - [2025-02-24T09:36:01.906+0000] {dag.py:3239} INFO - Sync 1 DAGs
[2025-02-24T09:36:01.931+0000] {logging_mixin.py:190} INFO - [2025-02-24T09:36:01.931+0000] {dag.py:4180} INFO - Setting next_dagrun for latest_only to 2025-02-24 04:00:00+00:00, run_after=2025-02-24 08:00:00+00:00
[2025-02-24T09:36:01.945+0000] {processor.py:208} INFO - Processing /home/airflow/.local/lib/python3.12/site-packages/airflow/example_dags/example_latest_only.py took 0.071 seconds
[2025-02-24T09:36:32.295+0000] {processor.py:186} INFO - Started process (PID=1548) to work on /home/airflow/.local/lib/python3.12/site-packages/airflow/example_dags/example_latest_only.py
[2025-02-24T09:36:32.296+0000] {processor.py:914} INFO - Processing file /home/airflow/.local/lib/python3.12/site-packages/airflow/example_dags/example_latest_only.py for tasks to queue
[2025-02-24T09:36:32.297+0000] {logging_mixin.py:190} INFO - [2025-02-24T09:36:32.297+0000] {dagbag.py:588} INFO - Filling up the DagBag from /home/airflow/.local/lib/python3.12/site-packages/airflow/example_dags/example_latest_only.py
[2025-02-24T09:36:32.305+0000] {processor.py:925} INFO - DAG(s) 'latest_only' retrieved from /home/airflow/.local/lib/python3.12/site-packages/airflow/example_dags/example_latest_only.py
[2025-02-24T09:36:32.322+0000] {logging_mixin.py:190} INFO - [2025-02-24T09:36:32.322+0000] {dag.py:3239} INFO - Sync 1 DAGs
[2025-02-24T09:36:32.344+0000] {logging_mixin.py:190} INFO - [2025-02-24T09:36:32.344+0000] {dag.py:4180} INFO - Setting next_dagrun for latest_only to 2025-02-24 04:00:00+00:00, run_after=2025-02-24 08:00:00+00:00
[2025-02-24T09:36:32.357+0000] {processor.py:208} INFO - Processing /home/airflow/.local/lib/python3.12/site-packages/airflow/example_dags/example_latest_only.py took 0.066 seconds
[2025-02-24T09:37:02.531+0000] {processor.py:186} INFO - Started process (PID=1612) to work on /home/airflow/.local/lib/python3.12/site-packages/airflow/example_dags/example_latest_only.py
[2025-02-24T09:37:02.532+0000] {processor.py:914} INFO - Processing file /home/airflow/.local/lib/python3.12/site-packages/airflow/example_dags/example_latest_only.py for tasks to queue
[2025-02-24T09:37:02.533+0000] {logging_mixin.py:190} INFO - [2025-02-24T09:37:02.533+0000] {dagbag.py:588} INFO - Filling up the DagBag from /home/airflow/.local/lib/python3.12/site-packages/airflow/example_dags/example_latest_only.py
[2025-02-24T09:37:02.539+0000] {processor.py:925} INFO - DAG(s) 'latest_only' retrieved from /home/airflow/.local/lib/python3.12/site-packages/airflow/example_dags/example_latest_only.py
[2025-02-24T09:37:02.555+0000] {logging_mixin.py:190} INFO - [2025-02-24T09:37:02.555+0000] {dag.py:3239} INFO - Sync 1 DAGs
[2025-02-24T09:37:02.574+0000] {logging_mixin.py:190} INFO - [2025-02-24T09:37:02.573+0000] {dag.py:4180} INFO - Setting next_dagrun for latest_only to 2025-02-24 04:00:00+00:00, run_after=2025-02-24 08:00:00+00:00
[2025-02-24T09:37:02.587+0000] {processor.py:208} INFO - Processing /home/airflow/.local/lib/python3.12/site-packages/airflow/example_dags/example_latest_only.py took 0.060 seconds
[2025-02-24T09:37:32.738+0000] {processor.py:186} INFO - Started process (PID=1676) to work on /home/airflow/.local/lib/python3.12/site-packages/airflow/example_dags/example_latest_only.py
[2025-02-24T09:37:32.738+0000] {processor.py:914} INFO - Processing file /home/airflow/.local/lib/python3.12/site-packages/airflow/example_dags/example_latest_only.py for tasks to queue
[2025-02-24T09:37:32.740+0000] {logging_mixin.py:190} INFO - [2025-02-24T09:37:32.740+0000] {dagbag.py:588} INFO - Filling up the DagBag from /home/airflow/.local/lib/python3.12/site-packages/airflow/example_dags/example_latest_only.py
[2025-02-24T09:37:32.746+0000] {processor.py:925} INFO - DAG(s) 'latest_only' retrieved from /home/airflow/.local/lib/python3.12/site-packages/airflow/example_dags/example_latest_only.py
[2025-02-24T09:37:32.763+0000] {logging_mixin.py:190} INFO - [2025-02-24T09:37:32.763+0000] {dag.py:3239} INFO - Sync 1 DAGs
[2025-02-24T09:37:32.783+0000] {logging_mixin.py:190} INFO - [2025-02-24T09:37:32.782+0000] {dag.py:4180} INFO - Setting next_dagrun for latest_only to 2025-02-24 04:00:00+00:00, run_after=2025-02-24 08:00:00+00:00
[2025-02-24T09:37:32.797+0000] {processor.py:208} INFO - Processing /home/airflow/.local/lib/python3.12/site-packages/airflow/example_dags/example_latest_only.py took 0.063 seconds
[2025-02-24T09:38:02.896+0000] {processor.py:186} INFO - Started process (PID=1740) to work on /home/airflow/.local/lib/python3.12/site-packages/airflow/example_dags/example_latest_only.py
[2025-02-24T09:38:02.897+0000] {processor.py:914} INFO - Processing file /home/airflow/.local/lib/python3.12/site-packages/airflow/example_dags/example_latest_only.py for tasks to queue
[2025-02-24T09:38:02.899+0000] {logging_mixin.py:190} INFO - [2025-02-24T09:38:02.898+0000] {dagbag.py:588} INFO - Filling up the DagBag from /home/airflow/.local/lib/python3.12/site-packages/airflow/example_dags/example_latest_only.py
[2025-02-24T09:38:02.905+0000] {processor.py:925} INFO - DAG(s) 'latest_only' retrieved from /home/airflow/.local/lib/python3.12/site-packages/airflow/example_dags/example_latest_only.py
[2025-02-24T09:38:02.923+0000] {logging_mixin.py:190} INFO - [2025-02-24T09:38:02.923+0000] {dag.py:3239} INFO - Sync 1 DAGs
[2025-02-24T09:38:02.948+0000] {logging_mixin.py:190} INFO - [2025-02-24T09:38:02.948+0000] {dag.py:4180} INFO - Setting next_dagrun for latest_only to 2025-02-24 04:00:00+00:00, run_after=2025-02-24 08:00:00+00:00
[2025-02-24T09:38:02.965+0000] {processor.py:208} INFO - Processing /home/airflow/.local/lib/python3.12/site-packages/airflow/example_dags/example_latest_only.py took 0.075 seconds
[2025-02-24T09:38:33.322+0000] {processor.py:186} INFO - Started process (PID=1804) to work on /home/airflow/.local/lib/python3.12/site-packages/airflow/example_dags/example_latest_only.py
[2025-02-24T09:38:33.323+0000] {processor.py:914} INFO - Processing file /home/airflow/.local/lib/python3.12/site-packages/airflow/example_dags/example_latest_only.py for tasks to queue
[2025-02-24T09:38:33.324+0000] {logging_mixin.py:190} INFO - [2025-02-24T09:38:33.324+0000] {dagbag.py:588} INFO - Filling up the DagBag from /home/airflow/.local/lib/python3.12/site-packages/airflow/example_dags/example_latest_only.py
[2025-02-24T09:38:33.330+0000] {processor.py:925} INFO - DAG(s) 'latest_only' retrieved from /home/airflow/.local/lib/python3.12/site-packages/airflow/example_dags/example_latest_only.py
[2025-02-24T09:38:33.349+0000] {logging_mixin.py:190} INFO - [2025-02-24T09:38:33.348+0000] {dag.py:3239} INFO - Sync 1 DAGs
[2025-02-24T09:38:33.373+0000] {logging_mixin.py:190} INFO - [2025-02-24T09:38:33.373+0000] {dag.py:4180} INFO - Setting next_dagrun for latest_only to 2025-02-24 04:00:00+00:00, run_after=2025-02-24 08:00:00+00:00
[2025-02-24T09:38:33.390+0000] {processor.py:208} INFO - Processing /home/airflow/.local/lib/python3.12/site-packages/airflow/example_dags/example_latest_only.py took 0.073 seconds
[2025-02-24T09:39:03.649+0000] {processor.py:186} INFO - Started process (PID=1868) to work on /home/airflow/.local/lib/python3.12/site-packages/airflow/example_dags/example_latest_only.py
[2025-02-24T09:39:03.650+0000] {processor.py:914} INFO - Processing file /home/airflow/.local/lib/python3.12/site-packages/airflow/example_dags/example_latest_only.py for tasks to queue
[2025-02-24T09:39:03.652+0000] {logging_mixin.py:190} INFO - [2025-02-24T09:39:03.652+0000] {dagbag.py:588} INFO - Filling up the DagBag from /home/airflow/.local/lib/python3.12/site-packages/airflow/example_dags/example_latest_only.py
[2025-02-24T09:39:03.658+0000] {processor.py:925} INFO - DAG(s) 'latest_only' retrieved from /home/airflow/.local/lib/python3.12/site-packages/airflow/example_dags/example_latest_only.py
[2025-02-24T09:39:03.678+0000] {logging_mixin.py:190} INFO - [2025-02-24T09:39:03.678+0000] {dag.py:3239} INFO - Sync 1 DAGs
[2025-02-24T09:39:03.707+0000] {logging_mixin.py:190} INFO - [2025-02-24T09:39:03.707+0000] {dag.py:4180} INFO - Setting next_dagrun for latest_only to 2025-02-24 04:00:00+00:00, run_after=2025-02-24 08:00:00+00:00
[2025-02-24T09:39:03.728+0000] {processor.py:208} INFO - Processing /home/airflow/.local/lib/python3.12/site-packages/airflow/example_dags/example_latest_only.py took 0.083 seconds
[2025-02-24T09:39:34.305+0000] {processor.py:186} INFO - Started process (PID=1932) to work on /home/airflow/.local/lib/python3.12/site-packages/airflow/example_dags/example_latest_only.py
[2025-02-24T09:39:34.305+0000] {processor.py:914} INFO - Processing file /home/airflow/.local/lib/python3.12/site-packages/airflow/example_dags/example_latest_only.py for tasks to queue
[2025-02-24T09:39:34.308+0000] {logging_mixin.py:190} INFO - [2025-02-24T09:39:34.308+0000] {dagbag.py:588} INFO - Filling up the DagBag from /home/airflow/.local/lib/python3.12/site-packages/airflow/example_dags/example_latest_only.py
[2025-02-24T09:39:34.316+0000] {processor.py:925} INFO - DAG(s) 'latest_only' retrieved from /home/airflow/.local/lib/python3.12/site-packages/airflow/example_dags/example_latest_only.py
[2025-02-24T09:39:34.341+0000] {logging_mixin.py:190} INFO - [2025-02-24T09:39:34.341+0000] {dag.py:3239} INFO - Sync 1 DAGs
[2025-02-24T09:39:34.364+0000] {logging_mixin.py:190} INFO - [2025-02-24T09:39:34.363+0000] {dag.py:4180} INFO - Setting next_dagrun for latest_only to 2025-02-24 04:00:00+00:00, run_after=2025-02-24 08:00:00+00:00
[2025-02-24T09:39:34.383+0000] {processor.py:208} INFO - Processing /home/airflow/.local/lib/python3.12/site-packages/airflow/example_dags/example_latest_only.py took 0.086 seconds
[2025-02-24T09:40:04.778+0000] {processor.py:186} INFO - Started process (PID=1996) to work on /home/airflow/.local/lib/python3.12/site-packages/airflow/example_dags/example_latest_only.py
[2025-02-24T09:40:04.778+0000] {processor.py:914} INFO - Processing file /home/airflow/.local/lib/python3.12/site-packages/airflow/example_dags/example_latest_only.py for tasks to queue
[2025-02-24T09:40:04.780+0000] {logging_mixin.py:190} INFO - [2025-02-24T09:40:04.780+0000] {dagbag.py:588} INFO - Filling up the DagBag from /home/airflow/.local/lib/python3.12/site-packages/airflow/example_dags/example_latest_only.py
[2025-02-24T09:40:04.786+0000] {processor.py:925} INFO - DAG(s) 'latest_only' retrieved from /home/airflow/.local/lib/python3.12/site-packages/airflow/example_dags/example_latest_only.py
[2025-02-24T09:40:04.803+0000] {logging_mixin.py:190} INFO - [2025-02-24T09:40:04.803+0000] {dag.py:3239} INFO - Sync 1 DAGs
[2025-02-24T09:40:04.823+0000] {logging_mixin.py:190} INFO - [2025-02-24T09:40:04.823+0000] {dag.py:4180} INFO - Setting next_dagrun for latest_only to 2025-02-24 04:00:00+00:00, run_after=2025-02-24 08:00:00+00:00
[2025-02-24T09:40:04.838+0000] {processor.py:208} INFO - Processing /home/airflow/.local/lib/python3.12/site-packages/airflow/example_dags/example_latest_only.py took 0.065 seconds
[2025-02-24T09:40:35.480+0000] {processor.py:186} INFO - Started process (PID=2060) to work on /home/airflow/.local/lib/python3.12/site-packages/airflow/example_dags/example_latest_only.py
[2025-02-24T09:40:35.480+0000] {processor.py:914} INFO - Processing file /home/airflow/.local/lib/python3.12/site-packages/airflow/example_dags/example_latest_only.py for tasks to queue
[2025-02-24T09:40:35.482+0000] {logging_mixin.py:190} INFO - [2025-02-24T09:40:35.482+0000] {dagbag.py:588} INFO - Filling up the DagBag from /home/airflow/.local/lib/python3.12/site-packages/airflow/example_dags/example_latest_only.py
[2025-02-24T09:40:35.488+0000] {processor.py:925} INFO - DAG(s) 'latest_only' retrieved from /home/airflow/.local/lib/python3.12/site-packages/airflow/example_dags/example_latest_only.py
[2025-02-24T09:40:35.505+0000] {logging_mixin.py:190} INFO - [2025-02-24T09:40:35.505+0000] {dag.py:3239} INFO - Sync 1 DAGs
[2025-02-24T09:40:35.527+0000] {logging_mixin.py:190} INFO - [2025-02-24T09:40:35.527+0000] {dag.py:4180} INFO - Setting next_dagrun for latest_only to 2025-02-24 04:00:00+00:00, run_after=2025-02-24 08:00:00+00:00
[2025-02-24T09:40:35.542+0000] {processor.py:208} INFO - Processing /home/airflow/.local/lib/python3.12/site-packages/airflow/example_dags/example_latest_only.py took 0.067 seconds
[2025-02-24T09:41:05.782+0000] {processor.py:186} INFO - Started process (PID=2124) to work on /home/airflow/.local/lib/python3.12/site-packages/airflow/example_dags/example_latest_only.py
[2025-02-24T09:41:05.783+0000] {processor.py:914} INFO - Processing file /home/airflow/.local/lib/python3.12/site-packages/airflow/example_dags/example_latest_only.py for tasks to queue
[2025-02-24T09:41:05.785+0000] {logging_mixin.py:190} INFO - [2025-02-24T09:41:05.784+0000] {dagbag.py:588} INFO - Filling up the DagBag from /home/airflow/.local/lib/python3.12/site-packages/airflow/example_dags/example_latest_only.py
[2025-02-24T09:41:05.790+0000] {processor.py:925} INFO - DAG(s) 'latest_only' retrieved from /home/airflow/.local/lib/python3.12/site-packages/airflow/example_dags/example_latest_only.py
[2025-02-24T09:41:05.813+0000] {logging_mixin.py:190} INFO - [2025-02-24T09:41:05.813+0000] {dag.py:3239} INFO - Sync 1 DAGs
[2025-02-24T09:41:05.840+0000] {logging_mixin.py:190} INFO - [2025-02-24T09:41:05.839+0000] {dag.py:4180} INFO - Setting next_dagrun for latest_only to 2025-02-24 04:00:00+00:00, run_after=2025-02-24 08:00:00+00:00
[2025-02-24T09:41:05.855+0000] {processor.py:208} INFO - Processing /home/airflow/.local/lib/python3.12/site-packages/airflow/example_dags/example_latest_only.py took 0.077 seconds
