[2025-02-24T09:24:47.056+0000] {processor.py:186} INFO - Started process (PID=77) to work on /home/airflow/.local/lib/python3.12/site-packages/airflow/example_dags/example_bash_decorator.py
[2025-02-24T09:24:47.057+0000] {processor.py:914} INFO - Processing file /home/airflow/.local/lib/python3.12/site-packages/airflow/example_dags/example_bash_decorator.py for tasks to queue
[2025-02-24T09:24:47.071+0000] {logging_mixin.py:190} INFO - [2025-02-24T09:24:47.071+0000] {dagbag.py:588} INFO - Filling up the DagBag from /home/airflow/.local/lib/python3.12/site-packages/airflow/example_dags/example_bash_decorator.py
[2025-02-24T09:24:47.110+0000] {processor.py:925} INFO - DAG(s) 'example_bash_decorator' retrieved from /home/airflow/.local/lib/python3.12/site-packages/airflow/example_dags/example_bash_decorator.py
[2025-02-24T09:24:47.294+0000] {logging_mixin.py:190} INFO - [2025-02-24T09:24:47.293+0000] {override.py:1911} INFO - Created Permission View: can edit on DAG:example_bash_decorator
[2025-02-24T09:24:47.303+0000] {logging_mixin.py:190} INFO - [2025-02-24T09:24:47.303+0000] {override.py:1911} INFO - Created Permission View: can read on DAG:example_bash_decorator
[2025-02-24T09:24:47.309+0000] {logging_mixin.py:190} INFO - [2025-02-24T09:24:47.309+0000] {override.py:1911} INFO - Created Permission View: can delete on DAG:example_bash_decorator
[2025-02-24T09:24:47.315+0000] {logging_mixin.py:190} INFO - [2025-02-24T09:24:47.314+0000] {override.py:1911} INFO - Created Permission View: can create on DAG Run:example_bash_decorator
[2025-02-24T09:24:47.320+0000] {logging_mixin.py:190} INFO - [2025-02-24T09:24:47.320+0000] {override.py:1911} INFO - Created Permission View: can read on DAG Run:example_bash_decorator
[2025-02-24T09:24:47.326+0000] {logging_mixin.py:190} INFO - [2025-02-24T09:24:47.325+0000] {override.py:1911} INFO - Created Permission View: menu access on DAG Run:example_bash_decorator
[2025-02-24T09:24:47.331+0000] {logging_mixin.py:190} INFO - [2025-02-24T09:24:47.331+0000] {override.py:1911} INFO - Created Permission View: can delete on DAG Run:example_bash_decorator
[2025-02-24T09:24:47.331+0000] {logging_mixin.py:190} INFO - [2025-02-24T09:24:47.331+0000] {dag.py:3239} INFO - Sync 1 DAGs
[2025-02-24T09:24:47.346+0000] {logging_mixin.py:190} INFO - [2025-02-24T09:24:47.345+0000] {dag.py:3262} INFO - Creating ORM DAG for example_bash_decorator
[2025-02-24T09:24:47.346+0000] {logging_mixin.py:190} INFO - [2025-02-24T09:24:47.346+0000] {dag.py:4180} INFO - Setting next_dagrun for example_bash_decorator to None, run_after=None
[2025-02-24T09:24:47.360+0000] {processor.py:208} INFO - Processing /home/airflow/.local/lib/python3.12/site-packages/airflow/example_dags/example_bash_decorator.py took 0.311 seconds
[2025-02-24T09:25:17.981+0000] {processor.py:186} INFO - Started process (PID=140) to work on /home/airflow/.local/lib/python3.12/site-packages/airflow/example_dags/example_bash_decorator.py
[2025-02-24T09:25:17.981+0000] {processor.py:914} INFO - Processing file /home/airflow/.local/lib/python3.12/site-packages/airflow/example_dags/example_bash_decorator.py for tasks to queue
[2025-02-24T09:25:17.983+0000] {logging_mixin.py:190} INFO - [2025-02-24T09:25:17.983+0000] {dagbag.py:588} INFO - Filling up the DagBag from /home/airflow/.local/lib/python3.12/site-packages/airflow/example_dags/example_bash_decorator.py
[2025-02-24T09:25:17.998+0000] {processor.py:925} INFO - DAG(s) 'example_bash_decorator' retrieved from /home/airflow/.local/lib/python3.12/site-packages/airflow/example_dags/example_bash_decorator.py
[2025-02-24T09:25:18.020+0000] {logging_mixin.py:190} INFO - [2025-02-24T09:25:18.020+0000] {dag.py:3239} INFO - Sync 1 DAGs
[2025-02-24T09:25:18.032+0000] {logging_mixin.py:190} INFO - [2025-02-24T09:25:18.032+0000] {dag.py:4180} INFO - Setting next_dagrun for example_bash_decorator to None, run_after=None
[2025-02-24T09:25:18.047+0000] {processor.py:208} INFO - Processing /home/airflow/.local/lib/python3.12/site-packages/airflow/example_dags/example_bash_decorator.py took 0.071 seconds
[2025-02-24T09:25:48.242+0000] {processor.py:186} INFO - Started process (PID=203) to work on /home/airflow/.local/lib/python3.12/site-packages/airflow/example_dags/example_bash_decorator.py
[2025-02-24T09:25:48.242+0000] {processor.py:914} INFO - Processing file /home/airflow/.local/lib/python3.12/site-packages/airflow/example_dags/example_bash_decorator.py for tasks to queue
[2025-02-24T09:25:48.244+0000] {logging_mixin.py:190} INFO - [2025-02-24T09:25:48.244+0000] {dagbag.py:588} INFO - Filling up the DagBag from /home/airflow/.local/lib/python3.12/site-packages/airflow/example_dags/example_bash_decorator.py
[2025-02-24T09:25:48.259+0000] {processor.py:925} INFO - DAG(s) 'example_bash_decorator' retrieved from /home/airflow/.local/lib/python3.12/site-packages/airflow/example_dags/example_bash_decorator.py
[2025-02-24T09:25:48.279+0000] {logging_mixin.py:190} INFO - [2025-02-24T09:25:48.279+0000] {dag.py:3239} INFO - Sync 1 DAGs
[2025-02-24T09:25:48.291+0000] {logging_mixin.py:190} INFO - [2025-02-24T09:25:48.291+0000] {dag.py:4180} INFO - Setting next_dagrun for example_bash_decorator to None, run_after=None
[2025-02-24T09:25:48.306+0000] {processor.py:208} INFO - Processing /home/airflow/.local/lib/python3.12/site-packages/airflow/example_dags/example_bash_decorator.py took 0.071 seconds
[2025-02-24T09:26:18.579+0000] {processor.py:186} INFO - Started process (PID=267) to work on /home/airflow/.local/lib/python3.12/site-packages/airflow/example_dags/example_bash_decorator.py
[2025-02-24T09:26:18.580+0000] {processor.py:914} INFO - Processing file /home/airflow/.local/lib/python3.12/site-packages/airflow/example_dags/example_bash_decorator.py for tasks to queue
[2025-02-24T09:26:18.582+0000] {logging_mixin.py:190} INFO - [2025-02-24T09:26:18.582+0000] {dagbag.py:588} INFO - Filling up the DagBag from /home/airflow/.local/lib/python3.12/site-packages/airflow/example_dags/example_bash_decorator.py
[2025-02-24T09:26:18.600+0000] {processor.py:925} INFO - DAG(s) 'example_bash_decorator' retrieved from /home/airflow/.local/lib/python3.12/site-packages/airflow/example_dags/example_bash_decorator.py
[2025-02-24T09:26:18.628+0000] {logging_mixin.py:190} INFO - [2025-02-24T09:26:18.628+0000] {dag.py:3239} INFO - Sync 1 DAGs
[2025-02-24T09:26:18.648+0000] {logging_mixin.py:190} INFO - [2025-02-24T09:26:18.647+0000] {dag.py:4180} INFO - Setting next_dagrun for example_bash_decorator to None, run_after=None
[2025-02-24T09:26:18.668+0000] {processor.py:208} INFO - Processing /home/airflow/.local/lib/python3.12/site-packages/airflow/example_dags/example_bash_decorator.py took 0.095 seconds
[2025-02-24T09:26:48.964+0000] {processor.py:186} INFO - Started process (PID=330) to work on /home/airflow/.local/lib/python3.12/site-packages/airflow/example_dags/example_bash_decorator.py
[2025-02-24T09:26:48.965+0000] {processor.py:914} INFO - Processing file /home/airflow/.local/lib/python3.12/site-packages/airflow/example_dags/example_bash_decorator.py for tasks to queue
[2025-02-24T09:26:48.967+0000] {logging_mixin.py:190} INFO - [2025-02-24T09:26:48.967+0000] {dagbag.py:588} INFO - Filling up the DagBag from /home/airflow/.local/lib/python3.12/site-packages/airflow/example_dags/example_bash_decorator.py
[2025-02-24T09:26:48.980+0000] {processor.py:925} INFO - DAG(s) 'example_bash_decorator' retrieved from /home/airflow/.local/lib/python3.12/site-packages/airflow/example_dags/example_bash_decorator.py
[2025-02-24T09:26:49.006+0000] {logging_mixin.py:190} INFO - [2025-02-24T09:26:49.006+0000] {dag.py:3239} INFO - Sync 1 DAGs
[2025-02-24T09:26:49.023+0000] {logging_mixin.py:190} INFO - [2025-02-24T09:26:49.023+0000] {dag.py:4180} INFO - Setting next_dagrun for example_bash_decorator to None, run_after=None
[2025-02-24T09:26:49.043+0000] {processor.py:208} INFO - Processing /home/airflow/.local/lib/python3.12/site-packages/airflow/example_dags/example_bash_decorator.py took 0.083 seconds
[2025-02-24T09:27:19.395+0000] {processor.py:186} INFO - Started process (PID=393) to work on /home/airflow/.local/lib/python3.12/site-packages/airflow/example_dags/example_bash_decorator.py
[2025-02-24T09:27:19.396+0000] {processor.py:914} INFO - Processing file /home/airflow/.local/lib/python3.12/site-packages/airflow/example_dags/example_bash_decorator.py for tasks to queue
[2025-02-24T09:27:19.397+0000] {logging_mixin.py:190} INFO - [2025-02-24T09:27:19.397+0000] {dagbag.py:588} INFO - Filling up the DagBag from /home/airflow/.local/lib/python3.12/site-packages/airflow/example_dags/example_bash_decorator.py
[2025-02-24T09:27:19.410+0000] {processor.py:925} INFO - DAG(s) 'example_bash_decorator' retrieved from /home/airflow/.local/lib/python3.12/site-packages/airflow/example_dags/example_bash_decorator.py
[2025-02-24T09:27:19.430+0000] {logging_mixin.py:190} INFO - [2025-02-24T09:27:19.430+0000] {dag.py:3239} INFO - Sync 1 DAGs
[2025-02-24T09:27:19.442+0000] {logging_mixin.py:190} INFO - [2025-02-24T09:27:19.442+0000] {dag.py:4180} INFO - Setting next_dagrun for example_bash_decorator to None, run_after=None
[2025-02-24T09:27:19.455+0000] {processor.py:208} INFO - Processing /home/airflow/.local/lib/python3.12/site-packages/airflow/example_dags/example_bash_decorator.py took 0.065 seconds
[2025-02-24T09:27:49.818+0000] {processor.py:186} INFO - Started process (PID=456) to work on /home/airflow/.local/lib/python3.12/site-packages/airflow/example_dags/example_bash_decorator.py
[2025-02-24T09:27:49.819+0000] {processor.py:914} INFO - Processing file /home/airflow/.local/lib/python3.12/site-packages/airflow/example_dags/example_bash_decorator.py for tasks to queue
[2025-02-24T09:27:49.821+0000] {logging_mixin.py:190} INFO - [2025-02-24T09:27:49.821+0000] {dagbag.py:588} INFO - Filling up the DagBag from /home/airflow/.local/lib/python3.12/site-packages/airflow/example_dags/example_bash_decorator.py
[2025-02-24T09:27:49.834+0000] {processor.py:925} INFO - DAG(s) 'example_bash_decorator' retrieved from /home/airflow/.local/lib/python3.12/site-packages/airflow/example_dags/example_bash_decorator.py
[2025-02-24T09:27:49.853+0000] {logging_mixin.py:190} INFO - [2025-02-24T09:27:49.853+0000] {dag.py:3239} INFO - Sync 1 DAGs
[2025-02-24T09:27:49.868+0000] {logging_mixin.py:190} INFO - [2025-02-24T09:27:49.868+0000] {dag.py:4180} INFO - Setting next_dagrun for example_bash_decorator to None, run_after=None
[2025-02-24T09:27:49.883+0000] {processor.py:208} INFO - Processing /home/airflow/.local/lib/python3.12/site-packages/airflow/example_dags/example_bash_decorator.py took 0.070 seconds
[2025-02-24T09:28:20.349+0000] {processor.py:186} INFO - Started process (PID=519) to work on /home/airflow/.local/lib/python3.12/site-packages/airflow/example_dags/example_bash_decorator.py
[2025-02-24T09:28:20.350+0000] {processor.py:914} INFO - Processing file /home/airflow/.local/lib/python3.12/site-packages/airflow/example_dags/example_bash_decorator.py for tasks to queue
[2025-02-24T09:28:20.352+0000] {logging_mixin.py:190} INFO - [2025-02-24T09:28:20.352+0000] {dagbag.py:588} INFO - Filling up the DagBag from /home/airflow/.local/lib/python3.12/site-packages/airflow/example_dags/example_bash_decorator.py
[2025-02-24T09:28:20.366+0000] {processor.py:925} INFO - DAG(s) 'example_bash_decorator' retrieved from /home/airflow/.local/lib/python3.12/site-packages/airflow/example_dags/example_bash_decorator.py
[2025-02-24T09:28:20.386+0000] {logging_mixin.py:190} INFO - [2025-02-24T09:28:20.385+0000] {dag.py:3239} INFO - Sync 1 DAGs
[2025-02-24T09:28:20.401+0000] {logging_mixin.py:190} INFO - [2025-02-24T09:28:20.401+0000] {dag.py:4180} INFO - Setting next_dagrun for example_bash_decorator to None, run_after=None
[2025-02-24T09:28:20.416+0000] {processor.py:208} INFO - Processing /home/airflow/.local/lib/python3.12/site-packages/airflow/example_dags/example_bash_decorator.py took 0.073 seconds
[2025-02-24T09:28:50.511+0000] {processor.py:186} INFO - Started process (PID=582) to work on /home/airflow/.local/lib/python3.12/site-packages/airflow/example_dags/example_bash_decorator.py
[2025-02-24T09:28:50.512+0000] {processor.py:914} INFO - Processing file /home/airflow/.local/lib/python3.12/site-packages/airflow/example_dags/example_bash_decorator.py for tasks to queue
[2025-02-24T09:28:50.513+0000] {logging_mixin.py:190} INFO - [2025-02-24T09:28:50.513+0000] {dagbag.py:588} INFO - Filling up the DagBag from /home/airflow/.local/lib/python3.12/site-packages/airflow/example_dags/example_bash_decorator.py
[2025-02-24T09:28:50.525+0000] {processor.py:925} INFO - DAG(s) 'example_bash_decorator' retrieved from /home/airflow/.local/lib/python3.12/site-packages/airflow/example_dags/example_bash_decorator.py
[2025-02-24T09:28:50.544+0000] {logging_mixin.py:190} INFO - [2025-02-24T09:28:50.544+0000] {dag.py:3239} INFO - Sync 1 DAGs
[2025-02-24T09:28:50.555+0000] {logging_mixin.py:190} INFO - [2025-02-24T09:28:50.554+0000] {dag.py:4180} INFO - Setting next_dagrun for example_bash_decorator to None, run_after=None
[2025-02-24T09:28:50.567+0000] {processor.py:208} INFO - Processing /home/airflow/.local/lib/python3.12/site-packages/airflow/example_dags/example_bash_decorator.py took 0.060 seconds
[2025-02-24T09:29:20.945+0000] {processor.py:186} INFO - Started process (PID=645) to work on /home/airflow/.local/lib/python3.12/site-packages/airflow/example_dags/example_bash_decorator.py
[2025-02-24T09:29:20.946+0000] {processor.py:914} INFO - Processing file /home/airflow/.local/lib/python3.12/site-packages/airflow/example_dags/example_bash_decorator.py for tasks to queue
[2025-02-24T09:29:20.948+0000] {logging_mixin.py:190} INFO - [2025-02-24T09:29:20.948+0000] {dagbag.py:588} INFO - Filling up the DagBag from /home/airflow/.local/lib/python3.12/site-packages/airflow/example_dags/example_bash_decorator.py
[2025-02-24T09:29:20.961+0000] {processor.py:925} INFO - DAG(s) 'example_bash_decorator' retrieved from /home/airflow/.local/lib/python3.12/site-packages/airflow/example_dags/example_bash_decorator.py
[2025-02-24T09:29:20.986+0000] {logging_mixin.py:190} INFO - [2025-02-24T09:29:20.986+0000] {dag.py:3239} INFO - Sync 1 DAGs
[2025-02-24T09:29:21.003+0000] {logging_mixin.py:190} INFO - [2025-02-24T09:29:21.002+0000] {dag.py:4180} INFO - Setting next_dagrun for example_bash_decorator to None, run_after=None
[2025-02-24T09:29:21.020+0000] {processor.py:208} INFO - Processing /home/airflow/.local/lib/python3.12/site-packages/airflow/example_dags/example_bash_decorator.py took 0.080 seconds
[2025-02-24T09:29:51.104+0000] {processor.py:186} INFO - Started process (PID=708) to work on /home/airflow/.local/lib/python3.12/site-packages/airflow/example_dags/example_bash_decorator.py
[2025-02-24T09:29:51.104+0000] {processor.py:914} INFO - Processing file /home/airflow/.local/lib/python3.12/site-packages/airflow/example_dags/example_bash_decorator.py for tasks to queue
[2025-02-24T09:29:51.106+0000] {logging_mixin.py:190} INFO - [2025-02-24T09:29:51.106+0000] {dagbag.py:588} INFO - Filling up the DagBag from /home/airflow/.local/lib/python3.12/site-packages/airflow/example_dags/example_bash_decorator.py
[2025-02-24T09:29:51.119+0000] {processor.py:925} INFO - DAG(s) 'example_bash_decorator' retrieved from /home/airflow/.local/lib/python3.12/site-packages/airflow/example_dags/example_bash_decorator.py
[2025-02-24T09:29:51.148+0000] {logging_mixin.py:190} INFO - [2025-02-24T09:29:51.148+0000] {dag.py:3239} INFO - Sync 1 DAGs
[2025-02-24T09:29:51.165+0000] {logging_mixin.py:190} INFO - [2025-02-24T09:29:51.164+0000] {dag.py:4180} INFO - Setting next_dagrun for example_bash_decorator to None, run_after=None
[2025-02-24T09:29:51.184+0000] {processor.py:208} INFO - Processing /home/airflow/.local/lib/python3.12/site-packages/airflow/example_dags/example_bash_decorator.py took 0.085 seconds
[2025-02-24T09:30:21.410+0000] {processor.py:186} INFO - Started process (PID=771) to work on /home/airflow/.local/lib/python3.12/site-packages/airflow/example_dags/example_bash_decorator.py
[2025-02-24T09:30:21.411+0000] {processor.py:914} INFO - Processing file /home/airflow/.local/lib/python3.12/site-packages/airflow/example_dags/example_bash_decorator.py for tasks to queue
[2025-02-24T09:30:21.412+0000] {logging_mixin.py:190} INFO - [2025-02-24T09:30:21.412+0000] {dagbag.py:588} INFO - Filling up the DagBag from /home/airflow/.local/lib/python3.12/site-packages/airflow/example_dags/example_bash_decorator.py
[2025-02-24T09:30:21.426+0000] {processor.py:925} INFO - DAG(s) 'example_bash_decorator' retrieved from /home/airflow/.local/lib/python3.12/site-packages/airflow/example_dags/example_bash_decorator.py
[2025-02-24T09:30:21.447+0000] {logging_mixin.py:190} INFO - [2025-02-24T09:30:21.446+0000] {dag.py:3239} INFO - Sync 1 DAGs
[2025-02-24T09:30:21.459+0000] {logging_mixin.py:190} INFO - [2025-02-24T09:30:21.458+0000] {dag.py:4180} INFO - Setting next_dagrun for example_bash_decorator to None, run_after=None
[2025-02-24T09:30:21.472+0000] {processor.py:208} INFO - Processing /home/airflow/.local/lib/python3.12/site-packages/airflow/example_dags/example_bash_decorator.py took 0.068 seconds
[2025-02-24T09:30:51.712+0000] {processor.py:186} INFO - Started process (PID=834) to work on /home/airflow/.local/lib/python3.12/site-packages/airflow/example_dags/example_bash_decorator.py
[2025-02-24T09:30:51.713+0000] {processor.py:914} INFO - Processing file /home/airflow/.local/lib/python3.12/site-packages/airflow/example_dags/example_bash_decorator.py for tasks to queue
[2025-02-24T09:30:51.715+0000] {logging_mixin.py:190} INFO - [2025-02-24T09:30:51.714+0000] {dagbag.py:588} INFO - Filling up the DagBag from /home/airflow/.local/lib/python3.12/site-packages/airflow/example_dags/example_bash_decorator.py
[2025-02-24T09:30:51.728+0000] {processor.py:925} INFO - DAG(s) 'example_bash_decorator' retrieved from /home/airflow/.local/lib/python3.12/site-packages/airflow/example_dags/example_bash_decorator.py
[2025-02-24T09:30:51.757+0000] {logging_mixin.py:190} INFO - [2025-02-24T09:30:51.756+0000] {dag.py:3239} INFO - Sync 1 DAGs
[2025-02-24T09:30:51.771+0000] {logging_mixin.py:190} INFO - [2025-02-24T09:30:51.771+0000] {dag.py:4180} INFO - Setting next_dagrun for example_bash_decorator to None, run_after=None
[2025-02-24T09:30:51.786+0000] {processor.py:208} INFO - Processing /home/airflow/.local/lib/python3.12/site-packages/airflow/example_dags/example_bash_decorator.py took 0.082 seconds
[2025-02-24T09:31:22.048+0000] {processor.py:186} INFO - Started process (PID=897) to work on /home/airflow/.local/lib/python3.12/site-packages/airflow/example_dags/example_bash_decorator.py
[2025-02-24T09:31:22.049+0000] {processor.py:914} INFO - Processing file /home/airflow/.local/lib/python3.12/site-packages/airflow/example_dags/example_bash_decorator.py for tasks to queue
[2025-02-24T09:31:22.051+0000] {logging_mixin.py:190} INFO - [2025-02-24T09:31:22.051+0000] {dagbag.py:588} INFO - Filling up the DagBag from /home/airflow/.local/lib/python3.12/site-packages/airflow/example_dags/example_bash_decorator.py
[2025-02-24T09:31:22.065+0000] {processor.py:925} INFO - DAG(s) 'example_bash_decorator' retrieved from /home/airflow/.local/lib/python3.12/site-packages/airflow/example_dags/example_bash_decorator.py
[2025-02-24T09:31:22.087+0000] {logging_mixin.py:190} INFO - [2025-02-24T09:31:22.087+0000] {dag.py:3239} INFO - Sync 1 DAGs
[2025-02-24T09:31:22.103+0000] {logging_mixin.py:190} INFO - [2025-02-24T09:31:22.103+0000] {dag.py:4180} INFO - Setting next_dagrun for example_bash_decorator to None, run_after=None
[2025-02-24T09:31:22.118+0000] {processor.py:208} INFO - Processing /home/airflow/.local/lib/python3.12/site-packages/airflow/example_dags/example_bash_decorator.py took 0.076 seconds
[2025-02-24T09:31:52.789+0000] {processor.py:186} INFO - Started process (PID=960) to work on /home/airflow/.local/lib/python3.12/site-packages/airflow/example_dags/example_bash_decorator.py
[2025-02-24T09:31:52.790+0000] {processor.py:914} INFO - Processing file /home/airflow/.local/lib/python3.12/site-packages/airflow/example_dags/example_bash_decorator.py for tasks to queue
[2025-02-24T09:31:52.792+0000] {logging_mixin.py:190} INFO - [2025-02-24T09:31:52.792+0000] {dagbag.py:588} INFO - Filling up the DagBag from /home/airflow/.local/lib/python3.12/site-packages/airflow/example_dags/example_bash_decorator.py
[2025-02-24T09:31:52.806+0000] {processor.py:925} INFO - DAG(s) 'example_bash_decorator' retrieved from /home/airflow/.local/lib/python3.12/site-packages/airflow/example_dags/example_bash_decorator.py
[2025-02-24T09:31:52.824+0000] {logging_mixin.py:190} INFO - [2025-02-24T09:31:52.824+0000] {dag.py:3239} INFO - Sync 1 DAGs
[2025-02-24T09:31:52.836+0000] {logging_mixin.py:190} INFO - [2025-02-24T09:31:52.836+0000] {dag.py:4180} INFO - Setting next_dagrun for example_bash_decorator to None, run_after=None
[2025-02-24T09:31:52.850+0000] {processor.py:208} INFO - Processing /home/airflow/.local/lib/python3.12/site-packages/airflow/example_dags/example_bash_decorator.py took 0.066 seconds
[2025-02-24T09:32:23.880+0000] {processor.py:186} INFO - Started process (PID=1023) to work on /home/airflow/.local/lib/python3.12/site-packages/airflow/example_dags/example_bash_decorator.py
[2025-02-24T09:32:23.881+0000] {processor.py:914} INFO - Processing file /home/airflow/.local/lib/python3.12/site-packages/airflow/example_dags/example_bash_decorator.py for tasks to queue
[2025-02-24T09:32:23.888+0000] {logging_mixin.py:190} INFO - [2025-02-24T09:32:23.887+0000] {dagbag.py:588} INFO - Filling up the DagBag from /home/airflow/.local/lib/python3.12/site-packages/airflow/example_dags/example_bash_decorator.py
[2025-02-24T09:32:23.907+0000] {processor.py:925} INFO - DAG(s) 'example_bash_decorator' retrieved from /home/airflow/.local/lib/python3.12/site-packages/airflow/example_dags/example_bash_decorator.py
[2025-02-24T09:32:23.957+0000] {logging_mixin.py:190} INFO - [2025-02-24T09:32:23.957+0000] {dag.py:3239} INFO - Sync 1 DAGs
[2025-02-24T09:32:23.975+0000] {logging_mixin.py:190} INFO - [2025-02-24T09:32:23.974+0000] {dag.py:4180} INFO - Setting next_dagrun for example_bash_decorator to None, run_after=None
[2025-02-24T09:32:23.994+0000] {processor.py:208} INFO - Processing /home/airflow/.local/lib/python3.12/site-packages/airflow/example_dags/example_bash_decorator.py took 0.121 seconds
[2025-02-24T09:32:54.867+0000] {processor.py:186} INFO - Started process (PID=1086) to work on /home/airflow/.local/lib/python3.12/site-packages/airflow/example_dags/example_bash_decorator.py
[2025-02-24T09:32:54.868+0000] {processor.py:914} INFO - Processing file /home/airflow/.local/lib/python3.12/site-packages/airflow/example_dags/example_bash_decorator.py for tasks to queue
[2025-02-24T09:32:54.877+0000] {logging_mixin.py:190} INFO - [2025-02-24T09:32:54.877+0000] {dagbag.py:588} INFO - Filling up the DagBag from /home/airflow/.local/lib/python3.12/site-packages/airflow/example_dags/example_bash_decorator.py
[2025-02-24T09:32:54.894+0000] {processor.py:925} INFO - DAG(s) 'example_bash_decorator' retrieved from /home/airflow/.local/lib/python3.12/site-packages/airflow/example_dags/example_bash_decorator.py
[2025-02-24T09:32:54.920+0000] {logging_mixin.py:190} INFO - [2025-02-24T09:32:54.920+0000] {dag.py:3239} INFO - Sync 1 DAGs
[2025-02-24T09:32:54.939+0000] {logging_mixin.py:190} INFO - [2025-02-24T09:32:54.939+0000] {dag.py:4180} INFO - Setting next_dagrun for example_bash_decorator to None, run_after=None
[2025-02-24T09:32:54.974+0000] {processor.py:208} INFO - Processing /home/airflow/.local/lib/python3.12/site-packages/airflow/example_dags/example_bash_decorator.py took 0.123 seconds
[2025-02-24T09:33:25.701+0000] {processor.py:186} INFO - Started process (PID=1149) to work on /home/airflow/.local/lib/python3.12/site-packages/airflow/example_dags/example_bash_decorator.py
[2025-02-24T09:33:25.702+0000] {processor.py:914} INFO - Processing file /home/airflow/.local/lib/python3.12/site-packages/airflow/example_dags/example_bash_decorator.py for tasks to queue
[2025-02-24T09:33:25.703+0000] {logging_mixin.py:190} INFO - [2025-02-24T09:33:25.703+0000] {dagbag.py:588} INFO - Filling up the DagBag from /home/airflow/.local/lib/python3.12/site-packages/airflow/example_dags/example_bash_decorator.py
[2025-02-24T09:33:25.716+0000] {processor.py:925} INFO - DAG(s) 'example_bash_decorator' retrieved from /home/airflow/.local/lib/python3.12/site-packages/airflow/example_dags/example_bash_decorator.py
[2025-02-24T09:33:25.736+0000] {logging_mixin.py:190} INFO - [2025-02-24T09:33:25.736+0000] {dag.py:3239} INFO - Sync 1 DAGs
[2025-02-24T09:33:25.751+0000] {logging_mixin.py:190} INFO - [2025-02-24T09:33:25.751+0000] {dag.py:4180} INFO - Setting next_dagrun for example_bash_decorator to None, run_after=None
[2025-02-24T09:33:25.768+0000] {processor.py:208} INFO - Processing /home/airflow/.local/lib/python3.12/site-packages/airflow/example_dags/example_bash_decorator.py took 0.072 seconds
[2025-02-24T09:33:55.907+0000] {processor.py:186} INFO - Started process (PID=1212) to work on /home/airflow/.local/lib/python3.12/site-packages/airflow/example_dags/example_bash_decorator.py
[2025-02-24T09:33:55.908+0000] {processor.py:914} INFO - Processing file /home/airflow/.local/lib/python3.12/site-packages/airflow/example_dags/example_bash_decorator.py for tasks to queue
[2025-02-24T09:33:55.910+0000] {logging_mixin.py:190} INFO - [2025-02-24T09:33:55.909+0000] {dagbag.py:588} INFO - Filling up the DagBag from /home/airflow/.local/lib/python3.12/site-packages/airflow/example_dags/example_bash_decorator.py
[2025-02-24T09:33:55.923+0000] {processor.py:925} INFO - DAG(s) 'example_bash_decorator' retrieved from /home/airflow/.local/lib/python3.12/site-packages/airflow/example_dags/example_bash_decorator.py
[2025-02-24T09:33:55.943+0000] {logging_mixin.py:190} INFO - [2025-02-24T09:33:55.943+0000] {dag.py:3239} INFO - Sync 1 DAGs
[2025-02-24T09:33:55.960+0000] {logging_mixin.py:190} INFO - [2025-02-24T09:33:55.959+0000] {dag.py:4180} INFO - Setting next_dagrun for example_bash_decorator to None, run_after=None
[2025-02-24T09:33:55.976+0000] {processor.py:208} INFO - Processing /home/airflow/.local/lib/python3.12/site-packages/airflow/example_dags/example_bash_decorator.py took 0.075 seconds
