[2025-02-24T09:24:53.880+0000] {processor.py:186} INFO - Started process (PID=104) to work on /home/airflow/.local/lib/python3.12/site-packages/airflow/example_dags/example_latest_only_with_trigger.py
[2025-02-24T09:24:53.881+0000] {processor.py:914} INFO - Processing file /home/airflow/.local/lib/python3.12/site-packages/airflow/example_dags/example_latest_only_with_trigger.py for tasks to queue
[2025-02-24T09:24:53.884+0000] {logging_mixin.py:190} INFO - [2025-02-24T09:24:53.883+0000] {dagbag.py:588} INFO - Filling up the DagBag from /home/airflow/.local/lib/python3.12/site-packages/airflow/example_dags/example_latest_only_with_trigger.py
[2025-02-24T09:24:53.894+0000] {processor.py:925} INFO - DAG(s) 'latest_only_with_trigger' retrieved from /home/airflow/.local/lib/python3.12/site-packages/airflow/example_dags/example_latest_only_with_trigger.py
[2025-02-24T09:24:54.024+0000] {logging_mixin.py:190} INFO - [2025-02-24T09:24:54.023+0000] {override.py:1911} INFO - Created Permission View: can edit on DAG:latest_only_with_trigger
[2025-02-24T09:24:54.034+0000] {logging_mixin.py:190} INFO - [2025-02-24T09:24:54.033+0000] {override.py:1911} INFO - Created Permission View: can read on DAG:latest_only_with_trigger
[2025-02-24T09:24:54.039+0000] {logging_mixin.py:190} INFO - [2025-02-24T09:24:54.039+0000] {override.py:1911} INFO - Created Permission View: can delete on DAG:latest_only_with_trigger
[2025-02-24T09:24:54.047+0000] {logging_mixin.py:190} INFO - [2025-02-24T09:24:54.046+0000] {override.py:1911} INFO - Created Permission View: can create on DAG Run:latest_only_with_trigger
[2025-02-24T09:24:54.054+0000] {logging_mixin.py:190} INFO - [2025-02-24T09:24:54.053+0000] {override.py:1911} INFO - Created Permission View: can read on DAG Run:latest_only_with_trigger
[2025-02-24T09:24:54.060+0000] {logging_mixin.py:190} INFO - [2025-02-24T09:24:54.060+0000] {override.py:1911} INFO - Created Permission View: menu access on DAG Run:latest_only_with_trigger
[2025-02-24T09:24:54.067+0000] {logging_mixin.py:190} INFO - [2025-02-24T09:24:54.067+0000] {override.py:1911} INFO - Created Permission View: can delete on DAG Run:latest_only_with_trigger
[2025-02-24T09:24:54.068+0000] {logging_mixin.py:190} INFO - [2025-02-24T09:24:54.067+0000] {dag.py:3239} INFO - Sync 1 DAGs
[2025-02-24T09:24:54.085+0000] {logging_mixin.py:190} INFO - [2025-02-24T09:24:54.084+0000] {dag.py:3262} INFO - Creating ORM DAG for latest_only_with_trigger
[2025-02-24T09:24:54.098+0000] {logging_mixin.py:190} INFO - [2025-02-24T09:24:54.098+0000] {dag.py:4180} INFO - Setting next_dagrun for latest_only_with_trigger to 2025-02-24 04:00:00+00:00, run_after=2025-02-24 08:00:00+00:00
[2025-02-24T09:24:54.136+0000] {processor.py:208} INFO - Processing /home/airflow/.local/lib/python3.12/site-packages/airflow/example_dags/example_latest_only_with_trigger.py took 0.262 seconds
[2025-02-24T09:25:24.670+0000] {processor.py:186} INFO - Started process (PID=167) to work on /home/airflow/.local/lib/python3.12/site-packages/airflow/example_dags/example_latest_only_with_trigger.py
[2025-02-24T09:25:24.671+0000] {processor.py:914} INFO - Processing file /home/airflow/.local/lib/python3.12/site-packages/airflow/example_dags/example_latest_only_with_trigger.py for tasks to queue
[2025-02-24T09:25:24.673+0000] {logging_mixin.py:190} INFO - [2025-02-24T09:25:24.673+0000] {dagbag.py:588} INFO - Filling up the DagBag from /home/airflow/.local/lib/python3.12/site-packages/airflow/example_dags/example_latest_only_with_trigger.py
[2025-02-24T09:25:24.681+0000] {processor.py:925} INFO - DAG(s) 'latest_only_with_trigger' retrieved from /home/airflow/.local/lib/python3.12/site-packages/airflow/example_dags/example_latest_only_with_trigger.py
[2025-02-24T09:25:24.705+0000] {logging_mixin.py:190} INFO - [2025-02-24T09:25:24.705+0000] {dag.py:3239} INFO - Sync 1 DAGs
[2025-02-24T09:25:24.730+0000] {logging_mixin.py:190} INFO - [2025-02-24T09:25:24.730+0000] {dag.py:4180} INFO - Setting next_dagrun for latest_only_with_trigger to 2025-02-24 04:00:00+00:00, run_after=2025-02-24 08:00:00+00:00
[2025-02-24T09:25:24.748+0000] {processor.py:208} INFO - Processing /home/airflow/.local/lib/python3.12/site-packages/airflow/example_dags/example_latest_only_with_trigger.py took 0.083 seconds
[2025-02-24T09:25:55.744+0000] {processor.py:186} INFO - Started process (PID=230) to work on /home/airflow/.local/lib/python3.12/site-packages/airflow/example_dags/example_latest_only_with_trigger.py
[2025-02-24T09:25:55.745+0000] {processor.py:914} INFO - Processing file /home/airflow/.local/lib/python3.12/site-packages/airflow/example_dags/example_latest_only_with_trigger.py for tasks to queue
[2025-02-24T09:25:55.747+0000] {logging_mixin.py:190} INFO - [2025-02-24T09:25:55.746+0000] {dagbag.py:588} INFO - Filling up the DagBag from /home/airflow/.local/lib/python3.12/site-packages/airflow/example_dags/example_latest_only_with_trigger.py
[2025-02-24T09:25:55.753+0000] {processor.py:925} INFO - DAG(s) 'latest_only_with_trigger' retrieved from /home/airflow/.local/lib/python3.12/site-packages/airflow/example_dags/example_latest_only_with_trigger.py
[2025-02-24T09:25:55.775+0000] {logging_mixin.py:190} INFO - [2025-02-24T09:25:55.774+0000] {dag.py:3239} INFO - Sync 1 DAGs
[2025-02-24T09:25:55.806+0000] {logging_mixin.py:190} INFO - [2025-02-24T09:25:55.806+0000] {dag.py:4180} INFO - Setting next_dagrun for latest_only_with_trigger to 2025-02-24 04:00:00+00:00, run_after=2025-02-24 08:00:00+00:00
[2025-02-24T09:25:55.827+0000] {processor.py:208} INFO - Processing /home/airflow/.local/lib/python3.12/site-packages/airflow/example_dags/example_latest_only_with_trigger.py took 0.087 seconds
[2025-02-24T09:26:26.660+0000] {processor.py:186} INFO - Started process (PID=294) to work on /home/airflow/.local/lib/python3.12/site-packages/airflow/example_dags/example_latest_only_with_trigger.py
[2025-02-24T09:26:26.661+0000] {processor.py:914} INFO - Processing file /home/airflow/.local/lib/python3.12/site-packages/airflow/example_dags/example_latest_only_with_trigger.py for tasks to queue
[2025-02-24T09:26:26.662+0000] {logging_mixin.py:190} INFO - [2025-02-24T09:26:26.662+0000] {dagbag.py:588} INFO - Filling up the DagBag from /home/airflow/.local/lib/python3.12/site-packages/airflow/example_dags/example_latest_only_with_trigger.py
[2025-02-24T09:26:26.668+0000] {processor.py:925} INFO - DAG(s) 'latest_only_with_trigger' retrieved from /home/airflow/.local/lib/python3.12/site-packages/airflow/example_dags/example_latest_only_with_trigger.py
[2025-02-24T09:26:26.692+0000] {logging_mixin.py:190} INFO - [2025-02-24T09:26:26.692+0000] {dag.py:3239} INFO - Sync 1 DAGs
[2025-02-24T09:26:26.729+0000] {logging_mixin.py:190} INFO - [2025-02-24T09:26:26.729+0000] {dag.py:4180} INFO - Setting next_dagrun for latest_only_with_trigger to 2025-02-24 04:00:00+00:00, run_after=2025-02-24 08:00:00+00:00
[2025-02-24T09:26:26.751+0000] {processor.py:208} INFO - Processing /home/airflow/.local/lib/python3.12/site-packages/airflow/example_dags/example_latest_only_with_trigger.py took 0.096 seconds
[2025-02-24T09:26:57.742+0000] {processor.py:186} INFO - Started process (PID=357) to work on /home/airflow/.local/lib/python3.12/site-packages/airflow/example_dags/example_latest_only_with_trigger.py
[2025-02-24T09:26:57.743+0000] {processor.py:914} INFO - Processing file /home/airflow/.local/lib/python3.12/site-packages/airflow/example_dags/example_latest_only_with_trigger.py for tasks to queue
[2025-02-24T09:26:57.744+0000] {logging_mixin.py:190} INFO - [2025-02-24T09:26:57.744+0000] {dagbag.py:588} INFO - Filling up the DagBag from /home/airflow/.local/lib/python3.12/site-packages/airflow/example_dags/example_latest_only_with_trigger.py
[2025-02-24T09:26:57.751+0000] {processor.py:925} INFO - DAG(s) 'latest_only_with_trigger' retrieved from /home/airflow/.local/lib/python3.12/site-packages/airflow/example_dags/example_latest_only_with_trigger.py
[2025-02-24T09:26:57.770+0000] {logging_mixin.py:190} INFO - [2025-02-24T09:26:57.770+0000] {dag.py:3239} INFO - Sync 1 DAGs
[2025-02-24T09:26:57.796+0000] {logging_mixin.py:190} INFO - [2025-02-24T09:26:57.796+0000] {dag.py:4180} INFO - Setting next_dagrun for latest_only_with_trigger to 2025-02-24 04:00:00+00:00, run_after=2025-02-24 08:00:00+00:00
[2025-02-24T09:26:57.811+0000] {processor.py:208} INFO - Processing /home/airflow/.local/lib/python3.12/site-packages/airflow/example_dags/example_latest_only_with_trigger.py took 0.073 seconds
[2025-02-24T09:27:28.537+0000] {processor.py:186} INFO - Started process (PID=420) to work on /home/airflow/.local/lib/python3.12/site-packages/airflow/example_dags/example_latest_only_with_trigger.py
[2025-02-24T09:27:28.538+0000] {processor.py:914} INFO - Processing file /home/airflow/.local/lib/python3.12/site-packages/airflow/example_dags/example_latest_only_with_trigger.py for tasks to queue
[2025-02-24T09:27:28.540+0000] {logging_mixin.py:190} INFO - [2025-02-24T09:27:28.539+0000] {dagbag.py:588} INFO - Filling up the DagBag from /home/airflow/.local/lib/python3.12/site-packages/airflow/example_dags/example_latest_only_with_trigger.py
[2025-02-24T09:27:28.546+0000] {processor.py:925} INFO - DAG(s) 'latest_only_with_trigger' retrieved from /home/airflow/.local/lib/python3.12/site-packages/airflow/example_dags/example_latest_only_with_trigger.py
[2025-02-24T09:27:28.564+0000] {logging_mixin.py:190} INFO - [2025-02-24T09:27:28.564+0000] {dag.py:3239} INFO - Sync 1 DAGs
[2025-02-24T09:27:28.587+0000] {logging_mixin.py:190} INFO - [2025-02-24T09:27:28.587+0000] {dag.py:4180} INFO - Setting next_dagrun for latest_only_with_trigger to 2025-02-24 04:00:00+00:00, run_after=2025-02-24 08:00:00+00:00
[2025-02-24T09:27:28.606+0000] {processor.py:208} INFO - Processing /home/airflow/.local/lib/python3.12/site-packages/airflow/example_dags/example_latest_only_with_trigger.py took 0.074 seconds
[2025-02-24T09:28:00.054+0000] {processor.py:186} INFO - Started process (PID=483) to work on /home/airflow/.local/lib/python3.12/site-packages/airflow/example_dags/example_latest_only_with_trigger.py
[2025-02-24T09:28:00.054+0000] {processor.py:914} INFO - Processing file /home/airflow/.local/lib/python3.12/site-packages/airflow/example_dags/example_latest_only_with_trigger.py for tasks to queue
[2025-02-24T09:28:00.056+0000] {logging_mixin.py:190} INFO - [2025-02-24T09:28:00.056+0000] {dagbag.py:588} INFO - Filling up the DagBag from /home/airflow/.local/lib/python3.12/site-packages/airflow/example_dags/example_latest_only_with_trigger.py
[2025-02-24T09:28:00.064+0000] {processor.py:925} INFO - DAG(s) 'latest_only_with_trigger' retrieved from /home/airflow/.local/lib/python3.12/site-packages/airflow/example_dags/example_latest_only_with_trigger.py
[2025-02-24T09:28:00.085+0000] {logging_mixin.py:190} INFO - [2025-02-24T09:28:00.085+0000] {dag.py:3239} INFO - Sync 1 DAGs
[2025-02-24T09:28:00.111+0000] {logging_mixin.py:190} INFO - [2025-02-24T09:28:00.111+0000] {dag.py:4180} INFO - Setting next_dagrun for latest_only_with_trigger to 2025-02-24 04:00:00+00:00, run_after=2025-02-24 08:00:00+00:00
[2025-02-24T09:28:00.129+0000] {processor.py:208} INFO - Processing /home/airflow/.local/lib/python3.12/site-packages/airflow/example_dags/example_latest_only_with_trigger.py took 0.081 seconds
[2025-02-24T09:28:31.350+0000] {processor.py:186} INFO - Started process (PID=546) to work on /home/airflow/.local/lib/python3.12/site-packages/airflow/example_dags/example_latest_only_with_trigger.py
[2025-02-24T09:28:31.351+0000] {processor.py:914} INFO - Processing file /home/airflow/.local/lib/python3.12/site-packages/airflow/example_dags/example_latest_only_with_trigger.py for tasks to queue
[2025-02-24T09:28:31.353+0000] {logging_mixin.py:190} INFO - [2025-02-24T09:28:31.353+0000] {dagbag.py:588} INFO - Filling up the DagBag from /home/airflow/.local/lib/python3.12/site-packages/airflow/example_dags/example_latest_only_with_trigger.py
[2025-02-24T09:28:31.364+0000] {processor.py:925} INFO - DAG(s) 'latest_only_with_trigger' retrieved from /home/airflow/.local/lib/python3.12/site-packages/airflow/example_dags/example_latest_only_with_trigger.py
[2025-02-24T09:28:31.388+0000] {logging_mixin.py:190} INFO - [2025-02-24T09:28:31.387+0000] {dag.py:3239} INFO - Sync 1 DAGs
[2025-02-24T09:28:31.418+0000] {logging_mixin.py:190} INFO - [2025-02-24T09:28:31.418+0000] {dag.py:4180} INFO - Setting next_dagrun for latest_only_with_trigger to 2025-02-24 04:00:00+00:00, run_after=2025-02-24 08:00:00+00:00
[2025-02-24T09:28:31.440+0000] {processor.py:208} INFO - Processing /home/airflow/.local/lib/python3.12/site-packages/airflow/example_dags/example_latest_only_with_trigger.py took 0.096 seconds
[2025-02-24T09:29:02.070+0000] {processor.py:186} INFO - Started process (PID=608) to work on /home/airflow/.local/lib/python3.12/site-packages/airflow/example_dags/example_latest_only_with_trigger.py
[2025-02-24T09:29:02.071+0000] {processor.py:914} INFO - Processing file /home/airflow/.local/lib/python3.12/site-packages/airflow/example_dags/example_latest_only_with_trigger.py for tasks to queue
[2025-02-24T09:29:02.072+0000] {logging_mixin.py:190} INFO - [2025-02-24T09:29:02.072+0000] {dagbag.py:588} INFO - Filling up the DagBag from /home/airflow/.local/lib/python3.12/site-packages/airflow/example_dags/example_latest_only_with_trigger.py
[2025-02-24T09:29:02.081+0000] {processor.py:925} INFO - DAG(s) 'latest_only_with_trigger' retrieved from /home/airflow/.local/lib/python3.12/site-packages/airflow/example_dags/example_latest_only_with_trigger.py
[2025-02-24T09:29:02.098+0000] {logging_mixin.py:190} INFO - [2025-02-24T09:29:02.098+0000] {dag.py:3239} INFO - Sync 1 DAGs
[2025-02-24T09:29:02.117+0000] {logging_mixin.py:190} INFO - [2025-02-24T09:29:02.117+0000] {dag.py:4180} INFO - Setting next_dagrun for latest_only_with_trigger to 2025-02-24 04:00:00+00:00, run_after=2025-02-24 08:00:00+00:00
[2025-02-24T09:29:02.131+0000] {processor.py:208} INFO - Processing /home/airflow/.local/lib/python3.12/site-packages/airflow/example_dags/example_latest_only_with_trigger.py took 0.066 seconds
[2025-02-24T09:29:33.268+0000] {processor.py:186} INFO - Started process (PID=671) to work on /home/airflow/.local/lib/python3.12/site-packages/airflow/example_dags/example_latest_only_with_trigger.py
[2025-02-24T09:29:33.269+0000] {processor.py:914} INFO - Processing file /home/airflow/.local/lib/python3.12/site-packages/airflow/example_dags/example_latest_only_with_trigger.py for tasks to queue
[2025-02-24T09:29:33.271+0000] {logging_mixin.py:190} INFO - [2025-02-24T09:29:33.271+0000] {dagbag.py:588} INFO - Filling up the DagBag from /home/airflow/.local/lib/python3.12/site-packages/airflow/example_dags/example_latest_only_with_trigger.py
[2025-02-24T09:29:33.278+0000] {processor.py:925} INFO - DAG(s) 'latest_only_with_trigger' retrieved from /home/airflow/.local/lib/python3.12/site-packages/airflow/example_dags/example_latest_only_with_trigger.py
[2025-02-24T09:29:33.297+0000] {logging_mixin.py:190} INFO - [2025-02-24T09:29:33.297+0000] {dag.py:3239} INFO - Sync 1 DAGs
[2025-02-24T09:29:33.322+0000] {logging_mixin.py:190} INFO - [2025-02-24T09:29:33.322+0000] {dag.py:4180} INFO - Setting next_dagrun for latest_only_with_trigger to 2025-02-24 04:00:00+00:00, run_after=2025-02-24 08:00:00+00:00
[2025-02-24T09:29:33.337+0000] {processor.py:208} INFO - Processing /home/airflow/.local/lib/python3.12/site-packages/airflow/example_dags/example_latest_only_with_trigger.py took 0.076 seconds
[2025-02-24T09:30:04.546+0000] {processor.py:186} INFO - Started process (PID=734) to work on /home/airflow/.local/lib/python3.12/site-packages/airflow/example_dags/example_latest_only_with_trigger.py
[2025-02-24T09:30:04.547+0000] {processor.py:914} INFO - Processing file /home/airflow/.local/lib/python3.12/site-packages/airflow/example_dags/example_latest_only_with_trigger.py for tasks to queue
[2025-02-24T09:30:04.549+0000] {logging_mixin.py:190} INFO - [2025-02-24T09:30:04.548+0000] {dagbag.py:588} INFO - Filling up the DagBag from /home/airflow/.local/lib/python3.12/site-packages/airflow/example_dags/example_latest_only_with_trigger.py
[2025-02-24T09:30:04.556+0000] {processor.py:925} INFO - DAG(s) 'latest_only_with_trigger' retrieved from /home/airflow/.local/lib/python3.12/site-packages/airflow/example_dags/example_latest_only_with_trigger.py
[2025-02-24T09:30:04.578+0000] {logging_mixin.py:190} INFO - [2025-02-24T09:30:04.578+0000] {dag.py:3239} INFO - Sync 1 DAGs
[2025-02-24T09:30:04.599+0000] {logging_mixin.py:190} INFO - [2025-02-24T09:30:04.599+0000] {dag.py:4180} INFO - Setting next_dagrun for latest_only_with_trigger to 2025-02-24 04:00:00+00:00, run_after=2025-02-24 08:00:00+00:00
[2025-02-24T09:30:04.612+0000] {processor.py:208} INFO - Processing /home/airflow/.local/lib/python3.12/site-packages/airflow/example_dags/example_latest_only_with_trigger.py took 0.071 seconds
[2025-02-24T09:30:35.687+0000] {processor.py:186} INFO - Started process (PID=797) to work on /home/airflow/.local/lib/python3.12/site-packages/airflow/example_dags/example_latest_only_with_trigger.py
[2025-02-24T09:30:35.688+0000] {processor.py:914} INFO - Processing file /home/airflow/.local/lib/python3.12/site-packages/airflow/example_dags/example_latest_only_with_trigger.py for tasks to queue
[2025-02-24T09:30:35.689+0000] {logging_mixin.py:190} INFO - [2025-02-24T09:30:35.689+0000] {dagbag.py:588} INFO - Filling up the DagBag from /home/airflow/.local/lib/python3.12/site-packages/airflow/example_dags/example_latest_only_with_trigger.py
[2025-02-24T09:30:35.695+0000] {processor.py:925} INFO - DAG(s) 'latest_only_with_trigger' retrieved from /home/airflow/.local/lib/python3.12/site-packages/airflow/example_dags/example_latest_only_with_trigger.py
[2025-02-24T09:30:35.713+0000] {logging_mixin.py:190} INFO - [2025-02-24T09:30:35.712+0000] {dag.py:3239} INFO - Sync 1 DAGs
[2025-02-24T09:30:35.733+0000] {logging_mixin.py:190} INFO - [2025-02-24T09:30:35.733+0000] {dag.py:4180} INFO - Setting next_dagrun for latest_only_with_trigger to 2025-02-24 04:00:00+00:00, run_after=2025-02-24 08:00:00+00:00
[2025-02-24T09:30:35.746+0000] {processor.py:208} INFO - Processing /home/airflow/.local/lib/python3.12/site-packages/airflow/example_dags/example_latest_only_with_trigger.py took 0.064 seconds
[2025-02-24T09:31:06.015+0000] {processor.py:186} INFO - Started process (PID=859) to work on /home/airflow/.local/lib/python3.12/site-packages/airflow/example_dags/example_latest_only_with_trigger.py
[2025-02-24T09:31:06.016+0000] {processor.py:914} INFO - Processing file /home/airflow/.local/lib/python3.12/site-packages/airflow/example_dags/example_latest_only_with_trigger.py for tasks to queue
[2025-02-24T09:31:06.020+0000] {logging_mixin.py:190} INFO - [2025-02-24T09:31:06.020+0000] {dagbag.py:588} INFO - Filling up the DagBag from /home/airflow/.local/lib/python3.12/site-packages/airflow/example_dags/example_latest_only_with_trigger.py
[2025-02-24T09:31:06.034+0000] {processor.py:925} INFO - DAG(s) 'latest_only_with_trigger' retrieved from /home/airflow/.local/lib/python3.12/site-packages/airflow/example_dags/example_latest_only_with_trigger.py
[2025-02-24T09:31:06.068+0000] {logging_mixin.py:190} INFO - [2025-02-24T09:31:06.068+0000] {dag.py:3239} INFO - Sync 1 DAGs
[2025-02-24T09:31:06.092+0000] {logging_mixin.py:190} INFO - [2025-02-24T09:31:06.092+0000] {dag.py:4180} INFO - Setting next_dagrun for latest_only_with_trigger to 2025-02-24 04:00:00+00:00, run_after=2025-02-24 08:00:00+00:00
[2025-02-24T09:31:06.106+0000] {processor.py:208} INFO - Processing /home/airflow/.local/lib/python3.12/site-packages/airflow/example_dags/example_latest_only_with_trigger.py took 0.096 seconds
[2025-02-24T09:31:36.926+0000] {processor.py:186} INFO - Started process (PID=923) to work on /home/airflow/.local/lib/python3.12/site-packages/airflow/example_dags/example_latest_only_with_trigger.py
[2025-02-24T09:31:36.926+0000] {processor.py:914} INFO - Processing file /home/airflow/.local/lib/python3.12/site-packages/airflow/example_dags/example_latest_only_with_trigger.py for tasks to queue
[2025-02-24T09:31:36.928+0000] {logging_mixin.py:190} INFO - [2025-02-24T09:31:36.928+0000] {dagbag.py:588} INFO - Filling up the DagBag from /home/airflow/.local/lib/python3.12/site-packages/airflow/example_dags/example_latest_only_with_trigger.py
[2025-02-24T09:31:36.934+0000] {processor.py:925} INFO - DAG(s) 'latest_only_with_trigger' retrieved from /home/airflow/.local/lib/python3.12/site-packages/airflow/example_dags/example_latest_only_with_trigger.py
[2025-02-24T09:31:36.950+0000] {logging_mixin.py:190} INFO - [2025-02-24T09:31:36.949+0000] {dag.py:3239} INFO - Sync 1 DAGs
[2025-02-24T09:31:36.979+0000] {logging_mixin.py:190} INFO - [2025-02-24T09:31:36.978+0000] {dag.py:4180} INFO - Setting next_dagrun for latest_only_with_trigger to 2025-02-24 04:00:00+00:00, run_after=2025-02-24 08:00:00+00:00
[2025-02-24T09:31:36.995+0000] {processor.py:208} INFO - Processing /home/airflow/.local/lib/python3.12/site-packages/airflow/example_dags/example_latest_only_with_trigger.py took 0.075 seconds
[2025-02-24T09:32:07.459+0000] {processor.py:186} INFO - Started process (PID=985) to work on /home/airflow/.local/lib/python3.12/site-packages/airflow/example_dags/example_latest_only_with_trigger.py
[2025-02-24T09:32:07.460+0000] {processor.py:914} INFO - Processing file /home/airflow/.local/lib/python3.12/site-packages/airflow/example_dags/example_latest_only_with_trigger.py for tasks to queue
[2025-02-24T09:32:07.461+0000] {logging_mixin.py:190} INFO - [2025-02-24T09:32:07.461+0000] {dagbag.py:588} INFO - Filling up the DagBag from /home/airflow/.local/lib/python3.12/site-packages/airflow/example_dags/example_latest_only_with_trigger.py
[2025-02-24T09:32:07.467+0000] {processor.py:925} INFO - DAG(s) 'latest_only_with_trigger' retrieved from /home/airflow/.local/lib/python3.12/site-packages/airflow/example_dags/example_latest_only_with_trigger.py
[2025-02-24T09:32:07.487+0000] {logging_mixin.py:190} INFO - [2025-02-24T09:32:07.487+0000] {dag.py:3239} INFO - Sync 1 DAGs
[2025-02-24T09:32:07.508+0000] {logging_mixin.py:190} INFO - [2025-02-24T09:32:07.508+0000] {dag.py:4180} INFO - Setting next_dagrun for latest_only_with_trigger to 2025-02-24 04:00:00+00:00, run_after=2025-02-24 08:00:00+00:00
[2025-02-24T09:32:07.522+0000] {processor.py:208} INFO - Processing /home/airflow/.local/lib/python3.12/site-packages/airflow/example_dags/example_latest_only_with_trigger.py took 0.068 seconds
[2025-02-24T09:32:38.907+0000] {processor.py:186} INFO - Started process (PID=1048) to work on /home/airflow/.local/lib/python3.12/site-packages/airflow/example_dags/example_latest_only_with_trigger.py
[2025-02-24T09:32:38.908+0000] {processor.py:914} INFO - Processing file /home/airflow/.local/lib/python3.12/site-packages/airflow/example_dags/example_latest_only_with_trigger.py for tasks to queue
[2025-02-24T09:32:38.909+0000] {logging_mixin.py:190} INFO - [2025-02-24T09:32:38.909+0000] {dagbag.py:588} INFO - Filling up the DagBag from /home/airflow/.local/lib/python3.12/site-packages/airflow/example_dags/example_latest_only_with_trigger.py
[2025-02-24T09:32:38.916+0000] {processor.py:925} INFO - DAG(s) 'latest_only_with_trigger' retrieved from /home/airflow/.local/lib/python3.12/site-packages/airflow/example_dags/example_latest_only_with_trigger.py
[2025-02-24T09:32:38.932+0000] {logging_mixin.py:190} INFO - [2025-02-24T09:32:38.932+0000] {dag.py:3239} INFO - Sync 1 DAGs
[2025-02-24T09:32:38.954+0000] {logging_mixin.py:190} INFO - [2025-02-24T09:32:38.954+0000] {dag.py:4180} INFO - Setting next_dagrun for latest_only_with_trigger to 2025-02-24 04:00:00+00:00, run_after=2025-02-24 08:00:00+00:00
[2025-02-24T09:32:38.968+0000] {processor.py:208} INFO - Processing /home/airflow/.local/lib/python3.12/site-packages/airflow/example_dags/example_latest_only_with_trigger.py took 0.065 seconds
[2025-02-24T09:33:10.165+0000] {processor.py:186} INFO - Started process (PID=1111) to work on /home/airflow/.local/lib/python3.12/site-packages/airflow/example_dags/example_latest_only_with_trigger.py
[2025-02-24T09:33:10.166+0000] {processor.py:914} INFO - Processing file /home/airflow/.local/lib/python3.12/site-packages/airflow/example_dags/example_latest_only_with_trigger.py for tasks to queue
[2025-02-24T09:33:10.168+0000] {logging_mixin.py:190} INFO - [2025-02-24T09:33:10.167+0000] {dagbag.py:588} INFO - Filling up the DagBag from /home/airflow/.local/lib/python3.12/site-packages/airflow/example_dags/example_latest_only_with_trigger.py
[2025-02-24T09:33:10.174+0000] {processor.py:925} INFO - DAG(s) 'latest_only_with_trigger' retrieved from /home/airflow/.local/lib/python3.12/site-packages/airflow/example_dags/example_latest_only_with_trigger.py
[2025-02-24T09:33:10.192+0000] {logging_mixin.py:190} INFO - [2025-02-24T09:33:10.192+0000] {dag.py:3239} INFO - Sync 1 DAGs
[2025-02-24T09:33:10.219+0000] {logging_mixin.py:190} INFO - [2025-02-24T09:33:10.218+0000] {dag.py:4180} INFO - Setting next_dagrun for latest_only_with_trigger to 2025-02-24 04:00:00+00:00, run_after=2025-02-24 08:00:00+00:00
[2025-02-24T09:33:10.235+0000] {processor.py:208} INFO - Processing /home/airflow/.local/lib/python3.12/site-packages/airflow/example_dags/example_latest_only_with_trigger.py took 0.075 seconds
[2025-02-24T09:33:40.842+0000] {processor.py:186} INFO - Started process (PID=1174) to work on /home/airflow/.local/lib/python3.12/site-packages/airflow/example_dags/example_latest_only_with_trigger.py
[2025-02-24T09:33:40.843+0000] {processor.py:914} INFO - Processing file /home/airflow/.local/lib/python3.12/site-packages/airflow/example_dags/example_latest_only_with_trigger.py for tasks to queue
[2025-02-24T09:33:40.844+0000] {logging_mixin.py:190} INFO - [2025-02-24T09:33:40.844+0000] {dagbag.py:588} INFO - Filling up the DagBag from /home/airflow/.local/lib/python3.12/site-packages/airflow/example_dags/example_latest_only_with_trigger.py
[2025-02-24T09:33:40.851+0000] {processor.py:925} INFO - DAG(s) 'latest_only_with_trigger' retrieved from /home/airflow/.local/lib/python3.12/site-packages/airflow/example_dags/example_latest_only_with_trigger.py
[2025-02-24T09:33:40.868+0000] {logging_mixin.py:190} INFO - [2025-02-24T09:33:40.868+0000] {dag.py:3239} INFO - Sync 1 DAGs
[2025-02-24T09:33:40.888+0000] {logging_mixin.py:190} INFO - [2025-02-24T09:33:40.888+0000] {dag.py:4180} INFO - Setting next_dagrun for latest_only_with_trigger to 2025-02-24 04:00:00+00:00, run_after=2025-02-24 08:00:00+00:00
[2025-02-24T09:33:40.904+0000] {processor.py:208} INFO - Processing /home/airflow/.local/lib/python3.12/site-packages/airflow/example_dags/example_latest_only_with_trigger.py took 0.067 seconds
[2025-02-24T09:34:11.803+0000] {processor.py:186} INFO - Started process (PID=1237) to work on /home/airflow/.local/lib/python3.12/site-packages/airflow/example_dags/example_latest_only_with_trigger.py
[2025-02-24T09:34:11.803+0000] {processor.py:914} INFO - Processing file /home/airflow/.local/lib/python3.12/site-packages/airflow/example_dags/example_latest_only_with_trigger.py for tasks to queue
[2025-02-24T09:34:11.805+0000] {logging_mixin.py:190} INFO - [2025-02-24T09:34:11.805+0000] {dagbag.py:588} INFO - Filling up the DagBag from /home/airflow/.local/lib/python3.12/site-packages/airflow/example_dags/example_latest_only_with_trigger.py
[2025-02-24T09:34:11.811+0000] {processor.py:925} INFO - DAG(s) 'latest_only_with_trigger' retrieved from /home/airflow/.local/lib/python3.12/site-packages/airflow/example_dags/example_latest_only_with_trigger.py
[2025-02-24T09:34:11.828+0000] {logging_mixin.py:190} INFO - [2025-02-24T09:34:11.827+0000] {dag.py:3239} INFO - Sync 1 DAGs
[2025-02-24T09:34:11.854+0000] {logging_mixin.py:190} INFO - [2025-02-24T09:34:11.853+0000] {dag.py:4180} INFO - Setting next_dagrun for latest_only_with_trigger to 2025-02-24 04:00:00+00:00, run_after=2025-02-24 08:00:00+00:00
[2025-02-24T09:34:11.872+0000] {processor.py:208} INFO - Processing /home/airflow/.local/lib/python3.12/site-packages/airflow/example_dags/example_latest_only_with_trigger.py took 0.074 seconds
[2025-02-24T09:34:43.013+0000] {processor.py:186} INFO - Started process (PID=1301) to work on /home/airflow/.local/lib/python3.12/site-packages/airflow/example_dags/example_latest_only_with_trigger.py
[2025-02-24T09:34:43.014+0000] {processor.py:914} INFO - Processing file /home/airflow/.local/lib/python3.12/site-packages/airflow/example_dags/example_latest_only_with_trigger.py for tasks to queue
[2025-02-24T09:34:43.016+0000] {logging_mixin.py:190} INFO - [2025-02-24T09:34:43.015+0000] {dagbag.py:588} INFO - Filling up the DagBag from /home/airflow/.local/lib/python3.12/site-packages/airflow/example_dags/example_latest_only_with_trigger.py
[2025-02-24T09:34:43.021+0000] {processor.py:925} INFO - DAG(s) 'latest_only_with_trigger' retrieved from /home/airflow/.local/lib/python3.12/site-packages/airflow/example_dags/example_latest_only_with_trigger.py
[2025-02-24T09:34:43.041+0000] {logging_mixin.py:190} INFO - [2025-02-24T09:34:43.041+0000] {dag.py:3239} INFO - Sync 1 DAGs
[2025-02-24T09:34:43.067+0000] {logging_mixin.py:190} INFO - [2025-02-24T09:34:43.067+0000] {dag.py:4180} INFO - Setting next_dagrun for latest_only_with_trigger to 2025-02-24 04:00:00+00:00, run_after=2025-02-24 08:00:00+00:00
[2025-02-24T09:34:43.081+0000] {processor.py:208} INFO - Processing /home/airflow/.local/lib/python3.12/site-packages/airflow/example_dags/example_latest_only_with_trigger.py took 0.073 seconds
[2025-02-24T09:35:14.350+0000] {processor.py:186} INFO - Started process (PID=1365) to work on /home/airflow/.local/lib/python3.12/site-packages/airflow/example_dags/example_latest_only_with_trigger.py
[2025-02-24T09:35:14.350+0000] {processor.py:914} INFO - Processing file /home/airflow/.local/lib/python3.12/site-packages/airflow/example_dags/example_latest_only_with_trigger.py for tasks to queue
[2025-02-24T09:35:14.352+0000] {logging_mixin.py:190} INFO - [2025-02-24T09:35:14.352+0000] {dagbag.py:588} INFO - Filling up the DagBag from /home/airflow/.local/lib/python3.12/site-packages/airflow/example_dags/example_latest_only_with_trigger.py
[2025-02-24T09:35:14.358+0000] {processor.py:925} INFO - DAG(s) 'latest_only_with_trigger' retrieved from /home/airflow/.local/lib/python3.12/site-packages/airflow/example_dags/example_latest_only_with_trigger.py
[2025-02-24T09:35:14.378+0000] {logging_mixin.py:190} INFO - [2025-02-24T09:35:14.378+0000] {dag.py:3239} INFO - Sync 1 DAGs
[2025-02-24T09:35:14.404+0000] {logging_mixin.py:190} INFO - [2025-02-24T09:35:14.404+0000] {dag.py:4180} INFO - Setting next_dagrun for latest_only_with_trigger to 2025-02-24 04:00:00+00:00, run_after=2025-02-24 08:00:00+00:00
[2025-02-24T09:35:14.423+0000] {processor.py:208} INFO - Processing /home/airflow/.local/lib/python3.12/site-packages/airflow/example_dags/example_latest_only_with_trigger.py took 0.077 seconds
[2025-02-24T09:35:45.171+0000] {processor.py:186} INFO - Started process (PID=1429) to work on /home/airflow/.local/lib/python3.12/site-packages/airflow/example_dags/example_latest_only_with_trigger.py
[2025-02-24T09:35:45.171+0000] {processor.py:914} INFO - Processing file /home/airflow/.local/lib/python3.12/site-packages/airflow/example_dags/example_latest_only_with_trigger.py for tasks to queue
[2025-02-24T09:35:45.173+0000] {logging_mixin.py:190} INFO - [2025-02-24T09:35:45.173+0000] {dagbag.py:588} INFO - Filling up the DagBag from /home/airflow/.local/lib/python3.12/site-packages/airflow/example_dags/example_latest_only_with_trigger.py
[2025-02-24T09:35:45.182+0000] {processor.py:925} INFO - DAG(s) 'latest_only_with_trigger' retrieved from /home/airflow/.local/lib/python3.12/site-packages/airflow/example_dags/example_latest_only_with_trigger.py
[2025-02-24T09:35:45.205+0000] {logging_mixin.py:190} INFO - [2025-02-24T09:35:45.205+0000] {dag.py:3239} INFO - Sync 1 DAGs
[2025-02-24T09:35:45.227+0000] {logging_mixin.py:190} INFO - [2025-02-24T09:35:45.227+0000] {dag.py:4180} INFO - Setting next_dagrun for latest_only_with_trigger to 2025-02-24 04:00:00+00:00, run_after=2025-02-24 08:00:00+00:00
[2025-02-24T09:35:45.241+0000] {processor.py:208} INFO - Processing /home/airflow/.local/lib/python3.12/site-packages/airflow/example_dags/example_latest_only_with_trigger.py took 0.076 seconds
[2025-02-24T09:36:16.402+0000] {processor.py:186} INFO - Started process (PID=1498) to work on /home/airflow/.local/lib/python3.12/site-packages/airflow/example_dags/example_latest_only_with_trigger.py
[2025-02-24T09:36:16.402+0000] {processor.py:914} INFO - Processing file /home/airflow/.local/lib/python3.12/site-packages/airflow/example_dags/example_latest_only_with_trigger.py for tasks to queue
[2025-02-24T09:36:16.405+0000] {logging_mixin.py:190} INFO - [2025-02-24T09:36:16.404+0000] {dagbag.py:588} INFO - Filling up the DagBag from /home/airflow/.local/lib/python3.12/site-packages/airflow/example_dags/example_latest_only_with_trigger.py
[2025-02-24T09:36:16.412+0000] {processor.py:925} INFO - DAG(s) 'latest_only_with_trigger' retrieved from /home/airflow/.local/lib/python3.12/site-packages/airflow/example_dags/example_latest_only_with_trigger.py
[2025-02-24T09:36:16.433+0000] {logging_mixin.py:190} INFO - [2025-02-24T09:36:16.432+0000] {dag.py:3239} INFO - Sync 1 DAGs
[2025-02-24T09:36:16.476+0000] {logging_mixin.py:190} INFO - [2025-02-24T09:36:16.475+0000] {dag.py:4180} INFO - Setting next_dagrun for latest_only_with_trigger to 2025-02-24 04:00:00+00:00, run_after=2025-02-24 08:00:00+00:00
[2025-02-24T09:36:16.505+0000] {processor.py:208} INFO - Processing /home/airflow/.local/lib/python3.12/site-packages/airflow/example_dags/example_latest_only_with_trigger.py took 0.110 seconds
[2025-02-24T09:36:47.482+0000] {processor.py:186} INFO - Started process (PID=1562) to work on /home/airflow/.local/lib/python3.12/site-packages/airflow/example_dags/example_latest_only_with_trigger.py
[2025-02-24T09:36:47.483+0000] {processor.py:914} INFO - Processing file /home/airflow/.local/lib/python3.12/site-packages/airflow/example_dags/example_latest_only_with_trigger.py for tasks to queue
[2025-02-24T09:36:47.485+0000] {logging_mixin.py:190} INFO - [2025-02-24T09:36:47.485+0000] {dagbag.py:588} INFO - Filling up the DagBag from /home/airflow/.local/lib/python3.12/site-packages/airflow/example_dags/example_latest_only_with_trigger.py
[2025-02-24T09:36:47.495+0000] {processor.py:925} INFO - DAG(s) 'latest_only_with_trigger' retrieved from /home/airflow/.local/lib/python3.12/site-packages/airflow/example_dags/example_latest_only_with_trigger.py
[2025-02-24T09:36:47.521+0000] {logging_mixin.py:190} INFO - [2025-02-24T09:36:47.521+0000] {dag.py:3239} INFO - Sync 1 DAGs
[2025-02-24T09:36:47.553+0000] {logging_mixin.py:190} INFO - [2025-02-24T09:36:47.553+0000] {dag.py:4180} INFO - Setting next_dagrun for latest_only_with_trigger to 2025-02-24 04:00:00+00:00, run_after=2025-02-24 08:00:00+00:00
[2025-02-24T09:36:47.572+0000] {processor.py:208} INFO - Processing /home/airflow/.local/lib/python3.12/site-packages/airflow/example_dags/example_latest_only_with_trigger.py took 0.098 seconds
[2025-02-24T09:37:18.473+0000] {processor.py:186} INFO - Started process (PID=1626) to work on /home/airflow/.local/lib/python3.12/site-packages/airflow/example_dags/example_latest_only_with_trigger.py
[2025-02-24T09:37:18.474+0000] {processor.py:914} INFO - Processing file /home/airflow/.local/lib/python3.12/site-packages/airflow/example_dags/example_latest_only_with_trigger.py for tasks to queue
[2025-02-24T09:37:18.475+0000] {logging_mixin.py:190} INFO - [2025-02-24T09:37:18.475+0000] {dagbag.py:588} INFO - Filling up the DagBag from /home/airflow/.local/lib/python3.12/site-packages/airflow/example_dags/example_latest_only_with_trigger.py
[2025-02-24T09:37:18.481+0000] {processor.py:925} INFO - DAG(s) 'latest_only_with_trigger' retrieved from /home/airflow/.local/lib/python3.12/site-packages/airflow/example_dags/example_latest_only_with_trigger.py
[2025-02-24T09:37:18.497+0000] {logging_mixin.py:190} INFO - [2025-02-24T09:37:18.496+0000] {dag.py:3239} INFO - Sync 1 DAGs
[2025-02-24T09:37:18.515+0000] {logging_mixin.py:190} INFO - [2025-02-24T09:37:18.515+0000] {dag.py:4180} INFO - Setting next_dagrun for latest_only_with_trigger to 2025-02-24 04:00:00+00:00, run_after=2025-02-24 08:00:00+00:00
[2025-02-24T09:37:18.528+0000] {processor.py:208} INFO - Processing /home/airflow/.local/lib/python3.12/site-packages/airflow/example_dags/example_latest_only_with_trigger.py took 0.060 seconds
[2025-02-24T09:37:49.822+0000] {processor.py:186} INFO - Started process (PID=1690) to work on /home/airflow/.local/lib/python3.12/site-packages/airflow/example_dags/example_latest_only_with_trigger.py
[2025-02-24T09:37:49.822+0000] {processor.py:914} INFO - Processing file /home/airflow/.local/lib/python3.12/site-packages/airflow/example_dags/example_latest_only_with_trigger.py for tasks to queue
[2025-02-24T09:37:49.824+0000] {logging_mixin.py:190} INFO - [2025-02-24T09:37:49.824+0000] {dagbag.py:588} INFO - Filling up the DagBag from /home/airflow/.local/lib/python3.12/site-packages/airflow/example_dags/example_latest_only_with_trigger.py
[2025-02-24T09:37:49.831+0000] {processor.py:925} INFO - DAG(s) 'latest_only_with_trigger' retrieved from /home/airflow/.local/lib/python3.12/site-packages/airflow/example_dags/example_latest_only_with_trigger.py
[2025-02-24T09:37:49.849+0000] {logging_mixin.py:190} INFO - [2025-02-24T09:37:49.849+0000] {dag.py:3239} INFO - Sync 1 DAGs
[2025-02-24T09:37:49.870+0000] {logging_mixin.py:190} INFO - [2025-02-24T09:37:49.870+0000] {dag.py:4180} INFO - Setting next_dagrun for latest_only_with_trigger to 2025-02-24 04:00:00+00:00, run_after=2025-02-24 08:00:00+00:00
[2025-02-24T09:37:49.886+0000] {processor.py:208} INFO - Processing /home/airflow/.local/lib/python3.12/site-packages/airflow/example_dags/example_latest_only_with_trigger.py took 0.069 seconds
[2025-02-24T09:38:20.934+0000] {processor.py:186} INFO - Started process (PID=1754) to work on /home/airflow/.local/lib/python3.12/site-packages/airflow/example_dags/example_latest_only_with_trigger.py
[2025-02-24T09:38:20.936+0000] {processor.py:914} INFO - Processing file /home/airflow/.local/lib/python3.12/site-packages/airflow/example_dags/example_latest_only_with_trigger.py for tasks to queue
[2025-02-24T09:38:20.939+0000] {logging_mixin.py:190} INFO - [2025-02-24T09:38:20.939+0000] {dagbag.py:588} INFO - Filling up the DagBag from /home/airflow/.local/lib/python3.12/site-packages/airflow/example_dags/example_latest_only_with_trigger.py
[2025-02-24T09:38:20.949+0000] {processor.py:925} INFO - DAG(s) 'latest_only_with_trigger' retrieved from /home/airflow/.local/lib/python3.12/site-packages/airflow/example_dags/example_latest_only_with_trigger.py
[2025-02-24T09:38:20.972+0000] {logging_mixin.py:190} INFO - [2025-02-24T09:38:20.972+0000] {dag.py:3239} INFO - Sync 1 DAGs
[2025-02-24T09:38:21.003+0000] {logging_mixin.py:190} INFO - [2025-02-24T09:38:21.003+0000] {dag.py:4180} INFO - Setting next_dagrun for latest_only_with_trigger to 2025-02-24 04:00:00+00:00, run_after=2025-02-24 08:00:00+00:00
[2025-02-24T09:38:21.032+0000] {processor.py:208} INFO - Processing /home/airflow/.local/lib/python3.12/site-packages/airflow/example_dags/example_latest_only_with_trigger.py took 0.107 seconds
[2025-02-24T09:38:52.436+0000] {processor.py:186} INFO - Started process (PID=1818) to work on /home/airflow/.local/lib/python3.12/site-packages/airflow/example_dags/example_latest_only_with_trigger.py
[2025-02-24T09:38:52.436+0000] {processor.py:914} INFO - Processing file /home/airflow/.local/lib/python3.12/site-packages/airflow/example_dags/example_latest_only_with_trigger.py for tasks to queue
[2025-02-24T09:38:52.438+0000] {logging_mixin.py:190} INFO - [2025-02-24T09:38:52.438+0000] {dagbag.py:588} INFO - Filling up the DagBag from /home/airflow/.local/lib/python3.12/site-packages/airflow/example_dags/example_latest_only_with_trigger.py
[2025-02-24T09:38:52.444+0000] {processor.py:925} INFO - DAG(s) 'latest_only_with_trigger' retrieved from /home/airflow/.local/lib/python3.12/site-packages/airflow/example_dags/example_latest_only_with_trigger.py
[2025-02-24T09:38:52.461+0000] {logging_mixin.py:190} INFO - [2025-02-24T09:38:52.460+0000] {dag.py:3239} INFO - Sync 1 DAGs
[2025-02-24T09:38:52.480+0000] {logging_mixin.py:190} INFO - [2025-02-24T09:38:52.480+0000] {dag.py:4180} INFO - Setting next_dagrun for latest_only_with_trigger to 2025-02-24 04:00:00+00:00, run_after=2025-02-24 08:00:00+00:00
[2025-02-24T09:38:52.493+0000] {processor.py:208} INFO - Processing /home/airflow/.local/lib/python3.12/site-packages/airflow/example_dags/example_latest_only_with_trigger.py took 0.061 seconds
[2025-02-24T09:39:23.836+0000] {processor.py:186} INFO - Started process (PID=1882) to work on /home/airflow/.local/lib/python3.12/site-packages/airflow/example_dags/example_latest_only_with_trigger.py
[2025-02-24T09:39:23.837+0000] {processor.py:914} INFO - Processing file /home/airflow/.local/lib/python3.12/site-packages/airflow/example_dags/example_latest_only_with_trigger.py for tasks to queue
[2025-02-24T09:39:23.839+0000] {logging_mixin.py:190} INFO - [2025-02-24T09:39:23.839+0000] {dagbag.py:588} INFO - Filling up the DagBag from /home/airflow/.local/lib/python3.12/site-packages/airflow/example_dags/example_latest_only_with_trigger.py
[2025-02-24T09:39:23.846+0000] {processor.py:925} INFO - DAG(s) 'latest_only_with_trigger' retrieved from /home/airflow/.local/lib/python3.12/site-packages/airflow/example_dags/example_latest_only_with_trigger.py
[2025-02-24T09:39:23.868+0000] {logging_mixin.py:190} INFO - [2025-02-24T09:39:23.867+0000] {dag.py:3239} INFO - Sync 1 DAGs
[2025-02-24T09:39:23.895+0000] {logging_mixin.py:190} INFO - [2025-02-24T09:39:23.895+0000] {dag.py:4180} INFO - Setting next_dagrun for latest_only_with_trigger to 2025-02-24 04:00:00+00:00, run_after=2025-02-24 08:00:00+00:00
[2025-02-24T09:39:23.914+0000] {processor.py:208} INFO - Processing /home/airflow/.local/lib/python3.12/site-packages/airflow/example_dags/example_latest_only_with_trigger.py took 0.083 seconds
[2025-02-24T09:39:55.411+0000] {processor.py:186} INFO - Started process (PID=1946) to work on /home/airflow/.local/lib/python3.12/site-packages/airflow/example_dags/example_latest_only_with_trigger.py
[2025-02-24T09:39:55.412+0000] {processor.py:914} INFO - Processing file /home/airflow/.local/lib/python3.12/site-packages/airflow/example_dags/example_latest_only_with_trigger.py for tasks to queue
[2025-02-24T09:39:55.414+0000] {logging_mixin.py:190} INFO - [2025-02-24T09:39:55.414+0000] {dagbag.py:588} INFO - Filling up the DagBag from /home/airflow/.local/lib/python3.12/site-packages/airflow/example_dags/example_latest_only_with_trigger.py
[2025-02-24T09:39:55.422+0000] {processor.py:925} INFO - DAG(s) 'latest_only_with_trigger' retrieved from /home/airflow/.local/lib/python3.12/site-packages/airflow/example_dags/example_latest_only_with_trigger.py
[2025-02-24T09:39:55.444+0000] {logging_mixin.py:190} INFO - [2025-02-24T09:39:55.444+0000] {dag.py:3239} INFO - Sync 1 DAGs
[2025-02-24T09:39:55.466+0000] {logging_mixin.py:190} INFO - [2025-02-24T09:39:55.466+0000] {dag.py:4180} INFO - Setting next_dagrun for latest_only_with_trigger to 2025-02-24 04:00:00+00:00, run_after=2025-02-24 08:00:00+00:00
[2025-02-24T09:39:55.481+0000] {processor.py:208} INFO - Processing /home/airflow/.local/lib/python3.12/site-packages/airflow/example_dags/example_latest_only_with_trigger.py took 0.076 seconds
[2025-02-24T09:40:26.832+0000] {processor.py:186} INFO - Started process (PID=2010) to work on /home/airflow/.local/lib/python3.12/site-packages/airflow/example_dags/example_latest_only_with_trigger.py
[2025-02-24T09:40:26.833+0000] {processor.py:914} INFO - Processing file /home/airflow/.local/lib/python3.12/site-packages/airflow/example_dags/example_latest_only_with_trigger.py for tasks to queue
[2025-02-24T09:40:26.835+0000] {logging_mixin.py:190} INFO - [2025-02-24T09:40:26.834+0000] {dagbag.py:588} INFO - Filling up the DagBag from /home/airflow/.local/lib/python3.12/site-packages/airflow/example_dags/example_latest_only_with_trigger.py
[2025-02-24T09:40:26.840+0000] {processor.py:925} INFO - DAG(s) 'latest_only_with_trigger' retrieved from /home/airflow/.local/lib/python3.12/site-packages/airflow/example_dags/example_latest_only_with_trigger.py
[2025-02-24T09:40:26.859+0000] {logging_mixin.py:190} INFO - [2025-02-24T09:40:26.858+0000] {dag.py:3239} INFO - Sync 1 DAGs
[2025-02-24T09:40:26.885+0000] {logging_mixin.py:190} INFO - [2025-02-24T09:40:26.885+0000] {dag.py:4180} INFO - Setting next_dagrun for latest_only_with_trigger to 2025-02-24 04:00:00+00:00, run_after=2025-02-24 08:00:00+00:00
[2025-02-24T09:40:26.903+0000] {processor.py:208} INFO - Processing /home/airflow/.local/lib/python3.12/site-packages/airflow/example_dags/example_latest_only_with_trigger.py took 0.075 seconds
[2025-02-24T09:40:57.541+0000] {processor.py:186} INFO - Started process (PID=2073) to work on /home/airflow/.local/lib/python3.12/site-packages/airflow/example_dags/example_latest_only_with_trigger.py
[2025-02-24T09:40:57.541+0000] {processor.py:914} INFO - Processing file /home/airflow/.local/lib/python3.12/site-packages/airflow/example_dags/example_latest_only_with_trigger.py for tasks to queue
[2025-02-24T09:40:57.543+0000] {logging_mixin.py:190} INFO - [2025-02-24T09:40:57.543+0000] {dagbag.py:588} INFO - Filling up the DagBag from /home/airflow/.local/lib/python3.12/site-packages/airflow/example_dags/example_latest_only_with_trigger.py
[2025-02-24T09:40:57.549+0000] {processor.py:925} INFO - DAG(s) 'latest_only_with_trigger' retrieved from /home/airflow/.local/lib/python3.12/site-packages/airflow/example_dags/example_latest_only_with_trigger.py
[2025-02-24T09:40:57.569+0000] {logging_mixin.py:190} INFO - [2025-02-24T09:40:57.568+0000] {dag.py:3239} INFO - Sync 1 DAGs
[2025-02-24T09:40:57.595+0000] {logging_mixin.py:190} INFO - [2025-02-24T09:40:57.594+0000] {dag.py:4180} INFO - Setting next_dagrun for latest_only_with_trigger to 2025-02-24 04:00:00+00:00, run_after=2025-02-24 08:00:00+00:00
[2025-02-24T09:40:57.617+0000] {processor.py:208} INFO - Processing /home/airflow/.local/lib/python3.12/site-packages/airflow/example_dags/example_latest_only_with_trigger.py took 0.081 seconds
