[2025-02-24T09:24:44.732+0000] {processor.py:186} INFO - Started process (PID=66) to work on /home/airflow/.local/lib/python3.12/site-packages/airflow/example_dags/example_branch_operator.py
[2025-02-24T09:24:44.732+0000] {processor.py:914} INFO - Processing file /home/airflow/.local/lib/python3.12/site-packages/airflow/example_dags/example_branch_operator.py for tasks to queue
[2025-02-24T09:24:44.735+0000] {logging_mixin.py:190} INFO - [2025-02-24T09:24:44.734+0000] {dagbag.py:588} INFO - Filling up the DagBag from /home/airflow/.local/lib/python3.12/site-packages/airflow/example_dags/example_branch_operator.py
[2025-02-24T09:24:44.772+0000] {processor.py:925} INFO - DAG(s) 'example_branch_operator' retrieved from /home/airflow/.local/lib/python3.12/site-packages/airflow/example_dags/example_branch_operator.py
[2025-02-24T09:24:45.119+0000] {logging_mixin.py:190} INFO - [2025-02-24T09:24:45.119+0000] {override.py:1911} INFO - Created Permission View: can edit on DAG:example_branch_operator
[2025-02-24T09:24:45.133+0000] {logging_mixin.py:190} INFO - [2025-02-24T09:24:45.132+0000] {override.py:1911} INFO - Created Permission View: can read on DAG:example_branch_operator
[2025-02-24T09:24:45.139+0000] {logging_mixin.py:190} INFO - [2025-02-24T09:24:45.139+0000] {override.py:1911} INFO - Created Permission View: can delete on DAG:example_branch_operator
[2025-02-24T09:24:45.145+0000] {logging_mixin.py:190} INFO - [2025-02-24T09:24:45.145+0000] {override.py:1911} INFO - Created Permission View: can create on DAG Run:example_branch_operator
[2025-02-24T09:24:45.151+0000] {logging_mixin.py:190} INFO - [2025-02-24T09:24:45.151+0000] {override.py:1911} INFO - Created Permission View: can read on DAG Run:example_branch_operator
[2025-02-24T09:24:45.166+0000] {logging_mixin.py:190} INFO - [2025-02-24T09:24:45.166+0000] {override.py:1911} INFO - Created Permission View: menu access on DAG Run:example_branch_operator
[2025-02-24T09:24:45.179+0000] {logging_mixin.py:190} INFO - [2025-02-24T09:24:45.179+0000] {override.py:1911} INFO - Created Permission View: can delete on DAG Run:example_branch_operator
[2025-02-24T09:24:45.179+0000] {logging_mixin.py:190} INFO - [2025-02-24T09:24:45.179+0000] {dag.py:3239} INFO - Sync 1 DAGs
[2025-02-24T09:24:45.211+0000] {logging_mixin.py:190} INFO - [2025-02-24T09:24:45.211+0000] {dag.py:3262} INFO - Creating ORM DAG for example_branch_operator
[2025-02-24T09:24:45.240+0000] {logging_mixin.py:190} INFO - [2025-02-24T09:24:45.240+0000] {dag.py:4180} INFO - Setting next_dagrun for example_branch_operator to 2025-02-23 00:00:00+00:00, run_after=2025-02-24 00:00:00+00:00
[2025-02-24T09:24:45.282+0000] {processor.py:208} INFO - Processing /home/airflow/.local/lib/python3.12/site-packages/airflow/example_dags/example_branch_operator.py took 0.557 seconds
[2025-02-24T09:25:15.362+0000] {processor.py:186} INFO - Started process (PID=129) to work on /home/airflow/.local/lib/python3.12/site-packages/airflow/example_dags/example_branch_operator.py
[2025-02-24T09:25:15.362+0000] {processor.py:914} INFO - Processing file /home/airflow/.local/lib/python3.12/site-packages/airflow/example_dags/example_branch_operator.py for tasks to queue
[2025-02-24T09:25:15.364+0000] {logging_mixin.py:190} INFO - [2025-02-24T09:25:15.364+0000] {dagbag.py:588} INFO - Filling up the DagBag from /home/airflow/.local/lib/python3.12/site-packages/airflow/example_dags/example_branch_operator.py
[2025-02-24T09:25:15.379+0000] {processor.py:925} INFO - DAG(s) 'example_branch_operator' retrieved from /home/airflow/.local/lib/python3.12/site-packages/airflow/example_dags/example_branch_operator.py
[2025-02-24T09:25:15.400+0000] {logging_mixin.py:190} INFO - [2025-02-24T09:25:15.400+0000] {dag.py:3239} INFO - Sync 1 DAGs
[2025-02-24T09:25:15.421+0000] {logging_mixin.py:190} INFO - [2025-02-24T09:25:15.421+0000] {dag.py:4180} INFO - Setting next_dagrun for example_branch_operator to 2025-02-23 00:00:00+00:00, run_after=2025-02-24 00:00:00+00:00
[2025-02-24T09:25:15.440+0000] {processor.py:208} INFO - Processing /home/airflow/.local/lib/python3.12/site-packages/airflow/example_dags/example_branch_operator.py took 0.082 seconds
[2025-02-24T09:25:45.652+0000] {processor.py:186} INFO - Started process (PID=192) to work on /home/airflow/.local/lib/python3.12/site-packages/airflow/example_dags/example_branch_operator.py
[2025-02-24T09:25:45.653+0000] {processor.py:914} INFO - Processing file /home/airflow/.local/lib/python3.12/site-packages/airflow/example_dags/example_branch_operator.py for tasks to queue
[2025-02-24T09:25:45.655+0000] {logging_mixin.py:190} INFO - [2025-02-24T09:25:45.655+0000] {dagbag.py:588} INFO - Filling up the DagBag from /home/airflow/.local/lib/python3.12/site-packages/airflow/example_dags/example_branch_operator.py
[2025-02-24T09:25:45.678+0000] {processor.py:925} INFO - DAG(s) 'example_branch_operator' retrieved from /home/airflow/.local/lib/python3.12/site-packages/airflow/example_dags/example_branch_operator.py
[2025-02-24T09:25:45.702+0000] {logging_mixin.py:190} INFO - [2025-02-24T09:25:45.702+0000] {dag.py:3239} INFO - Sync 1 DAGs
[2025-02-24T09:25:45.730+0000] {logging_mixin.py:190} INFO - [2025-02-24T09:25:45.729+0000] {dag.py:4180} INFO - Setting next_dagrun for example_branch_operator to 2025-02-23 00:00:00+00:00, run_after=2025-02-24 00:00:00+00:00
[2025-02-24T09:25:45.756+0000] {processor.py:208} INFO - Processing /home/airflow/.local/lib/python3.12/site-packages/airflow/example_dags/example_branch_operator.py took 0.110 seconds
[2025-02-24T09:26:15.851+0000] {processor.py:186} INFO - Started process (PID=256) to work on /home/airflow/.local/lib/python3.12/site-packages/airflow/example_dags/example_branch_operator.py
[2025-02-24T09:26:15.852+0000] {processor.py:914} INFO - Processing file /home/airflow/.local/lib/python3.12/site-packages/airflow/example_dags/example_branch_operator.py for tasks to queue
[2025-02-24T09:26:15.853+0000] {logging_mixin.py:190} INFO - [2025-02-24T09:26:15.853+0000] {dagbag.py:588} INFO - Filling up the DagBag from /home/airflow/.local/lib/python3.12/site-packages/airflow/example_dags/example_branch_operator.py
[2025-02-24T09:26:15.873+0000] {processor.py:925} INFO - DAG(s) 'example_branch_operator' retrieved from /home/airflow/.local/lib/python3.12/site-packages/airflow/example_dags/example_branch_operator.py
[2025-02-24T09:26:15.899+0000] {logging_mixin.py:190} INFO - [2025-02-24T09:26:15.898+0000] {dag.py:3239} INFO - Sync 1 DAGs
[2025-02-24T09:26:15.921+0000] {logging_mixin.py:190} INFO - [2025-02-24T09:26:15.920+0000] {dag.py:4180} INFO - Setting next_dagrun for example_branch_operator to 2025-02-23 00:00:00+00:00, run_after=2025-02-24 00:00:00+00:00
[2025-02-24T09:26:15.936+0000] {processor.py:208} INFO - Processing /home/airflow/.local/lib/python3.12/site-packages/airflow/example_dags/example_branch_operator.py took 0.089 seconds
[2025-02-24T09:26:46.337+0000] {processor.py:186} INFO - Started process (PID=319) to work on /home/airflow/.local/lib/python3.12/site-packages/airflow/example_dags/example_branch_operator.py
[2025-02-24T09:26:46.338+0000] {processor.py:914} INFO - Processing file /home/airflow/.local/lib/python3.12/site-packages/airflow/example_dags/example_branch_operator.py for tasks to queue
[2025-02-24T09:26:46.340+0000] {logging_mixin.py:190} INFO - [2025-02-24T09:26:46.339+0000] {dagbag.py:588} INFO - Filling up the DagBag from /home/airflow/.local/lib/python3.12/site-packages/airflow/example_dags/example_branch_operator.py
[2025-02-24T09:26:46.354+0000] {processor.py:925} INFO - DAG(s) 'example_branch_operator' retrieved from /home/airflow/.local/lib/python3.12/site-packages/airflow/example_dags/example_branch_operator.py
[2025-02-24T09:26:46.376+0000] {logging_mixin.py:190} INFO - [2025-02-24T09:26:46.376+0000] {dag.py:3239} INFO - Sync 1 DAGs
[2025-02-24T09:26:46.396+0000] {logging_mixin.py:190} INFO - [2025-02-24T09:26:46.396+0000] {dag.py:4180} INFO - Setting next_dagrun for example_branch_operator to 2025-02-23 00:00:00+00:00, run_after=2025-02-24 00:00:00+00:00
[2025-02-24T09:26:46.412+0000] {processor.py:208} INFO - Processing /home/airflow/.local/lib/python3.12/site-packages/airflow/example_dags/example_branch_operator.py took 0.080 seconds
[2025-02-24T09:27:16.712+0000] {processor.py:186} INFO - Started process (PID=382) to work on /home/airflow/.local/lib/python3.12/site-packages/airflow/example_dags/example_branch_operator.py
[2025-02-24T09:27:16.713+0000] {processor.py:914} INFO - Processing file /home/airflow/.local/lib/python3.12/site-packages/airflow/example_dags/example_branch_operator.py for tasks to queue
[2025-02-24T09:27:16.715+0000] {logging_mixin.py:190} INFO - [2025-02-24T09:27:16.715+0000] {dagbag.py:588} INFO - Filling up the DagBag from /home/airflow/.local/lib/python3.12/site-packages/airflow/example_dags/example_branch_operator.py
[2025-02-24T09:27:16.729+0000] {processor.py:925} INFO - DAG(s) 'example_branch_operator' retrieved from /home/airflow/.local/lib/python3.12/site-packages/airflow/example_dags/example_branch_operator.py
[2025-02-24T09:27:16.752+0000] {logging_mixin.py:190} INFO - [2025-02-24T09:27:16.752+0000] {dag.py:3239} INFO - Sync 1 DAGs
[2025-02-24T09:27:16.774+0000] {logging_mixin.py:190} INFO - [2025-02-24T09:27:16.774+0000] {dag.py:4180} INFO - Setting next_dagrun for example_branch_operator to 2025-02-23 00:00:00+00:00, run_after=2025-02-24 00:00:00+00:00
[2025-02-24T09:27:16.789+0000] {processor.py:208} INFO - Processing /home/airflow/.local/lib/python3.12/site-packages/airflow/example_dags/example_branch_operator.py took 0.082 seconds
[2025-02-24T09:27:47.190+0000] {processor.py:186} INFO - Started process (PID=445) to work on /home/airflow/.local/lib/python3.12/site-packages/airflow/example_dags/example_branch_operator.py
[2025-02-24T09:27:47.191+0000] {processor.py:914} INFO - Processing file /home/airflow/.local/lib/python3.12/site-packages/airflow/example_dags/example_branch_operator.py for tasks to queue
[2025-02-24T09:27:47.193+0000] {logging_mixin.py:190} INFO - [2025-02-24T09:27:47.193+0000] {dagbag.py:588} INFO - Filling up the DagBag from /home/airflow/.local/lib/python3.12/site-packages/airflow/example_dags/example_branch_operator.py
[2025-02-24T09:27:47.207+0000] {processor.py:925} INFO - DAG(s) 'example_branch_operator' retrieved from /home/airflow/.local/lib/python3.12/site-packages/airflow/example_dags/example_branch_operator.py
[2025-02-24T09:27:47.237+0000] {logging_mixin.py:190} INFO - [2025-02-24T09:27:47.237+0000] {dag.py:3239} INFO - Sync 1 DAGs
[2025-02-24T09:27:47.262+0000] {logging_mixin.py:190} INFO - [2025-02-24T09:27:47.262+0000] {dag.py:4180} INFO - Setting next_dagrun for example_branch_operator to 2025-02-23 00:00:00+00:00, run_after=2025-02-24 00:00:00+00:00
[2025-02-24T09:27:47.276+0000] {processor.py:208} INFO - Processing /home/airflow/.local/lib/python3.12/site-packages/airflow/example_dags/example_branch_operator.py took 0.090 seconds
[2025-02-24T09:28:17.729+0000] {processor.py:186} INFO - Started process (PID=508) to work on /home/airflow/.local/lib/python3.12/site-packages/airflow/example_dags/example_branch_operator.py
[2025-02-24T09:28:17.730+0000] {processor.py:914} INFO - Processing file /home/airflow/.local/lib/python3.12/site-packages/airflow/example_dags/example_branch_operator.py for tasks to queue
[2025-02-24T09:28:17.732+0000] {logging_mixin.py:190} INFO - [2025-02-24T09:28:17.732+0000] {dagbag.py:588} INFO - Filling up the DagBag from /home/airflow/.local/lib/python3.12/site-packages/airflow/example_dags/example_branch_operator.py
[2025-02-24T09:28:17.747+0000] {processor.py:925} INFO - DAG(s) 'example_branch_operator' retrieved from /home/airflow/.local/lib/python3.12/site-packages/airflow/example_dags/example_branch_operator.py
[2025-02-24T09:28:17.770+0000] {logging_mixin.py:190} INFO - [2025-02-24T09:28:17.770+0000] {dag.py:3239} INFO - Sync 1 DAGs
[2025-02-24T09:28:17.795+0000] {logging_mixin.py:190} INFO - [2025-02-24T09:28:17.795+0000] {dag.py:4180} INFO - Setting next_dagrun for example_branch_operator to 2025-02-23 00:00:00+00:00, run_after=2025-02-24 00:00:00+00:00
[2025-02-24T09:28:17.808+0000] {processor.py:208} INFO - Processing /home/airflow/.local/lib/python3.12/site-packages/airflow/example_dags/example_branch_operator.py took 0.084 seconds
[2025-02-24T09:28:47.844+0000] {processor.py:186} INFO - Started process (PID=571) to work on /home/airflow/.local/lib/python3.12/site-packages/airflow/example_dags/example_branch_operator.py
[2025-02-24T09:28:47.844+0000] {processor.py:914} INFO - Processing file /home/airflow/.local/lib/python3.12/site-packages/airflow/example_dags/example_branch_operator.py for tasks to queue
[2025-02-24T09:28:47.847+0000] {logging_mixin.py:190} INFO - [2025-02-24T09:28:47.846+0000] {dagbag.py:588} INFO - Filling up the DagBag from /home/airflow/.local/lib/python3.12/site-packages/airflow/example_dags/example_branch_operator.py
[2025-02-24T09:28:47.862+0000] {processor.py:925} INFO - DAG(s) 'example_branch_operator' retrieved from /home/airflow/.local/lib/python3.12/site-packages/airflow/example_dags/example_branch_operator.py
[2025-02-24T09:28:47.890+0000] {logging_mixin.py:190} INFO - [2025-02-24T09:28:47.889+0000] {dag.py:3239} INFO - Sync 1 DAGs
[2025-02-24T09:28:47.917+0000] {logging_mixin.py:190} INFO - [2025-02-24T09:28:47.917+0000] {dag.py:4180} INFO - Setting next_dagrun for example_branch_operator to 2025-02-23 00:00:00+00:00, run_after=2025-02-24 00:00:00+00:00
[2025-02-24T09:28:47.932+0000] {processor.py:208} INFO - Processing /home/airflow/.local/lib/python3.12/site-packages/airflow/example_dags/example_branch_operator.py took 0.094 seconds
[2025-02-24T09:29:18.368+0000] {processor.py:186} INFO - Started process (PID=634) to work on /home/airflow/.local/lib/python3.12/site-packages/airflow/example_dags/example_branch_operator.py
[2025-02-24T09:29:18.368+0000] {processor.py:914} INFO - Processing file /home/airflow/.local/lib/python3.12/site-packages/airflow/example_dags/example_branch_operator.py for tasks to queue
[2025-02-24T09:29:18.370+0000] {logging_mixin.py:190} INFO - [2025-02-24T09:29:18.370+0000] {dagbag.py:588} INFO - Filling up the DagBag from /home/airflow/.local/lib/python3.12/site-packages/airflow/example_dags/example_branch_operator.py
[2025-02-24T09:29:18.384+0000] {processor.py:925} INFO - DAG(s) 'example_branch_operator' retrieved from /home/airflow/.local/lib/python3.12/site-packages/airflow/example_dags/example_branch_operator.py
[2025-02-24T09:29:18.405+0000] {logging_mixin.py:190} INFO - [2025-02-24T09:29:18.405+0000] {dag.py:3239} INFO - Sync 1 DAGs
[2025-02-24T09:29:18.425+0000] {logging_mixin.py:190} INFO - [2025-02-24T09:29:18.425+0000] {dag.py:4180} INFO - Setting next_dagrun for example_branch_operator to 2025-02-23 00:00:00+00:00, run_after=2025-02-24 00:00:00+00:00
[2025-02-24T09:29:18.440+0000] {processor.py:208} INFO - Processing /home/airflow/.local/lib/python3.12/site-packages/airflow/example_dags/example_branch_operator.py took 0.077 seconds
[2025-02-24T09:29:48.525+0000] {processor.py:186} INFO - Started process (PID=698) to work on /home/airflow/.local/lib/python3.12/site-packages/airflow/example_dags/example_branch_operator.py
[2025-02-24T09:29:48.525+0000] {processor.py:914} INFO - Processing file /home/airflow/.local/lib/python3.12/site-packages/airflow/example_dags/example_branch_operator.py for tasks to queue
[2025-02-24T09:29:48.527+0000] {logging_mixin.py:190} INFO - [2025-02-24T09:29:48.527+0000] {dagbag.py:588} INFO - Filling up the DagBag from /home/airflow/.local/lib/python3.12/site-packages/airflow/example_dags/example_branch_operator.py
[2025-02-24T09:29:48.542+0000] {processor.py:925} INFO - DAG(s) 'example_branch_operator' retrieved from /home/airflow/.local/lib/python3.12/site-packages/airflow/example_dags/example_branch_operator.py
[2025-02-24T09:29:48.565+0000] {logging_mixin.py:190} INFO - [2025-02-24T09:29:48.565+0000] {dag.py:3239} INFO - Sync 1 DAGs
[2025-02-24T09:29:48.586+0000] {logging_mixin.py:190} INFO - [2025-02-24T09:29:48.586+0000] {dag.py:4180} INFO - Setting next_dagrun for example_branch_operator to 2025-02-23 00:00:00+00:00, run_after=2025-02-24 00:00:00+00:00
[2025-02-24T09:29:48.601+0000] {processor.py:208} INFO - Processing /home/airflow/.local/lib/python3.12/site-packages/airflow/example_dags/example_branch_operator.py took 0.080 seconds
[2025-02-24T09:30:18.824+0000] {processor.py:186} INFO - Started process (PID=760) to work on /home/airflow/.local/lib/python3.12/site-packages/airflow/example_dags/example_branch_operator.py
[2025-02-24T09:30:18.824+0000] {processor.py:914} INFO - Processing file /home/airflow/.local/lib/python3.12/site-packages/airflow/example_dags/example_branch_operator.py for tasks to queue
[2025-02-24T09:30:18.826+0000] {logging_mixin.py:190} INFO - [2025-02-24T09:30:18.826+0000] {dagbag.py:588} INFO - Filling up the DagBag from /home/airflow/.local/lib/python3.12/site-packages/airflow/example_dags/example_branch_operator.py
[2025-02-24T09:30:18.840+0000] {processor.py:925} INFO - DAG(s) 'example_branch_operator' retrieved from /home/airflow/.local/lib/python3.12/site-packages/airflow/example_dags/example_branch_operator.py
[2025-02-24T09:30:18.866+0000] {logging_mixin.py:190} INFO - [2025-02-24T09:30:18.866+0000] {dag.py:3239} INFO - Sync 1 DAGs
[2025-02-24T09:30:18.885+0000] {logging_mixin.py:190} INFO - [2025-02-24T09:30:18.885+0000] {dag.py:4180} INFO - Setting next_dagrun for example_branch_operator to 2025-02-23 00:00:00+00:00, run_after=2025-02-24 00:00:00+00:00
[2025-02-24T09:30:18.898+0000] {processor.py:208} INFO - Processing /home/airflow/.local/lib/python3.12/site-packages/airflow/example_dags/example_branch_operator.py took 0.078 seconds
[2025-02-24T09:30:49.102+0000] {processor.py:186} INFO - Started process (PID=823) to work on /home/airflow/.local/lib/python3.12/site-packages/airflow/example_dags/example_branch_operator.py
[2025-02-24T09:30:49.103+0000] {processor.py:914} INFO - Processing file /home/airflow/.local/lib/python3.12/site-packages/airflow/example_dags/example_branch_operator.py for tasks to queue
[2025-02-24T09:30:49.105+0000] {logging_mixin.py:190} INFO - [2025-02-24T09:30:49.105+0000] {dagbag.py:588} INFO - Filling up the DagBag from /home/airflow/.local/lib/python3.12/site-packages/airflow/example_dags/example_branch_operator.py
[2025-02-24T09:30:49.121+0000] {processor.py:925} INFO - DAG(s) 'example_branch_operator' retrieved from /home/airflow/.local/lib/python3.12/site-packages/airflow/example_dags/example_branch_operator.py
[2025-02-24T09:30:49.145+0000] {logging_mixin.py:190} INFO - [2025-02-24T09:30:49.144+0000] {dag.py:3239} INFO - Sync 1 DAGs
[2025-02-24T09:30:49.167+0000] {logging_mixin.py:190} INFO - [2025-02-24T09:30:49.167+0000] {dag.py:4180} INFO - Setting next_dagrun for example_branch_operator to 2025-02-23 00:00:00+00:00, run_after=2025-02-24 00:00:00+00:00
[2025-02-24T09:30:49.183+0000] {processor.py:208} INFO - Processing /home/airflow/.local/lib/python3.12/site-packages/airflow/example_dags/example_branch_operator.py took 0.087 seconds
[2025-02-24T09:31:19.393+0000] {processor.py:186} INFO - Started process (PID=886) to work on /home/airflow/.local/lib/python3.12/site-packages/airflow/example_dags/example_branch_operator.py
[2025-02-24T09:31:19.394+0000] {processor.py:914} INFO - Processing file /home/airflow/.local/lib/python3.12/site-packages/airflow/example_dags/example_branch_operator.py for tasks to queue
[2025-02-24T09:31:19.396+0000] {logging_mixin.py:190} INFO - [2025-02-24T09:31:19.395+0000] {dagbag.py:588} INFO - Filling up the DagBag from /home/airflow/.local/lib/python3.12/site-packages/airflow/example_dags/example_branch_operator.py
[2025-02-24T09:31:19.410+0000] {processor.py:925} INFO - DAG(s) 'example_branch_operator' retrieved from /home/airflow/.local/lib/python3.12/site-packages/airflow/example_dags/example_branch_operator.py
[2025-02-24T09:31:19.440+0000] {logging_mixin.py:190} INFO - [2025-02-24T09:31:19.440+0000] {dag.py:3239} INFO - Sync 1 DAGs
[2025-02-24T09:31:19.463+0000] {logging_mixin.py:190} INFO - [2025-02-24T09:31:19.463+0000] {dag.py:4180} INFO - Setting next_dagrun for example_branch_operator to 2025-02-23 00:00:00+00:00, run_after=2025-02-24 00:00:00+00:00
[2025-02-24T09:31:19.479+0000] {processor.py:208} INFO - Processing /home/airflow/.local/lib/python3.12/site-packages/airflow/example_dags/example_branch_operator.py took 0.090 seconds
[2025-02-24T09:31:50.175+0000] {processor.py:186} INFO - Started process (PID=949) to work on /home/airflow/.local/lib/python3.12/site-packages/airflow/example_dags/example_branch_operator.py
[2025-02-24T09:31:50.176+0000] {processor.py:914} INFO - Processing file /home/airflow/.local/lib/python3.12/site-packages/airflow/example_dags/example_branch_operator.py for tasks to queue
[2025-02-24T09:31:50.178+0000] {logging_mixin.py:190} INFO - [2025-02-24T09:31:50.178+0000] {dagbag.py:588} INFO - Filling up the DagBag from /home/airflow/.local/lib/python3.12/site-packages/airflow/example_dags/example_branch_operator.py
[2025-02-24T09:31:50.200+0000] {processor.py:925} INFO - DAG(s) 'example_branch_operator' retrieved from /home/airflow/.local/lib/python3.12/site-packages/airflow/example_dags/example_branch_operator.py
[2025-02-24T09:31:50.235+0000] {logging_mixin.py:190} INFO - [2025-02-24T09:31:50.235+0000] {dag.py:3239} INFO - Sync 1 DAGs
[2025-02-24T09:31:50.263+0000] {logging_mixin.py:190} INFO - [2025-02-24T09:31:50.263+0000] {dag.py:4180} INFO - Setting next_dagrun for example_branch_operator to 2025-02-23 00:00:00+00:00, run_after=2025-02-24 00:00:00+00:00
[2025-02-24T09:31:50.280+0000] {processor.py:208} INFO - Processing /home/airflow/.local/lib/python3.12/site-packages/airflow/example_dags/example_branch_operator.py took 0.111 seconds
[2025-02-24T09:32:21.034+0000] {processor.py:186} INFO - Started process (PID=1012) to work on /home/airflow/.local/lib/python3.12/site-packages/airflow/example_dags/example_branch_operator.py
[2025-02-24T09:32:21.034+0000] {processor.py:914} INFO - Processing file /home/airflow/.local/lib/python3.12/site-packages/airflow/example_dags/example_branch_operator.py for tasks to queue
[2025-02-24T09:32:21.036+0000] {logging_mixin.py:190} INFO - [2025-02-24T09:32:21.036+0000] {dagbag.py:588} INFO - Filling up the DagBag from /home/airflow/.local/lib/python3.12/site-packages/airflow/example_dags/example_branch_operator.py
[2025-02-24T09:32:21.050+0000] {processor.py:925} INFO - DAG(s) 'example_branch_operator' retrieved from /home/airflow/.local/lib/python3.12/site-packages/airflow/example_dags/example_branch_operator.py
[2025-02-24T09:32:21.081+0000] {logging_mixin.py:190} INFO - [2025-02-24T09:32:21.080+0000] {dag.py:3239} INFO - Sync 1 DAGs
[2025-02-24T09:32:21.106+0000] {logging_mixin.py:190} INFO - [2025-02-24T09:32:21.106+0000] {dag.py:4180} INFO - Setting next_dagrun for example_branch_operator to 2025-02-23 00:00:00+00:00, run_after=2025-02-24 00:00:00+00:00
[2025-02-24T09:32:21.121+0000] {processor.py:208} INFO - Processing /home/airflow/.local/lib/python3.12/site-packages/airflow/example_dags/example_branch_operator.py took 0.092 seconds
[2025-02-24T09:32:51.172+0000] {processor.py:186} INFO - Started process (PID=1075) to work on /home/airflow/.local/lib/python3.12/site-packages/airflow/example_dags/example_branch_operator.py
[2025-02-24T09:32:51.172+0000] {processor.py:914} INFO - Processing file /home/airflow/.local/lib/python3.12/site-packages/airflow/example_dags/example_branch_operator.py for tasks to queue
[2025-02-24T09:32:51.174+0000] {logging_mixin.py:190} INFO - [2025-02-24T09:32:51.174+0000] {dagbag.py:588} INFO - Filling up the DagBag from /home/airflow/.local/lib/python3.12/site-packages/airflow/example_dags/example_branch_operator.py
[2025-02-24T09:32:51.189+0000] {processor.py:925} INFO - DAG(s) 'example_branch_operator' retrieved from /home/airflow/.local/lib/python3.12/site-packages/airflow/example_dags/example_branch_operator.py
[2025-02-24T09:32:51.213+0000] {logging_mixin.py:190} INFO - [2025-02-24T09:32:51.213+0000] {dag.py:3239} INFO - Sync 1 DAGs
[2025-02-24T09:32:51.246+0000] {logging_mixin.py:190} INFO - [2025-02-24T09:32:51.246+0000] {dag.py:4180} INFO - Setting next_dagrun for example_branch_operator to 2025-02-23 00:00:00+00:00, run_after=2025-02-24 00:00:00+00:00
[2025-02-24T09:32:51.264+0000] {processor.py:208} INFO - Processing /home/airflow/.local/lib/python3.12/site-packages/airflow/example_dags/example_branch_operator.py took 0.097 seconds
[2025-02-24T09:33:22.132+0000] {processor.py:186} INFO - Started process (PID=1138) to work on /home/airflow/.local/lib/python3.12/site-packages/airflow/example_dags/example_branch_operator.py
[2025-02-24T09:33:22.133+0000] {processor.py:914} INFO - Processing file /home/airflow/.local/lib/python3.12/site-packages/airflow/example_dags/example_branch_operator.py for tasks to queue
[2025-02-24T09:33:22.134+0000] {logging_mixin.py:190} INFO - [2025-02-24T09:33:22.134+0000] {dagbag.py:588} INFO - Filling up the DagBag from /home/airflow/.local/lib/python3.12/site-packages/airflow/example_dags/example_branch_operator.py
[2025-02-24T09:33:22.150+0000] {processor.py:925} INFO - DAG(s) 'example_branch_operator' retrieved from /home/airflow/.local/lib/python3.12/site-packages/airflow/example_dags/example_branch_operator.py
[2025-02-24T09:33:22.172+0000] {logging_mixin.py:190} INFO - [2025-02-24T09:33:22.172+0000] {dag.py:3239} INFO - Sync 1 DAGs
[2025-02-24T09:33:22.194+0000] {logging_mixin.py:190} INFO - [2025-02-24T09:33:22.193+0000] {dag.py:4180} INFO - Setting next_dagrun for example_branch_operator to 2025-02-23 00:00:00+00:00, run_after=2025-02-24 00:00:00+00:00
[2025-02-24T09:33:22.208+0000] {processor.py:208} INFO - Processing /home/airflow/.local/lib/python3.12/site-packages/airflow/example_dags/example_branch_operator.py took 0.081 seconds
[2025-02-24T09:33:52.273+0000] {processor.py:186} INFO - Started process (PID=1201) to work on /home/airflow/.local/lib/python3.12/site-packages/airflow/example_dags/example_branch_operator.py
[2025-02-24T09:33:52.274+0000] {processor.py:914} INFO - Processing file /home/airflow/.local/lib/python3.12/site-packages/airflow/example_dags/example_branch_operator.py for tasks to queue
[2025-02-24T09:33:52.276+0000] {logging_mixin.py:190} INFO - [2025-02-24T09:33:52.275+0000] {dagbag.py:588} INFO - Filling up the DagBag from /home/airflow/.local/lib/python3.12/site-packages/airflow/example_dags/example_branch_operator.py
[2025-02-24T09:33:52.294+0000] {processor.py:925} INFO - DAG(s) 'example_branch_operator' retrieved from /home/airflow/.local/lib/python3.12/site-packages/airflow/example_dags/example_branch_operator.py
[2025-02-24T09:33:52.336+0000] {logging_mixin.py:190} INFO - [2025-02-24T09:33:52.335+0000] {dag.py:3239} INFO - Sync 1 DAGs
[2025-02-24T09:33:52.369+0000] {logging_mixin.py:190} INFO - [2025-02-24T09:33:52.369+0000] {dag.py:4180} INFO - Setting next_dagrun for example_branch_operator to 2025-02-23 00:00:00+00:00, run_after=2025-02-24 00:00:00+00:00
[2025-02-24T09:33:52.394+0000] {processor.py:208} INFO - Processing /home/airflow/.local/lib/python3.12/site-packages/airflow/example_dags/example_branch_operator.py took 0.125 seconds
[2025-02-24T09:34:22.599+0000] {processor.py:186} INFO - Started process (PID=1265) to work on /home/airflow/.local/lib/python3.12/site-packages/airflow/example_dags/example_branch_operator.py
[2025-02-24T09:34:22.600+0000] {processor.py:914} INFO - Processing file /home/airflow/.local/lib/python3.12/site-packages/airflow/example_dags/example_branch_operator.py for tasks to queue
[2025-02-24T09:34:22.602+0000] {logging_mixin.py:190} INFO - [2025-02-24T09:34:22.602+0000] {dagbag.py:588} INFO - Filling up the DagBag from /home/airflow/.local/lib/python3.12/site-packages/airflow/example_dags/example_branch_operator.py
[2025-02-24T09:34:22.616+0000] {processor.py:925} INFO - DAG(s) 'example_branch_operator' retrieved from /home/airflow/.local/lib/python3.12/site-packages/airflow/example_dags/example_branch_operator.py
[2025-02-24T09:34:22.645+0000] {logging_mixin.py:190} INFO - [2025-02-24T09:34:22.645+0000] {dag.py:3239} INFO - Sync 1 DAGs
[2025-02-24T09:34:22.670+0000] {logging_mixin.py:190} INFO - [2025-02-24T09:34:22.670+0000] {dag.py:4180} INFO - Setting next_dagrun for example_branch_operator to 2025-02-23 00:00:00+00:00, run_after=2025-02-24 00:00:00+00:00
[2025-02-24T09:34:22.684+0000] {processor.py:208} INFO - Processing /home/airflow/.local/lib/python3.12/site-packages/airflow/example_dags/example_branch_operator.py took 0.091 seconds
[2025-02-24T09:34:52.922+0000] {processor.py:186} INFO - Started process (PID=1329) to work on /home/airflow/.local/lib/python3.12/site-packages/airflow/example_dags/example_branch_operator.py
[2025-02-24T09:34:52.922+0000] {processor.py:914} INFO - Processing file /home/airflow/.local/lib/python3.12/site-packages/airflow/example_dags/example_branch_operator.py for tasks to queue
[2025-02-24T09:34:52.924+0000] {logging_mixin.py:190} INFO - [2025-02-24T09:34:52.924+0000] {dagbag.py:588} INFO - Filling up the DagBag from /home/airflow/.local/lib/python3.12/site-packages/airflow/example_dags/example_branch_operator.py
[2025-02-24T09:34:52.938+0000] {processor.py:925} INFO - DAG(s) 'example_branch_operator' retrieved from /home/airflow/.local/lib/python3.12/site-packages/airflow/example_dags/example_branch_operator.py
[2025-02-24T09:34:52.968+0000] {logging_mixin.py:190} INFO - [2025-02-24T09:34:52.968+0000] {dag.py:3239} INFO - Sync 1 DAGs
[2025-02-24T09:34:52.998+0000] {logging_mixin.py:190} INFO - [2025-02-24T09:34:52.998+0000] {dag.py:4180} INFO - Setting next_dagrun for example_branch_operator to 2025-02-23 00:00:00+00:00, run_after=2025-02-24 00:00:00+00:00
[2025-02-24T09:34:53.012+0000] {processor.py:208} INFO - Processing /home/airflow/.local/lib/python3.12/site-packages/airflow/example_dags/example_branch_operator.py took 0.095 seconds
[2025-02-24T09:35:23.720+0000] {processor.py:186} INFO - Started process (PID=1393) to work on /home/airflow/.local/lib/python3.12/site-packages/airflow/example_dags/example_branch_operator.py
[2025-02-24T09:35:23.721+0000] {processor.py:914} INFO - Processing file /home/airflow/.local/lib/python3.12/site-packages/airflow/example_dags/example_branch_operator.py for tasks to queue
[2025-02-24T09:35:23.724+0000] {logging_mixin.py:190} INFO - [2025-02-24T09:35:23.724+0000] {dagbag.py:588} INFO - Filling up the DagBag from /home/airflow/.local/lib/python3.12/site-packages/airflow/example_dags/example_branch_operator.py
[2025-02-24T09:35:23.744+0000] {processor.py:925} INFO - DAG(s) 'example_branch_operator' retrieved from /home/airflow/.local/lib/python3.12/site-packages/airflow/example_dags/example_branch_operator.py
[2025-02-24T09:35:23.777+0000] {logging_mixin.py:190} INFO - [2025-02-24T09:35:23.777+0000] {dag.py:3239} INFO - Sync 1 DAGs
[2025-02-24T09:35:23.805+0000] {logging_mixin.py:190} INFO - [2025-02-24T09:35:23.804+0000] {dag.py:4180} INFO - Setting next_dagrun for example_branch_operator to 2025-02-23 00:00:00+00:00, run_after=2025-02-24 00:00:00+00:00
[2025-02-24T09:35:23.819+0000] {processor.py:208} INFO - Processing /home/airflow/.local/lib/python3.12/site-packages/airflow/example_dags/example_branch_operator.py took 0.103 seconds
[2025-02-24T09:35:54.500+0000] {processor.py:186} INFO - Started process (PID=1456) to work on /home/airflow/.local/lib/python3.12/site-packages/airflow/example_dags/example_branch_operator.py
[2025-02-24T09:35:54.501+0000] {processor.py:914} INFO - Processing file /home/airflow/.local/lib/python3.12/site-packages/airflow/example_dags/example_branch_operator.py for tasks to queue
[2025-02-24T09:35:54.502+0000] {logging_mixin.py:190} INFO - [2025-02-24T09:35:54.502+0000] {dagbag.py:588} INFO - Filling up the DagBag from /home/airflow/.local/lib/python3.12/site-packages/airflow/example_dags/example_branch_operator.py
[2025-02-24T09:35:54.516+0000] {processor.py:925} INFO - DAG(s) 'example_branch_operator' retrieved from /home/airflow/.local/lib/python3.12/site-packages/airflow/example_dags/example_branch_operator.py
[2025-02-24T09:35:54.540+0000] {logging_mixin.py:190} INFO - [2025-02-24T09:35:54.540+0000] {dag.py:3239} INFO - Sync 1 DAGs
[2025-02-24T09:35:54.563+0000] {logging_mixin.py:190} INFO - [2025-02-24T09:35:54.563+0000] {dag.py:4180} INFO - Setting next_dagrun for example_branch_operator to 2025-02-23 00:00:00+00:00, run_after=2025-02-24 00:00:00+00:00
[2025-02-24T09:35:54.577+0000] {processor.py:208} INFO - Processing /home/airflow/.local/lib/python3.12/site-packages/airflow/example_dags/example_branch_operator.py took 0.081 seconds
[2025-02-24T09:36:24.757+0000] {processor.py:186} INFO - Started process (PID=1519) to work on /home/airflow/.local/lib/python3.12/site-packages/airflow/example_dags/example_branch_operator.py
[2025-02-24T09:36:24.757+0000] {processor.py:914} INFO - Processing file /home/airflow/.local/lib/python3.12/site-packages/airflow/example_dags/example_branch_operator.py for tasks to queue
[2025-02-24T09:36:24.759+0000] {logging_mixin.py:190} INFO - [2025-02-24T09:36:24.759+0000] {dagbag.py:588} INFO - Filling up the DagBag from /home/airflow/.local/lib/python3.12/site-packages/airflow/example_dags/example_branch_operator.py
[2025-02-24T09:36:24.774+0000] {processor.py:925} INFO - DAG(s) 'example_branch_operator' retrieved from /home/airflow/.local/lib/python3.12/site-packages/airflow/example_dags/example_branch_operator.py
[2025-02-24T09:36:24.805+0000] {logging_mixin.py:190} INFO - [2025-02-24T09:36:24.804+0000] {dag.py:3239} INFO - Sync 1 DAGs
[2025-02-24T09:36:24.829+0000] {logging_mixin.py:190} INFO - [2025-02-24T09:36:24.829+0000] {dag.py:4180} INFO - Setting next_dagrun for example_branch_operator to 2025-02-23 00:00:00+00:00, run_after=2025-02-24 00:00:00+00:00
[2025-02-24T09:36:24.844+0000] {processor.py:208} INFO - Processing /home/airflow/.local/lib/python3.12/site-packages/airflow/example_dags/example_branch_operator.py took 0.092 seconds
[2025-02-24T09:36:54.934+0000] {processor.py:186} INFO - Started process (PID=1584) to work on /home/airflow/.local/lib/python3.12/site-packages/airflow/example_dags/example_branch_operator.py
[2025-02-24T09:36:54.934+0000] {processor.py:914} INFO - Processing file /home/airflow/.local/lib/python3.12/site-packages/airflow/example_dags/example_branch_operator.py for tasks to queue
[2025-02-24T09:36:54.936+0000] {logging_mixin.py:190} INFO - [2025-02-24T09:36:54.936+0000] {dagbag.py:588} INFO - Filling up the DagBag from /home/airflow/.local/lib/python3.12/site-packages/airflow/example_dags/example_branch_operator.py
[2025-02-24T09:36:54.952+0000] {processor.py:925} INFO - DAG(s) 'example_branch_operator' retrieved from /home/airflow/.local/lib/python3.12/site-packages/airflow/example_dags/example_branch_operator.py
[2025-02-24T09:36:54.975+0000] {logging_mixin.py:190} INFO - [2025-02-24T09:36:54.975+0000] {dag.py:3239} INFO - Sync 1 DAGs
[2025-02-24T09:36:54.994+0000] {logging_mixin.py:190} INFO - [2025-02-24T09:36:54.994+0000] {dag.py:4180} INFO - Setting next_dagrun for example_branch_operator to 2025-02-23 00:00:00+00:00, run_after=2025-02-24 00:00:00+00:00
[2025-02-24T09:36:55.008+0000] {processor.py:208} INFO - Processing /home/airflow/.local/lib/python3.12/site-packages/airflow/example_dags/example_branch_operator.py took 0.079 seconds
[2025-02-24T09:37:25.072+0000] {processor.py:186} INFO - Started process (PID=1648) to work on /home/airflow/.local/lib/python3.12/site-packages/airflow/example_dags/example_branch_operator.py
[2025-02-24T09:37:25.073+0000] {processor.py:914} INFO - Processing file /home/airflow/.local/lib/python3.12/site-packages/airflow/example_dags/example_branch_operator.py for tasks to queue
[2025-02-24T09:37:25.075+0000] {logging_mixin.py:190} INFO - [2025-02-24T09:37:25.074+0000] {dagbag.py:588} INFO - Filling up the DagBag from /home/airflow/.local/lib/python3.12/site-packages/airflow/example_dags/example_branch_operator.py
[2025-02-24T09:37:25.089+0000] {processor.py:925} INFO - DAG(s) 'example_branch_operator' retrieved from /home/airflow/.local/lib/python3.12/site-packages/airflow/example_dags/example_branch_operator.py
[2025-02-24T09:37:25.112+0000] {logging_mixin.py:190} INFO - [2025-02-24T09:37:25.111+0000] {dag.py:3239} INFO - Sync 1 DAGs
[2025-02-24T09:37:25.131+0000] {logging_mixin.py:190} INFO - [2025-02-24T09:37:25.131+0000] {dag.py:4180} INFO - Setting next_dagrun for example_branch_operator to 2025-02-23 00:00:00+00:00, run_after=2025-02-24 00:00:00+00:00
[2025-02-24T09:37:25.144+0000] {processor.py:208} INFO - Processing /home/airflow/.local/lib/python3.12/site-packages/airflow/example_dags/example_branch_operator.py took 0.076 seconds
[2025-02-24T09:37:55.362+0000] {processor.py:186} INFO - Started process (PID=1711) to work on /home/airflow/.local/lib/python3.12/site-packages/airflow/example_dags/example_branch_operator.py
[2025-02-24T09:37:55.363+0000] {processor.py:914} INFO - Processing file /home/airflow/.local/lib/python3.12/site-packages/airflow/example_dags/example_branch_operator.py for tasks to queue
[2025-02-24T09:37:55.366+0000] {logging_mixin.py:190} INFO - [2025-02-24T09:37:55.365+0000] {dagbag.py:588} INFO - Filling up the DagBag from /home/airflow/.local/lib/python3.12/site-packages/airflow/example_dags/example_branch_operator.py
[2025-02-24T09:37:55.388+0000] {processor.py:925} INFO - DAG(s) 'example_branch_operator' retrieved from /home/airflow/.local/lib/python3.12/site-packages/airflow/example_dags/example_branch_operator.py
[2025-02-24T09:37:55.423+0000] {logging_mixin.py:190} INFO - [2025-02-24T09:37:55.423+0000] {dag.py:3239} INFO - Sync 1 DAGs
[2025-02-24T09:37:55.453+0000] {logging_mixin.py:190} INFO - [2025-02-24T09:37:55.452+0000] {dag.py:4180} INFO - Setting next_dagrun for example_branch_operator to 2025-02-23 00:00:00+00:00, run_after=2025-02-24 00:00:00+00:00
[2025-02-24T09:37:55.471+0000] {processor.py:208} INFO - Processing /home/airflow/.local/lib/python3.12/site-packages/airflow/example_dags/example_branch_operator.py took 0.115 seconds
[2025-02-24T09:38:25.545+0000] {processor.py:186} INFO - Started process (PID=1775) to work on /home/airflow/.local/lib/python3.12/site-packages/airflow/example_dags/example_branch_operator.py
[2025-02-24T09:38:25.546+0000] {processor.py:914} INFO - Processing file /home/airflow/.local/lib/python3.12/site-packages/airflow/example_dags/example_branch_operator.py for tasks to queue
[2025-02-24T09:38:25.547+0000] {logging_mixin.py:190} INFO - [2025-02-24T09:38:25.547+0000] {dagbag.py:588} INFO - Filling up the DagBag from /home/airflow/.local/lib/python3.12/site-packages/airflow/example_dags/example_branch_operator.py
[2025-02-24T09:38:25.561+0000] {processor.py:925} INFO - DAG(s) 'example_branch_operator' retrieved from /home/airflow/.local/lib/python3.12/site-packages/airflow/example_dags/example_branch_operator.py
[2025-02-24T09:38:25.592+0000] {logging_mixin.py:190} INFO - [2025-02-24T09:38:25.592+0000] {dag.py:3239} INFO - Sync 1 DAGs
[2025-02-24T09:38:25.617+0000] {logging_mixin.py:190} INFO - [2025-02-24T09:38:25.617+0000] {dag.py:4180} INFO - Setting next_dagrun for example_branch_operator to 2025-02-23 00:00:00+00:00, run_after=2025-02-24 00:00:00+00:00
[2025-02-24T09:38:25.632+0000] {processor.py:208} INFO - Processing /home/airflow/.local/lib/python3.12/site-packages/airflow/example_dags/example_branch_operator.py took 0.092 seconds
[2025-02-24T09:38:55.933+0000] {processor.py:186} INFO - Started process (PID=1839) to work on /home/airflow/.local/lib/python3.12/site-packages/airflow/example_dags/example_branch_operator.py
[2025-02-24T09:38:55.933+0000] {processor.py:914} INFO - Processing file /home/airflow/.local/lib/python3.12/site-packages/airflow/example_dags/example_branch_operator.py for tasks to queue
[2025-02-24T09:38:55.935+0000] {logging_mixin.py:190} INFO - [2025-02-24T09:38:55.935+0000] {dagbag.py:588} INFO - Filling up the DagBag from /home/airflow/.local/lib/python3.12/site-packages/airflow/example_dags/example_branch_operator.py
[2025-02-24T09:38:55.949+0000] {processor.py:925} INFO - DAG(s) 'example_branch_operator' retrieved from /home/airflow/.local/lib/python3.12/site-packages/airflow/example_dags/example_branch_operator.py
[2025-02-24T09:38:55.978+0000] {logging_mixin.py:190} INFO - [2025-02-24T09:38:55.978+0000] {dag.py:3239} INFO - Sync 1 DAGs
[2025-02-24T09:38:56.005+0000] {logging_mixin.py:190} INFO - [2025-02-24T09:38:56.005+0000] {dag.py:4180} INFO - Setting next_dagrun for example_branch_operator to 2025-02-23 00:00:00+00:00, run_after=2025-02-24 00:00:00+00:00
[2025-02-24T09:38:56.022+0000] {processor.py:208} INFO - Processing /home/airflow/.local/lib/python3.12/site-packages/airflow/example_dags/example_branch_operator.py took 0.094 seconds
[2025-02-24T09:39:26.604+0000] {processor.py:186} INFO - Started process (PID=1903) to work on /home/airflow/.local/lib/python3.12/site-packages/airflow/example_dags/example_branch_operator.py
[2025-02-24T09:39:26.604+0000] {processor.py:914} INFO - Processing file /home/airflow/.local/lib/python3.12/site-packages/airflow/example_dags/example_branch_operator.py for tasks to queue
[2025-02-24T09:39:26.606+0000] {logging_mixin.py:190} INFO - [2025-02-24T09:39:26.606+0000] {dagbag.py:588} INFO - Filling up the DagBag from /home/airflow/.local/lib/python3.12/site-packages/airflow/example_dags/example_branch_operator.py
[2025-02-24T09:39:26.621+0000] {processor.py:925} INFO - DAG(s) 'example_branch_operator' retrieved from /home/airflow/.local/lib/python3.12/site-packages/airflow/example_dags/example_branch_operator.py
[2025-02-24T09:39:26.644+0000] {logging_mixin.py:190} INFO - [2025-02-24T09:39:26.644+0000] {dag.py:3239} INFO - Sync 1 DAGs
[2025-02-24T09:39:26.664+0000] {logging_mixin.py:190} INFO - [2025-02-24T09:39:26.664+0000] {dag.py:4180} INFO - Setting next_dagrun for example_branch_operator to 2025-02-23 00:00:00+00:00, run_after=2025-02-24 00:00:00+00:00
[2025-02-24T09:39:26.680+0000] {processor.py:208} INFO - Processing /home/airflow/.local/lib/python3.12/site-packages/airflow/example_dags/example_branch_operator.py took 0.081 seconds
[2025-02-24T09:39:57.250+0000] {processor.py:186} INFO - Started process (PID=1961) to work on /home/airflow/.local/lib/python3.12/site-packages/airflow/example_dags/example_branch_operator.py
[2025-02-24T09:39:57.251+0000] {processor.py:914} INFO - Processing file /home/airflow/.local/lib/python3.12/site-packages/airflow/example_dags/example_branch_operator.py for tasks to queue
[2025-02-24T09:39:57.252+0000] {logging_mixin.py:190} INFO - [2025-02-24T09:39:57.252+0000] {dagbag.py:588} INFO - Filling up the DagBag from /home/airflow/.local/lib/python3.12/site-packages/airflow/example_dags/example_branch_operator.py
[2025-02-24T09:39:57.268+0000] {processor.py:925} INFO - DAG(s) 'example_branch_operator' retrieved from /home/airflow/.local/lib/python3.12/site-packages/airflow/example_dags/example_branch_operator.py
[2025-02-24T09:39:57.298+0000] {logging_mixin.py:190} INFO - [2025-02-24T09:39:57.297+0000] {dag.py:3239} INFO - Sync 1 DAGs
[2025-02-24T09:39:57.319+0000] {logging_mixin.py:190} INFO - [2025-02-24T09:39:57.319+0000] {dag.py:4180} INFO - Setting next_dagrun for example_branch_operator to 2025-02-23 00:00:00+00:00, run_after=2025-02-24 00:00:00+00:00
[2025-02-24T09:39:57.337+0000] {processor.py:208} INFO - Processing /home/airflow/.local/lib/python3.12/site-packages/airflow/example_dags/example_branch_operator.py took 0.091 seconds
[2025-02-24T09:40:27.597+0000] {processor.py:186} INFO - Started process (PID=2025) to work on /home/airflow/.local/lib/python3.12/site-packages/airflow/example_dags/example_branch_operator.py
[2025-02-24T09:40:27.597+0000] {processor.py:914} INFO - Processing file /home/airflow/.local/lib/python3.12/site-packages/airflow/example_dags/example_branch_operator.py for tasks to queue
[2025-02-24T09:40:27.599+0000] {logging_mixin.py:190} INFO - [2025-02-24T09:40:27.599+0000] {dagbag.py:588} INFO - Filling up the DagBag from /home/airflow/.local/lib/python3.12/site-packages/airflow/example_dags/example_branch_operator.py
[2025-02-24T09:40:27.613+0000] {processor.py:925} INFO - DAG(s) 'example_branch_operator' retrieved from /home/airflow/.local/lib/python3.12/site-packages/airflow/example_dags/example_branch_operator.py
[2025-02-24T09:40:27.642+0000] {logging_mixin.py:190} INFO - [2025-02-24T09:40:27.641+0000] {dag.py:3239} INFO - Sync 1 DAGs
[2025-02-24T09:40:27.666+0000] {logging_mixin.py:190} INFO - [2025-02-24T09:40:27.666+0000] {dag.py:4180} INFO - Setting next_dagrun for example_branch_operator to 2025-02-23 00:00:00+00:00, run_after=2025-02-24 00:00:00+00:00
[2025-02-24T09:40:27.681+0000] {processor.py:208} INFO - Processing /home/airflow/.local/lib/python3.12/site-packages/airflow/example_dags/example_branch_operator.py took 0.088 seconds
[2025-02-24T09:40:58.491+0000] {processor.py:186} INFO - Started process (PID=2089) to work on /home/airflow/.local/lib/python3.12/site-packages/airflow/example_dags/example_branch_operator.py
[2025-02-24T09:40:58.491+0000] {processor.py:914} INFO - Processing file /home/airflow/.local/lib/python3.12/site-packages/airflow/example_dags/example_branch_operator.py for tasks to queue
[2025-02-24T09:40:58.493+0000] {logging_mixin.py:190} INFO - [2025-02-24T09:40:58.492+0000] {dagbag.py:588} INFO - Filling up the DagBag from /home/airflow/.local/lib/python3.12/site-packages/airflow/example_dags/example_branch_operator.py
[2025-02-24T09:40:58.511+0000] {processor.py:925} INFO - DAG(s) 'example_branch_operator' retrieved from /home/airflow/.local/lib/python3.12/site-packages/airflow/example_dags/example_branch_operator.py
[2025-02-24T09:40:58.535+0000] {logging_mixin.py:190} INFO - [2025-02-24T09:40:58.535+0000] {dag.py:3239} INFO - Sync 1 DAGs
[2025-02-24T09:40:58.561+0000] {logging_mixin.py:190} INFO - [2025-02-24T09:40:58.561+0000] {dag.py:4180} INFO - Setting next_dagrun for example_branch_operator to 2025-02-23 00:00:00+00:00, run_after=2025-02-24 00:00:00+00:00
[2025-02-24T09:40:58.575+0000] {processor.py:208} INFO - Processing /home/airflow/.local/lib/python3.12/site-packages/airflow/example_dags/example_branch_operator.py took 0.089 seconds
