[2025-02-24T09:24:47.477+0000] {processor.py:186} INFO - Started process (PID=79) to work on /home/airflow/.local/lib/python3.12/site-packages/airflow/example_dags/example_dataset_alias.py
[2025-02-24T09:24:47.478+0000] {processor.py:914} INFO - Processing file /home/airflow/.local/lib/python3.12/site-packages/airflow/example_dags/example_dataset_alias.py for tasks to queue
[2025-02-24T09:24:47.480+0000] {logging_mixin.py:190} INFO - [2025-02-24T09:24:47.480+0000] {dagbag.py:588} INFO - Filling up the DagBag from /home/airflow/.local/lib/python3.12/site-packages/airflow/example_dags/example_dataset_alias.py
[2025-02-24T09:24:49.886+0000] {processor.py:925} INFO - DAG(s) 'dataset_alias_example_alias_producer', 'dataset_s3_bucket_producer', 'dataset_s3_bucket_consumer', 'dataset_alias_example_alias_consumer' retrieved from /home/airflow/.local/lib/python3.12/site-packages/airflow/example_dags/example_dataset_alias.py
[2025-02-24T09:24:50.027+0000] {logging_mixin.py:190} INFO - [2025-02-24T09:24:50.026+0000] {override.py:1911} INFO - Created Permission View: can edit on DAG:dataset_alias_example_alias_producer
[2025-02-24T09:24:50.050+0000] {logging_mixin.py:190} INFO - [2025-02-24T09:24:50.050+0000] {override.py:1911} INFO - Created Permission View: can read on DAG:dataset_alias_example_alias_producer
[2025-02-24T09:24:50.061+0000] {logging_mixin.py:190} INFO - [2025-02-24T09:24:50.061+0000] {override.py:1911} INFO - Created Permission View: can delete on DAG:dataset_alias_example_alias_producer
[2025-02-24T09:24:50.067+0000] {logging_mixin.py:190} INFO - [2025-02-24T09:24:50.067+0000] {override.py:1911} INFO - Created Permission View: can create on DAG Run:dataset_alias_example_alias_producer
[2025-02-24T09:24:50.074+0000] {logging_mixin.py:190} INFO - [2025-02-24T09:24:50.073+0000] {override.py:1911} INFO - Created Permission View: can read on DAG Run:dataset_alias_example_alias_producer
[2025-02-24T09:24:50.081+0000] {logging_mixin.py:190} INFO - [2025-02-24T09:24:50.080+0000] {override.py:1911} INFO - Created Permission View: menu access on DAG Run:dataset_alias_example_alias_producer
[2025-02-24T09:24:50.088+0000] {logging_mixin.py:190} INFO - [2025-02-24T09:24:50.087+0000] {override.py:1911} INFO - Created Permission View: can delete on DAG Run:dataset_alias_example_alias_producer
[2025-02-24T09:24:50.102+0000] {logging_mixin.py:190} INFO - [2025-02-24T09:24:50.101+0000] {override.py:1911} INFO - Created Permission View: can edit on DAG:dataset_s3_bucket_producer
[2025-02-24T09:24:50.108+0000] {logging_mixin.py:190} INFO - [2025-02-24T09:24:50.108+0000] {override.py:1911} INFO - Created Permission View: can read on DAG:dataset_s3_bucket_producer
[2025-02-24T09:24:50.115+0000] {logging_mixin.py:190} INFO - [2025-02-24T09:24:50.115+0000] {override.py:1911} INFO - Created Permission View: can delete on DAG:dataset_s3_bucket_producer
[2025-02-24T09:24:50.122+0000] {logging_mixin.py:190} INFO - [2025-02-24T09:24:50.122+0000] {override.py:1911} INFO - Created Permission View: can create on DAG Run:dataset_s3_bucket_producer
[2025-02-24T09:24:50.129+0000] {logging_mixin.py:190} INFO - [2025-02-24T09:24:50.128+0000] {override.py:1911} INFO - Created Permission View: can read on DAG Run:dataset_s3_bucket_producer
[2025-02-24T09:24:50.135+0000] {logging_mixin.py:190} INFO - [2025-02-24T09:24:50.135+0000] {override.py:1911} INFO - Created Permission View: menu access on DAG Run:dataset_s3_bucket_producer
[2025-02-24T09:24:50.142+0000] {logging_mixin.py:190} INFO - [2025-02-24T09:24:50.142+0000] {override.py:1911} INFO - Created Permission View: can delete on DAG Run:dataset_s3_bucket_producer
[2025-02-24T09:24:50.155+0000] {logging_mixin.py:190} INFO - [2025-02-24T09:24:50.155+0000] {override.py:1911} INFO - Created Permission View: can edit on DAG:dataset_s3_bucket_consumer
[2025-02-24T09:24:50.162+0000] {logging_mixin.py:190} INFO - [2025-02-24T09:24:50.161+0000] {override.py:1911} INFO - Created Permission View: can read on DAG:dataset_s3_bucket_consumer
[2025-02-24T09:24:50.169+0000] {logging_mixin.py:190} INFO - [2025-02-24T09:24:50.168+0000] {override.py:1911} INFO - Created Permission View: can delete on DAG:dataset_s3_bucket_consumer
[2025-02-24T09:24:50.176+0000] {logging_mixin.py:190} INFO - [2025-02-24T09:24:50.176+0000] {override.py:1911} INFO - Created Permission View: can create on DAG Run:dataset_s3_bucket_consumer
[2025-02-24T09:24:50.182+0000] {logging_mixin.py:190} INFO - [2025-02-24T09:24:50.182+0000] {override.py:1911} INFO - Created Permission View: can read on DAG Run:dataset_s3_bucket_consumer
[2025-02-24T09:24:50.190+0000] {logging_mixin.py:190} INFO - [2025-02-24T09:24:50.190+0000] {override.py:1911} INFO - Created Permission View: menu access on DAG Run:dataset_s3_bucket_consumer
[2025-02-24T09:24:50.198+0000] {logging_mixin.py:190} INFO - [2025-02-24T09:24:50.197+0000] {override.py:1911} INFO - Created Permission View: can delete on DAG Run:dataset_s3_bucket_consumer
[2025-02-24T09:24:50.215+0000] {logging_mixin.py:190} INFO - [2025-02-24T09:24:50.215+0000] {override.py:1911} INFO - Created Permission View: can edit on DAG:dataset_alias_example_alias_consumer
[2025-02-24T09:24:50.223+0000] {logging_mixin.py:190} INFO - [2025-02-24T09:24:50.222+0000] {override.py:1911} INFO - Created Permission View: can read on DAG:dataset_alias_example_alias_consumer
[2025-02-24T09:24:50.238+0000] {logging_mixin.py:190} INFO - [2025-02-24T09:24:50.238+0000] {override.py:1911} INFO - Created Permission View: can delete on DAG:dataset_alias_example_alias_consumer
[2025-02-24T09:24:50.250+0000] {logging_mixin.py:190} INFO - [2025-02-24T09:24:50.250+0000] {override.py:1911} INFO - Created Permission View: can create on DAG Run:dataset_alias_example_alias_consumer
[2025-02-24T09:24:50.257+0000] {logging_mixin.py:190} INFO - [2025-02-24T09:24:50.257+0000] {override.py:1911} INFO - Created Permission View: can read on DAG Run:dataset_alias_example_alias_consumer
[2025-02-24T09:24:50.264+0000] {logging_mixin.py:190} INFO - [2025-02-24T09:24:50.264+0000] {override.py:1911} INFO - Created Permission View: menu access on DAG Run:dataset_alias_example_alias_consumer
[2025-02-24T09:24:50.271+0000] {logging_mixin.py:190} INFO - [2025-02-24T09:24:50.271+0000] {override.py:1911} INFO - Created Permission View: can delete on DAG Run:dataset_alias_example_alias_consumer
[2025-02-24T09:24:50.272+0000] {logging_mixin.py:190} INFO - [2025-02-24T09:24:50.271+0000] {dag.py:3239} INFO - Sync 4 DAGs
[2025-02-24T09:24:50.293+0000] {logging_mixin.py:190} INFO - [2025-02-24T09:24:50.292+0000] {dag.py:3262} INFO - Creating ORM DAG for dataset_s3_bucket_producer
[2025-02-24T09:24:50.294+0000] {logging_mixin.py:190} INFO - [2025-02-24T09:24:50.294+0000] {dag.py:3262} INFO - Creating ORM DAG for dataset_alias_example_alias_producer
[2025-02-24T09:24:50.295+0000] {logging_mixin.py:190} INFO - [2025-02-24T09:24:50.295+0000] {dag.py:3262} INFO - Creating ORM DAG for dataset_s3_bucket_consumer
[2025-02-24T09:24:50.296+0000] {logging_mixin.py:190} INFO - [2025-02-24T09:24:50.296+0000] {dag.py:3262} INFO - Creating ORM DAG for dataset_alias_example_alias_consumer
[2025-02-24T09:24:50.308+0000] {logging_mixin.py:190} INFO - [2025-02-24T09:24:50.308+0000] {dag.py:4180} INFO - Setting next_dagrun for dataset_alias_example_alias_consumer to None, run_after=None
[2025-02-24T09:24:50.309+0000] {logging_mixin.py:190} INFO - [2025-02-24T09:24:50.309+0000] {dag.py:4180} INFO - Setting next_dagrun for dataset_alias_example_alias_producer to None, run_after=None
[2025-02-24T09:24:50.310+0000] {logging_mixin.py:190} INFO - [2025-02-24T09:24:50.310+0000] {dag.py:4180} INFO - Setting next_dagrun for dataset_s3_bucket_consumer to None, run_after=None
[2025-02-24T09:24:50.311+0000] {logging_mixin.py:190} INFO - [2025-02-24T09:24:50.311+0000] {dag.py:4180} INFO - Setting next_dagrun for dataset_s3_bucket_producer to None, run_after=None
[2025-02-24T09:24:50.347+0000] {processor.py:208} INFO - Processing /home/airflow/.local/lib/python3.12/site-packages/airflow/example_dags/example_dataset_alias.py took 2.888 seconds
[2025-02-24T09:25:20.461+0000] {processor.py:186} INFO - Started process (PID=150) to work on /home/airflow/.local/lib/python3.12/site-packages/airflow/example_dags/example_dataset_alias.py
[2025-02-24T09:25:20.461+0000] {processor.py:914} INFO - Processing file /home/airflow/.local/lib/python3.12/site-packages/airflow/example_dags/example_dataset_alias.py for tasks to queue
[2025-02-24T09:25:20.463+0000] {logging_mixin.py:190} INFO - [2025-02-24T09:25:20.463+0000] {dagbag.py:588} INFO - Filling up the DagBag from /home/airflow/.local/lib/python3.12/site-packages/airflow/example_dags/example_dataset_alias.py
[2025-02-24T09:25:21.069+0000] {processor.py:925} INFO - DAG(s) 'dataset_alias_example_alias_consumer', 'dataset_alias_example_alias_producer', 'dataset_s3_bucket_producer', 'dataset_s3_bucket_consumer' retrieved from /home/airflow/.local/lib/python3.12/site-packages/airflow/example_dags/example_dataset_alias.py
[2025-02-24T09:25:21.085+0000] {logging_mixin.py:190} INFO - [2025-02-24T09:25:21.084+0000] {dag.py:3239} INFO - Sync 4 DAGs
[2025-02-24T09:25:21.102+0000] {logging_mixin.py:190} INFO - [2025-02-24T09:25:21.102+0000] {dag.py:4180} INFO - Setting next_dagrun for dataset_alias_example_alias_consumer to None, run_after=None
[2025-02-24T09:25:21.104+0000] {logging_mixin.py:190} INFO - [2025-02-24T09:25:21.104+0000] {dag.py:4180} INFO - Setting next_dagrun for dataset_alias_example_alias_producer to None, run_after=None
[2025-02-24T09:25:21.105+0000] {logging_mixin.py:190} INFO - [2025-02-24T09:25:21.105+0000] {dag.py:4180} INFO - Setting next_dagrun for dataset_s3_bucket_consumer to None, run_after=None
[2025-02-24T09:25:21.106+0000] {logging_mixin.py:190} INFO - [2025-02-24T09:25:21.106+0000] {dag.py:4180} INFO - Setting next_dagrun for dataset_s3_bucket_producer to None, run_after=None
[2025-02-24T09:25:21.122+0000] {processor.py:208} INFO - Processing /home/airflow/.local/lib/python3.12/site-packages/airflow/example_dags/example_dataset_alias.py took 0.667 seconds
[2025-02-24T09:25:51.743+0000] {processor.py:186} INFO - Started process (PID=214) to work on /home/airflow/.local/lib/python3.12/site-packages/airflow/example_dags/example_dataset_alias.py
[2025-02-24T09:25:51.744+0000] {processor.py:914} INFO - Processing file /home/airflow/.local/lib/python3.12/site-packages/airflow/example_dags/example_dataset_alias.py for tasks to queue
[2025-02-24T09:25:51.746+0000] {logging_mixin.py:190} INFO - [2025-02-24T09:25:51.746+0000] {dagbag.py:588} INFO - Filling up the DagBag from /home/airflow/.local/lib/python3.12/site-packages/airflow/example_dags/example_dataset_alias.py
[2025-02-24T09:25:52.379+0000] {processor.py:925} INFO - DAG(s) 'dataset_alias_example_alias_producer', 'dataset_s3_bucket_consumer', 'dataset_s3_bucket_producer', 'dataset_alias_example_alias_consumer' retrieved from /home/airflow/.local/lib/python3.12/site-packages/airflow/example_dags/example_dataset_alias.py
[2025-02-24T09:25:52.396+0000] {logging_mixin.py:190} INFO - [2025-02-24T09:25:52.396+0000] {dag.py:3239} INFO - Sync 4 DAGs
[2025-02-24T09:25:52.417+0000] {logging_mixin.py:190} INFO - [2025-02-24T09:25:52.416+0000] {dag.py:4180} INFO - Setting next_dagrun for dataset_alias_example_alias_consumer to None, run_after=None
[2025-02-24T09:25:52.420+0000] {logging_mixin.py:190} INFO - [2025-02-24T09:25:52.419+0000] {dag.py:4180} INFO - Setting next_dagrun for dataset_alias_example_alias_producer to None, run_after=None
[2025-02-24T09:25:52.421+0000] {logging_mixin.py:190} INFO - [2025-02-24T09:25:52.421+0000] {dag.py:4180} INFO - Setting next_dagrun for dataset_s3_bucket_consumer to None, run_after=None
[2025-02-24T09:25:52.422+0000] {logging_mixin.py:190} INFO - [2025-02-24T09:25:52.422+0000] {dag.py:4180} INFO - Setting next_dagrun for dataset_s3_bucket_producer to None, run_after=None
[2025-02-24T09:25:52.440+0000] {processor.py:208} INFO - Processing /home/airflow/.local/lib/python3.12/site-packages/airflow/example_dags/example_dataset_alias.py took 0.703 seconds
[2025-02-24T09:26:22.548+0000] {processor.py:186} INFO - Started process (PID=283) to work on /home/airflow/.local/lib/python3.12/site-packages/airflow/example_dags/example_dataset_alias.py
[2025-02-24T09:26:22.549+0000] {processor.py:914} INFO - Processing file /home/airflow/.local/lib/python3.12/site-packages/airflow/example_dags/example_dataset_alias.py for tasks to queue
[2025-02-24T09:26:22.551+0000] {logging_mixin.py:190} INFO - [2025-02-24T09:26:22.551+0000] {dagbag.py:588} INFO - Filling up the DagBag from /home/airflow/.local/lib/python3.12/site-packages/airflow/example_dags/example_dataset_alias.py
[2025-02-24T09:26:23.131+0000] {processor.py:925} INFO - DAG(s) 'dataset_s3_bucket_consumer', 'dataset_alias_example_alias_producer', 'dataset_alias_example_alias_consumer', 'dataset_s3_bucket_producer' retrieved from /home/airflow/.local/lib/python3.12/site-packages/airflow/example_dags/example_dataset_alias.py
[2025-02-24T09:26:23.146+0000] {logging_mixin.py:190} INFO - [2025-02-24T09:26:23.146+0000] {dag.py:3239} INFO - Sync 4 DAGs
[2025-02-24T09:26:23.170+0000] {logging_mixin.py:190} INFO - [2025-02-24T09:26:23.170+0000] {dag.py:4180} INFO - Setting next_dagrun for dataset_alias_example_alias_consumer to None, run_after=None
[2025-02-24T09:26:23.173+0000] {logging_mixin.py:190} INFO - [2025-02-24T09:26:23.173+0000] {dag.py:4180} INFO - Setting next_dagrun for dataset_alias_example_alias_producer to None, run_after=None
[2025-02-24T09:26:23.174+0000] {logging_mixin.py:190} INFO - [2025-02-24T09:26:23.174+0000] {dag.py:4180} INFO - Setting next_dagrun for dataset_s3_bucket_consumer to None, run_after=None
[2025-02-24T09:26:23.176+0000] {logging_mixin.py:190} INFO - [2025-02-24T09:26:23.176+0000] {dag.py:4180} INFO - Setting next_dagrun for dataset_s3_bucket_producer to None, run_after=None
[2025-02-24T09:26:23.199+0000] {processor.py:208} INFO - Processing /home/airflow/.local/lib/python3.12/site-packages/airflow/example_dags/example_dataset_alias.py took 0.656 seconds
[2025-02-24T09:26:53.969+0000] {processor.py:186} INFO - Started process (PID=347) to work on /home/airflow/.local/lib/python3.12/site-packages/airflow/example_dags/example_dataset_alias.py
[2025-02-24T09:26:53.970+0000] {processor.py:914} INFO - Processing file /home/airflow/.local/lib/python3.12/site-packages/airflow/example_dags/example_dataset_alias.py for tasks to queue
[2025-02-24T09:26:53.971+0000] {logging_mixin.py:190} INFO - [2025-02-24T09:26:53.971+0000] {dagbag.py:588} INFO - Filling up the DagBag from /home/airflow/.local/lib/python3.12/site-packages/airflow/example_dags/example_dataset_alias.py
[2025-02-24T09:26:54.561+0000] {processor.py:925} INFO - DAG(s) 'dataset_s3_bucket_producer', 'dataset_alias_example_alias_producer', 'dataset_s3_bucket_consumer', 'dataset_alias_example_alias_consumer' retrieved from /home/airflow/.local/lib/python3.12/site-packages/airflow/example_dags/example_dataset_alias.py
[2025-02-24T09:26:54.578+0000] {logging_mixin.py:190} INFO - [2025-02-24T09:26:54.577+0000] {dag.py:3239} INFO - Sync 4 DAGs
[2025-02-24T09:26:54.596+0000] {logging_mixin.py:190} INFO - [2025-02-24T09:26:54.595+0000] {dag.py:4180} INFO - Setting next_dagrun for dataset_alias_example_alias_consumer to None, run_after=None
[2025-02-24T09:26:54.598+0000] {logging_mixin.py:190} INFO - [2025-02-24T09:26:54.597+0000] {dag.py:4180} INFO - Setting next_dagrun for dataset_alias_example_alias_producer to None, run_after=None
[2025-02-24T09:26:54.599+0000] {logging_mixin.py:190} INFO - [2025-02-24T09:26:54.599+0000] {dag.py:4180} INFO - Setting next_dagrun for dataset_s3_bucket_consumer to None, run_after=None
[2025-02-24T09:26:54.600+0000] {logging_mixin.py:190} INFO - [2025-02-24T09:26:54.600+0000] {dag.py:4180} INFO - Setting next_dagrun for dataset_s3_bucket_producer to None, run_after=None
[2025-02-24T09:26:54.616+0000] {processor.py:208} INFO - Processing /home/airflow/.local/lib/python3.12/site-packages/airflow/example_dags/example_dataset_alias.py took 0.652 seconds
[2025-02-24T09:27:25.495+0000] {processor.py:186} INFO - Started process (PID=413) to work on /home/airflow/.local/lib/python3.12/site-packages/airflow/example_dags/example_dataset_alias.py
[2025-02-24T09:27:25.496+0000] {processor.py:914} INFO - Processing file /home/airflow/.local/lib/python3.12/site-packages/airflow/example_dags/example_dataset_alias.py for tasks to queue
[2025-02-24T09:27:25.500+0000] {logging_mixin.py:190} INFO - [2025-02-24T09:27:25.499+0000] {dagbag.py:588} INFO - Filling up the DagBag from /home/airflow/.local/lib/python3.12/site-packages/airflow/example_dags/example_dataset_alias.py
[2025-02-24T09:27:26.166+0000] {processor.py:925} INFO - DAG(s) 'dataset_s3_bucket_producer', 'dataset_alias_example_alias_producer', 'dataset_s3_bucket_consumer', 'dataset_alias_example_alias_consumer' retrieved from /home/airflow/.local/lib/python3.12/site-packages/airflow/example_dags/example_dataset_alias.py
[2025-02-24T09:27:26.191+0000] {logging_mixin.py:190} INFO - [2025-02-24T09:27:26.190+0000] {dag.py:3239} INFO - Sync 4 DAGs
[2025-02-24T09:27:26.219+0000] {logging_mixin.py:190} INFO - [2025-02-24T09:27:26.218+0000] {dag.py:4180} INFO - Setting next_dagrun for dataset_alias_example_alias_consumer to None, run_after=None
[2025-02-24T09:27:26.222+0000] {logging_mixin.py:190} INFO - [2025-02-24T09:27:26.221+0000] {dag.py:4180} INFO - Setting next_dagrun for dataset_alias_example_alias_producer to None, run_after=None
[2025-02-24T09:27:26.223+0000] {logging_mixin.py:190} INFO - [2025-02-24T09:27:26.223+0000] {dag.py:4180} INFO - Setting next_dagrun for dataset_s3_bucket_consumer to None, run_after=None
[2025-02-24T09:27:26.224+0000] {logging_mixin.py:190} INFO - [2025-02-24T09:27:26.224+0000] {dag.py:4180} INFO - Setting next_dagrun for dataset_s3_bucket_producer to None, run_after=None
[2025-02-24T09:27:26.246+0000] {processor.py:208} INFO - Processing /home/airflow/.local/lib/python3.12/site-packages/airflow/example_dags/example_dataset_alias.py took 0.758 seconds
[2025-02-24T09:27:56.910+0000] {processor.py:186} INFO - Started process (PID=477) to work on /home/airflow/.local/lib/python3.12/site-packages/airflow/example_dags/example_dataset_alias.py
[2025-02-24T09:27:56.911+0000] {processor.py:914} INFO - Processing file /home/airflow/.local/lib/python3.12/site-packages/airflow/example_dags/example_dataset_alias.py for tasks to queue
[2025-02-24T09:27:56.913+0000] {logging_mixin.py:190} INFO - [2025-02-24T09:27:56.913+0000] {dagbag.py:588} INFO - Filling up the DagBag from /home/airflow/.local/lib/python3.12/site-packages/airflow/example_dags/example_dataset_alias.py
[2025-02-24T09:27:57.697+0000] {processor.py:925} INFO - DAG(s) 'dataset_s3_bucket_producer', 'dataset_s3_bucket_consumer', 'dataset_alias_example_alias_consumer', 'dataset_alias_example_alias_producer' retrieved from /home/airflow/.local/lib/python3.12/site-packages/airflow/example_dags/example_dataset_alias.py
[2025-02-24T09:27:57.724+0000] {logging_mixin.py:190} INFO - [2025-02-24T09:27:57.723+0000] {dag.py:3239} INFO - Sync 4 DAGs
[2025-02-24T09:27:57.754+0000] {logging_mixin.py:190} INFO - [2025-02-24T09:27:57.753+0000] {dag.py:4180} INFO - Setting next_dagrun for dataset_alias_example_alias_consumer to None, run_after=None
[2025-02-24T09:27:57.757+0000] {logging_mixin.py:190} INFO - [2025-02-24T09:27:57.757+0000] {dag.py:4180} INFO - Setting next_dagrun for dataset_alias_example_alias_producer to None, run_after=None
[2025-02-24T09:27:57.759+0000] {logging_mixin.py:190} INFO - [2025-02-24T09:27:57.759+0000] {dag.py:4180} INFO - Setting next_dagrun for dataset_s3_bucket_consumer to None, run_after=None
[2025-02-24T09:27:57.760+0000] {logging_mixin.py:190} INFO - [2025-02-24T09:27:57.760+0000] {dag.py:4180} INFO - Setting next_dagrun for dataset_s3_bucket_producer to None, run_after=None
[2025-02-24T09:27:57.791+0000] {processor.py:208} INFO - Processing /home/airflow/.local/lib/python3.12/site-packages/airflow/example_dags/example_dataset_alias.py took 0.886 seconds
[2025-02-24T09:28:28.322+0000] {processor.py:186} INFO - Started process (PID=540) to work on /home/airflow/.local/lib/python3.12/site-packages/airflow/example_dags/example_dataset_alias.py
[2025-02-24T09:28:28.323+0000] {processor.py:914} INFO - Processing file /home/airflow/.local/lib/python3.12/site-packages/airflow/example_dags/example_dataset_alias.py for tasks to queue
[2025-02-24T09:28:28.324+0000] {logging_mixin.py:190} INFO - [2025-02-24T09:28:28.324+0000] {dagbag.py:588} INFO - Filling up the DagBag from /home/airflow/.local/lib/python3.12/site-packages/airflow/example_dags/example_dataset_alias.py
[2025-02-24T09:28:28.905+0000] {processor.py:925} INFO - DAG(s) 'dataset_alias_example_alias_consumer', 'dataset_alias_example_alias_producer', 'dataset_s3_bucket_producer', 'dataset_s3_bucket_consumer' retrieved from /home/airflow/.local/lib/python3.12/site-packages/airflow/example_dags/example_dataset_alias.py
[2025-02-24T09:28:28.930+0000] {logging_mixin.py:190} INFO - [2025-02-24T09:28:28.929+0000] {dag.py:3239} INFO - Sync 4 DAGs
[2025-02-24T09:28:28.957+0000] {logging_mixin.py:190} INFO - [2025-02-24T09:28:28.957+0000] {dag.py:4180} INFO - Setting next_dagrun for dataset_alias_example_alias_consumer to None, run_after=None
[2025-02-24T09:28:28.960+0000] {logging_mixin.py:190} INFO - [2025-02-24T09:28:28.960+0000] {dag.py:4180} INFO - Setting next_dagrun for dataset_alias_example_alias_producer to None, run_after=None
[2025-02-24T09:28:28.961+0000] {logging_mixin.py:190} INFO - [2025-02-24T09:28:28.961+0000] {dag.py:4180} INFO - Setting next_dagrun for dataset_s3_bucket_consumer to None, run_after=None
[2025-02-24T09:28:28.963+0000] {logging_mixin.py:190} INFO - [2025-02-24T09:28:28.962+0000] {dag.py:4180} INFO - Setting next_dagrun for dataset_s3_bucket_producer to None, run_after=None
[2025-02-24T09:28:28.985+0000] {processor.py:208} INFO - Processing /home/airflow/.local/lib/python3.12/site-packages/airflow/example_dags/example_dataset_alias.py took 0.668 seconds
[2025-02-24T09:28:59.548+0000] {processor.py:186} INFO - Started process (PID=603) to work on /home/airflow/.local/lib/python3.12/site-packages/airflow/example_dags/example_dataset_alias.py
[2025-02-24T09:28:59.548+0000] {processor.py:914} INFO - Processing file /home/airflow/.local/lib/python3.12/site-packages/airflow/example_dags/example_dataset_alias.py for tasks to queue
[2025-02-24T09:28:59.550+0000] {logging_mixin.py:190} INFO - [2025-02-24T09:28:59.550+0000] {dagbag.py:588} INFO - Filling up the DagBag from /home/airflow/.local/lib/python3.12/site-packages/airflow/example_dags/example_dataset_alias.py
[2025-02-24T09:29:00.148+0000] {processor.py:925} INFO - DAG(s) 'dataset_alias_example_alias_consumer', 'dataset_s3_bucket_consumer', 'dataset_s3_bucket_producer', 'dataset_alias_example_alias_producer' retrieved from /home/airflow/.local/lib/python3.12/site-packages/airflow/example_dags/example_dataset_alias.py
[2025-02-24T09:29:00.166+0000] {logging_mixin.py:190} INFO - [2025-02-24T09:29:00.166+0000] {dag.py:3239} INFO - Sync 4 DAGs
[2025-02-24T09:29:00.188+0000] {logging_mixin.py:190} INFO - [2025-02-24T09:29:00.188+0000] {dag.py:4180} INFO - Setting next_dagrun for dataset_alias_example_alias_consumer to None, run_after=None
[2025-02-24T09:29:00.190+0000] {logging_mixin.py:190} INFO - [2025-02-24T09:29:00.190+0000] {dag.py:4180} INFO - Setting next_dagrun for dataset_alias_example_alias_producer to None, run_after=None
[2025-02-24T09:29:00.191+0000] {logging_mixin.py:190} INFO - [2025-02-24T09:29:00.191+0000] {dag.py:4180} INFO - Setting next_dagrun for dataset_s3_bucket_consumer to None, run_after=None
[2025-02-24T09:29:00.192+0000] {logging_mixin.py:190} INFO - [2025-02-24T09:29:00.192+0000] {dag.py:4180} INFO - Setting next_dagrun for dataset_s3_bucket_producer to None, run_after=None
[2025-02-24T09:29:00.207+0000] {processor.py:208} INFO - Processing /home/airflow/.local/lib/python3.12/site-packages/airflow/example_dags/example_dataset_alias.py took 0.664 seconds
[2025-02-24T09:29:30.914+0000] {processor.py:186} INFO - Started process (PID=666) to work on /home/airflow/.local/lib/python3.12/site-packages/airflow/example_dags/example_dataset_alias.py
[2025-02-24T09:29:30.915+0000] {processor.py:914} INFO - Processing file /home/airflow/.local/lib/python3.12/site-packages/airflow/example_dags/example_dataset_alias.py for tasks to queue
[2025-02-24T09:29:30.916+0000] {logging_mixin.py:190} INFO - [2025-02-24T09:29:30.916+0000] {dagbag.py:588} INFO - Filling up the DagBag from /home/airflow/.local/lib/python3.12/site-packages/airflow/example_dags/example_dataset_alias.py
[2025-02-24T09:29:31.450+0000] {processor.py:925} INFO - DAG(s) 'dataset_alias_example_alias_consumer', 'dataset_alias_example_alias_producer', 'dataset_s3_bucket_consumer', 'dataset_s3_bucket_producer' retrieved from /home/airflow/.local/lib/python3.12/site-packages/airflow/example_dags/example_dataset_alias.py
[2025-02-24T09:29:31.470+0000] {logging_mixin.py:190} INFO - [2025-02-24T09:29:31.470+0000] {dag.py:3239} INFO - Sync 4 DAGs
[2025-02-24T09:29:31.495+0000] {logging_mixin.py:190} INFO - [2025-02-24T09:29:31.494+0000] {dag.py:4180} INFO - Setting next_dagrun for dataset_alias_example_alias_consumer to None, run_after=None
[2025-02-24T09:29:31.496+0000] {logging_mixin.py:190} INFO - [2025-02-24T09:29:31.496+0000] {dag.py:4180} INFO - Setting next_dagrun for dataset_alias_example_alias_producer to None, run_after=None
[2025-02-24T09:29:31.498+0000] {logging_mixin.py:190} INFO - [2025-02-24T09:29:31.498+0000] {dag.py:4180} INFO - Setting next_dagrun for dataset_s3_bucket_consumer to None, run_after=None
[2025-02-24T09:29:31.499+0000] {logging_mixin.py:190} INFO - [2025-02-24T09:29:31.499+0000] {dag.py:4180} INFO - Setting next_dagrun for dataset_s3_bucket_producer to None, run_after=None
[2025-02-24T09:29:31.514+0000] {processor.py:208} INFO - Processing /home/airflow/.local/lib/python3.12/site-packages/airflow/example_dags/example_dataset_alias.py took 0.604 seconds
[2025-02-24T09:30:02.115+0000] {processor.py:186} INFO - Started process (PID=729) to work on /home/airflow/.local/lib/python3.12/site-packages/airflow/example_dags/example_dataset_alias.py
[2025-02-24T09:30:02.116+0000] {processor.py:914} INFO - Processing file /home/airflow/.local/lib/python3.12/site-packages/airflow/example_dags/example_dataset_alias.py for tasks to queue
[2025-02-24T09:30:02.117+0000] {logging_mixin.py:190} INFO - [2025-02-24T09:30:02.117+0000] {dagbag.py:588} INFO - Filling up the DagBag from /home/airflow/.local/lib/python3.12/site-packages/airflow/example_dags/example_dataset_alias.py
[2025-02-24T09:30:02.668+0000] {processor.py:925} INFO - DAG(s) 'dataset_alias_example_alias_consumer', 'dataset_alias_example_alias_producer', 'dataset_s3_bucket_consumer', 'dataset_s3_bucket_producer' retrieved from /home/airflow/.local/lib/python3.12/site-packages/airflow/example_dags/example_dataset_alias.py
[2025-02-24T09:30:02.683+0000] {logging_mixin.py:190} INFO - [2025-02-24T09:30:02.683+0000] {dag.py:3239} INFO - Sync 4 DAGs
[2025-02-24T09:30:02.701+0000] {logging_mixin.py:190} INFO - [2025-02-24T09:30:02.701+0000] {dag.py:4180} INFO - Setting next_dagrun for dataset_alias_example_alias_consumer to None, run_after=None
[2025-02-24T09:30:02.703+0000] {logging_mixin.py:190} INFO - [2025-02-24T09:30:02.703+0000] {dag.py:4180} INFO - Setting next_dagrun for dataset_alias_example_alias_producer to None, run_after=None
[2025-02-24T09:30:02.705+0000] {logging_mixin.py:190} INFO - [2025-02-24T09:30:02.705+0000] {dag.py:4180} INFO - Setting next_dagrun for dataset_s3_bucket_consumer to None, run_after=None
[2025-02-24T09:30:02.706+0000] {logging_mixin.py:190} INFO - [2025-02-24T09:30:02.706+0000] {dag.py:4180} INFO - Setting next_dagrun for dataset_s3_bucket_producer to None, run_after=None
[2025-02-24T09:30:02.720+0000] {processor.py:208} INFO - Processing /home/airflow/.local/lib/python3.12/site-packages/airflow/example_dags/example_dataset_alias.py took 0.610 seconds
[2025-02-24T09:30:33.453+0000] {processor.py:186} INFO - Started process (PID=792) to work on /home/airflow/.local/lib/python3.12/site-packages/airflow/example_dags/example_dataset_alias.py
[2025-02-24T09:30:33.454+0000] {processor.py:914} INFO - Processing file /home/airflow/.local/lib/python3.12/site-packages/airflow/example_dags/example_dataset_alias.py for tasks to queue
[2025-02-24T09:30:33.456+0000] {logging_mixin.py:190} INFO - [2025-02-24T09:30:33.456+0000] {dagbag.py:588} INFO - Filling up the DagBag from /home/airflow/.local/lib/python3.12/site-packages/airflow/example_dags/example_dataset_alias.py
[2025-02-24T09:30:33.985+0000] {processor.py:925} INFO - DAG(s) 'dataset_s3_bucket_consumer', 'dataset_s3_bucket_producer', 'dataset_alias_example_alias_producer', 'dataset_alias_example_alias_consumer' retrieved from /home/airflow/.local/lib/python3.12/site-packages/airflow/example_dags/example_dataset_alias.py
[2025-02-24T09:30:34.000+0000] {logging_mixin.py:190} INFO - [2025-02-24T09:30:34.000+0000] {dag.py:3239} INFO - Sync 4 DAGs
[2025-02-24T09:30:34.019+0000] {logging_mixin.py:190} INFO - [2025-02-24T09:30:34.019+0000] {dag.py:4180} INFO - Setting next_dagrun for dataset_alias_example_alias_consumer to None, run_after=None
[2025-02-24T09:30:34.021+0000] {logging_mixin.py:190} INFO - [2025-02-24T09:30:34.021+0000] {dag.py:4180} INFO - Setting next_dagrun for dataset_alias_example_alias_producer to None, run_after=None
[2025-02-24T09:30:34.022+0000] {logging_mixin.py:190} INFO - [2025-02-24T09:30:34.022+0000] {dag.py:4180} INFO - Setting next_dagrun for dataset_s3_bucket_consumer to None, run_after=None
[2025-02-24T09:30:34.023+0000] {logging_mixin.py:190} INFO - [2025-02-24T09:30:34.023+0000] {dag.py:4180} INFO - Setting next_dagrun for dataset_s3_bucket_producer to None, run_after=None
[2025-02-24T09:30:34.039+0000] {processor.py:208} INFO - Processing /home/airflow/.local/lib/python3.12/site-packages/airflow/example_dags/example_dataset_alias.py took 0.590 seconds
[2025-02-24T09:31:04.760+0000] {processor.py:186} INFO - Started process (PID=855) to work on /home/airflow/.local/lib/python3.12/site-packages/airflow/example_dags/example_dataset_alias.py
[2025-02-24T09:31:04.761+0000] {processor.py:914} INFO - Processing file /home/airflow/.local/lib/python3.12/site-packages/airflow/example_dags/example_dataset_alias.py for tasks to queue
[2025-02-24T09:31:04.763+0000] {logging_mixin.py:190} INFO - [2025-02-24T09:31:04.763+0000] {dagbag.py:588} INFO - Filling up the DagBag from /home/airflow/.local/lib/python3.12/site-packages/airflow/example_dags/example_dataset_alias.py
[2025-02-24T09:31:05.298+0000] {processor.py:925} INFO - DAG(s) 'dataset_s3_bucket_consumer', 'dataset_alias_example_alias_consumer', 'dataset_s3_bucket_producer', 'dataset_alias_example_alias_producer' retrieved from /home/airflow/.local/lib/python3.12/site-packages/airflow/example_dags/example_dataset_alias.py
[2025-02-24T09:31:05.315+0000] {logging_mixin.py:190} INFO - [2025-02-24T09:31:05.314+0000] {dag.py:3239} INFO - Sync 4 DAGs
[2025-02-24T09:31:05.333+0000] {logging_mixin.py:190} INFO - [2025-02-24T09:31:05.333+0000] {dag.py:4180} INFO - Setting next_dagrun for dataset_alias_example_alias_consumer to None, run_after=None
[2025-02-24T09:31:05.335+0000] {logging_mixin.py:190} INFO - [2025-02-24T09:31:05.335+0000] {dag.py:4180} INFO - Setting next_dagrun for dataset_alias_example_alias_producer to None, run_after=None
[2025-02-24T09:31:05.336+0000] {logging_mixin.py:190} INFO - [2025-02-24T09:31:05.336+0000] {dag.py:4180} INFO - Setting next_dagrun for dataset_s3_bucket_consumer to None, run_after=None
[2025-02-24T09:31:05.337+0000] {logging_mixin.py:190} INFO - [2025-02-24T09:31:05.337+0000] {dag.py:4180} INFO - Setting next_dagrun for dataset_s3_bucket_producer to None, run_after=None
[2025-02-24T09:31:05.351+0000] {processor.py:208} INFO - Processing /home/airflow/.local/lib/python3.12/site-packages/airflow/example_dags/example_dataset_alias.py took 0.596 seconds
[2025-02-24T09:31:36.098+0000] {processor.py:186} INFO - Started process (PID=918) to work on /home/airflow/.local/lib/python3.12/site-packages/airflow/example_dags/example_dataset_alias.py
[2025-02-24T09:31:36.099+0000] {processor.py:914} INFO - Processing file /home/airflow/.local/lib/python3.12/site-packages/airflow/example_dags/example_dataset_alias.py for tasks to queue
[2025-02-24T09:31:36.101+0000] {logging_mixin.py:190} INFO - [2025-02-24T09:31:36.101+0000] {dagbag.py:588} INFO - Filling up the DagBag from /home/airflow/.local/lib/python3.12/site-packages/airflow/example_dags/example_dataset_alias.py
[2025-02-24T09:31:36.638+0000] {processor.py:925} INFO - DAG(s) 'dataset_alias_example_alias_consumer', 'dataset_s3_bucket_consumer', 'dataset_alias_example_alias_producer', 'dataset_s3_bucket_producer' retrieved from /home/airflow/.local/lib/python3.12/site-packages/airflow/example_dags/example_dataset_alias.py
[2025-02-24T09:31:36.654+0000] {logging_mixin.py:190} INFO - [2025-02-24T09:31:36.654+0000] {dag.py:3239} INFO - Sync 4 DAGs
[2025-02-24T09:31:36.676+0000] {logging_mixin.py:190} INFO - [2025-02-24T09:31:36.675+0000] {dag.py:4180} INFO - Setting next_dagrun for dataset_alias_example_alias_consumer to None, run_after=None
[2025-02-24T09:31:36.678+0000] {logging_mixin.py:190} INFO - [2025-02-24T09:31:36.677+0000] {dag.py:4180} INFO - Setting next_dagrun for dataset_alias_example_alias_producer to None, run_after=None
[2025-02-24T09:31:36.679+0000] {logging_mixin.py:190} INFO - [2025-02-24T09:31:36.679+0000] {dag.py:4180} INFO - Setting next_dagrun for dataset_s3_bucket_consumer to None, run_after=None
[2025-02-24T09:31:36.680+0000] {logging_mixin.py:190} INFO - [2025-02-24T09:31:36.679+0000] {dag.py:4180} INFO - Setting next_dagrun for dataset_s3_bucket_producer to None, run_after=None
[2025-02-24T09:31:36.695+0000] {processor.py:208} INFO - Processing /home/airflow/.local/lib/python3.12/site-packages/airflow/example_dags/example_dataset_alias.py took 0.602 seconds
[2025-02-24T09:32:06.735+0000] {processor.py:186} INFO - Started process (PID=981) to work on /home/airflow/.local/lib/python3.12/site-packages/airflow/example_dags/example_dataset_alias.py
[2025-02-24T09:32:06.736+0000] {processor.py:914} INFO - Processing file /home/airflow/.local/lib/python3.12/site-packages/airflow/example_dags/example_dataset_alias.py for tasks to queue
[2025-02-24T09:32:06.738+0000] {logging_mixin.py:190} INFO - [2025-02-24T09:32:06.737+0000] {dagbag.py:588} INFO - Filling up the DagBag from /home/airflow/.local/lib/python3.12/site-packages/airflow/example_dags/example_dataset_alias.py
[2025-02-24T09:32:07.281+0000] {processor.py:925} INFO - DAG(s) 'dataset_alias_example_alias_producer', 'dataset_s3_bucket_producer', 'dataset_alias_example_alias_consumer', 'dataset_s3_bucket_consumer' retrieved from /home/airflow/.local/lib/python3.12/site-packages/airflow/example_dags/example_dataset_alias.py
[2025-02-24T09:32:07.298+0000] {logging_mixin.py:190} INFO - [2025-02-24T09:32:07.297+0000] {dag.py:3239} INFO - Sync 4 DAGs
[2025-02-24T09:32:07.316+0000] {logging_mixin.py:190} INFO - [2025-02-24T09:32:07.316+0000] {dag.py:4180} INFO - Setting next_dagrun for dataset_alias_example_alias_consumer to None, run_after=None
[2025-02-24T09:32:07.318+0000] {logging_mixin.py:190} INFO - [2025-02-24T09:32:07.318+0000] {dag.py:4180} INFO - Setting next_dagrun for dataset_alias_example_alias_producer to None, run_after=None
[2025-02-24T09:32:07.319+0000] {logging_mixin.py:190} INFO - [2025-02-24T09:32:07.319+0000] {dag.py:4180} INFO - Setting next_dagrun for dataset_s3_bucket_consumer to None, run_after=None
[2025-02-24T09:32:07.320+0000] {logging_mixin.py:190} INFO - [2025-02-24T09:32:07.320+0000] {dag.py:4180} INFO - Setting next_dagrun for dataset_s3_bucket_producer to None, run_after=None
[2025-02-24T09:32:07.336+0000] {processor.py:208} INFO - Processing /home/airflow/.local/lib/python3.12/site-packages/airflow/example_dags/example_dataset_alias.py took 0.605 seconds
[2025-02-24T09:32:38.088+0000] {processor.py:186} INFO - Started process (PID=1044) to work on /home/airflow/.local/lib/python3.12/site-packages/airflow/example_dags/example_dataset_alias.py
[2025-02-24T09:32:38.089+0000] {processor.py:914} INFO - Processing file /home/airflow/.local/lib/python3.12/site-packages/airflow/example_dags/example_dataset_alias.py for tasks to queue
[2025-02-24T09:32:38.092+0000] {logging_mixin.py:190} INFO - [2025-02-24T09:32:38.091+0000] {dagbag.py:588} INFO - Filling up the DagBag from /home/airflow/.local/lib/python3.12/site-packages/airflow/example_dags/example_dataset_alias.py
[2025-02-24T09:32:38.718+0000] {processor.py:925} INFO - DAG(s) 'dataset_alias_example_alias_producer', 'dataset_s3_bucket_consumer', 'dataset_alias_example_alias_consumer', 'dataset_s3_bucket_producer' retrieved from /home/airflow/.local/lib/python3.12/site-packages/airflow/example_dags/example_dataset_alias.py
[2025-02-24T09:32:38.740+0000] {logging_mixin.py:190} INFO - [2025-02-24T09:32:38.739+0000] {dag.py:3239} INFO - Sync 4 DAGs
[2025-02-24T09:32:38.763+0000] {logging_mixin.py:190} INFO - [2025-02-24T09:32:38.763+0000] {dag.py:4180} INFO - Setting next_dagrun for dataset_alias_example_alias_consumer to None, run_after=None
[2025-02-24T09:32:38.765+0000] {logging_mixin.py:190} INFO - [2025-02-24T09:32:38.765+0000] {dag.py:4180} INFO - Setting next_dagrun for dataset_alias_example_alias_producer to None, run_after=None
[2025-02-24T09:32:38.766+0000] {logging_mixin.py:190} INFO - [2025-02-24T09:32:38.766+0000] {dag.py:4180} INFO - Setting next_dagrun for dataset_s3_bucket_consumer to None, run_after=None
[2025-02-24T09:32:38.767+0000] {logging_mixin.py:190} INFO - [2025-02-24T09:32:38.767+0000] {dag.py:4180} INFO - Setting next_dagrun for dataset_s3_bucket_producer to None, run_after=None
[2025-02-24T09:32:38.785+0000] {processor.py:208} INFO - Processing /home/airflow/.local/lib/python3.12/site-packages/airflow/example_dags/example_dataset_alias.py took 0.702 seconds
[2025-02-24T09:33:09.358+0000] {processor.py:186} INFO - Started process (PID=1107) to work on /home/airflow/.local/lib/python3.12/site-packages/airflow/example_dags/example_dataset_alias.py
[2025-02-24T09:33:09.359+0000] {processor.py:914} INFO - Processing file /home/airflow/.local/lib/python3.12/site-packages/airflow/example_dags/example_dataset_alias.py for tasks to queue
[2025-02-24T09:33:09.361+0000] {logging_mixin.py:190} INFO - [2025-02-24T09:33:09.360+0000] {dagbag.py:588} INFO - Filling up the DagBag from /home/airflow/.local/lib/python3.12/site-packages/airflow/example_dags/example_dataset_alias.py
[2025-02-24T09:33:09.960+0000] {processor.py:925} INFO - DAG(s) 'dataset_alias_example_alias_consumer', 'dataset_s3_bucket_consumer', 'dataset_s3_bucket_producer', 'dataset_alias_example_alias_producer' retrieved from /home/airflow/.local/lib/python3.12/site-packages/airflow/example_dags/example_dataset_alias.py
[2025-02-24T09:33:09.978+0000] {logging_mixin.py:190} INFO - [2025-02-24T09:33:09.977+0000] {dag.py:3239} INFO - Sync 4 DAGs
[2025-02-24T09:33:09.997+0000] {logging_mixin.py:190} INFO - [2025-02-24T09:33:09.996+0000] {dag.py:4180} INFO - Setting next_dagrun for dataset_alias_example_alias_consumer to None, run_after=None
[2025-02-24T09:33:09.999+0000] {logging_mixin.py:190} INFO - [2025-02-24T09:33:09.999+0000] {dag.py:4180} INFO - Setting next_dagrun for dataset_alias_example_alias_producer to None, run_after=None
[2025-02-24T09:33:10.001+0000] {logging_mixin.py:190} INFO - [2025-02-24T09:33:10.001+0000] {dag.py:4180} INFO - Setting next_dagrun for dataset_s3_bucket_consumer to None, run_after=None
[2025-02-24T09:33:10.002+0000] {logging_mixin.py:190} INFO - [2025-02-24T09:33:10.002+0000] {dag.py:4180} INFO - Setting next_dagrun for dataset_s3_bucket_producer to None, run_after=None
[2025-02-24T09:33:10.024+0000] {processor.py:208} INFO - Processing /home/airflow/.local/lib/python3.12/site-packages/airflow/example_dags/example_dataset_alias.py took 0.670 seconds
[2025-02-24T09:33:40.162+0000] {processor.py:186} INFO - Started process (PID=1171) to work on /home/airflow/.local/lib/python3.12/site-packages/airflow/example_dags/example_dataset_alias.py
[2025-02-24T09:33:40.162+0000] {processor.py:914} INFO - Processing file /home/airflow/.local/lib/python3.12/site-packages/airflow/example_dags/example_dataset_alias.py for tasks to queue
[2025-02-24T09:33:40.164+0000] {logging_mixin.py:190} INFO - [2025-02-24T09:33:40.164+0000] {dagbag.py:588} INFO - Filling up the DagBag from /home/airflow/.local/lib/python3.12/site-packages/airflow/example_dags/example_dataset_alias.py
[2025-02-24T09:33:40.735+0000] {processor.py:925} INFO - DAG(s) 'dataset_alias_example_alias_consumer', 'dataset_alias_example_alias_producer', 'dataset_s3_bucket_consumer', 'dataset_s3_bucket_producer' retrieved from /home/airflow/.local/lib/python3.12/site-packages/airflow/example_dags/example_dataset_alias.py
[2025-02-24T09:33:40.756+0000] {logging_mixin.py:190} INFO - [2025-02-24T09:33:40.756+0000] {dag.py:3239} INFO - Sync 4 DAGs
[2025-02-24T09:33:40.778+0000] {logging_mixin.py:190} INFO - [2025-02-24T09:33:40.777+0000] {dag.py:4180} INFO - Setting next_dagrun for dataset_alias_example_alias_consumer to None, run_after=None
[2025-02-24T09:33:40.780+0000] {logging_mixin.py:190} INFO - [2025-02-24T09:33:40.780+0000] {dag.py:4180} INFO - Setting next_dagrun for dataset_alias_example_alias_producer to None, run_after=None
[2025-02-24T09:33:40.782+0000] {logging_mixin.py:190} INFO - [2025-02-24T09:33:40.782+0000] {dag.py:4180} INFO - Setting next_dagrun for dataset_s3_bucket_consumer to None, run_after=None
[2025-02-24T09:33:40.783+0000] {logging_mixin.py:190} INFO - [2025-02-24T09:33:40.783+0000] {dag.py:4180} INFO - Setting next_dagrun for dataset_s3_bucket_producer to None, run_after=None
[2025-02-24T09:33:40.802+0000] {processor.py:208} INFO - Processing /home/airflow/.local/lib/python3.12/site-packages/airflow/example_dags/example_dataset_alias.py took 0.645 seconds
