[2025-02-24T09:24:48.893+0000] {processor.py:186} INFO - Started process (PID=84) to work on /home/airflow/.local/lib/python3.12/site-packages/airflow/example_dags/example_branch_labels.py
[2025-02-24T09:24:48.894+0000] {processor.py:914} INFO - Processing file /home/airflow/.local/lib/python3.12/site-packages/airflow/example_dags/example_branch_labels.py for tasks to queue
[2025-02-24T09:24:48.896+0000] {logging_mixin.py:190} INFO - [2025-02-24T09:24:48.896+0000] {dagbag.py:588} INFO - Filling up the DagBag from /home/airflow/.local/lib/python3.12/site-packages/airflow/example_dags/example_branch_labels.py
[2025-02-24T09:24:48.907+0000] {processor.py:925} INFO - DAG(s) 'example_branch_labels' retrieved from /home/airflow/.local/lib/python3.12/site-packages/airflow/example_dags/example_branch_labels.py
[2025-02-24T09:24:49.021+0000] {logging_mixin.py:190} INFO - [2025-02-24T09:24:49.020+0000] {override.py:1911} INFO - Created Permission View: can edit on DAG:example_branch_labels
[2025-02-24T09:24:49.030+0000] {logging_mixin.py:190} INFO - [2025-02-24T09:24:49.030+0000] {override.py:1911} INFO - Created Permission View: can read on DAG:example_branch_labels
[2025-02-24T09:24:49.036+0000] {logging_mixin.py:190} INFO - [2025-02-24T09:24:49.036+0000] {override.py:1911} INFO - Created Permission View: can delete on DAG:example_branch_labels
[2025-02-24T09:24:49.042+0000] {logging_mixin.py:190} INFO - [2025-02-24T09:24:49.041+0000] {override.py:1911} INFO - Created Permission View: can create on DAG Run:example_branch_labels
[2025-02-24T09:24:49.048+0000] {logging_mixin.py:190} INFO - [2025-02-24T09:24:49.047+0000] {override.py:1911} INFO - Created Permission View: can read on DAG Run:example_branch_labels
[2025-02-24T09:24:49.053+0000] {logging_mixin.py:190} INFO - [2025-02-24T09:24:49.053+0000] {override.py:1911} INFO - Created Permission View: menu access on DAG Run:example_branch_labels
[2025-02-24T09:24:49.059+0000] {logging_mixin.py:190} INFO - [2025-02-24T09:24:49.059+0000] {override.py:1911} INFO - Created Permission View: can delete on DAG Run:example_branch_labels
[2025-02-24T09:24:49.060+0000] {logging_mixin.py:190} INFO - [2025-02-24T09:24:49.060+0000] {dag.py:3239} INFO - Sync 1 DAGs
[2025-02-24T09:24:49.075+0000] {logging_mixin.py:190} INFO - [2025-02-24T09:24:49.074+0000] {dag.py:3262} INFO - Creating ORM DAG for example_branch_labels
[2025-02-24T09:24:49.086+0000] {logging_mixin.py:190} INFO - [2025-02-24T09:24:49.086+0000] {dag.py:4180} INFO - Setting next_dagrun for example_branch_labels to 2025-02-23 00:00:00+00:00, run_after=2025-02-24 00:00:00+00:00
[2025-02-24T09:24:49.098+0000] {processor.py:208} INFO - Processing /home/airflow/.local/lib/python3.12/site-packages/airflow/example_dags/example_branch_labels.py took 0.211 seconds
[2025-02-24T09:25:19.225+0000] {processor.py:186} INFO - Started process (PID=146) to work on /home/airflow/.local/lib/python3.12/site-packages/airflow/example_dags/example_branch_labels.py
[2025-02-24T09:25:19.225+0000] {processor.py:914} INFO - Processing file /home/airflow/.local/lib/python3.12/site-packages/airflow/example_dags/example_branch_labels.py for tasks to queue
[2025-02-24T09:25:19.227+0000] {logging_mixin.py:190} INFO - [2025-02-24T09:25:19.227+0000] {dagbag.py:588} INFO - Filling up the DagBag from /home/airflow/.local/lib/python3.12/site-packages/airflow/example_dags/example_branch_labels.py
[2025-02-24T09:25:19.238+0000] {processor.py:925} INFO - DAG(s) 'example_branch_labels' retrieved from /home/airflow/.local/lib/python3.12/site-packages/airflow/example_dags/example_branch_labels.py
[2025-02-24T09:25:19.260+0000] {logging_mixin.py:190} INFO - [2025-02-24T09:25:19.260+0000] {dag.py:3239} INFO - Sync 1 DAGs
[2025-02-24T09:25:19.290+0000] {logging_mixin.py:190} INFO - [2025-02-24T09:25:19.290+0000] {dag.py:4180} INFO - Setting next_dagrun for example_branch_labels to 2025-02-23 00:00:00+00:00, run_after=2025-02-24 00:00:00+00:00
[2025-02-24T09:25:19.306+0000] {processor.py:208} INFO - Processing /home/airflow/.local/lib/python3.12/site-packages/airflow/example_dags/example_branch_labels.py took 0.086 seconds
[2025-02-24T09:25:49.457+0000] {processor.py:186} INFO - Started process (PID=209) to work on /home/airflow/.local/lib/python3.12/site-packages/airflow/example_dags/example_branch_labels.py
[2025-02-24T09:25:49.458+0000] {processor.py:914} INFO - Processing file /home/airflow/.local/lib/python3.12/site-packages/airflow/example_dags/example_branch_labels.py for tasks to queue
[2025-02-24T09:25:49.459+0000] {logging_mixin.py:190} INFO - [2025-02-24T09:25:49.459+0000] {dagbag.py:588} INFO - Filling up the DagBag from /home/airflow/.local/lib/python3.12/site-packages/airflow/example_dags/example_branch_labels.py
[2025-02-24T09:25:49.468+0000] {processor.py:925} INFO - DAG(s) 'example_branch_labels' retrieved from /home/airflow/.local/lib/python3.12/site-packages/airflow/example_dags/example_branch_labels.py
[2025-02-24T09:25:49.489+0000] {logging_mixin.py:190} INFO - [2025-02-24T09:25:49.489+0000] {dag.py:3239} INFO - Sync 1 DAGs
[2025-02-24T09:25:49.514+0000] {logging_mixin.py:190} INFO - [2025-02-24T09:25:49.514+0000] {dag.py:4180} INFO - Setting next_dagrun for example_branch_labels to 2025-02-23 00:00:00+00:00, run_after=2025-02-24 00:00:00+00:00
[2025-02-24T09:25:49.530+0000] {processor.py:208} INFO - Processing /home/airflow/.local/lib/python3.12/site-packages/airflow/example_dags/example_branch_labels.py took 0.077 seconds
[2025-02-24T09:26:19.825+0000] {processor.py:186} INFO - Started process (PID=273) to work on /home/airflow/.local/lib/python3.12/site-packages/airflow/example_dags/example_branch_labels.py
[2025-02-24T09:26:19.826+0000] {processor.py:914} INFO - Processing file /home/airflow/.local/lib/python3.12/site-packages/airflow/example_dags/example_branch_labels.py for tasks to queue
[2025-02-24T09:26:19.828+0000] {logging_mixin.py:190} INFO - [2025-02-24T09:26:19.827+0000] {dagbag.py:588} INFO - Filling up the DagBag from /home/airflow/.local/lib/python3.12/site-packages/airflow/example_dags/example_branch_labels.py
[2025-02-24T09:26:19.838+0000] {processor.py:925} INFO - DAG(s) 'example_branch_labels' retrieved from /home/airflow/.local/lib/python3.12/site-packages/airflow/example_dags/example_branch_labels.py
[2025-02-24T09:26:19.861+0000] {logging_mixin.py:190} INFO - [2025-02-24T09:26:19.861+0000] {dag.py:3239} INFO - Sync 1 DAGs
[2025-02-24T09:26:19.888+0000] {logging_mixin.py:190} INFO - [2025-02-24T09:26:19.888+0000] {dag.py:4180} INFO - Setting next_dagrun for example_branch_labels to 2025-02-23 00:00:00+00:00, run_after=2025-02-24 00:00:00+00:00
[2025-02-24T09:26:19.907+0000] {processor.py:208} INFO - Processing /home/airflow/.local/lib/python3.12/site-packages/airflow/example_dags/example_branch_labels.py took 0.089 seconds
[2025-02-24T09:26:50.239+0000] {processor.py:186} INFO - Started process (PID=336) to work on /home/airflow/.local/lib/python3.12/site-packages/airflow/example_dags/example_branch_labels.py
[2025-02-24T09:26:50.240+0000] {processor.py:914} INFO - Processing file /home/airflow/.local/lib/python3.12/site-packages/airflow/example_dags/example_branch_labels.py for tasks to queue
[2025-02-24T09:26:50.242+0000] {logging_mixin.py:190} INFO - [2025-02-24T09:26:50.242+0000] {dagbag.py:588} INFO - Filling up the DagBag from /home/airflow/.local/lib/python3.12/site-packages/airflow/example_dags/example_branch_labels.py
[2025-02-24T09:26:50.253+0000] {processor.py:925} INFO - DAG(s) 'example_branch_labels' retrieved from /home/airflow/.local/lib/python3.12/site-packages/airflow/example_dags/example_branch_labels.py
[2025-02-24T09:26:50.276+0000] {logging_mixin.py:190} INFO - [2025-02-24T09:26:50.276+0000] {dag.py:3239} INFO - Sync 1 DAGs
[2025-02-24T09:26:50.305+0000] {logging_mixin.py:190} INFO - [2025-02-24T09:26:50.305+0000] {dag.py:4180} INFO - Setting next_dagrun for example_branch_labels to 2025-02-23 00:00:00+00:00, run_after=2025-02-24 00:00:00+00:00
[2025-02-24T09:26:50.322+0000] {processor.py:208} INFO - Processing /home/airflow/.local/lib/python3.12/site-packages/airflow/example_dags/example_branch_labels.py took 0.089 seconds
[2025-02-24T09:27:20.731+0000] {processor.py:186} INFO - Started process (PID=399) to work on /home/airflow/.local/lib/python3.12/site-packages/airflow/example_dags/example_branch_labels.py
[2025-02-24T09:27:20.733+0000] {processor.py:914} INFO - Processing file /home/airflow/.local/lib/python3.12/site-packages/airflow/example_dags/example_branch_labels.py for tasks to queue
[2025-02-24T09:27:20.735+0000] {logging_mixin.py:190} INFO - [2025-02-24T09:27:20.735+0000] {dagbag.py:588} INFO - Filling up the DagBag from /home/airflow/.local/lib/python3.12/site-packages/airflow/example_dags/example_branch_labels.py
[2025-02-24T09:27:20.744+0000] {processor.py:925} INFO - DAG(s) 'example_branch_labels' retrieved from /home/airflow/.local/lib/python3.12/site-packages/airflow/example_dags/example_branch_labels.py
[2025-02-24T09:27:20.762+0000] {logging_mixin.py:190} INFO - [2025-02-24T09:27:20.762+0000] {dag.py:3239} INFO - Sync 1 DAGs
[2025-02-24T09:27:20.782+0000] {logging_mixin.py:190} INFO - [2025-02-24T09:27:20.782+0000] {dag.py:4180} INFO - Setting next_dagrun for example_branch_labels to 2025-02-23 00:00:00+00:00, run_after=2025-02-24 00:00:00+00:00
[2025-02-24T09:27:20.796+0000] {processor.py:208} INFO - Processing /home/airflow/.local/lib/python3.12/site-packages/airflow/example_dags/example_branch_labels.py took 0.074 seconds
[2025-02-24T09:27:51.112+0000] {processor.py:186} INFO - Started process (PID=462) to work on /home/airflow/.local/lib/python3.12/site-packages/airflow/example_dags/example_branch_labels.py
[2025-02-24T09:27:51.112+0000] {processor.py:914} INFO - Processing file /home/airflow/.local/lib/python3.12/site-packages/airflow/example_dags/example_branch_labels.py for tasks to queue
[2025-02-24T09:27:51.114+0000] {logging_mixin.py:190} INFO - [2025-02-24T09:27:51.114+0000] {dagbag.py:588} INFO - Filling up the DagBag from /home/airflow/.local/lib/python3.12/site-packages/airflow/example_dags/example_branch_labels.py
[2025-02-24T09:27:51.122+0000] {processor.py:925} INFO - DAG(s) 'example_branch_labels' retrieved from /home/airflow/.local/lib/python3.12/site-packages/airflow/example_dags/example_branch_labels.py
[2025-02-24T09:27:51.139+0000] {logging_mixin.py:190} INFO - [2025-02-24T09:27:51.139+0000] {dag.py:3239} INFO - Sync 1 DAGs
[2025-02-24T09:27:51.158+0000] {logging_mixin.py:190} INFO - [2025-02-24T09:27:51.158+0000] {dag.py:4180} INFO - Setting next_dagrun for example_branch_labels to 2025-02-23 00:00:00+00:00, run_after=2025-02-24 00:00:00+00:00
[2025-02-24T09:27:51.171+0000] {processor.py:208} INFO - Processing /home/airflow/.local/lib/python3.12/site-packages/airflow/example_dags/example_branch_labels.py took 0.064 seconds
[2025-02-24T09:28:21.639+0000] {processor.py:186} INFO - Started process (PID=525) to work on /home/airflow/.local/lib/python3.12/site-packages/airflow/example_dags/example_branch_labels.py
[2025-02-24T09:28:21.639+0000] {processor.py:914} INFO - Processing file /home/airflow/.local/lib/python3.12/site-packages/airflow/example_dags/example_branch_labels.py for tasks to queue
[2025-02-24T09:28:21.641+0000] {logging_mixin.py:190} INFO - [2025-02-24T09:28:21.641+0000] {dagbag.py:588} INFO - Filling up the DagBag from /home/airflow/.local/lib/python3.12/site-packages/airflow/example_dags/example_branch_labels.py
[2025-02-24T09:28:21.649+0000] {processor.py:925} INFO - DAG(s) 'example_branch_labels' retrieved from /home/airflow/.local/lib/python3.12/site-packages/airflow/example_dags/example_branch_labels.py
[2025-02-24T09:28:21.665+0000] {logging_mixin.py:190} INFO - [2025-02-24T09:28:21.665+0000] {dag.py:3239} INFO - Sync 1 DAGs
[2025-02-24T09:28:21.684+0000] {logging_mixin.py:190} INFO - [2025-02-24T09:28:21.683+0000] {dag.py:4180} INFO - Setting next_dagrun for example_branch_labels to 2025-02-23 00:00:00+00:00, run_after=2025-02-24 00:00:00+00:00
[2025-02-24T09:28:21.695+0000] {processor.py:208} INFO - Processing /home/airflow/.local/lib/python3.12/site-packages/airflow/example_dags/example_branch_labels.py took 0.061 seconds
[2025-02-24T09:28:51.758+0000] {processor.py:186} INFO - Started process (PID=588) to work on /home/airflow/.local/lib/python3.12/site-packages/airflow/example_dags/example_branch_labels.py
[2025-02-24T09:28:51.759+0000] {processor.py:914} INFO - Processing file /home/airflow/.local/lib/python3.12/site-packages/airflow/example_dags/example_branch_labels.py for tasks to queue
[2025-02-24T09:28:51.761+0000] {logging_mixin.py:190} INFO - [2025-02-24T09:28:51.760+0000] {dagbag.py:588} INFO - Filling up the DagBag from /home/airflow/.local/lib/python3.12/site-packages/airflow/example_dags/example_branch_labels.py
[2025-02-24T09:28:51.769+0000] {processor.py:925} INFO - DAG(s) 'example_branch_labels' retrieved from /home/airflow/.local/lib/python3.12/site-packages/airflow/example_dags/example_branch_labels.py
[2025-02-24T09:28:51.786+0000] {logging_mixin.py:190} INFO - [2025-02-24T09:28:51.786+0000] {dag.py:3239} INFO - Sync 1 DAGs
[2025-02-24T09:28:51.805+0000] {logging_mixin.py:190} INFO - [2025-02-24T09:28:51.805+0000] {dag.py:4180} INFO - Setting next_dagrun for example_branch_labels to 2025-02-23 00:00:00+00:00, run_after=2025-02-24 00:00:00+00:00
[2025-02-24T09:28:51.817+0000] {processor.py:208} INFO - Processing /home/airflow/.local/lib/python3.12/site-packages/airflow/example_dags/example_branch_labels.py took 0.064 seconds
[2025-02-24T09:29:22.249+0000] {processor.py:186} INFO - Started process (PID=651) to work on /home/airflow/.local/lib/python3.12/site-packages/airflow/example_dags/example_branch_labels.py
[2025-02-24T09:29:22.250+0000] {processor.py:914} INFO - Processing file /home/airflow/.local/lib/python3.12/site-packages/airflow/example_dags/example_branch_labels.py for tasks to queue
[2025-02-24T09:29:22.251+0000] {logging_mixin.py:190} INFO - [2025-02-24T09:29:22.251+0000] {dagbag.py:588} INFO - Filling up the DagBag from /home/airflow/.local/lib/python3.12/site-packages/airflow/example_dags/example_branch_labels.py
[2025-02-24T09:29:22.260+0000] {processor.py:925} INFO - DAG(s) 'example_branch_labels' retrieved from /home/airflow/.local/lib/python3.12/site-packages/airflow/example_dags/example_branch_labels.py
[2025-02-24T09:29:22.278+0000] {logging_mixin.py:190} INFO - [2025-02-24T09:29:22.278+0000] {dag.py:3239} INFO - Sync 1 DAGs
[2025-02-24T09:29:22.299+0000] {logging_mixin.py:190} INFO - [2025-02-24T09:29:22.299+0000] {dag.py:4180} INFO - Setting next_dagrun for example_branch_labels to 2025-02-23 00:00:00+00:00, run_after=2025-02-24 00:00:00+00:00
[2025-02-24T09:29:22.313+0000] {processor.py:208} INFO - Processing /home/airflow/.local/lib/python3.12/site-packages/airflow/example_dags/example_branch_labels.py took 0.068 seconds
[2025-02-24T09:29:52.418+0000] {processor.py:186} INFO - Started process (PID=714) to work on /home/airflow/.local/lib/python3.12/site-packages/airflow/example_dags/example_branch_labels.py
[2025-02-24T09:29:52.418+0000] {processor.py:914} INFO - Processing file /home/airflow/.local/lib/python3.12/site-packages/airflow/example_dags/example_branch_labels.py for tasks to queue
[2025-02-24T09:29:52.420+0000] {logging_mixin.py:190} INFO - [2025-02-24T09:29:52.419+0000] {dagbag.py:588} INFO - Filling up the DagBag from /home/airflow/.local/lib/python3.12/site-packages/airflow/example_dags/example_branch_labels.py
[2025-02-24T09:29:52.428+0000] {processor.py:925} INFO - DAG(s) 'example_branch_labels' retrieved from /home/airflow/.local/lib/python3.12/site-packages/airflow/example_dags/example_branch_labels.py
[2025-02-24T09:29:52.443+0000] {logging_mixin.py:190} INFO - [2025-02-24T09:29:52.443+0000] {dag.py:3239} INFO - Sync 1 DAGs
[2025-02-24T09:29:52.462+0000] {logging_mixin.py:190} INFO - [2025-02-24T09:29:52.462+0000] {dag.py:4180} INFO - Setting next_dagrun for example_branch_labels to 2025-02-23 00:00:00+00:00, run_after=2025-02-24 00:00:00+00:00
[2025-02-24T09:29:52.476+0000] {processor.py:208} INFO - Processing /home/airflow/.local/lib/python3.12/site-packages/airflow/example_dags/example_branch_labels.py took 0.063 seconds
[2025-02-24T09:30:22.701+0000] {processor.py:186} INFO - Started process (PID=777) to work on /home/airflow/.local/lib/python3.12/site-packages/airflow/example_dags/example_branch_labels.py
[2025-02-24T09:30:22.701+0000] {processor.py:914} INFO - Processing file /home/airflow/.local/lib/python3.12/site-packages/airflow/example_dags/example_branch_labels.py for tasks to queue
[2025-02-24T09:30:22.703+0000] {logging_mixin.py:190} INFO - [2025-02-24T09:30:22.703+0000] {dagbag.py:588} INFO - Filling up the DagBag from /home/airflow/.local/lib/python3.12/site-packages/airflow/example_dags/example_branch_labels.py
[2025-02-24T09:30:22.711+0000] {processor.py:925} INFO - DAG(s) 'example_branch_labels' retrieved from /home/airflow/.local/lib/python3.12/site-packages/airflow/example_dags/example_branch_labels.py
[2025-02-24T09:30:22.727+0000] {logging_mixin.py:190} INFO - [2025-02-24T09:30:22.727+0000] {dag.py:3239} INFO - Sync 1 DAGs
[2025-02-24T09:30:22.746+0000] {logging_mixin.py:190} INFO - [2025-02-24T09:30:22.746+0000] {dag.py:4180} INFO - Setting next_dagrun for example_branch_labels to 2025-02-23 00:00:00+00:00, run_after=2025-02-24 00:00:00+00:00
[2025-02-24T09:30:22.759+0000] {processor.py:208} INFO - Processing /home/airflow/.local/lib/python3.12/site-packages/airflow/example_dags/example_branch_labels.py took 0.063 seconds
[2025-02-24T09:30:53.032+0000] {processor.py:186} INFO - Started process (PID=840) to work on /home/airflow/.local/lib/python3.12/site-packages/airflow/example_dags/example_branch_labels.py
[2025-02-24T09:30:53.033+0000] {processor.py:914} INFO - Processing file /home/airflow/.local/lib/python3.12/site-packages/airflow/example_dags/example_branch_labels.py for tasks to queue
[2025-02-24T09:30:53.034+0000] {logging_mixin.py:190} INFO - [2025-02-24T09:30:53.034+0000] {dagbag.py:588} INFO - Filling up the DagBag from /home/airflow/.local/lib/python3.12/site-packages/airflow/example_dags/example_branch_labels.py
[2025-02-24T09:30:53.042+0000] {processor.py:925} INFO - DAG(s) 'example_branch_labels' retrieved from /home/airflow/.local/lib/python3.12/site-packages/airflow/example_dags/example_branch_labels.py
[2025-02-24T09:30:53.059+0000] {logging_mixin.py:190} INFO - [2025-02-24T09:30:53.059+0000] {dag.py:3239} INFO - Sync 1 DAGs
[2025-02-24T09:30:53.078+0000] {logging_mixin.py:190} INFO - [2025-02-24T09:30:53.078+0000] {dag.py:4180} INFO - Setting next_dagrun for example_branch_labels to 2025-02-23 00:00:00+00:00, run_after=2025-02-24 00:00:00+00:00
[2025-02-24T09:30:53.091+0000] {processor.py:208} INFO - Processing /home/airflow/.local/lib/python3.12/site-packages/airflow/example_dags/example_branch_labels.py took 0.064 seconds
[2025-02-24T09:31:23.283+0000] {processor.py:186} INFO - Started process (PID=903) to work on /home/airflow/.local/lib/python3.12/site-packages/airflow/example_dags/example_branch_labels.py
[2025-02-24T09:31:23.284+0000] {processor.py:914} INFO - Processing file /home/airflow/.local/lib/python3.12/site-packages/airflow/example_dags/example_branch_labels.py for tasks to queue
[2025-02-24T09:31:23.286+0000] {logging_mixin.py:190} INFO - [2025-02-24T09:31:23.285+0000] {dagbag.py:588} INFO - Filling up the DagBag from /home/airflow/.local/lib/python3.12/site-packages/airflow/example_dags/example_branch_labels.py
[2025-02-24T09:31:23.295+0000] {processor.py:925} INFO - DAG(s) 'example_branch_labels' retrieved from /home/airflow/.local/lib/python3.12/site-packages/airflow/example_dags/example_branch_labels.py
[2025-02-24T09:31:23.314+0000] {logging_mixin.py:190} INFO - [2025-02-24T09:31:23.314+0000] {dag.py:3239} INFO - Sync 1 DAGs
[2025-02-24T09:31:23.336+0000] {logging_mixin.py:190} INFO - [2025-02-24T09:31:23.335+0000] {dag.py:4180} INFO - Setting next_dagrun for example_branch_labels to 2025-02-23 00:00:00+00:00, run_after=2025-02-24 00:00:00+00:00
[2025-02-24T09:31:23.351+0000] {processor.py:208} INFO - Processing /home/airflow/.local/lib/python3.12/site-packages/airflow/example_dags/example_branch_labels.py took 0.072 seconds
[2025-02-24T09:31:54.067+0000] {processor.py:186} INFO - Started process (PID=966) to work on /home/airflow/.local/lib/python3.12/site-packages/airflow/example_dags/example_branch_labels.py
[2025-02-24T09:31:54.068+0000] {processor.py:914} INFO - Processing file /home/airflow/.local/lib/python3.12/site-packages/airflow/example_dags/example_branch_labels.py for tasks to queue
[2025-02-24T09:31:54.069+0000] {logging_mixin.py:190} INFO - [2025-02-24T09:31:54.069+0000] {dagbag.py:588} INFO - Filling up the DagBag from /home/airflow/.local/lib/python3.12/site-packages/airflow/example_dags/example_branch_labels.py
[2025-02-24T09:31:54.077+0000] {processor.py:925} INFO - DAG(s) 'example_branch_labels' retrieved from /home/airflow/.local/lib/python3.12/site-packages/airflow/example_dags/example_branch_labels.py
[2025-02-24T09:31:54.092+0000] {logging_mixin.py:190} INFO - [2025-02-24T09:31:54.092+0000] {dag.py:3239} INFO - Sync 1 DAGs
[2025-02-24T09:31:54.111+0000] {logging_mixin.py:190} INFO - [2025-02-24T09:31:54.111+0000] {dag.py:4180} INFO - Setting next_dagrun for example_branch_labels to 2025-02-23 00:00:00+00:00, run_after=2025-02-24 00:00:00+00:00
[2025-02-24T09:31:54.123+0000] {processor.py:208} INFO - Processing /home/airflow/.local/lib/python3.12/site-packages/airflow/example_dags/example_branch_labels.py took 0.061 seconds
[2025-02-24T09:32:24.343+0000] {processor.py:186} INFO - Started process (PID=1029) to work on /home/airflow/.local/lib/python3.12/site-packages/airflow/example_dags/example_branch_labels.py
[2025-02-24T09:32:24.343+0000] {processor.py:914} INFO - Processing file /home/airflow/.local/lib/python3.12/site-packages/airflow/example_dags/example_branch_labels.py for tasks to queue
[2025-02-24T09:32:24.345+0000] {logging_mixin.py:190} INFO - [2025-02-24T09:32:24.345+0000] {dagbag.py:588} INFO - Filling up the DagBag from /home/airflow/.local/lib/python3.12/site-packages/airflow/example_dags/example_branch_labels.py
[2025-02-24T09:32:24.354+0000] {processor.py:925} INFO - DAG(s) 'example_branch_labels' retrieved from /home/airflow/.local/lib/python3.12/site-packages/airflow/example_dags/example_branch_labels.py
[2025-02-24T09:32:24.376+0000] {logging_mixin.py:190} INFO - [2025-02-24T09:32:24.376+0000] {dag.py:3239} INFO - Sync 1 DAGs
[2025-02-24T09:32:24.405+0000] {logging_mixin.py:190} INFO - [2025-02-24T09:32:24.405+0000] {dag.py:4180} INFO - Setting next_dagrun for example_branch_labels to 2025-02-23 00:00:00+00:00, run_after=2025-02-24 00:00:00+00:00
[2025-02-24T09:32:24.430+0000] {processor.py:208} INFO - Processing /home/airflow/.local/lib/python3.12/site-packages/airflow/example_dags/example_branch_labels.py took 0.093 seconds
[2025-02-24T09:32:55.266+0000] {processor.py:186} INFO - Started process (PID=1092) to work on /home/airflow/.local/lib/python3.12/site-packages/airflow/example_dags/example_branch_labels.py
[2025-02-24T09:32:55.267+0000] {processor.py:914} INFO - Processing file /home/airflow/.local/lib/python3.12/site-packages/airflow/example_dags/example_branch_labels.py for tasks to queue
[2025-02-24T09:32:55.269+0000] {logging_mixin.py:190} INFO - [2025-02-24T09:32:55.269+0000] {dagbag.py:588} INFO - Filling up the DagBag from /home/airflow/.local/lib/python3.12/site-packages/airflow/example_dags/example_branch_labels.py
[2025-02-24T09:32:55.280+0000] {processor.py:925} INFO - DAG(s) 'example_branch_labels' retrieved from /home/airflow/.local/lib/python3.12/site-packages/airflow/example_dags/example_branch_labels.py
[2025-02-24T09:32:55.299+0000] {logging_mixin.py:190} INFO - [2025-02-24T09:32:55.299+0000] {dag.py:3239} INFO - Sync 1 DAGs
[2025-02-24T09:32:55.318+0000] {logging_mixin.py:190} INFO - [2025-02-24T09:32:55.318+0000] {dag.py:4180} INFO - Setting next_dagrun for example_branch_labels to 2025-02-23 00:00:00+00:00, run_after=2025-02-24 00:00:00+00:00
[2025-02-24T09:32:55.331+0000] {processor.py:208} INFO - Processing /home/airflow/.local/lib/python3.12/site-packages/airflow/example_dags/example_branch_labels.py took 0.072 seconds
[2025-02-24T09:33:25.978+0000] {processor.py:186} INFO - Started process (PID=1155) to work on /home/airflow/.local/lib/python3.12/site-packages/airflow/example_dags/example_branch_labels.py
[2025-02-24T09:33:25.979+0000] {processor.py:914} INFO - Processing file /home/airflow/.local/lib/python3.12/site-packages/airflow/example_dags/example_branch_labels.py for tasks to queue
[2025-02-24T09:33:25.982+0000] {logging_mixin.py:190} INFO - [2025-02-24T09:33:25.981+0000] {dagbag.py:588} INFO - Filling up the DagBag from /home/airflow/.local/lib/python3.12/site-packages/airflow/example_dags/example_branch_labels.py
[2025-02-24T09:33:25.993+0000] {processor.py:925} INFO - DAG(s) 'example_branch_labels' retrieved from /home/airflow/.local/lib/python3.12/site-packages/airflow/example_dags/example_branch_labels.py
[2025-02-24T09:33:26.015+0000] {logging_mixin.py:190} INFO - [2025-02-24T09:33:26.015+0000] {dag.py:3239} INFO - Sync 1 DAGs
[2025-02-24T09:33:26.034+0000] {logging_mixin.py:190} INFO - [2025-02-24T09:33:26.034+0000] {dag.py:4180} INFO - Setting next_dagrun for example_branch_labels to 2025-02-23 00:00:00+00:00, run_after=2025-02-24 00:00:00+00:00
[2025-02-24T09:33:26.047+0000] {processor.py:208} INFO - Processing /home/airflow/.local/lib/python3.12/site-packages/airflow/example_dags/example_branch_labels.py took 0.075 seconds
[2025-02-24T09:33:56.203+0000] {processor.py:186} INFO - Started process (PID=1218) to work on /home/airflow/.local/lib/python3.12/site-packages/airflow/example_dags/example_branch_labels.py
[2025-02-24T09:33:56.204+0000] {processor.py:914} INFO - Processing file /home/airflow/.local/lib/python3.12/site-packages/airflow/example_dags/example_branch_labels.py for tasks to queue
[2025-02-24T09:33:56.206+0000] {logging_mixin.py:190} INFO - [2025-02-24T09:33:56.205+0000] {dagbag.py:588} INFO - Filling up the DagBag from /home/airflow/.local/lib/python3.12/site-packages/airflow/example_dags/example_branch_labels.py
[2025-02-24T09:33:56.214+0000] {processor.py:925} INFO - DAG(s) 'example_branch_labels' retrieved from /home/airflow/.local/lib/python3.12/site-packages/airflow/example_dags/example_branch_labels.py
[2025-02-24T09:33:56.232+0000] {logging_mixin.py:190} INFO - [2025-02-24T09:33:56.232+0000] {dag.py:3239} INFO - Sync 1 DAGs
[2025-02-24T09:33:56.254+0000] {logging_mixin.py:190} INFO - [2025-02-24T09:33:56.254+0000] {dag.py:4180} INFO - Setting next_dagrun for example_branch_labels to 2025-02-23 00:00:00+00:00, run_after=2025-02-24 00:00:00+00:00
[2025-02-24T09:33:56.270+0000] {processor.py:208} INFO - Processing /home/airflow/.local/lib/python3.12/site-packages/airflow/example_dags/example_branch_labels.py took 0.071 seconds
[2025-02-24T09:34:26.478+0000] {processor.py:186} INFO - Started process (PID=1282) to work on /home/airflow/.local/lib/python3.12/site-packages/airflow/example_dags/example_branch_labels.py
[2025-02-24T09:34:26.479+0000] {processor.py:914} INFO - Processing file /home/airflow/.local/lib/python3.12/site-packages/airflow/example_dags/example_branch_labels.py for tasks to queue
[2025-02-24T09:34:26.481+0000] {logging_mixin.py:190} INFO - [2025-02-24T09:34:26.480+0000] {dagbag.py:588} INFO - Filling up the DagBag from /home/airflow/.local/lib/python3.12/site-packages/airflow/example_dags/example_branch_labels.py
[2025-02-24T09:34:26.489+0000] {processor.py:925} INFO - DAG(s) 'example_branch_labels' retrieved from /home/airflow/.local/lib/python3.12/site-packages/airflow/example_dags/example_branch_labels.py
[2025-02-24T09:34:26.507+0000] {logging_mixin.py:190} INFO - [2025-02-24T09:34:26.506+0000] {dag.py:3239} INFO - Sync 1 DAGs
[2025-02-24T09:34:26.528+0000] {logging_mixin.py:190} INFO - [2025-02-24T09:34:26.528+0000] {dag.py:4180} INFO - Setting next_dagrun for example_branch_labels to 2025-02-23 00:00:00+00:00, run_after=2025-02-24 00:00:00+00:00
[2025-02-24T09:34:26.542+0000] {processor.py:208} INFO - Processing /home/airflow/.local/lib/python3.12/site-packages/airflow/example_dags/example_branch_labels.py took 0.069 seconds
[2025-02-24T09:34:56.792+0000] {processor.py:186} INFO - Started process (PID=1346) to work on /home/airflow/.local/lib/python3.12/site-packages/airflow/example_dags/example_branch_labels.py
[2025-02-24T09:34:56.793+0000] {processor.py:914} INFO - Processing file /home/airflow/.local/lib/python3.12/site-packages/airflow/example_dags/example_branch_labels.py for tasks to queue
[2025-02-24T09:34:56.795+0000] {logging_mixin.py:190} INFO - [2025-02-24T09:34:56.794+0000] {dagbag.py:588} INFO - Filling up the DagBag from /home/airflow/.local/lib/python3.12/site-packages/airflow/example_dags/example_branch_labels.py
[2025-02-24T09:34:56.803+0000] {processor.py:925} INFO - DAG(s) 'example_branch_labels' retrieved from /home/airflow/.local/lib/python3.12/site-packages/airflow/example_dags/example_branch_labels.py
[2025-02-24T09:34:56.819+0000] {logging_mixin.py:190} INFO - [2025-02-24T09:34:56.819+0000] {dag.py:3239} INFO - Sync 1 DAGs
[2025-02-24T09:34:56.838+0000] {logging_mixin.py:190} INFO - [2025-02-24T09:34:56.837+0000] {dag.py:4180} INFO - Setting next_dagrun for example_branch_labels to 2025-02-23 00:00:00+00:00, run_after=2025-02-24 00:00:00+00:00
[2025-02-24T09:34:56.849+0000] {processor.py:208} INFO - Processing /home/airflow/.local/lib/python3.12/site-packages/airflow/example_dags/example_branch_labels.py took 0.062 seconds
[2025-02-24T09:35:27.533+0000] {processor.py:186} INFO - Started process (PID=1410) to work on /home/airflow/.local/lib/python3.12/site-packages/airflow/example_dags/example_branch_labels.py
[2025-02-24T09:35:27.534+0000] {processor.py:914} INFO - Processing file /home/airflow/.local/lib/python3.12/site-packages/airflow/example_dags/example_branch_labels.py for tasks to queue
[2025-02-24T09:35:27.536+0000] {logging_mixin.py:190} INFO - [2025-02-24T09:35:27.535+0000] {dagbag.py:588} INFO - Filling up the DagBag from /home/airflow/.local/lib/python3.12/site-packages/airflow/example_dags/example_branch_labels.py
[2025-02-24T09:35:27.544+0000] {processor.py:925} INFO - DAG(s) 'example_branch_labels' retrieved from /home/airflow/.local/lib/python3.12/site-packages/airflow/example_dags/example_branch_labels.py
[2025-02-24T09:35:27.561+0000] {logging_mixin.py:190} INFO - [2025-02-24T09:35:27.561+0000] {dag.py:3239} INFO - Sync 1 DAGs
[2025-02-24T09:35:27.580+0000] {logging_mixin.py:190} INFO - [2025-02-24T09:35:27.580+0000] {dag.py:4180} INFO - Setting next_dagrun for example_branch_labels to 2025-02-23 00:00:00+00:00, run_after=2025-02-24 00:00:00+00:00
[2025-02-24T09:35:27.593+0000] {processor.py:208} INFO - Processing /home/airflow/.local/lib/python3.12/site-packages/airflow/example_dags/example_branch_labels.py took 0.064 seconds
[2025-02-24T09:35:58.343+0000] {processor.py:186} INFO - Started process (PID=1473) to work on /home/airflow/.local/lib/python3.12/site-packages/airflow/example_dags/example_branch_labels.py
[2025-02-24T09:35:58.344+0000] {processor.py:914} INFO - Processing file /home/airflow/.local/lib/python3.12/site-packages/airflow/example_dags/example_branch_labels.py for tasks to queue
[2025-02-24T09:35:58.346+0000] {logging_mixin.py:190} INFO - [2025-02-24T09:35:58.346+0000] {dagbag.py:588} INFO - Filling up the DagBag from /home/airflow/.local/lib/python3.12/site-packages/airflow/example_dags/example_branch_labels.py
[2025-02-24T09:35:58.356+0000] {processor.py:925} INFO - DAG(s) 'example_branch_labels' retrieved from /home/airflow/.local/lib/python3.12/site-packages/airflow/example_dags/example_branch_labels.py
[2025-02-24T09:35:58.374+0000] {logging_mixin.py:190} INFO - [2025-02-24T09:35:58.374+0000] {dag.py:3239} INFO - Sync 1 DAGs
[2025-02-24T09:35:58.397+0000] {logging_mixin.py:190} INFO - [2025-02-24T09:35:58.396+0000] {dag.py:4180} INFO - Setting next_dagrun for example_branch_labels to 2025-02-23 00:00:00+00:00, run_after=2025-02-24 00:00:00+00:00
[2025-02-24T09:35:58.414+0000] {processor.py:208} INFO - Processing /home/airflow/.local/lib/python3.12/site-packages/airflow/example_dags/example_branch_labels.py took 0.078 seconds
[2025-02-24T09:36:28.675+0000] {processor.py:186} INFO - Started process (PID=1536) to work on /home/airflow/.local/lib/python3.12/site-packages/airflow/example_dags/example_branch_labels.py
[2025-02-24T09:36:28.676+0000] {processor.py:914} INFO - Processing file /home/airflow/.local/lib/python3.12/site-packages/airflow/example_dags/example_branch_labels.py for tasks to queue
[2025-02-24T09:36:28.678+0000] {logging_mixin.py:190} INFO - [2025-02-24T09:36:28.677+0000] {dagbag.py:588} INFO - Filling up the DagBag from /home/airflow/.local/lib/python3.12/site-packages/airflow/example_dags/example_branch_labels.py
[2025-02-24T09:36:28.687+0000] {processor.py:925} INFO - DAG(s) 'example_branch_labels' retrieved from /home/airflow/.local/lib/python3.12/site-packages/airflow/example_dags/example_branch_labels.py
[2025-02-24T09:36:28.705+0000] {logging_mixin.py:190} INFO - [2025-02-24T09:36:28.704+0000] {dag.py:3239} INFO - Sync 1 DAGs
[2025-02-24T09:36:28.726+0000] {logging_mixin.py:190} INFO - [2025-02-24T09:36:28.725+0000] {dag.py:4180} INFO - Setting next_dagrun for example_branch_labels to 2025-02-23 00:00:00+00:00, run_after=2025-02-24 00:00:00+00:00
[2025-02-24T09:36:28.741+0000] {processor.py:208} INFO - Processing /home/airflow/.local/lib/python3.12/site-packages/airflow/example_dags/example_branch_labels.py took 0.071 seconds
[2025-02-24T09:36:58.848+0000] {processor.py:186} INFO - Started process (PID=1600) to work on /home/airflow/.local/lib/python3.12/site-packages/airflow/example_dags/example_branch_labels.py
[2025-02-24T09:36:58.848+0000] {processor.py:914} INFO - Processing file /home/airflow/.local/lib/python3.12/site-packages/airflow/example_dags/example_branch_labels.py for tasks to queue
[2025-02-24T09:36:58.850+0000] {logging_mixin.py:190} INFO - [2025-02-24T09:36:58.850+0000] {dagbag.py:588} INFO - Filling up the DagBag from /home/airflow/.local/lib/python3.12/site-packages/airflow/example_dags/example_branch_labels.py
[2025-02-24T09:36:58.864+0000] {processor.py:925} INFO - DAG(s) 'example_branch_labels' retrieved from /home/airflow/.local/lib/python3.12/site-packages/airflow/example_dags/example_branch_labels.py
[2025-02-24T09:36:58.887+0000] {logging_mixin.py:190} INFO - [2025-02-24T09:36:58.887+0000] {dag.py:3239} INFO - Sync 1 DAGs
[2025-02-24T09:36:58.912+0000] {logging_mixin.py:190} INFO - [2025-02-24T09:36:58.911+0000] {dag.py:4180} INFO - Setting next_dagrun for example_branch_labels to 2025-02-23 00:00:00+00:00, run_after=2025-02-24 00:00:00+00:00
[2025-02-24T09:36:58.925+0000] {processor.py:208} INFO - Processing /home/airflow/.local/lib/python3.12/site-packages/airflow/example_dags/example_branch_labels.py took 0.084 seconds
[2025-02-24T09:37:28.963+0000] {processor.py:186} INFO - Started process (PID=1664) to work on /home/airflow/.local/lib/python3.12/site-packages/airflow/example_dags/example_branch_labels.py
[2025-02-24T09:37:28.964+0000] {processor.py:914} INFO - Processing file /home/airflow/.local/lib/python3.12/site-packages/airflow/example_dags/example_branch_labels.py for tasks to queue
[2025-02-24T09:37:28.965+0000] {logging_mixin.py:190} INFO - [2025-02-24T09:37:28.965+0000] {dagbag.py:588} INFO - Filling up the DagBag from /home/airflow/.local/lib/python3.12/site-packages/airflow/example_dags/example_branch_labels.py
[2025-02-24T09:37:28.973+0000] {processor.py:925} INFO - DAG(s) 'example_branch_labels' retrieved from /home/airflow/.local/lib/python3.12/site-packages/airflow/example_dags/example_branch_labels.py
[2025-02-24T09:37:28.989+0000] {logging_mixin.py:190} INFO - [2025-02-24T09:37:28.989+0000] {dag.py:3239} INFO - Sync 1 DAGs
[2025-02-24T09:37:29.015+0000] {logging_mixin.py:190} INFO - [2025-02-24T09:37:29.014+0000] {dag.py:4180} INFO - Setting next_dagrun for example_branch_labels to 2025-02-23 00:00:00+00:00, run_after=2025-02-24 00:00:00+00:00
[2025-02-24T09:37:29.028+0000] {processor.py:208} INFO - Processing /home/airflow/.local/lib/python3.12/site-packages/airflow/example_dags/example_branch_labels.py took 0.069 seconds
[2025-02-24T09:37:59.266+0000] {processor.py:186} INFO - Started process (PID=1728) to work on /home/airflow/.local/lib/python3.12/site-packages/airflow/example_dags/example_branch_labels.py
[2025-02-24T09:37:59.267+0000] {processor.py:914} INFO - Processing file /home/airflow/.local/lib/python3.12/site-packages/airflow/example_dags/example_branch_labels.py for tasks to queue
[2025-02-24T09:37:59.269+0000] {logging_mixin.py:190} INFO - [2025-02-24T09:37:59.268+0000] {dagbag.py:588} INFO - Filling up the DagBag from /home/airflow/.local/lib/python3.12/site-packages/airflow/example_dags/example_branch_labels.py
[2025-02-24T09:37:59.278+0000] {processor.py:925} INFO - DAG(s) 'example_branch_labels' retrieved from /home/airflow/.local/lib/python3.12/site-packages/airflow/example_dags/example_branch_labels.py
[2025-02-24T09:37:59.300+0000] {logging_mixin.py:190} INFO - [2025-02-24T09:37:59.300+0000] {dag.py:3239} INFO - Sync 1 DAGs
[2025-02-24T09:37:59.324+0000] {logging_mixin.py:190} INFO - [2025-02-24T09:37:59.324+0000] {dag.py:4180} INFO - Setting next_dagrun for example_branch_labels to 2025-02-23 00:00:00+00:00, run_after=2025-02-24 00:00:00+00:00
[2025-02-24T09:37:59.338+0000] {processor.py:208} INFO - Processing /home/airflow/.local/lib/python3.12/site-packages/airflow/example_dags/example_branch_labels.py took 0.078 seconds
[2025-02-24T09:38:29.693+0000] {processor.py:186} INFO - Started process (PID=1792) to work on /home/airflow/.local/lib/python3.12/site-packages/airflow/example_dags/example_branch_labels.py
[2025-02-24T09:38:29.694+0000] {processor.py:914} INFO - Processing file /home/airflow/.local/lib/python3.12/site-packages/airflow/example_dags/example_branch_labels.py for tasks to queue
[2025-02-24T09:38:29.697+0000] {logging_mixin.py:190} INFO - [2025-02-24T09:38:29.696+0000] {dagbag.py:588} INFO - Filling up the DagBag from /home/airflow/.local/lib/python3.12/site-packages/airflow/example_dags/example_branch_labels.py
[2025-02-24T09:38:29.709+0000] {processor.py:925} INFO - DAG(s) 'example_branch_labels' retrieved from /home/airflow/.local/lib/python3.12/site-packages/airflow/example_dags/example_branch_labels.py
[2025-02-24T09:38:29.735+0000] {logging_mixin.py:190} INFO - [2025-02-24T09:38:29.734+0000] {dag.py:3239} INFO - Sync 1 DAGs
[2025-02-24T09:38:29.755+0000] {logging_mixin.py:190} INFO - [2025-02-24T09:38:29.755+0000] {dag.py:4180} INFO - Setting next_dagrun for example_branch_labels to 2025-02-23 00:00:00+00:00, run_after=2025-02-24 00:00:00+00:00
[2025-02-24T09:38:29.770+0000] {processor.py:208} INFO - Processing /home/airflow/.local/lib/python3.12/site-packages/airflow/example_dags/example_branch_labels.py took 0.082 seconds
[2025-02-24T09:38:59.905+0000] {processor.py:186} INFO - Started process (PID=1856) to work on /home/airflow/.local/lib/python3.12/site-packages/airflow/example_dags/example_branch_labels.py
[2025-02-24T09:38:59.905+0000] {processor.py:914} INFO - Processing file /home/airflow/.local/lib/python3.12/site-packages/airflow/example_dags/example_branch_labels.py for tasks to queue
[2025-02-24T09:38:59.908+0000] {logging_mixin.py:190} INFO - [2025-02-24T09:38:59.907+0000] {dagbag.py:588} INFO - Filling up the DagBag from /home/airflow/.local/lib/python3.12/site-packages/airflow/example_dags/example_branch_labels.py
[2025-02-24T09:38:59.919+0000] {processor.py:925} INFO - DAG(s) 'example_branch_labels' retrieved from /home/airflow/.local/lib/python3.12/site-packages/airflow/example_dags/example_branch_labels.py
[2025-02-24T09:38:59.941+0000] {logging_mixin.py:190} INFO - [2025-02-24T09:38:59.941+0000] {dag.py:3239} INFO - Sync 1 DAGs
[2025-02-24T09:38:59.963+0000] {logging_mixin.py:190} INFO - [2025-02-24T09:38:59.963+0000] {dag.py:4180} INFO - Setting next_dagrun for example_branch_labels to 2025-02-23 00:00:00+00:00, run_after=2025-02-24 00:00:00+00:00
[2025-02-24T09:38:59.979+0000] {processor.py:208} INFO - Processing /home/airflow/.local/lib/python3.12/site-packages/airflow/example_dags/example_branch_labels.py took 0.081 seconds
[2025-02-24T09:39:30.599+0000] {processor.py:186} INFO - Started process (PID=1920) to work on /home/airflow/.local/lib/python3.12/site-packages/airflow/example_dags/example_branch_labels.py
[2025-02-24T09:39:30.599+0000] {processor.py:914} INFO - Processing file /home/airflow/.local/lib/python3.12/site-packages/airflow/example_dags/example_branch_labels.py for tasks to queue
[2025-02-24T09:39:30.602+0000] {logging_mixin.py:190} INFO - [2025-02-24T09:39:30.601+0000] {dagbag.py:588} INFO - Filling up the DagBag from /home/airflow/.local/lib/python3.12/site-packages/airflow/example_dags/example_branch_labels.py
[2025-02-24T09:39:30.613+0000] {processor.py:925} INFO - DAG(s) 'example_branch_labels' retrieved from /home/airflow/.local/lib/python3.12/site-packages/airflow/example_dags/example_branch_labels.py
[2025-02-24T09:39:30.632+0000] {logging_mixin.py:190} INFO - [2025-02-24T09:39:30.632+0000] {dag.py:3239} INFO - Sync 1 DAGs
[2025-02-24T09:39:30.652+0000] {logging_mixin.py:190} INFO - [2025-02-24T09:39:30.652+0000] {dag.py:4180} INFO - Setting next_dagrun for example_branch_labels to 2025-02-23 00:00:00+00:00, run_after=2025-02-24 00:00:00+00:00
[2025-02-24T09:39:30.667+0000] {processor.py:208} INFO - Processing /home/airflow/.local/lib/python3.12/site-packages/airflow/example_dags/example_branch_labels.py took 0.075 seconds
[2025-02-24T09:40:01.223+0000] {processor.py:186} INFO - Started process (PID=1984) to work on /home/airflow/.local/lib/python3.12/site-packages/airflow/example_dags/example_branch_labels.py
[2025-02-24T09:40:01.223+0000] {processor.py:914} INFO - Processing file /home/airflow/.local/lib/python3.12/site-packages/airflow/example_dags/example_branch_labels.py for tasks to queue
[2025-02-24T09:40:01.225+0000] {logging_mixin.py:190} INFO - [2025-02-24T09:40:01.225+0000] {dagbag.py:588} INFO - Filling up the DagBag from /home/airflow/.local/lib/python3.12/site-packages/airflow/example_dags/example_branch_labels.py
[2025-02-24T09:40:01.234+0000] {processor.py:925} INFO - DAG(s) 'example_branch_labels' retrieved from /home/airflow/.local/lib/python3.12/site-packages/airflow/example_dags/example_branch_labels.py
[2025-02-24T09:40:01.251+0000] {logging_mixin.py:190} INFO - [2025-02-24T09:40:01.251+0000] {dag.py:3239} INFO - Sync 1 DAGs
[2025-02-24T09:40:01.269+0000] {logging_mixin.py:190} INFO - [2025-02-24T09:40:01.269+0000] {dag.py:4180} INFO - Setting next_dagrun for example_branch_labels to 2025-02-23 00:00:00+00:00, run_after=2025-02-24 00:00:00+00:00
[2025-02-24T09:40:01.283+0000] {processor.py:208} INFO - Processing /home/airflow/.local/lib/python3.12/site-packages/airflow/example_dags/example_branch_labels.py took 0.065 seconds
[2025-02-24T09:40:31.881+0000] {processor.py:186} INFO - Started process (PID=2048) to work on /home/airflow/.local/lib/python3.12/site-packages/airflow/example_dags/example_branch_labels.py
[2025-02-24T09:40:31.882+0000] {processor.py:914} INFO - Processing file /home/airflow/.local/lib/python3.12/site-packages/airflow/example_dags/example_branch_labels.py for tasks to queue
[2025-02-24T09:40:31.884+0000] {logging_mixin.py:190} INFO - [2025-02-24T09:40:31.884+0000] {dagbag.py:588} INFO - Filling up the DagBag from /home/airflow/.local/lib/python3.12/site-packages/airflow/example_dags/example_branch_labels.py
[2025-02-24T09:40:31.895+0000] {processor.py:925} INFO - DAG(s) 'example_branch_labels' retrieved from /home/airflow/.local/lib/python3.12/site-packages/airflow/example_dags/example_branch_labels.py
[2025-02-24T09:40:31.916+0000] {logging_mixin.py:190} INFO - [2025-02-24T09:40:31.916+0000] {dag.py:3239} INFO - Sync 1 DAGs
[2025-02-24T09:40:31.937+0000] {logging_mixin.py:190} INFO - [2025-02-24T09:40:31.936+0000] {dag.py:4180} INFO - Setting next_dagrun for example_branch_labels to 2025-02-23 00:00:00+00:00, run_after=2025-02-24 00:00:00+00:00
[2025-02-24T09:40:31.949+0000] {processor.py:208} INFO - Processing /home/airflow/.local/lib/python3.12/site-packages/airflow/example_dags/example_branch_labels.py took 0.076 seconds
[2025-02-24T09:41:02.169+0000] {processor.py:186} INFO - Started process (PID=2112) to work on /home/airflow/.local/lib/python3.12/site-packages/airflow/example_dags/example_branch_labels.py
[2025-02-24T09:41:02.170+0000] {processor.py:914} INFO - Processing file /home/airflow/.local/lib/python3.12/site-packages/airflow/example_dags/example_branch_labels.py for tasks to queue
[2025-02-24T09:41:02.172+0000] {logging_mixin.py:190} INFO - [2025-02-24T09:41:02.172+0000] {dagbag.py:588} INFO - Filling up the DagBag from /home/airflow/.local/lib/python3.12/site-packages/airflow/example_dags/example_branch_labels.py
[2025-02-24T09:41:02.183+0000] {processor.py:925} INFO - DAG(s) 'example_branch_labels' retrieved from /home/airflow/.local/lib/python3.12/site-packages/airflow/example_dags/example_branch_labels.py
[2025-02-24T09:41:02.200+0000] {logging_mixin.py:190} INFO - [2025-02-24T09:41:02.200+0000] {dag.py:3239} INFO - Sync 1 DAGs
[2025-02-24T09:41:02.220+0000] {logging_mixin.py:190} INFO - [2025-02-24T09:41:02.220+0000] {dag.py:4180} INFO - Setting next_dagrun for example_branch_labels to 2025-02-23 00:00:00+00:00, run_after=2025-02-24 00:00:00+00:00
[2025-02-24T09:41:02.234+0000] {processor.py:208} INFO - Processing /home/airflow/.local/lib/python3.12/site-packages/airflow/example_dags/example_branch_labels.py took 0.071 seconds
