[2025-02-24T09:24:55.848+0000] {processor.py:186} INFO - Started process (PID=117) to work on /home/airflow/.local/lib/python3.12/site-packages/airflow/example_dags/example_task_group_decorator.py
[2025-02-24T09:24:55.849+0000] {processor.py:914} INFO - Processing file /home/airflow/.local/lib/python3.12/site-packages/airflow/example_dags/example_task_group_decorator.py for tasks to queue
[2025-02-24T09:24:55.851+0000] {logging_mixin.py:190} INFO - [2025-02-24T09:24:55.851+0000] {dagbag.py:588} INFO - Filling up the DagBag from /home/airflow/.local/lib/python3.12/site-packages/airflow/example_dags/example_task_group_decorator.py
[2025-02-24T09:24:55.872+0000] {processor.py:925} INFO - DAG(s) 'example_task_group_decorator' retrieved from /home/airflow/.local/lib/python3.12/site-packages/airflow/example_dags/example_task_group_decorator.py
[2025-02-24T09:24:55.972+0000] {logging_mixin.py:190} INFO - [2025-02-24T09:24:55.971+0000] {override.py:1911} INFO - Created Permission View: can edit on DAG:example_task_group_decorator
[2025-02-24T09:24:55.982+0000] {logging_mixin.py:190} INFO - [2025-02-24T09:24:55.982+0000] {override.py:1911} INFO - Created Permission View: can read on DAG:example_task_group_decorator
[2025-02-24T09:24:55.988+0000] {logging_mixin.py:190} INFO - [2025-02-24T09:24:55.988+0000] {override.py:1911} INFO - Created Permission View: can delete on DAG:example_task_group_decorator
[2025-02-24T09:24:55.993+0000] {logging_mixin.py:190} INFO - [2025-02-24T09:24:55.993+0000] {override.py:1911} INFO - Created Permission View: can create on DAG Run:example_task_group_decorator
[2025-02-24T09:24:55.998+0000] {logging_mixin.py:190} INFO - [2025-02-24T09:24:55.998+0000] {override.py:1911} INFO - Created Permission View: can read on DAG Run:example_task_group_decorator
[2025-02-24T09:24:56.004+0000] {logging_mixin.py:190} INFO - [2025-02-24T09:24:56.004+0000] {override.py:1911} INFO - Created Permission View: menu access on DAG Run:example_task_group_decorator
[2025-02-24T09:24:56.010+0000] {logging_mixin.py:190} INFO - [2025-02-24T09:24:56.009+0000] {override.py:1911} INFO - Created Permission View: can delete on DAG Run:example_task_group_decorator
[2025-02-24T09:24:56.010+0000] {logging_mixin.py:190} INFO - [2025-02-24T09:24:56.010+0000] {dag.py:3239} INFO - Sync 1 DAGs
[2025-02-24T09:24:56.021+0000] {logging_mixin.py:190} INFO - [2025-02-24T09:24:56.021+0000] {dag.py:3262} INFO - Creating ORM DAG for example_task_group_decorator
[2025-02-24T09:24:56.022+0000] {logging_mixin.py:190} INFO - [2025-02-24T09:24:56.022+0000] {dag.py:4180} INFO - Setting next_dagrun for example_task_group_decorator to None, run_after=None
[2025-02-24T09:24:56.034+0000] {processor.py:208} INFO - Processing /home/airflow/.local/lib/python3.12/site-packages/airflow/example_dags/example_task_group_decorator.py took 0.193 seconds
[2025-02-24T09:25:26.329+0000] {processor.py:186} INFO - Started process (PID=179) to work on /home/airflow/.local/lib/python3.12/site-packages/airflow/example_dags/example_task_group_decorator.py
[2025-02-24T09:25:26.330+0000] {processor.py:914} INFO - Processing file /home/airflow/.local/lib/python3.12/site-packages/airflow/example_dags/example_task_group_decorator.py for tasks to queue
[2025-02-24T09:25:26.332+0000] {logging_mixin.py:190} INFO - [2025-02-24T09:25:26.331+0000] {dagbag.py:588} INFO - Filling up the DagBag from /home/airflow/.local/lib/python3.12/site-packages/airflow/example_dags/example_task_group_decorator.py
[2025-02-24T09:25:26.344+0000] {processor.py:925} INFO - DAG(s) 'example_task_group_decorator' retrieved from /home/airflow/.local/lib/python3.12/site-packages/airflow/example_dags/example_task_group_decorator.py
[2025-02-24T09:25:26.367+0000] {logging_mixin.py:190} INFO - [2025-02-24T09:25:26.367+0000] {dag.py:3239} INFO - Sync 1 DAGs
[2025-02-24T09:25:26.385+0000] {logging_mixin.py:190} INFO - [2025-02-24T09:25:26.385+0000] {dag.py:4180} INFO - Setting next_dagrun for example_task_group_decorator to None, run_after=None
[2025-02-24T09:25:26.405+0000] {processor.py:208} INFO - Processing /home/airflow/.local/lib/python3.12/site-packages/airflow/example_dags/example_task_group_decorator.py took 0.081 seconds
[2025-02-24T09:25:56.521+0000] {processor.py:186} INFO - Started process (PID=242) to work on /home/airflow/.local/lib/python3.12/site-packages/airflow/example_dags/example_task_group_decorator.py
[2025-02-24T09:25:56.522+0000] {processor.py:914} INFO - Processing file /home/airflow/.local/lib/python3.12/site-packages/airflow/example_dags/example_task_group_decorator.py for tasks to queue
[2025-02-24T09:25:56.523+0000] {logging_mixin.py:190} INFO - [2025-02-24T09:25:56.523+0000] {dagbag.py:588} INFO - Filling up the DagBag from /home/airflow/.local/lib/python3.12/site-packages/airflow/example_dags/example_task_group_decorator.py
[2025-02-24T09:25:56.537+0000] {processor.py:925} INFO - DAG(s) 'example_task_group_decorator' retrieved from /home/airflow/.local/lib/python3.12/site-packages/airflow/example_dags/example_task_group_decorator.py
[2025-02-24T09:25:56.564+0000] {logging_mixin.py:190} INFO - [2025-02-24T09:25:56.564+0000] {dag.py:3239} INFO - Sync 1 DAGs
[2025-02-24T09:25:56.579+0000] {logging_mixin.py:190} INFO - [2025-02-24T09:25:56.578+0000] {dag.py:4180} INFO - Setting next_dagrun for example_task_group_decorator to None, run_after=None
[2025-02-24T09:25:56.595+0000] {processor.py:208} INFO - Processing /home/airflow/.local/lib/python3.12/site-packages/airflow/example_dags/example_task_group_decorator.py took 0.079 seconds
[2025-02-24T09:26:27.464+0000] {processor.py:186} INFO - Started process (PID=306) to work on /home/airflow/.local/lib/python3.12/site-packages/airflow/example_dags/example_task_group_decorator.py
[2025-02-24T09:26:27.465+0000] {processor.py:914} INFO - Processing file /home/airflow/.local/lib/python3.12/site-packages/airflow/example_dags/example_task_group_decorator.py for tasks to queue
[2025-02-24T09:26:27.466+0000] {logging_mixin.py:190} INFO - [2025-02-24T09:26:27.466+0000] {dagbag.py:588} INFO - Filling up the DagBag from /home/airflow/.local/lib/python3.12/site-packages/airflow/example_dags/example_task_group_decorator.py
[2025-02-24T09:26:27.480+0000] {processor.py:925} INFO - DAG(s) 'example_task_group_decorator' retrieved from /home/airflow/.local/lib/python3.12/site-packages/airflow/example_dags/example_task_group_decorator.py
[2025-02-24T09:26:27.504+0000] {logging_mixin.py:190} INFO - [2025-02-24T09:26:27.504+0000] {dag.py:3239} INFO - Sync 1 DAGs
[2025-02-24T09:26:27.517+0000] {logging_mixin.py:190} INFO - [2025-02-24T09:26:27.517+0000] {dag.py:4180} INFO - Setting next_dagrun for example_task_group_decorator to None, run_after=None
[2025-02-24T09:26:27.531+0000] {processor.py:208} INFO - Processing /home/airflow/.local/lib/python3.12/site-packages/airflow/example_dags/example_task_group_decorator.py took 0.072 seconds
[2025-02-24T09:26:58.406+0000] {processor.py:186} INFO - Started process (PID=369) to work on /home/airflow/.local/lib/python3.12/site-packages/airflow/example_dags/example_task_group_decorator.py
[2025-02-24T09:26:58.407+0000] {processor.py:914} INFO - Processing file /home/airflow/.local/lib/python3.12/site-packages/airflow/example_dags/example_task_group_decorator.py for tasks to queue
[2025-02-24T09:26:58.409+0000] {logging_mixin.py:190} INFO - [2025-02-24T09:26:58.409+0000] {dagbag.py:588} INFO - Filling up the DagBag from /home/airflow/.local/lib/python3.12/site-packages/airflow/example_dags/example_task_group_decorator.py
[2025-02-24T09:26:58.424+0000] {processor.py:925} INFO - DAG(s) 'example_task_group_decorator' retrieved from /home/airflow/.local/lib/python3.12/site-packages/airflow/example_dags/example_task_group_decorator.py
[2025-02-24T09:26:58.449+0000] {logging_mixin.py:190} INFO - [2025-02-24T09:26:58.449+0000] {dag.py:3239} INFO - Sync 1 DAGs
[2025-02-24T09:26:58.463+0000] {logging_mixin.py:190} INFO - [2025-02-24T09:26:58.463+0000] {dag.py:4180} INFO - Setting next_dagrun for example_task_group_decorator to None, run_after=None
[2025-02-24T09:26:58.480+0000] {processor.py:208} INFO - Processing /home/airflow/.local/lib/python3.12/site-packages/airflow/example_dags/example_task_group_decorator.py took 0.078 seconds
[2025-02-24T09:27:29.236+0000] {processor.py:186} INFO - Started process (PID=432) to work on /home/airflow/.local/lib/python3.12/site-packages/airflow/example_dags/example_task_group_decorator.py
[2025-02-24T09:27:29.237+0000] {processor.py:914} INFO - Processing file /home/airflow/.local/lib/python3.12/site-packages/airflow/example_dags/example_task_group_decorator.py for tasks to queue
[2025-02-24T09:27:29.238+0000] {logging_mixin.py:190} INFO - [2025-02-24T09:27:29.238+0000] {dagbag.py:588} INFO - Filling up the DagBag from /home/airflow/.local/lib/python3.12/site-packages/airflow/example_dags/example_task_group_decorator.py
[2025-02-24T09:27:29.253+0000] {processor.py:925} INFO - DAG(s) 'example_task_group_decorator' retrieved from /home/airflow/.local/lib/python3.12/site-packages/airflow/example_dags/example_task_group_decorator.py
[2025-02-24T09:27:29.274+0000] {logging_mixin.py:190} INFO - [2025-02-24T09:27:29.274+0000] {dag.py:3239} INFO - Sync 1 DAGs
[2025-02-24T09:27:29.286+0000] {logging_mixin.py:190} INFO - [2025-02-24T09:27:29.285+0000] {dag.py:4180} INFO - Setting next_dagrun for example_task_group_decorator to None, run_after=None
[2025-02-24T09:27:29.298+0000] {processor.py:208} INFO - Processing /home/airflow/.local/lib/python3.12/site-packages/airflow/example_dags/example_task_group_decorator.py took 0.067 seconds
[2025-02-24T09:28:00.842+0000] {processor.py:186} INFO - Started process (PID=495) to work on /home/airflow/.local/lib/python3.12/site-packages/airflow/example_dags/example_task_group_decorator.py
[2025-02-24T09:28:00.843+0000] {processor.py:914} INFO - Processing file /home/airflow/.local/lib/python3.12/site-packages/airflow/example_dags/example_task_group_decorator.py for tasks to queue
[2025-02-24T09:28:00.844+0000] {logging_mixin.py:190} INFO - [2025-02-24T09:28:00.844+0000] {dagbag.py:588} INFO - Filling up the DagBag from /home/airflow/.local/lib/python3.12/site-packages/airflow/example_dags/example_task_group_decorator.py
[2025-02-24T09:28:00.857+0000] {processor.py:925} INFO - DAG(s) 'example_task_group_decorator' retrieved from /home/airflow/.local/lib/python3.12/site-packages/airflow/example_dags/example_task_group_decorator.py
[2025-02-24T09:28:00.878+0000] {logging_mixin.py:190} INFO - [2025-02-24T09:28:00.878+0000] {dag.py:3239} INFO - Sync 1 DAGs
[2025-02-24T09:28:00.892+0000] {logging_mixin.py:190} INFO - [2025-02-24T09:28:00.892+0000] {dag.py:4180} INFO - Setting next_dagrun for example_task_group_decorator to None, run_after=None
[2025-02-24T09:28:00.906+0000] {processor.py:208} INFO - Processing /home/airflow/.local/lib/python3.12/site-packages/airflow/example_dags/example_task_group_decorator.py took 0.069 seconds
[2025-02-24T09:28:32.504+0000] {processor.py:186} INFO - Started process (PID=558) to work on /home/airflow/.local/lib/python3.12/site-packages/airflow/example_dags/example_task_group_decorator.py
[2025-02-24T09:28:32.504+0000] {processor.py:914} INFO - Processing file /home/airflow/.local/lib/python3.12/site-packages/airflow/example_dags/example_task_group_decorator.py for tasks to queue
[2025-02-24T09:28:32.506+0000] {logging_mixin.py:190} INFO - [2025-02-24T09:28:32.506+0000] {dagbag.py:588} INFO - Filling up the DagBag from /home/airflow/.local/lib/python3.12/site-packages/airflow/example_dags/example_task_group_decorator.py
[2025-02-24T09:28:32.520+0000] {processor.py:925} INFO - DAG(s) 'example_task_group_decorator' retrieved from /home/airflow/.local/lib/python3.12/site-packages/airflow/example_dags/example_task_group_decorator.py
[2025-02-24T09:28:32.551+0000] {logging_mixin.py:190} INFO - [2025-02-24T09:28:32.550+0000] {dag.py:3239} INFO - Sync 1 DAGs
[2025-02-24T09:28:32.564+0000] {logging_mixin.py:190} INFO - [2025-02-24T09:28:32.564+0000] {dag.py:4180} INFO - Setting next_dagrun for example_task_group_decorator to None, run_after=None
[2025-02-24T09:28:32.581+0000] {processor.py:208} INFO - Processing /home/airflow/.local/lib/python3.12/site-packages/airflow/example_dags/example_task_group_decorator.py took 0.082 seconds
[2025-02-24T09:29:03.126+0000] {processor.py:186} INFO - Started process (PID=621) to work on /home/airflow/.local/lib/python3.12/site-packages/airflow/example_dags/example_task_group_decorator.py
[2025-02-24T09:29:03.127+0000] {processor.py:914} INFO - Processing file /home/airflow/.local/lib/python3.12/site-packages/airflow/example_dags/example_task_group_decorator.py for tasks to queue
[2025-02-24T09:29:03.130+0000] {logging_mixin.py:190} INFO - [2025-02-24T09:29:03.129+0000] {dagbag.py:588} INFO - Filling up the DagBag from /home/airflow/.local/lib/python3.12/site-packages/airflow/example_dags/example_task_group_decorator.py
[2025-02-24T09:29:03.147+0000] {processor.py:925} INFO - DAG(s) 'example_task_group_decorator' retrieved from /home/airflow/.local/lib/python3.12/site-packages/airflow/example_dags/example_task_group_decorator.py
[2025-02-24T09:29:03.169+0000] {logging_mixin.py:190} INFO - [2025-02-24T09:29:03.169+0000] {dag.py:3239} INFO - Sync 1 DAGs
[2025-02-24T09:29:03.182+0000] {logging_mixin.py:190} INFO - [2025-02-24T09:29:03.182+0000] {dag.py:4180} INFO - Setting next_dagrun for example_task_group_decorator to None, run_after=None
[2025-02-24T09:29:03.197+0000] {processor.py:208} INFO - Processing /home/airflow/.local/lib/python3.12/site-packages/airflow/example_dags/example_task_group_decorator.py took 0.077 seconds
[2025-02-24T09:29:34.205+0000] {processor.py:186} INFO - Started process (PID=684) to work on /home/airflow/.local/lib/python3.12/site-packages/airflow/example_dags/example_task_group_decorator.py
[2025-02-24T09:29:34.205+0000] {processor.py:914} INFO - Processing file /home/airflow/.local/lib/python3.12/site-packages/airflow/example_dags/example_task_group_decorator.py for tasks to queue
[2025-02-24T09:29:34.207+0000] {logging_mixin.py:190} INFO - [2025-02-24T09:29:34.207+0000] {dagbag.py:588} INFO - Filling up the DagBag from /home/airflow/.local/lib/python3.12/site-packages/airflow/example_dags/example_task_group_decorator.py
[2025-02-24T09:29:34.220+0000] {processor.py:925} INFO - DAG(s) 'example_task_group_decorator' retrieved from /home/airflow/.local/lib/python3.12/site-packages/airflow/example_dags/example_task_group_decorator.py
[2025-02-24T09:29:34.241+0000] {logging_mixin.py:190} INFO - [2025-02-24T09:29:34.241+0000] {dag.py:3239} INFO - Sync 1 DAGs
[2025-02-24T09:29:34.253+0000] {logging_mixin.py:190} INFO - [2025-02-24T09:29:34.253+0000] {dag.py:4180} INFO - Setting next_dagrun for example_task_group_decorator to None, run_after=None
[2025-02-24T09:29:34.269+0000] {processor.py:208} INFO - Processing /home/airflow/.local/lib/python3.12/site-packages/airflow/example_dags/example_task_group_decorator.py took 0.069 seconds
[2025-02-24T09:30:05.466+0000] {processor.py:186} INFO - Started process (PID=747) to work on /home/airflow/.local/lib/python3.12/site-packages/airflow/example_dags/example_task_group_decorator.py
[2025-02-24T09:30:05.467+0000] {processor.py:914} INFO - Processing file /home/airflow/.local/lib/python3.12/site-packages/airflow/example_dags/example_task_group_decorator.py for tasks to queue
[2025-02-24T09:30:05.468+0000] {logging_mixin.py:190} INFO - [2025-02-24T09:30:05.468+0000] {dagbag.py:588} INFO - Filling up the DagBag from /home/airflow/.local/lib/python3.12/site-packages/airflow/example_dags/example_task_group_decorator.py
[2025-02-24T09:30:05.482+0000] {processor.py:925} INFO - DAG(s) 'example_task_group_decorator' retrieved from /home/airflow/.local/lib/python3.12/site-packages/airflow/example_dags/example_task_group_decorator.py
[2025-02-24T09:30:05.509+0000] {logging_mixin.py:190} INFO - [2025-02-24T09:30:05.509+0000] {dag.py:3239} INFO - Sync 1 DAGs
[2025-02-24T09:30:05.525+0000] {logging_mixin.py:190} INFO - [2025-02-24T09:30:05.525+0000] {dag.py:4180} INFO - Setting next_dagrun for example_task_group_decorator to None, run_after=None
[2025-02-24T09:30:05.540+0000] {processor.py:208} INFO - Processing /home/airflow/.local/lib/python3.12/site-packages/airflow/example_dags/example_task_group_decorator.py took 0.079 seconds
[2025-02-24T09:30:36.680+0000] {processor.py:186} INFO - Started process (PID=810) to work on /home/airflow/.local/lib/python3.12/site-packages/airflow/example_dags/example_task_group_decorator.py
[2025-02-24T09:30:36.681+0000] {processor.py:914} INFO - Processing file /home/airflow/.local/lib/python3.12/site-packages/airflow/example_dags/example_task_group_decorator.py for tasks to queue
[2025-02-24T09:30:36.682+0000] {logging_mixin.py:190} INFO - [2025-02-24T09:30:36.682+0000] {dagbag.py:588} INFO - Filling up the DagBag from /home/airflow/.local/lib/python3.12/site-packages/airflow/example_dags/example_task_group_decorator.py
[2025-02-24T09:30:36.698+0000] {processor.py:925} INFO - DAG(s) 'example_task_group_decorator' retrieved from /home/airflow/.local/lib/python3.12/site-packages/airflow/example_dags/example_task_group_decorator.py
[2025-02-24T09:30:36.727+0000] {logging_mixin.py:190} INFO - [2025-02-24T09:30:36.727+0000] {dag.py:3239} INFO - Sync 1 DAGs
[2025-02-24T09:30:36.743+0000] {logging_mixin.py:190} INFO - [2025-02-24T09:30:36.743+0000] {dag.py:4180} INFO - Setting next_dagrun for example_task_group_decorator to None, run_after=None
[2025-02-24T09:30:36.760+0000] {processor.py:208} INFO - Processing /home/airflow/.local/lib/python3.12/site-packages/airflow/example_dags/example_task_group_decorator.py took 0.086 seconds
[2025-02-24T09:31:07.059+0000] {processor.py:186} INFO - Started process (PID=872) to work on /home/airflow/.local/lib/python3.12/site-packages/airflow/example_dags/example_task_group_decorator.py
[2025-02-24T09:31:07.060+0000] {processor.py:914} INFO - Processing file /home/airflow/.local/lib/python3.12/site-packages/airflow/example_dags/example_task_group_decorator.py for tasks to queue
[2025-02-24T09:31:07.062+0000] {logging_mixin.py:190} INFO - [2025-02-24T09:31:07.061+0000] {dagbag.py:588} INFO - Filling up the DagBag from /home/airflow/.local/lib/python3.12/site-packages/airflow/example_dags/example_task_group_decorator.py
[2025-02-24T09:31:07.077+0000] {processor.py:925} INFO - DAG(s) 'example_task_group_decorator' retrieved from /home/airflow/.local/lib/python3.12/site-packages/airflow/example_dags/example_task_group_decorator.py
[2025-02-24T09:31:07.097+0000] {logging_mixin.py:190} INFO - [2025-02-24T09:31:07.097+0000] {dag.py:3239} INFO - Sync 1 DAGs
[2025-02-24T09:31:07.110+0000] {logging_mixin.py:190} INFO - [2025-02-24T09:31:07.109+0000] {dag.py:4180} INFO - Setting next_dagrun for example_task_group_decorator to None, run_after=None
[2025-02-24T09:31:07.124+0000] {processor.py:208} INFO - Processing /home/airflow/.local/lib/python3.12/site-packages/airflow/example_dags/example_task_group_decorator.py took 0.070 seconds
[2025-02-24T09:31:37.889+0000] {processor.py:186} INFO - Started process (PID=935) to work on /home/airflow/.local/lib/python3.12/site-packages/airflow/example_dags/example_task_group_decorator.py
[2025-02-24T09:31:37.890+0000] {processor.py:914} INFO - Processing file /home/airflow/.local/lib/python3.12/site-packages/airflow/example_dags/example_task_group_decorator.py for tasks to queue
[2025-02-24T09:31:37.892+0000] {logging_mixin.py:190} INFO - [2025-02-24T09:31:37.891+0000] {dagbag.py:588} INFO - Filling up the DagBag from /home/airflow/.local/lib/python3.12/site-packages/airflow/example_dags/example_task_group_decorator.py
[2025-02-24T09:31:37.908+0000] {processor.py:925} INFO - DAG(s) 'example_task_group_decorator' retrieved from /home/airflow/.local/lib/python3.12/site-packages/airflow/example_dags/example_task_group_decorator.py
[2025-02-24T09:31:37.929+0000] {logging_mixin.py:190} INFO - [2025-02-24T09:31:37.929+0000] {dag.py:3239} INFO - Sync 1 DAGs
[2025-02-24T09:31:37.941+0000] {logging_mixin.py:190} INFO - [2025-02-24T09:31:37.941+0000] {dag.py:4180} INFO - Setting next_dagrun for example_task_group_decorator to None, run_after=None
[2025-02-24T09:31:37.955+0000] {processor.py:208} INFO - Processing /home/airflow/.local/lib/python3.12/site-packages/airflow/example_dags/example_task_group_decorator.py took 0.071 seconds
[2025-02-24T09:32:08.789+0000] {processor.py:186} INFO - Started process (PID=998) to work on /home/airflow/.local/lib/python3.12/site-packages/airflow/example_dags/example_task_group_decorator.py
[2025-02-24T09:32:08.789+0000] {processor.py:914} INFO - Processing file /home/airflow/.local/lib/python3.12/site-packages/airflow/example_dags/example_task_group_decorator.py for tasks to queue
[2025-02-24T09:32:08.792+0000] {logging_mixin.py:190} INFO - [2025-02-24T09:32:08.791+0000] {dagbag.py:588} INFO - Filling up the DagBag from /home/airflow/.local/lib/python3.12/site-packages/airflow/example_dags/example_task_group_decorator.py
[2025-02-24T09:32:08.809+0000] {processor.py:925} INFO - DAG(s) 'example_task_group_decorator' retrieved from /home/airflow/.local/lib/python3.12/site-packages/airflow/example_dags/example_task_group_decorator.py
[2025-02-24T09:32:08.835+0000] {logging_mixin.py:190} INFO - [2025-02-24T09:32:08.835+0000] {dag.py:3239} INFO - Sync 1 DAGs
[2025-02-24T09:32:08.847+0000] {logging_mixin.py:190} INFO - [2025-02-24T09:32:08.847+0000] {dag.py:4180} INFO - Setting next_dagrun for example_task_group_decorator to None, run_after=None
[2025-02-24T09:32:08.862+0000] {processor.py:208} INFO - Processing /home/airflow/.local/lib/python3.12/site-packages/airflow/example_dags/example_task_group_decorator.py took 0.081 seconds
[2025-02-24T09:32:39.905+0000] {processor.py:186} INFO - Started process (PID=1061) to work on /home/airflow/.local/lib/python3.12/site-packages/airflow/example_dags/example_task_group_decorator.py
[2025-02-24T09:32:39.906+0000] {processor.py:914} INFO - Processing file /home/airflow/.local/lib/python3.12/site-packages/airflow/example_dags/example_task_group_decorator.py for tasks to queue
[2025-02-24T09:32:39.908+0000] {logging_mixin.py:190} INFO - [2025-02-24T09:32:39.907+0000] {dagbag.py:588} INFO - Filling up the DagBag from /home/airflow/.local/lib/python3.12/site-packages/airflow/example_dags/example_task_group_decorator.py
[2025-02-24T09:32:39.921+0000] {processor.py:925} INFO - DAG(s) 'example_task_group_decorator' retrieved from /home/airflow/.local/lib/python3.12/site-packages/airflow/example_dags/example_task_group_decorator.py
[2025-02-24T09:32:39.942+0000] {logging_mixin.py:190} INFO - [2025-02-24T09:32:39.941+0000] {dag.py:3239} INFO - Sync 1 DAGs
[2025-02-24T09:32:39.957+0000] {logging_mixin.py:190} INFO - [2025-02-24T09:32:39.957+0000] {dag.py:4180} INFO - Setting next_dagrun for example_task_group_decorator to None, run_after=None
[2025-02-24T09:32:39.971+0000] {processor.py:208} INFO - Processing /home/airflow/.local/lib/python3.12/site-packages/airflow/example_dags/example_task_group_decorator.py took 0.071 seconds
[2025-02-24T09:33:11.199+0000] {processor.py:186} INFO - Started process (PID=1124) to work on /home/airflow/.local/lib/python3.12/site-packages/airflow/example_dags/example_task_group_decorator.py
[2025-02-24T09:33:11.199+0000] {processor.py:914} INFO - Processing file /home/airflow/.local/lib/python3.12/site-packages/airflow/example_dags/example_task_group_decorator.py for tasks to queue
[2025-02-24T09:33:11.201+0000] {logging_mixin.py:190} INFO - [2025-02-24T09:33:11.201+0000] {dagbag.py:588} INFO - Filling up the DagBag from /home/airflow/.local/lib/python3.12/site-packages/airflow/example_dags/example_task_group_decorator.py
[2025-02-24T09:33:11.214+0000] {processor.py:925} INFO - DAG(s) 'example_task_group_decorator' retrieved from /home/airflow/.local/lib/python3.12/site-packages/airflow/example_dags/example_task_group_decorator.py
[2025-02-24T09:33:11.243+0000] {logging_mixin.py:190} INFO - [2025-02-24T09:33:11.242+0000] {dag.py:3239} INFO - Sync 1 DAGs
[2025-02-24T09:33:11.260+0000] {logging_mixin.py:190} INFO - [2025-02-24T09:33:11.260+0000] {dag.py:4180} INFO - Setting next_dagrun for example_task_group_decorator to None, run_after=None
[2025-02-24T09:33:11.276+0000] {processor.py:208} INFO - Processing /home/airflow/.local/lib/python3.12/site-packages/airflow/example_dags/example_task_group_decorator.py took 0.082 seconds
[2025-02-24T09:33:41.844+0000] {processor.py:186} INFO - Started process (PID=1187) to work on /home/airflow/.local/lib/python3.12/site-packages/airflow/example_dags/example_task_group_decorator.py
[2025-02-24T09:33:41.845+0000] {processor.py:914} INFO - Processing file /home/airflow/.local/lib/python3.12/site-packages/airflow/example_dags/example_task_group_decorator.py for tasks to queue
[2025-02-24T09:33:41.847+0000] {logging_mixin.py:190} INFO - [2025-02-24T09:33:41.846+0000] {dagbag.py:588} INFO - Filling up the DagBag from /home/airflow/.local/lib/python3.12/site-packages/airflow/example_dags/example_task_group_decorator.py
[2025-02-24T09:33:41.860+0000] {processor.py:925} INFO - DAG(s) 'example_task_group_decorator' retrieved from /home/airflow/.local/lib/python3.12/site-packages/airflow/example_dags/example_task_group_decorator.py
[2025-02-24T09:33:41.887+0000] {logging_mixin.py:190} INFO - [2025-02-24T09:33:41.887+0000] {dag.py:3239} INFO - Sync 1 DAGs
[2025-02-24T09:33:41.899+0000] {logging_mixin.py:190} INFO - [2025-02-24T09:33:41.899+0000] {dag.py:4180} INFO - Setting next_dagrun for example_task_group_decorator to None, run_after=None
[2025-02-24T09:33:41.915+0000] {processor.py:208} INFO - Processing /home/airflow/.local/lib/python3.12/site-packages/airflow/example_dags/example_task_group_decorator.py took 0.076 seconds
[2025-02-24T09:34:12.542+0000] {processor.py:186} INFO - Started process (PID=1249) to work on /home/airflow/.local/lib/python3.12/site-packages/airflow/example_dags/example_task_group_decorator.py
[2025-02-24T09:34:12.543+0000] {processor.py:914} INFO - Processing file /home/airflow/.local/lib/python3.12/site-packages/airflow/example_dags/example_task_group_decorator.py for tasks to queue
[2025-02-24T09:34:12.545+0000] {logging_mixin.py:190} INFO - [2025-02-24T09:34:12.544+0000] {dagbag.py:588} INFO - Filling up the DagBag from /home/airflow/.local/lib/python3.12/site-packages/airflow/example_dags/example_task_group_decorator.py
[2025-02-24T09:34:12.558+0000] {processor.py:925} INFO - DAG(s) 'example_task_group_decorator' retrieved from /home/airflow/.local/lib/python3.12/site-packages/airflow/example_dags/example_task_group_decorator.py
[2025-02-24T09:34:12.578+0000] {logging_mixin.py:190} INFO - [2025-02-24T09:34:12.577+0000] {dag.py:3239} INFO - Sync 1 DAGs
[2025-02-24T09:34:12.589+0000] {logging_mixin.py:190} INFO - [2025-02-24T09:34:12.589+0000] {dag.py:4180} INFO - Setting next_dagrun for example_task_group_decorator to None, run_after=None
[2025-02-24T09:34:12.604+0000] {processor.py:208} INFO - Processing /home/airflow/.local/lib/python3.12/site-packages/airflow/example_dags/example_task_group_decorator.py took 0.067 seconds
[2025-02-24T09:34:43.650+0000] {processor.py:186} INFO - Started process (PID=1313) to work on /home/airflow/.local/lib/python3.12/site-packages/airflow/example_dags/example_task_group_decorator.py
[2025-02-24T09:34:43.651+0000] {processor.py:914} INFO - Processing file /home/airflow/.local/lib/python3.12/site-packages/airflow/example_dags/example_task_group_decorator.py for tasks to queue
[2025-02-24T09:34:43.653+0000] {logging_mixin.py:190} INFO - [2025-02-24T09:34:43.653+0000] {dagbag.py:588} INFO - Filling up the DagBag from /home/airflow/.local/lib/python3.12/site-packages/airflow/example_dags/example_task_group_decorator.py
[2025-02-24T09:34:43.668+0000] {processor.py:925} INFO - DAG(s) 'example_task_group_decorator' retrieved from /home/airflow/.local/lib/python3.12/site-packages/airflow/example_dags/example_task_group_decorator.py
[2025-02-24T09:34:43.688+0000] {logging_mixin.py:190} INFO - [2025-02-24T09:34:43.687+0000] {dag.py:3239} INFO - Sync 1 DAGs
[2025-02-24T09:34:43.699+0000] {logging_mixin.py:190} INFO - [2025-02-24T09:34:43.699+0000] {dag.py:4180} INFO - Setting next_dagrun for example_task_group_decorator to None, run_after=None
[2025-02-24T09:34:43.712+0000] {processor.py:208} INFO - Processing /home/airflow/.local/lib/python3.12/site-packages/airflow/example_dags/example_task_group_decorator.py took 0.066 seconds
[2025-02-24T09:35:15.205+0000] {processor.py:186} INFO - Started process (PID=1378) to work on /home/airflow/.local/lib/python3.12/site-packages/airflow/example_dags/example_task_group_decorator.py
[2025-02-24T09:35:15.206+0000] {processor.py:914} INFO - Processing file /home/airflow/.local/lib/python3.12/site-packages/airflow/example_dags/example_task_group_decorator.py for tasks to queue
[2025-02-24T09:35:15.208+0000] {logging_mixin.py:190} INFO - [2025-02-24T09:35:15.207+0000] {dagbag.py:588} INFO - Filling up the DagBag from /home/airflow/.local/lib/python3.12/site-packages/airflow/example_dags/example_task_group_decorator.py
[2025-02-24T09:35:15.225+0000] {processor.py:925} INFO - DAG(s) 'example_task_group_decorator' retrieved from /home/airflow/.local/lib/python3.12/site-packages/airflow/example_dags/example_task_group_decorator.py
[2025-02-24T09:35:15.257+0000] {logging_mixin.py:190} INFO - [2025-02-24T09:35:15.257+0000] {dag.py:3239} INFO - Sync 1 DAGs
[2025-02-24T09:35:15.273+0000] {logging_mixin.py:190} INFO - [2025-02-24T09:35:15.272+0000] {dag.py:4180} INFO - Setting next_dagrun for example_task_group_decorator to None, run_after=None
[2025-02-24T09:35:15.293+0000] {processor.py:208} INFO - Processing /home/airflow/.local/lib/python3.12/site-packages/airflow/example_dags/example_task_group_decorator.py took 0.095 seconds
[2025-02-24T09:35:45.921+0000] {processor.py:186} INFO - Started process (PID=1448) to work on /home/airflow/.local/lib/python3.12/site-packages/airflow/example_dags/example_task_group_decorator.py
[2025-02-24T09:35:45.924+0000] {processor.py:914} INFO - Processing file /home/airflow/.local/lib/python3.12/site-packages/airflow/example_dags/example_task_group_decorator.py for tasks to queue
[2025-02-24T09:35:45.925+0000] {logging_mixin.py:190} INFO - [2025-02-24T09:35:45.925+0000] {dagbag.py:588} INFO - Filling up the DagBag from /home/airflow/.local/lib/python3.12/site-packages/airflow/example_dags/example_task_group_decorator.py
[2025-02-24T09:35:45.938+0000] {processor.py:925} INFO - DAG(s) 'example_task_group_decorator' retrieved from /home/airflow/.local/lib/python3.12/site-packages/airflow/example_dags/example_task_group_decorator.py
[2025-02-24T09:35:45.957+0000] {logging_mixin.py:190} INFO - [2025-02-24T09:35:45.957+0000] {dag.py:3239} INFO - Sync 1 DAGs
[2025-02-24T09:35:45.969+0000] {logging_mixin.py:190} INFO - [2025-02-24T09:35:45.968+0000] {dag.py:4180} INFO - Setting next_dagrun for example_task_group_decorator to None, run_after=None
[2025-02-24T09:35:45.982+0000] {processor.py:208} INFO - Processing /home/airflow/.local/lib/python3.12/site-packages/airflow/example_dags/example_task_group_decorator.py took 0.068 seconds
[2025-02-24T09:36:17.138+0000] {processor.py:186} INFO - Started process (PID=1510) to work on /home/airflow/.local/lib/python3.12/site-packages/airflow/example_dags/example_task_group_decorator.py
[2025-02-24T09:36:17.139+0000] {processor.py:914} INFO - Processing file /home/airflow/.local/lib/python3.12/site-packages/airflow/example_dags/example_task_group_decorator.py for tasks to queue
[2025-02-24T09:36:17.141+0000] {logging_mixin.py:190} INFO - [2025-02-24T09:36:17.140+0000] {dagbag.py:588} INFO - Filling up the DagBag from /home/airflow/.local/lib/python3.12/site-packages/airflow/example_dags/example_task_group_decorator.py
[2025-02-24T09:36:17.155+0000] {processor.py:925} INFO - DAG(s) 'example_task_group_decorator' retrieved from /home/airflow/.local/lib/python3.12/site-packages/airflow/example_dags/example_task_group_decorator.py
[2025-02-24T09:36:17.183+0000] {logging_mixin.py:190} INFO - [2025-02-24T09:36:17.183+0000] {dag.py:3239} INFO - Sync 1 DAGs
[2025-02-24T09:36:17.195+0000] {logging_mixin.py:190} INFO - [2025-02-24T09:36:17.195+0000] {dag.py:4180} INFO - Setting next_dagrun for example_task_group_decorator to None, run_after=None
[2025-02-24T09:36:17.209+0000] {processor.py:208} INFO - Processing /home/airflow/.local/lib/python3.12/site-packages/airflow/example_dags/example_task_group_decorator.py took 0.078 seconds
[2025-02-24T09:36:48.413+0000] {processor.py:186} INFO - Started process (PID=1574) to work on /home/airflow/.local/lib/python3.12/site-packages/airflow/example_dags/example_task_group_decorator.py
[2025-02-24T09:36:48.414+0000] {processor.py:914} INFO - Processing file /home/airflow/.local/lib/python3.12/site-packages/airflow/example_dags/example_task_group_decorator.py for tasks to queue
[2025-02-24T09:36:48.416+0000] {logging_mixin.py:190} INFO - [2025-02-24T09:36:48.416+0000] {dagbag.py:588} INFO - Filling up the DagBag from /home/airflow/.local/lib/python3.12/site-packages/airflow/example_dags/example_task_group_decorator.py
[2025-02-24T09:36:48.436+0000] {processor.py:925} INFO - DAG(s) 'example_task_group_decorator' retrieved from /home/airflow/.local/lib/python3.12/site-packages/airflow/example_dags/example_task_group_decorator.py
[2025-02-24T09:36:48.469+0000] {logging_mixin.py:190} INFO - [2025-02-24T09:36:48.469+0000] {dag.py:3239} INFO - Sync 1 DAGs
[2025-02-24T09:36:48.488+0000] {logging_mixin.py:190} INFO - [2025-02-24T09:36:48.488+0000] {dag.py:4180} INFO - Setting next_dagrun for example_task_group_decorator to None, run_after=None
[2025-02-24T09:36:48.507+0000] {processor.py:208} INFO - Processing /home/airflow/.local/lib/python3.12/site-packages/airflow/example_dags/example_task_group_decorator.py took 0.101 seconds
[2025-02-24T09:37:19.162+0000] {processor.py:186} INFO - Started process (PID=1638) to work on /home/airflow/.local/lib/python3.12/site-packages/airflow/example_dags/example_task_group_decorator.py
[2025-02-24T09:37:19.163+0000] {processor.py:914} INFO - Processing file /home/airflow/.local/lib/python3.12/site-packages/airflow/example_dags/example_task_group_decorator.py for tasks to queue
[2025-02-24T09:37:19.165+0000] {logging_mixin.py:190} INFO - [2025-02-24T09:37:19.165+0000] {dagbag.py:588} INFO - Filling up the DagBag from /home/airflow/.local/lib/python3.12/site-packages/airflow/example_dags/example_task_group_decorator.py
[2025-02-24T09:37:19.182+0000] {processor.py:925} INFO - DAG(s) 'example_task_group_decorator' retrieved from /home/airflow/.local/lib/python3.12/site-packages/airflow/example_dags/example_task_group_decorator.py
[2025-02-24T09:37:19.208+0000] {logging_mixin.py:190} INFO - [2025-02-24T09:37:19.208+0000] {dag.py:3239} INFO - Sync 1 DAGs
[2025-02-24T09:37:19.225+0000] {logging_mixin.py:190} INFO - [2025-02-24T09:37:19.225+0000] {dag.py:4180} INFO - Setting next_dagrun for example_task_group_decorator to None, run_after=None
[2025-02-24T09:37:19.242+0000] {processor.py:208} INFO - Processing /home/airflow/.local/lib/python3.12/site-packages/airflow/example_dags/example_task_group_decorator.py took 0.086 seconds
[2025-02-24T09:37:50.421+0000] {processor.py:186} INFO - Started process (PID=1702) to work on /home/airflow/.local/lib/python3.12/site-packages/airflow/example_dags/example_task_group_decorator.py
[2025-02-24T09:37:50.422+0000] {processor.py:914} INFO - Processing file /home/airflow/.local/lib/python3.12/site-packages/airflow/example_dags/example_task_group_decorator.py for tasks to queue
[2025-02-24T09:37:50.424+0000] {logging_mixin.py:190} INFO - [2025-02-24T09:37:50.423+0000] {dagbag.py:588} INFO - Filling up the DagBag from /home/airflow/.local/lib/python3.12/site-packages/airflow/example_dags/example_task_group_decorator.py
[2025-02-24T09:37:50.436+0000] {processor.py:925} INFO - DAG(s) 'example_task_group_decorator' retrieved from /home/airflow/.local/lib/python3.12/site-packages/airflow/example_dags/example_task_group_decorator.py
[2025-02-24T09:37:50.457+0000] {logging_mixin.py:190} INFO - [2025-02-24T09:37:50.457+0000] {dag.py:3239} INFO - Sync 1 DAGs
[2025-02-24T09:37:50.471+0000] {logging_mixin.py:190} INFO - [2025-02-24T09:37:50.470+0000] {dag.py:4180} INFO - Setting next_dagrun for example_task_group_decorator to None, run_after=None
[2025-02-24T09:37:50.485+0000] {processor.py:208} INFO - Processing /home/airflow/.local/lib/python3.12/site-packages/airflow/example_dags/example_task_group_decorator.py took 0.069 seconds
[2025-02-24T09:38:21.580+0000] {processor.py:186} INFO - Started process (PID=1766) to work on /home/airflow/.local/lib/python3.12/site-packages/airflow/example_dags/example_task_group_decorator.py
[2025-02-24T09:38:21.581+0000] {processor.py:914} INFO - Processing file /home/airflow/.local/lib/python3.12/site-packages/airflow/example_dags/example_task_group_decorator.py for tasks to queue
[2025-02-24T09:38:21.582+0000] {logging_mixin.py:190} INFO - [2025-02-24T09:38:21.582+0000] {dagbag.py:588} INFO - Filling up the DagBag from /home/airflow/.local/lib/python3.12/site-packages/airflow/example_dags/example_task_group_decorator.py
[2025-02-24T09:38:21.597+0000] {processor.py:925} INFO - DAG(s) 'example_task_group_decorator' retrieved from /home/airflow/.local/lib/python3.12/site-packages/airflow/example_dags/example_task_group_decorator.py
[2025-02-24T09:38:21.626+0000] {logging_mixin.py:190} INFO - [2025-02-24T09:38:21.626+0000] {dag.py:3239} INFO - Sync 1 DAGs
[2025-02-24T09:38:21.644+0000] {logging_mixin.py:190} INFO - [2025-02-24T09:38:21.643+0000] {dag.py:4180} INFO - Setting next_dagrun for example_task_group_decorator to None, run_after=None
[2025-02-24T09:38:21.659+0000] {processor.py:208} INFO - Processing /home/airflow/.local/lib/python3.12/site-packages/airflow/example_dags/example_task_group_decorator.py took 0.084 seconds
[2025-02-24T09:38:53.051+0000] {processor.py:186} INFO - Started process (PID=1830) to work on /home/airflow/.local/lib/python3.12/site-packages/airflow/example_dags/example_task_group_decorator.py
[2025-02-24T09:38:53.052+0000] {processor.py:914} INFO - Processing file /home/airflow/.local/lib/python3.12/site-packages/airflow/example_dags/example_task_group_decorator.py for tasks to queue
[2025-02-24T09:38:53.054+0000] {logging_mixin.py:190} INFO - [2025-02-24T09:38:53.054+0000] {dagbag.py:588} INFO - Filling up the DagBag from /home/airflow/.local/lib/python3.12/site-packages/airflow/example_dags/example_task_group_decorator.py
[2025-02-24T09:38:53.066+0000] {processor.py:925} INFO - DAG(s) 'example_task_group_decorator' retrieved from /home/airflow/.local/lib/python3.12/site-packages/airflow/example_dags/example_task_group_decorator.py
[2025-02-24T09:38:53.090+0000] {logging_mixin.py:190} INFO - [2025-02-24T09:38:53.090+0000] {dag.py:3239} INFO - Sync 1 DAGs
[2025-02-24T09:38:53.103+0000] {logging_mixin.py:190} INFO - [2025-02-24T09:38:53.103+0000] {dag.py:4180} INFO - Setting next_dagrun for example_task_group_decorator to None, run_after=None
[2025-02-24T09:38:53.117+0000] {processor.py:208} INFO - Processing /home/airflow/.local/lib/python3.12/site-packages/airflow/example_dags/example_task_group_decorator.py took 0.072 seconds
[2025-02-24T09:39:24.599+0000] {processor.py:186} INFO - Started process (PID=1894) to work on /home/airflow/.local/lib/python3.12/site-packages/airflow/example_dags/example_task_group_decorator.py
[2025-02-24T09:39:24.600+0000] {processor.py:914} INFO - Processing file /home/airflow/.local/lib/python3.12/site-packages/airflow/example_dags/example_task_group_decorator.py for tasks to queue
[2025-02-24T09:39:24.602+0000] {logging_mixin.py:190} INFO - [2025-02-24T09:39:24.602+0000] {dagbag.py:588} INFO - Filling up the DagBag from /home/airflow/.local/lib/python3.12/site-packages/airflow/example_dags/example_task_group_decorator.py
[2025-02-24T09:39:24.621+0000] {processor.py:925} INFO - DAG(s) 'example_task_group_decorator' retrieved from /home/airflow/.local/lib/python3.12/site-packages/airflow/example_dags/example_task_group_decorator.py
[2025-02-24T09:39:24.642+0000] {logging_mixin.py:190} INFO - [2025-02-24T09:39:24.642+0000] {dag.py:3239} INFO - Sync 1 DAGs
[2025-02-24T09:39:24.657+0000] {logging_mixin.py:190} INFO - [2025-02-24T09:39:24.657+0000] {dag.py:4180} INFO - Setting next_dagrun for example_task_group_decorator to None, run_after=None
[2025-02-24T09:39:24.673+0000] {processor.py:208} INFO - Processing /home/airflow/.local/lib/python3.12/site-packages/airflow/example_dags/example_task_group_decorator.py took 0.079 seconds
[2025-02-24T09:39:56.143+0000] {processor.py:186} INFO - Started process (PID=1958) to work on /home/airflow/.local/lib/python3.12/site-packages/airflow/example_dags/example_task_group_decorator.py
[2025-02-24T09:39:56.144+0000] {processor.py:914} INFO - Processing file /home/airflow/.local/lib/python3.12/site-packages/airflow/example_dags/example_task_group_decorator.py for tasks to queue
[2025-02-24T09:39:56.145+0000] {logging_mixin.py:190} INFO - [2025-02-24T09:39:56.145+0000] {dagbag.py:588} INFO - Filling up the DagBag from /home/airflow/.local/lib/python3.12/site-packages/airflow/example_dags/example_task_group_decorator.py
[2025-02-24T09:39:56.160+0000] {processor.py:925} INFO - DAG(s) 'example_task_group_decorator' retrieved from /home/airflow/.local/lib/python3.12/site-packages/airflow/example_dags/example_task_group_decorator.py
[2025-02-24T09:39:56.183+0000] {logging_mixin.py:190} INFO - [2025-02-24T09:39:56.182+0000] {dag.py:3239} INFO - Sync 1 DAGs
[2025-02-24T09:39:56.197+0000] {logging_mixin.py:190} INFO - [2025-02-24T09:39:56.197+0000] {dag.py:4180} INFO - Setting next_dagrun for example_task_group_decorator to None, run_after=None
[2025-02-24T09:39:56.212+0000] {processor.py:208} INFO - Processing /home/airflow/.local/lib/python3.12/site-packages/airflow/example_dags/example_task_group_decorator.py took 0.074 seconds
[2025-02-24T09:40:27.462+0000] {processor.py:186} INFO - Started process (PID=2022) to work on /home/airflow/.local/lib/python3.12/site-packages/airflow/example_dags/example_task_group_decorator.py
[2025-02-24T09:40:27.463+0000] {processor.py:914} INFO - Processing file /home/airflow/.local/lib/python3.12/site-packages/airflow/example_dags/example_task_group_decorator.py for tasks to queue
[2025-02-24T09:40:27.465+0000] {logging_mixin.py:190} INFO - [2025-02-24T09:40:27.464+0000] {dagbag.py:588} INFO - Filling up the DagBag from /home/airflow/.local/lib/python3.12/site-packages/airflow/example_dags/example_task_group_decorator.py
[2025-02-24T09:40:27.477+0000] {processor.py:925} INFO - DAG(s) 'example_task_group_decorator' retrieved from /home/airflow/.local/lib/python3.12/site-packages/airflow/example_dags/example_task_group_decorator.py
[2025-02-24T09:40:27.503+0000] {logging_mixin.py:190} INFO - [2025-02-24T09:40:27.503+0000] {dag.py:3239} INFO - Sync 1 DAGs
[2025-02-24T09:40:27.517+0000] {logging_mixin.py:190} INFO - [2025-02-24T09:40:27.516+0000] {dag.py:4180} INFO - Setting next_dagrun for example_task_group_decorator to None, run_after=None
[2025-02-24T09:40:27.532+0000] {processor.py:208} INFO - Processing /home/airflow/.local/lib/python3.12/site-packages/airflow/example_dags/example_task_group_decorator.py took 0.074 seconds
[2025-02-24T09:40:58.371+0000] {processor.py:186} INFO - Started process (PID=2086) to work on /home/airflow/.local/lib/python3.12/site-packages/airflow/example_dags/example_task_group_decorator.py
[2025-02-24T09:40:58.371+0000] {processor.py:914} INFO - Processing file /home/airflow/.local/lib/python3.12/site-packages/airflow/example_dags/example_task_group_decorator.py for tasks to queue
[2025-02-24T09:40:58.373+0000] {logging_mixin.py:190} INFO - [2025-02-24T09:40:58.372+0000] {dagbag.py:588} INFO - Filling up the DagBag from /home/airflow/.local/lib/python3.12/site-packages/airflow/example_dags/example_task_group_decorator.py
[2025-02-24T09:40:58.385+0000] {processor.py:925} INFO - DAG(s) 'example_task_group_decorator' retrieved from /home/airflow/.local/lib/python3.12/site-packages/airflow/example_dags/example_task_group_decorator.py
[2025-02-24T09:40:58.404+0000] {logging_mixin.py:190} INFO - [2025-02-24T09:40:58.404+0000] {dag.py:3239} INFO - Sync 1 DAGs
[2025-02-24T09:40:58.417+0000] {logging_mixin.py:190} INFO - [2025-02-24T09:40:58.417+0000] {dag.py:4180} INFO - Setting next_dagrun for example_task_group_decorator to None, run_after=None
[2025-02-24T09:40:58.440+0000] {processor.py:208} INFO - Processing /home/airflow/.local/lib/python3.12/site-packages/airflow/example_dags/example_task_group_decorator.py took 0.073 seconds
