[2025-02-24T09:24:46.070+0000] {processor.py:186} INFO - Started process (PID=72) to work on /home/airflow/.local/lib/python3.12/site-packages/airflow/example_dags/example_setup_teardown.py
[2025-02-24T09:24:46.071+0000] {processor.py:914} INFO - Processing file /home/airflow/.local/lib/python3.12/site-packages/airflow/example_dags/example_setup_teardown.py for tasks to queue
[2025-02-24T09:24:46.073+0000] {logging_mixin.py:190} INFO - [2025-02-24T09:24:46.073+0000] {dagbag.py:588} INFO - Filling up the DagBag from /home/airflow/.local/lib/python3.12/site-packages/airflow/example_dags/example_setup_teardown.py
[2025-02-24T09:24:46.085+0000] {processor.py:925} INFO - DAG(s) 'example_setup_teardown' retrieved from /home/airflow/.local/lib/python3.12/site-packages/airflow/example_dags/example_setup_teardown.py
[2025-02-24T09:24:46.283+0000] {logging_mixin.py:190} INFO - [2025-02-24T09:24:46.283+0000] {override.py:1911} INFO - Created Permission View: can edit on DAG:example_setup_teardown
[2025-02-24T09:24:46.293+0000] {logging_mixin.py:190} INFO - [2025-02-24T09:24:46.293+0000] {override.py:1911} INFO - Created Permission View: can read on DAG:example_setup_teardown
[2025-02-24T09:24:46.299+0000] {logging_mixin.py:190} INFO - [2025-02-24T09:24:46.299+0000] {override.py:1911} INFO - Created Permission View: can delete on DAG:example_setup_teardown
[2025-02-24T09:24:46.305+0000] {logging_mixin.py:190} INFO - [2025-02-24T09:24:46.305+0000] {override.py:1911} INFO - Created Permission View: can create on DAG Run:example_setup_teardown
[2025-02-24T09:24:46.310+0000] {logging_mixin.py:190} INFO - [2025-02-24T09:24:46.310+0000] {override.py:1911} INFO - Created Permission View: can read on DAG Run:example_setup_teardown
[2025-02-24T09:24:46.316+0000] {logging_mixin.py:190} INFO - [2025-02-24T09:24:46.316+0000] {override.py:1911} INFO - Created Permission View: menu access on DAG Run:example_setup_teardown
[2025-02-24T09:24:46.323+0000] {logging_mixin.py:190} INFO - [2025-02-24T09:24:46.322+0000] {override.py:1911} INFO - Created Permission View: can delete on DAG Run:example_setup_teardown
[2025-02-24T09:24:46.323+0000] {logging_mixin.py:190} INFO - [2025-02-24T09:24:46.323+0000] {dag.py:3239} INFO - Sync 1 DAGs
[2025-02-24T09:24:46.339+0000] {logging_mixin.py:190} INFO - [2025-02-24T09:24:46.338+0000] {dag.py:3262} INFO - Creating ORM DAG for example_setup_teardown
[2025-02-24T09:24:46.339+0000] {logging_mixin.py:190} INFO - [2025-02-24T09:24:46.339+0000] {dag.py:4180} INFO - Setting next_dagrun for example_setup_teardown to None, run_after=None
[2025-02-24T09:24:46.388+0000] {processor.py:208} INFO - Processing /home/airflow/.local/lib/python3.12/site-packages/airflow/example_dags/example_setup_teardown.py took 0.324 seconds
[2025-02-24T09:25:16.683+0000] {processor.py:186} INFO - Started process (PID=135) to work on /home/airflow/.local/lib/python3.12/site-packages/airflow/example_dags/example_setup_teardown.py
[2025-02-24T09:25:16.684+0000] {processor.py:914} INFO - Processing file /home/airflow/.local/lib/python3.12/site-packages/airflow/example_dags/example_setup_teardown.py for tasks to queue
[2025-02-24T09:25:16.685+0000] {logging_mixin.py:190} INFO - [2025-02-24T09:25:16.685+0000] {dagbag.py:588} INFO - Filling up the DagBag from /home/airflow/.local/lib/python3.12/site-packages/airflow/example_dags/example_setup_teardown.py
[2025-02-24T09:25:16.692+0000] {processor.py:925} INFO - DAG(s) 'example_setup_teardown' retrieved from /home/airflow/.local/lib/python3.12/site-packages/airflow/example_dags/example_setup_teardown.py
[2025-02-24T09:25:16.712+0000] {logging_mixin.py:190} INFO - [2025-02-24T09:25:16.712+0000] {dag.py:3239} INFO - Sync 1 DAGs
[2025-02-24T09:25:16.727+0000] {logging_mixin.py:190} INFO - [2025-02-24T09:25:16.727+0000] {dag.py:4180} INFO - Setting next_dagrun for example_setup_teardown to None, run_after=None
[2025-02-24T09:25:16.744+0000] {processor.py:208} INFO - Processing /home/airflow/.local/lib/python3.12/site-packages/airflow/example_dags/example_setup_teardown.py took 0.065 seconds
[2025-02-24T09:25:47.036+0000] {processor.py:186} INFO - Started process (PID=198) to work on /home/airflow/.local/lib/python3.12/site-packages/airflow/example_dags/example_setup_teardown.py
[2025-02-24T09:25:47.037+0000] {processor.py:914} INFO - Processing file /home/airflow/.local/lib/python3.12/site-packages/airflow/example_dags/example_setup_teardown.py for tasks to queue
[2025-02-24T09:25:47.038+0000] {logging_mixin.py:190} INFO - [2025-02-24T09:25:47.038+0000] {dagbag.py:588} INFO - Filling up the DagBag from /home/airflow/.local/lib/python3.12/site-packages/airflow/example_dags/example_setup_teardown.py
[2025-02-24T09:25:47.045+0000] {processor.py:925} INFO - DAG(s) 'example_setup_teardown' retrieved from /home/airflow/.local/lib/python3.12/site-packages/airflow/example_dags/example_setup_teardown.py
[2025-02-24T09:25:47.065+0000] {logging_mixin.py:190} INFO - [2025-02-24T09:25:47.065+0000] {dag.py:3239} INFO - Sync 1 DAGs
[2025-02-24T09:25:47.082+0000] {logging_mixin.py:190} INFO - [2025-02-24T09:25:47.081+0000] {dag.py:4180} INFO - Setting next_dagrun for example_setup_teardown to None, run_after=None
[2025-02-24T09:25:47.099+0000] {processor.py:208} INFO - Processing /home/airflow/.local/lib/python3.12/site-packages/airflow/example_dags/example_setup_teardown.py took 0.067 seconds
[2025-02-24T09:26:17.208+0000] {processor.py:186} INFO - Started process (PID=262) to work on /home/airflow/.local/lib/python3.12/site-packages/airflow/example_dags/example_setup_teardown.py
[2025-02-24T09:26:17.209+0000] {processor.py:914} INFO - Processing file /home/airflow/.local/lib/python3.12/site-packages/airflow/example_dags/example_setup_teardown.py for tasks to queue
[2025-02-24T09:26:17.211+0000] {logging_mixin.py:190} INFO - [2025-02-24T09:26:17.211+0000] {dagbag.py:588} INFO - Filling up the DagBag from /home/airflow/.local/lib/python3.12/site-packages/airflow/example_dags/example_setup_teardown.py
[2025-02-24T09:26:17.220+0000] {processor.py:925} INFO - DAG(s) 'example_setup_teardown' retrieved from /home/airflow/.local/lib/python3.12/site-packages/airflow/example_dags/example_setup_teardown.py
[2025-02-24T09:26:17.243+0000] {logging_mixin.py:190} INFO - [2025-02-24T09:26:17.242+0000] {dag.py:3239} INFO - Sync 1 DAGs
[2025-02-24T09:26:17.257+0000] {logging_mixin.py:190} INFO - [2025-02-24T09:26:17.257+0000] {dag.py:4180} INFO - Setting next_dagrun for example_setup_teardown to None, run_after=None
[2025-02-24T09:26:17.274+0000] {processor.py:208} INFO - Processing /home/airflow/.local/lib/python3.12/site-packages/airflow/example_dags/example_setup_teardown.py took 0.072 seconds
[2025-02-24T09:26:47.660+0000] {processor.py:186} INFO - Started process (PID=325) to work on /home/airflow/.local/lib/python3.12/site-packages/airflow/example_dags/example_setup_teardown.py
[2025-02-24T09:26:47.661+0000] {processor.py:914} INFO - Processing file /home/airflow/.local/lib/python3.12/site-packages/airflow/example_dags/example_setup_teardown.py for tasks to queue
[2025-02-24T09:26:47.663+0000] {logging_mixin.py:190} INFO - [2025-02-24T09:26:47.663+0000] {dagbag.py:588} INFO - Filling up the DagBag from /home/airflow/.local/lib/python3.12/site-packages/airflow/example_dags/example_setup_teardown.py
[2025-02-24T09:26:47.670+0000] {processor.py:925} INFO - DAG(s) 'example_setup_teardown' retrieved from /home/airflow/.local/lib/python3.12/site-packages/airflow/example_dags/example_setup_teardown.py
[2025-02-24T09:26:47.690+0000] {logging_mixin.py:190} INFO - [2025-02-24T09:26:47.690+0000] {dag.py:3239} INFO - Sync 1 DAGs
[2025-02-24T09:26:47.705+0000] {logging_mixin.py:190} INFO - [2025-02-24T09:26:47.705+0000] {dag.py:4180} INFO - Setting next_dagrun for example_setup_teardown to None, run_after=None
[2025-02-24T09:26:47.721+0000] {processor.py:208} INFO - Processing /home/airflow/.local/lib/python3.12/site-packages/airflow/example_dags/example_setup_teardown.py took 0.067 seconds
[2025-02-24T09:27:18.075+0000] {processor.py:186} INFO - Started process (PID=388) to work on /home/airflow/.local/lib/python3.12/site-packages/airflow/example_dags/example_setup_teardown.py
[2025-02-24T09:27:18.076+0000] {processor.py:914} INFO - Processing file /home/airflow/.local/lib/python3.12/site-packages/airflow/example_dags/example_setup_teardown.py for tasks to queue
[2025-02-24T09:27:18.077+0000] {logging_mixin.py:190} INFO - [2025-02-24T09:27:18.077+0000] {dagbag.py:588} INFO - Filling up the DagBag from /home/airflow/.local/lib/python3.12/site-packages/airflow/example_dags/example_setup_teardown.py
[2025-02-24T09:27:18.085+0000] {processor.py:925} INFO - DAG(s) 'example_setup_teardown' retrieved from /home/airflow/.local/lib/python3.12/site-packages/airflow/example_dags/example_setup_teardown.py
[2025-02-24T09:27:18.106+0000] {logging_mixin.py:190} INFO - [2025-02-24T09:27:18.105+0000] {dag.py:3239} INFO - Sync 1 DAGs
[2025-02-24T09:27:18.119+0000] {logging_mixin.py:190} INFO - [2025-02-24T09:27:18.119+0000] {dag.py:4180} INFO - Setting next_dagrun for example_setup_teardown to None, run_after=None
[2025-02-24T09:27:18.134+0000] {processor.py:208} INFO - Processing /home/airflow/.local/lib/python3.12/site-packages/airflow/example_dags/example_setup_teardown.py took 0.064 seconds
[2025-02-24T09:27:48.534+0000] {processor.py:186} INFO - Started process (PID=451) to work on /home/airflow/.local/lib/python3.12/site-packages/airflow/example_dags/example_setup_teardown.py
[2025-02-24T09:27:48.534+0000] {processor.py:914} INFO - Processing file /home/airflow/.local/lib/python3.12/site-packages/airflow/example_dags/example_setup_teardown.py for tasks to queue
[2025-02-24T09:27:48.536+0000] {logging_mixin.py:190} INFO - [2025-02-24T09:27:48.535+0000] {dagbag.py:588} INFO - Filling up the DagBag from /home/airflow/.local/lib/python3.12/site-packages/airflow/example_dags/example_setup_teardown.py
[2025-02-24T09:27:48.543+0000] {processor.py:925} INFO - DAG(s) 'example_setup_teardown' retrieved from /home/airflow/.local/lib/python3.12/site-packages/airflow/example_dags/example_setup_teardown.py
[2025-02-24T09:27:48.566+0000] {logging_mixin.py:190} INFO - [2025-02-24T09:27:48.566+0000] {dag.py:3239} INFO - Sync 1 DAGs
[2025-02-24T09:27:48.583+0000] {logging_mixin.py:190} INFO - [2025-02-24T09:27:48.583+0000] {dag.py:4180} INFO - Setting next_dagrun for example_setup_teardown to None, run_after=None
[2025-02-24T09:27:48.600+0000] {processor.py:208} INFO - Processing /home/airflow/.local/lib/python3.12/site-packages/airflow/example_dags/example_setup_teardown.py took 0.071 seconds
[2025-02-24T09:28:19.044+0000] {processor.py:186} INFO - Started process (PID=514) to work on /home/airflow/.local/lib/python3.12/site-packages/airflow/example_dags/example_setup_teardown.py
[2025-02-24T09:28:19.045+0000] {processor.py:914} INFO - Processing file /home/airflow/.local/lib/python3.12/site-packages/airflow/example_dags/example_setup_teardown.py for tasks to queue
[2025-02-24T09:28:19.047+0000] {logging_mixin.py:190} INFO - [2025-02-24T09:28:19.046+0000] {dagbag.py:588} INFO - Filling up the DagBag from /home/airflow/.local/lib/python3.12/site-packages/airflow/example_dags/example_setup_teardown.py
[2025-02-24T09:28:19.054+0000] {processor.py:925} INFO - DAG(s) 'example_setup_teardown' retrieved from /home/airflow/.local/lib/python3.12/site-packages/airflow/example_dags/example_setup_teardown.py
[2025-02-24T09:28:19.070+0000] {logging_mixin.py:190} INFO - [2025-02-24T09:28:19.070+0000] {dag.py:3239} INFO - Sync 1 DAGs
[2025-02-24T09:28:19.082+0000] {logging_mixin.py:190} INFO - [2025-02-24T09:28:19.082+0000] {dag.py:4180} INFO - Setting next_dagrun for example_setup_teardown to None, run_after=None
[2025-02-24T09:28:19.098+0000] {processor.py:208} INFO - Processing /home/airflow/.local/lib/python3.12/site-packages/airflow/example_dags/example_setup_teardown.py took 0.059 seconds
[2025-02-24T09:28:49.156+0000] {processor.py:186} INFO - Started process (PID=577) to work on /home/airflow/.local/lib/python3.12/site-packages/airflow/example_dags/example_setup_teardown.py
[2025-02-24T09:28:49.156+0000] {processor.py:914} INFO - Processing file /home/airflow/.local/lib/python3.12/site-packages/airflow/example_dags/example_setup_teardown.py for tasks to queue
[2025-02-24T09:28:49.158+0000] {logging_mixin.py:190} INFO - [2025-02-24T09:28:49.158+0000] {dagbag.py:588} INFO - Filling up the DagBag from /home/airflow/.local/lib/python3.12/site-packages/airflow/example_dags/example_setup_teardown.py
[2025-02-24T09:28:49.166+0000] {processor.py:925} INFO - DAG(s) 'example_setup_teardown' retrieved from /home/airflow/.local/lib/python3.12/site-packages/airflow/example_dags/example_setup_teardown.py
[2025-02-24T09:28:49.187+0000] {logging_mixin.py:190} INFO - [2025-02-24T09:28:49.187+0000] {dag.py:3239} INFO - Sync 1 DAGs
[2025-02-24T09:28:49.203+0000] {logging_mixin.py:190} INFO - [2025-02-24T09:28:49.203+0000] {dag.py:4180} INFO - Setting next_dagrun for example_setup_teardown to None, run_after=None
[2025-02-24T09:28:49.219+0000] {processor.py:208} INFO - Processing /home/airflow/.local/lib/python3.12/site-packages/airflow/example_dags/example_setup_teardown.py took 0.069 seconds
[2025-02-24T09:29:19.670+0000] {processor.py:186} INFO - Started process (PID=640) to work on /home/airflow/.local/lib/python3.12/site-packages/airflow/example_dags/example_setup_teardown.py
[2025-02-24T09:29:19.670+0000] {processor.py:914} INFO - Processing file /home/airflow/.local/lib/python3.12/site-packages/airflow/example_dags/example_setup_teardown.py for tasks to queue
[2025-02-24T09:29:19.673+0000] {logging_mixin.py:190} INFO - [2025-02-24T09:29:19.672+0000] {dagbag.py:588} INFO - Filling up the DagBag from /home/airflow/.local/lib/python3.12/site-packages/airflow/example_dags/example_setup_teardown.py
[2025-02-24T09:29:19.681+0000] {processor.py:925} INFO - DAG(s) 'example_setup_teardown' retrieved from /home/airflow/.local/lib/python3.12/site-packages/airflow/example_dags/example_setup_teardown.py
[2025-02-24T09:29:19.696+0000] {logging_mixin.py:190} INFO - [2025-02-24T09:29:19.696+0000] {dag.py:3239} INFO - Sync 1 DAGs
[2025-02-24T09:29:19.707+0000] {logging_mixin.py:190} INFO - [2025-02-24T09:29:19.707+0000] {dag.py:4180} INFO - Setting next_dagrun for example_setup_teardown to None, run_after=None
[2025-02-24T09:29:19.722+0000] {processor.py:208} INFO - Processing /home/airflow/.local/lib/python3.12/site-packages/airflow/example_dags/example_setup_teardown.py took 0.059 seconds
[2025-02-24T09:29:49.821+0000] {processor.py:186} INFO - Started process (PID=703) to work on /home/airflow/.local/lib/python3.12/site-packages/airflow/example_dags/example_setup_teardown.py
[2025-02-24T09:29:49.821+0000] {processor.py:914} INFO - Processing file /home/airflow/.local/lib/python3.12/site-packages/airflow/example_dags/example_setup_teardown.py for tasks to queue
[2025-02-24T09:29:49.823+0000] {logging_mixin.py:190} INFO - [2025-02-24T09:29:49.823+0000] {dagbag.py:588} INFO - Filling up the DagBag from /home/airflow/.local/lib/python3.12/site-packages/airflow/example_dags/example_setup_teardown.py
[2025-02-24T09:29:49.830+0000] {processor.py:925} INFO - DAG(s) 'example_setup_teardown' retrieved from /home/airflow/.local/lib/python3.12/site-packages/airflow/example_dags/example_setup_teardown.py
[2025-02-24T09:29:49.845+0000] {logging_mixin.py:190} INFO - [2025-02-24T09:29:49.845+0000] {dag.py:3239} INFO - Sync 1 DAGs
[2025-02-24T09:29:49.857+0000] {logging_mixin.py:190} INFO - [2025-02-24T09:29:49.856+0000] {dag.py:4180} INFO - Setting next_dagrun for example_setup_teardown to None, run_after=None
[2025-02-24T09:29:49.871+0000] {processor.py:208} INFO - Processing /home/airflow/.local/lib/python3.12/site-packages/airflow/example_dags/example_setup_teardown.py took 0.054 seconds
[2025-02-24T09:30:20.117+0000] {processor.py:186} INFO - Started process (PID=766) to work on /home/airflow/.local/lib/python3.12/site-packages/airflow/example_dags/example_setup_teardown.py
[2025-02-24T09:30:20.117+0000] {processor.py:914} INFO - Processing file /home/airflow/.local/lib/python3.12/site-packages/airflow/example_dags/example_setup_teardown.py for tasks to queue
[2025-02-24T09:30:20.119+0000] {logging_mixin.py:190} INFO - [2025-02-24T09:30:20.119+0000] {dagbag.py:588} INFO - Filling up the DagBag from /home/airflow/.local/lib/python3.12/site-packages/airflow/example_dags/example_setup_teardown.py
[2025-02-24T09:30:20.126+0000] {processor.py:925} INFO - DAG(s) 'example_setup_teardown' retrieved from /home/airflow/.local/lib/python3.12/site-packages/airflow/example_dags/example_setup_teardown.py
[2025-02-24T09:30:20.145+0000] {logging_mixin.py:190} INFO - [2025-02-24T09:30:20.145+0000] {dag.py:3239} INFO - Sync 1 DAGs
[2025-02-24T09:30:20.159+0000] {logging_mixin.py:190} INFO - [2025-02-24T09:30:20.159+0000] {dag.py:4180} INFO - Setting next_dagrun for example_setup_teardown to None, run_after=None
[2025-02-24T09:30:20.172+0000] {processor.py:208} INFO - Processing /home/airflow/.local/lib/python3.12/site-packages/airflow/example_dags/example_setup_teardown.py took 0.060 seconds
[2025-02-24T09:30:50.470+0000] {processor.py:186} INFO - Started process (PID=829) to work on /home/airflow/.local/lib/python3.12/site-packages/airflow/example_dags/example_setup_teardown.py
[2025-02-24T09:30:50.471+0000] {processor.py:914} INFO - Processing file /home/airflow/.local/lib/python3.12/site-packages/airflow/example_dags/example_setup_teardown.py for tasks to queue
[2025-02-24T09:30:50.472+0000] {logging_mixin.py:190} INFO - [2025-02-24T09:30:50.472+0000] {dagbag.py:588} INFO - Filling up the DagBag from /home/airflow/.local/lib/python3.12/site-packages/airflow/example_dags/example_setup_teardown.py
[2025-02-24T09:30:50.480+0000] {processor.py:925} INFO - DAG(s) 'example_setup_teardown' retrieved from /home/airflow/.local/lib/python3.12/site-packages/airflow/example_dags/example_setup_teardown.py
[2025-02-24T09:30:50.500+0000] {logging_mixin.py:190} INFO - [2025-02-24T09:30:50.500+0000] {dag.py:3239} INFO - Sync 1 DAGs
[2025-02-24T09:30:50.517+0000] {logging_mixin.py:190} INFO - [2025-02-24T09:30:50.517+0000] {dag.py:4180} INFO - Setting next_dagrun for example_setup_teardown to None, run_after=None
[2025-02-24T09:30:50.535+0000] {processor.py:208} INFO - Processing /home/airflow/.local/lib/python3.12/site-packages/airflow/example_dags/example_setup_teardown.py took 0.070 seconds
[2025-02-24T09:31:20.815+0000] {processor.py:186} INFO - Started process (PID=892) to work on /home/airflow/.local/lib/python3.12/site-packages/airflow/example_dags/example_setup_teardown.py
[2025-02-24T09:31:20.816+0000] {processor.py:914} INFO - Processing file /home/airflow/.local/lib/python3.12/site-packages/airflow/example_dags/example_setup_teardown.py for tasks to queue
[2025-02-24T09:31:20.818+0000] {logging_mixin.py:190} INFO - [2025-02-24T09:31:20.818+0000] {dagbag.py:588} INFO - Filling up the DagBag from /home/airflow/.local/lib/python3.12/site-packages/airflow/example_dags/example_setup_teardown.py
[2025-02-24T09:31:20.826+0000] {processor.py:925} INFO - DAG(s) 'example_setup_teardown' retrieved from /home/airflow/.local/lib/python3.12/site-packages/airflow/example_dags/example_setup_teardown.py
[2025-02-24T09:31:20.845+0000] {logging_mixin.py:190} INFO - [2025-02-24T09:31:20.845+0000] {dag.py:3239} INFO - Sync 1 DAGs
[2025-02-24T09:31:20.863+0000] {logging_mixin.py:190} INFO - [2025-02-24T09:31:20.862+0000] {dag.py:4180} INFO - Setting next_dagrun for example_setup_teardown to None, run_after=None
[2025-02-24T09:31:20.883+0000] {processor.py:208} INFO - Processing /home/airflow/.local/lib/python3.12/site-packages/airflow/example_dags/example_setup_teardown.py took 0.074 seconds
[2025-02-24T09:31:51.513+0000] {processor.py:186} INFO - Started process (PID=955) to work on /home/airflow/.local/lib/python3.12/site-packages/airflow/example_dags/example_setup_teardown.py
[2025-02-24T09:31:51.513+0000] {processor.py:914} INFO - Processing file /home/airflow/.local/lib/python3.12/site-packages/airflow/example_dags/example_setup_teardown.py for tasks to queue
[2025-02-24T09:31:51.515+0000] {logging_mixin.py:190} INFO - [2025-02-24T09:31:51.515+0000] {dagbag.py:588} INFO - Filling up the DagBag from /home/airflow/.local/lib/python3.12/site-packages/airflow/example_dags/example_setup_teardown.py
[2025-02-24T09:31:51.522+0000] {processor.py:925} INFO - DAG(s) 'example_setup_teardown' retrieved from /home/airflow/.local/lib/python3.12/site-packages/airflow/example_dags/example_setup_teardown.py
[2025-02-24T09:31:51.538+0000] {logging_mixin.py:190} INFO - [2025-02-24T09:31:51.538+0000] {dag.py:3239} INFO - Sync 1 DAGs
[2025-02-24T09:31:51.550+0000] {logging_mixin.py:190} INFO - [2025-02-24T09:31:51.549+0000] {dag.py:4180} INFO - Setting next_dagrun for example_setup_teardown to None, run_after=None
[2025-02-24T09:31:51.563+0000] {processor.py:208} INFO - Processing /home/airflow/.local/lib/python3.12/site-packages/airflow/example_dags/example_setup_teardown.py took 0.055 seconds
[2025-02-24T09:32:22.420+0000] {processor.py:186} INFO - Started process (PID=1018) to work on /home/airflow/.local/lib/python3.12/site-packages/airflow/example_dags/example_setup_teardown.py
[2025-02-24T09:32:22.421+0000] {processor.py:914} INFO - Processing file /home/airflow/.local/lib/python3.12/site-packages/airflow/example_dags/example_setup_teardown.py for tasks to queue
[2025-02-24T09:32:22.423+0000] {logging_mixin.py:190} INFO - [2025-02-24T09:32:22.423+0000] {dagbag.py:588} INFO - Filling up the DagBag from /home/airflow/.local/lib/python3.12/site-packages/airflow/example_dags/example_setup_teardown.py
[2025-02-24T09:32:22.433+0000] {processor.py:925} INFO - DAG(s) 'example_setup_teardown' retrieved from /home/airflow/.local/lib/python3.12/site-packages/airflow/example_dags/example_setup_teardown.py
[2025-02-24T09:32:22.458+0000] {logging_mixin.py:190} INFO - [2025-02-24T09:32:22.458+0000] {dag.py:3239} INFO - Sync 1 DAGs
[2025-02-24T09:32:22.475+0000] {logging_mixin.py:190} INFO - [2025-02-24T09:32:22.475+0000] {dag.py:4180} INFO - Setting next_dagrun for example_setup_teardown to None, run_after=None
[2025-02-24T09:32:22.493+0000] {processor.py:208} INFO - Processing /home/airflow/.local/lib/python3.12/site-packages/airflow/example_dags/example_setup_teardown.py took 0.081 seconds
[2025-02-24T09:32:52.599+0000] {processor.py:186} INFO - Started process (PID=1081) to work on /home/airflow/.local/lib/python3.12/site-packages/airflow/example_dags/example_setup_teardown.py
[2025-02-24T09:32:52.599+0000] {processor.py:914} INFO - Processing file /home/airflow/.local/lib/python3.12/site-packages/airflow/example_dags/example_setup_teardown.py for tasks to queue
[2025-02-24T09:32:52.601+0000] {logging_mixin.py:190} INFO - [2025-02-24T09:32:52.601+0000] {dagbag.py:588} INFO - Filling up the DagBag from /home/airflow/.local/lib/python3.12/site-packages/airflow/example_dags/example_setup_teardown.py
[2025-02-24T09:32:52.608+0000] {processor.py:925} INFO - DAG(s) 'example_setup_teardown' retrieved from /home/airflow/.local/lib/python3.12/site-packages/airflow/example_dags/example_setup_teardown.py
[2025-02-24T09:32:52.627+0000] {logging_mixin.py:190} INFO - [2025-02-24T09:32:52.626+0000] {dag.py:3239} INFO - Sync 1 DAGs
[2025-02-24T09:32:52.639+0000] {logging_mixin.py:190} INFO - [2025-02-24T09:32:52.638+0000] {dag.py:4180} INFO - Setting next_dagrun for example_setup_teardown to None, run_after=None
[2025-02-24T09:32:52.652+0000] {processor.py:208} INFO - Processing /home/airflow/.local/lib/python3.12/site-packages/airflow/example_dags/example_setup_teardown.py took 0.059 seconds
[2025-02-24T09:33:23.430+0000] {processor.py:186} INFO - Started process (PID=1144) to work on /home/airflow/.local/lib/python3.12/site-packages/airflow/example_dags/example_setup_teardown.py
[2025-02-24T09:33:23.430+0000] {processor.py:914} INFO - Processing file /home/airflow/.local/lib/python3.12/site-packages/airflow/example_dags/example_setup_teardown.py for tasks to queue
[2025-02-24T09:33:23.432+0000] {logging_mixin.py:190} INFO - [2025-02-24T09:33:23.432+0000] {dagbag.py:588} INFO - Filling up the DagBag from /home/airflow/.local/lib/python3.12/site-packages/airflow/example_dags/example_setup_teardown.py
[2025-02-24T09:33:23.439+0000] {processor.py:925} INFO - DAG(s) 'example_setup_teardown' retrieved from /home/airflow/.local/lib/python3.12/site-packages/airflow/example_dags/example_setup_teardown.py
[2025-02-24T09:33:23.456+0000] {logging_mixin.py:190} INFO - [2025-02-24T09:33:23.455+0000] {dag.py:3239} INFO - Sync 1 DAGs
[2025-02-24T09:33:23.467+0000] {logging_mixin.py:190} INFO - [2025-02-24T09:33:23.467+0000] {dag.py:4180} INFO - Setting next_dagrun for example_setup_teardown to None, run_after=None
[2025-02-24T09:33:23.484+0000] {processor.py:208} INFO - Processing /home/airflow/.local/lib/python3.12/site-packages/airflow/example_dags/example_setup_teardown.py took 0.059 seconds
[2025-02-24T09:33:53.634+0000] {processor.py:186} INFO - Started process (PID=1207) to work on /home/airflow/.local/lib/python3.12/site-packages/airflow/example_dags/example_setup_teardown.py
[2025-02-24T09:33:53.635+0000] {processor.py:914} INFO - Processing file /home/airflow/.local/lib/python3.12/site-packages/airflow/example_dags/example_setup_teardown.py for tasks to queue
[2025-02-24T09:33:53.637+0000] {logging_mixin.py:190} INFO - [2025-02-24T09:33:53.636+0000] {dagbag.py:588} INFO - Filling up the DagBag from /home/airflow/.local/lib/python3.12/site-packages/airflow/example_dags/example_setup_teardown.py
[2025-02-24T09:33:53.644+0000] {processor.py:925} INFO - DAG(s) 'example_setup_teardown' retrieved from /home/airflow/.local/lib/python3.12/site-packages/airflow/example_dags/example_setup_teardown.py
[2025-02-24T09:33:53.663+0000] {logging_mixin.py:190} INFO - [2025-02-24T09:33:53.662+0000] {dag.py:3239} INFO - Sync 1 DAGs
[2025-02-24T09:33:53.674+0000] {logging_mixin.py:190} INFO - [2025-02-24T09:33:53.674+0000] {dag.py:4180} INFO - Setting next_dagrun for example_setup_teardown to None, run_after=None
[2025-02-24T09:33:53.687+0000] {processor.py:208} INFO - Processing /home/airflow/.local/lib/python3.12/site-packages/airflow/example_dags/example_setup_teardown.py took 0.058 seconds
