[2025-02-24T09:24:44.807+0000] {processor.py:186} INFO - Started process (PID=67) to work on /home/airflow/.local/lib/python3.12/site-packages/airflow/example_dags/example_display_name.py
[2025-02-24T09:24:44.810+0000] {processor.py:914} INFO - Processing file /home/airflow/.local/lib/python3.12/site-packages/airflow/example_dags/example_display_name.py for tasks to queue
[2025-02-24T09:24:44.819+0000] {logging_mixin.py:190} INFO - [2025-02-24T09:24:44.818+0000] {dagbag.py:588} INFO - Filling up the DagBag from /home/airflow/.local/lib/python3.12/site-packages/airflow/example_dags/example_display_name.py
[2025-02-24T09:24:44.829+0000] {processor.py:925} INFO - DAG(s) 'example_display_name' retrieved from /home/airflow/.local/lib/python3.12/site-packages/airflow/example_dags/example_display_name.py
[2025-02-24T09:24:45.136+0000] {logging_mixin.py:190} INFO - [2025-02-24T09:24:45.136+0000] {override.py:1911} INFO - Created Permission View: can edit on DAG:example_display_name
[2025-02-24T09:24:45.147+0000] {logging_mixin.py:190} INFO - [2025-02-24T09:24:45.147+0000] {override.py:1911} INFO - Created Permission View: can read on DAG:example_display_name
[2025-02-24T09:24:45.153+0000] {logging_mixin.py:190} INFO - [2025-02-24T09:24:45.153+0000] {override.py:1911} INFO - Created Permission View: can delete on DAG:example_display_name
[2025-02-24T09:24:45.160+0000] {logging_mixin.py:190} INFO - [2025-02-24T09:24:45.160+0000] {override.py:1911} INFO - Created Permission View: can create on DAG Run:example_display_name
[2025-02-24T09:24:45.166+0000] {logging_mixin.py:190} INFO - [2025-02-24T09:24:45.165+0000] {override.py:1911} INFO - Created Permission View: can read on DAG Run:example_display_name
[2025-02-24T09:24:45.172+0000] {logging_mixin.py:190} INFO - [2025-02-24T09:24:45.171+0000] {override.py:1911} INFO - Created Permission View: menu access on DAG Run:example_display_name
[2025-02-24T09:24:45.179+0000] {logging_mixin.py:190} INFO - [2025-02-24T09:24:45.179+0000] {override.py:1911} INFO - Created Permission View: can delete on DAG Run:example_display_name
[2025-02-24T09:24:45.179+0000] {logging_mixin.py:190} INFO - [2025-02-24T09:24:45.179+0000] {dag.py:3239} INFO - Sync 1 DAGs
[2025-02-24T09:24:45.194+0000] {logging_mixin.py:190} INFO - [2025-02-24T09:24:45.194+0000] {dag.py:3262} INFO - Creating ORM DAG for example_display_name
[2025-02-24T09:24:45.195+0000] {logging_mixin.py:190} INFO - [2025-02-24T09:24:45.195+0000] {dag.py:4180} INFO - Setting next_dagrun for example_display_name to None, run_after=None
[2025-02-24T09:24:45.227+0000] {processor.py:208} INFO - Processing /home/airflow/.local/lib/python3.12/site-packages/airflow/example_dags/example_display_name.py took 0.435 seconds
[2025-02-24T09:25:15.369+0000] {processor.py:186} INFO - Started process (PID=130) to work on /home/airflow/.local/lib/python3.12/site-packages/airflow/example_dags/example_display_name.py
[2025-02-24T09:25:15.369+0000] {processor.py:914} INFO - Processing file /home/airflow/.local/lib/python3.12/site-packages/airflow/example_dags/example_display_name.py for tasks to queue
[2025-02-24T09:25:15.371+0000] {logging_mixin.py:190} INFO - [2025-02-24T09:25:15.370+0000] {dagbag.py:588} INFO - Filling up the DagBag from /home/airflow/.local/lib/python3.12/site-packages/airflow/example_dags/example_display_name.py
[2025-02-24T09:25:15.376+0000] {processor.py:925} INFO - DAG(s) 'example_display_name' retrieved from /home/airflow/.local/lib/python3.12/site-packages/airflow/example_dags/example_display_name.py
[2025-02-24T09:25:15.391+0000] {logging_mixin.py:190} INFO - [2025-02-24T09:25:15.391+0000] {dag.py:3239} INFO - Sync 1 DAGs
[2025-02-24T09:25:15.403+0000] {logging_mixin.py:190} INFO - [2025-02-24T09:25:15.402+0000] {dag.py:4180} INFO - Setting next_dagrun for example_display_name to None, run_after=None
[2025-02-24T09:25:15.417+0000] {processor.py:208} INFO - Processing /home/airflow/.local/lib/python3.12/site-packages/airflow/example_dags/example_display_name.py took 0.053 seconds
[2025-02-24T09:25:45.664+0000] {processor.py:186} INFO - Started process (PID=193) to work on /home/airflow/.local/lib/python3.12/site-packages/airflow/example_dags/example_display_name.py
[2025-02-24T09:25:45.664+0000] {processor.py:914} INFO - Processing file /home/airflow/.local/lib/python3.12/site-packages/airflow/example_dags/example_display_name.py for tasks to queue
[2025-02-24T09:25:45.666+0000] {logging_mixin.py:190} INFO - [2025-02-24T09:25:45.666+0000] {dagbag.py:588} INFO - Filling up the DagBag from /home/airflow/.local/lib/python3.12/site-packages/airflow/example_dags/example_display_name.py
[2025-02-24T09:25:45.674+0000] {processor.py:925} INFO - DAG(s) 'example_display_name' retrieved from /home/airflow/.local/lib/python3.12/site-packages/airflow/example_dags/example_display_name.py
[2025-02-24T09:25:45.696+0000] {logging_mixin.py:190} INFO - [2025-02-24T09:25:45.695+0000] {dag.py:3239} INFO - Sync 1 DAGs
[2025-02-24T09:25:45.729+0000] {logging_mixin.py:190} INFO - [2025-02-24T09:25:45.728+0000] {dag.py:4180} INFO - Setting next_dagrun for example_display_name to None, run_after=None
[2025-02-24T09:25:45.775+0000] {processor.py:208} INFO - Processing /home/airflow/.local/lib/python3.12/site-packages/airflow/example_dags/example_display_name.py took 0.117 seconds
[2025-02-24T09:26:15.864+0000] {processor.py:186} INFO - Started process (PID=257) to work on /home/airflow/.local/lib/python3.12/site-packages/airflow/example_dags/example_display_name.py
[2025-02-24T09:26:15.865+0000] {processor.py:914} INFO - Processing file /home/airflow/.local/lib/python3.12/site-packages/airflow/example_dags/example_display_name.py for tasks to queue
[2025-02-24T09:26:15.867+0000] {logging_mixin.py:190} INFO - [2025-02-24T09:26:15.867+0000] {dagbag.py:588} INFO - Filling up the DagBag from /home/airflow/.local/lib/python3.12/site-packages/airflow/example_dags/example_display_name.py
[2025-02-24T09:26:15.875+0000] {processor.py:925} INFO - DAG(s) 'example_display_name' retrieved from /home/airflow/.local/lib/python3.12/site-packages/airflow/example_dags/example_display_name.py
[2025-02-24T09:26:15.894+0000] {logging_mixin.py:190} INFO - [2025-02-24T09:26:15.894+0000] {dag.py:3239} INFO - Sync 1 DAGs
[2025-02-24T09:26:15.912+0000] {logging_mixin.py:190} INFO - [2025-02-24T09:26:15.912+0000] {dag.py:4180} INFO - Setting next_dagrun for example_display_name to None, run_after=None
[2025-02-24T09:26:15.932+0000] {processor.py:208} INFO - Processing /home/airflow/.local/lib/python3.12/site-packages/airflow/example_dags/example_display_name.py took 0.074 seconds
[2025-02-24T09:26:46.344+0000] {processor.py:186} INFO - Started process (PID=320) to work on /home/airflow/.local/lib/python3.12/site-packages/airflow/example_dags/example_display_name.py
[2025-02-24T09:26:46.345+0000] {processor.py:914} INFO - Processing file /home/airflow/.local/lib/python3.12/site-packages/airflow/example_dags/example_display_name.py for tasks to queue
[2025-02-24T09:26:46.347+0000] {logging_mixin.py:190} INFO - [2025-02-24T09:26:46.346+0000] {dagbag.py:588} INFO - Filling up the DagBag from /home/airflow/.local/lib/python3.12/site-packages/airflow/example_dags/example_display_name.py
[2025-02-24T09:26:46.352+0000] {processor.py:925} INFO - DAG(s) 'example_display_name' retrieved from /home/airflow/.local/lib/python3.12/site-packages/airflow/example_dags/example_display_name.py
[2025-02-24T09:26:46.368+0000] {logging_mixin.py:190} INFO - [2025-02-24T09:26:46.368+0000] {dag.py:3239} INFO - Sync 1 DAGs
[2025-02-24T09:26:46.381+0000] {logging_mixin.py:190} INFO - [2025-02-24T09:26:46.380+0000] {dag.py:4180} INFO - Setting next_dagrun for example_display_name to None, run_after=None
[2025-02-24T09:26:46.395+0000] {processor.py:208} INFO - Processing /home/airflow/.local/lib/python3.12/site-packages/airflow/example_dags/example_display_name.py took 0.056 seconds
[2025-02-24T09:27:16.719+0000] {processor.py:186} INFO - Started process (PID=383) to work on /home/airflow/.local/lib/python3.12/site-packages/airflow/example_dags/example_display_name.py
[2025-02-24T09:27:16.720+0000] {processor.py:914} INFO - Processing file /home/airflow/.local/lib/python3.12/site-packages/airflow/example_dags/example_display_name.py for tasks to queue
[2025-02-24T09:27:16.721+0000] {logging_mixin.py:190} INFO - [2025-02-24T09:27:16.721+0000] {dagbag.py:588} INFO - Filling up the DagBag from /home/airflow/.local/lib/python3.12/site-packages/airflow/example_dags/example_display_name.py
[2025-02-24T09:27:16.727+0000] {processor.py:925} INFO - DAG(s) 'example_display_name' retrieved from /home/airflow/.local/lib/python3.12/site-packages/airflow/example_dags/example_display_name.py
[2025-02-24T09:27:16.744+0000] {logging_mixin.py:190} INFO - [2025-02-24T09:27:16.744+0000] {dag.py:3239} INFO - Sync 1 DAGs
[2025-02-24T09:27:16.757+0000] {logging_mixin.py:190} INFO - [2025-02-24T09:27:16.756+0000] {dag.py:4180} INFO - Setting next_dagrun for example_display_name to None, run_after=None
[2025-02-24T09:27:16.772+0000] {processor.py:208} INFO - Processing /home/airflow/.local/lib/python3.12/site-packages/airflow/example_dags/example_display_name.py took 0.057 seconds
[2025-02-24T09:27:47.198+0000] {processor.py:186} INFO - Started process (PID=446) to work on /home/airflow/.local/lib/python3.12/site-packages/airflow/example_dags/example_display_name.py
[2025-02-24T09:27:47.198+0000] {processor.py:914} INFO - Processing file /home/airflow/.local/lib/python3.12/site-packages/airflow/example_dags/example_display_name.py for tasks to queue
[2025-02-24T09:27:47.200+0000] {logging_mixin.py:190} INFO - [2025-02-24T09:27:47.200+0000] {dagbag.py:588} INFO - Filling up the DagBag from /home/airflow/.local/lib/python3.12/site-packages/airflow/example_dags/example_display_name.py
[2025-02-24T09:27:47.206+0000] {processor.py:925} INFO - DAG(s) 'example_display_name' retrieved from /home/airflow/.local/lib/python3.12/site-packages/airflow/example_dags/example_display_name.py
[2025-02-24T09:27:47.224+0000] {logging_mixin.py:190} INFO - [2025-02-24T09:27:47.224+0000] {dag.py:3239} INFO - Sync 1 DAGs
[2025-02-24T09:27:47.240+0000] {logging_mixin.py:190} INFO - [2025-02-24T09:27:47.239+0000] {dag.py:4180} INFO - Setting next_dagrun for example_display_name to None, run_after=None
[2025-02-24T09:27:47.256+0000] {processor.py:208} INFO - Processing /home/airflow/.local/lib/python3.12/site-packages/airflow/example_dags/example_display_name.py took 0.063 seconds
[2025-02-24T09:28:17.737+0000] {processor.py:186} INFO - Started process (PID=509) to work on /home/airflow/.local/lib/python3.12/site-packages/airflow/example_dags/example_display_name.py
[2025-02-24T09:28:17.737+0000] {processor.py:914} INFO - Processing file /home/airflow/.local/lib/python3.12/site-packages/airflow/example_dags/example_display_name.py for tasks to queue
[2025-02-24T09:28:17.739+0000] {logging_mixin.py:190} INFO - [2025-02-24T09:28:17.739+0000] {dagbag.py:588} INFO - Filling up the DagBag from /home/airflow/.local/lib/python3.12/site-packages/airflow/example_dags/example_display_name.py
[2025-02-24T09:28:17.745+0000] {processor.py:925} INFO - DAG(s) 'example_display_name' retrieved from /home/airflow/.local/lib/python3.12/site-packages/airflow/example_dags/example_display_name.py
[2025-02-24T09:28:17.762+0000] {logging_mixin.py:190} INFO - [2025-02-24T09:28:17.761+0000] {dag.py:3239} INFO - Sync 1 DAGs
[2025-02-24T09:28:17.775+0000] {logging_mixin.py:190} INFO - [2025-02-24T09:28:17.774+0000] {dag.py:4180} INFO - Setting next_dagrun for example_display_name to None, run_after=None
[2025-02-24T09:28:17.790+0000] {processor.py:208} INFO - Processing /home/airflow/.local/lib/python3.12/site-packages/airflow/example_dags/example_display_name.py took 0.058 seconds
[2025-02-24T09:28:47.853+0000] {processor.py:186} INFO - Started process (PID=572) to work on /home/airflow/.local/lib/python3.12/site-packages/airflow/example_dags/example_display_name.py
[2025-02-24T09:28:47.853+0000] {processor.py:914} INFO - Processing file /home/airflow/.local/lib/python3.12/site-packages/airflow/example_dags/example_display_name.py for tasks to queue
[2025-02-24T09:28:47.855+0000] {logging_mixin.py:190} INFO - [2025-02-24T09:28:47.855+0000] {dagbag.py:588} INFO - Filling up the DagBag from /home/airflow/.local/lib/python3.12/site-packages/airflow/example_dags/example_display_name.py
[2025-02-24T09:28:47.862+0000] {processor.py:925} INFO - DAG(s) 'example_display_name' retrieved from /home/airflow/.local/lib/python3.12/site-packages/airflow/example_dags/example_display_name.py
[2025-02-24T09:28:47.884+0000] {logging_mixin.py:190} INFO - [2025-02-24T09:28:47.884+0000] {dag.py:3239} INFO - Sync 1 DAGs
[2025-02-24T09:28:47.898+0000] {logging_mixin.py:190} INFO - [2025-02-24T09:28:47.898+0000] {dag.py:4180} INFO - Setting next_dagrun for example_display_name to None, run_after=None
[2025-02-24T09:28:47.917+0000] {processor.py:208} INFO - Processing /home/airflow/.local/lib/python3.12/site-packages/airflow/example_dags/example_display_name.py took 0.069 seconds
[2025-02-24T09:29:18.374+0000] {processor.py:186} INFO - Started process (PID=635) to work on /home/airflow/.local/lib/python3.12/site-packages/airflow/example_dags/example_display_name.py
[2025-02-24T09:29:18.374+0000] {processor.py:914} INFO - Processing file /home/airflow/.local/lib/python3.12/site-packages/airflow/example_dags/example_display_name.py for tasks to queue
[2025-02-24T09:29:18.376+0000] {logging_mixin.py:190} INFO - [2025-02-24T09:29:18.376+0000] {dagbag.py:588} INFO - Filling up the DagBag from /home/airflow/.local/lib/python3.12/site-packages/airflow/example_dags/example_display_name.py
[2025-02-24T09:29:18.381+0000] {processor.py:925} INFO - DAG(s) 'example_display_name' retrieved from /home/airflow/.local/lib/python3.12/site-packages/airflow/example_dags/example_display_name.py
[2025-02-24T09:29:18.397+0000] {logging_mixin.py:190} INFO - [2025-02-24T09:29:18.397+0000] {dag.py:3239} INFO - Sync 1 DAGs
[2025-02-24T09:29:18.408+0000] {logging_mixin.py:190} INFO - [2025-02-24T09:29:18.408+0000] {dag.py:4180} INFO - Setting next_dagrun for example_display_name to None, run_after=None
[2025-02-24T09:29:18.422+0000] {processor.py:208} INFO - Processing /home/airflow/.local/lib/python3.12/site-packages/airflow/example_dags/example_display_name.py took 0.053 seconds
[2025-02-24T09:29:48.449+0000] {processor.py:186} INFO - Started process (PID=697) to work on /home/airflow/.local/lib/python3.12/site-packages/airflow/example_dags/example_display_name.py
[2025-02-24T09:29:48.449+0000] {processor.py:914} INFO - Processing file /home/airflow/.local/lib/python3.12/site-packages/airflow/example_dags/example_display_name.py for tasks to queue
[2025-02-24T09:29:48.451+0000] {logging_mixin.py:190} INFO - [2025-02-24T09:29:48.451+0000] {dagbag.py:588} INFO - Filling up the DagBag from /home/airflow/.local/lib/python3.12/site-packages/airflow/example_dags/example_display_name.py
[2025-02-24T09:29:48.457+0000] {processor.py:925} INFO - DAG(s) 'example_display_name' retrieved from /home/airflow/.local/lib/python3.12/site-packages/airflow/example_dags/example_display_name.py
[2025-02-24T09:29:48.472+0000] {logging_mixin.py:190} INFO - [2025-02-24T09:29:48.472+0000] {dag.py:3239} INFO - Sync 1 DAGs
[2025-02-24T09:29:48.484+0000] {logging_mixin.py:190} INFO - [2025-02-24T09:29:48.484+0000] {dag.py:4180} INFO - Setting next_dagrun for example_display_name to None, run_after=None
[2025-02-24T09:29:48.498+0000] {processor.py:208} INFO - Processing /home/airflow/.local/lib/python3.12/site-packages/airflow/example_dags/example_display_name.py took 0.054 seconds
[2025-02-24T09:30:18.830+0000] {processor.py:186} INFO - Started process (PID=761) to work on /home/airflow/.local/lib/python3.12/site-packages/airflow/example_dags/example_display_name.py
[2025-02-24T09:30:18.830+0000] {processor.py:914} INFO - Processing file /home/airflow/.local/lib/python3.12/site-packages/airflow/example_dags/example_display_name.py for tasks to queue
[2025-02-24T09:30:18.832+0000] {logging_mixin.py:190} INFO - [2025-02-24T09:30:18.831+0000] {dagbag.py:588} INFO - Filling up the DagBag from /home/airflow/.local/lib/python3.12/site-packages/airflow/example_dags/example_display_name.py
[2025-02-24T09:30:18.837+0000] {processor.py:925} INFO - DAG(s) 'example_display_name' retrieved from /home/airflow/.local/lib/python3.12/site-packages/airflow/example_dags/example_display_name.py
[2025-02-24T09:30:18.854+0000] {logging_mixin.py:190} INFO - [2025-02-24T09:30:18.854+0000] {dag.py:3239} INFO - Sync 1 DAGs
[2025-02-24T09:30:18.868+0000] {logging_mixin.py:190} INFO - [2025-02-24T09:30:18.867+0000] {dag.py:4180} INFO - Setting next_dagrun for example_display_name to None, run_after=None
[2025-02-24T09:30:18.881+0000] {processor.py:208} INFO - Processing /home/airflow/.local/lib/python3.12/site-packages/airflow/example_dags/example_display_name.py took 0.056 seconds
[2025-02-24T09:30:49.108+0000] {processor.py:186} INFO - Started process (PID=824) to work on /home/airflow/.local/lib/python3.12/site-packages/airflow/example_dags/example_display_name.py
[2025-02-24T09:30:49.109+0000] {processor.py:914} INFO - Processing file /home/airflow/.local/lib/python3.12/site-packages/airflow/example_dags/example_display_name.py for tasks to queue
[2025-02-24T09:30:49.110+0000] {logging_mixin.py:190} INFO - [2025-02-24T09:30:49.110+0000] {dagbag.py:588} INFO - Filling up the DagBag from /home/airflow/.local/lib/python3.12/site-packages/airflow/example_dags/example_display_name.py
[2025-02-24T09:30:49.116+0000] {processor.py:925} INFO - DAG(s) 'example_display_name' retrieved from /home/airflow/.local/lib/python3.12/site-packages/airflow/example_dags/example_display_name.py
[2025-02-24T09:30:49.133+0000] {logging_mixin.py:190} INFO - [2025-02-24T09:30:49.133+0000] {dag.py:3239} INFO - Sync 1 DAGs
[2025-02-24T09:30:49.146+0000] {logging_mixin.py:190} INFO - [2025-02-24T09:30:49.146+0000] {dag.py:4180} INFO - Setting next_dagrun for example_display_name to None, run_after=None
[2025-02-24T09:30:49.163+0000] {processor.py:208} INFO - Processing /home/airflow/.local/lib/python3.12/site-packages/airflow/example_dags/example_display_name.py took 0.059 seconds
[2025-02-24T09:31:19.401+0000] {processor.py:186} INFO - Started process (PID=887) to work on /home/airflow/.local/lib/python3.12/site-packages/airflow/example_dags/example_display_name.py
[2025-02-24T09:31:19.401+0000] {processor.py:914} INFO - Processing file /home/airflow/.local/lib/python3.12/site-packages/airflow/example_dags/example_display_name.py for tasks to queue
[2025-02-24T09:31:19.403+0000] {logging_mixin.py:190} INFO - [2025-02-24T09:31:19.403+0000] {dagbag.py:588} INFO - Filling up the DagBag from /home/airflow/.local/lib/python3.12/site-packages/airflow/example_dags/example_display_name.py
[2025-02-24T09:31:19.409+0000] {processor.py:925} INFO - DAG(s) 'example_display_name' retrieved from /home/airflow/.local/lib/python3.12/site-packages/airflow/example_dags/example_display_name.py
[2025-02-24T09:31:19.427+0000] {logging_mixin.py:190} INFO - [2025-02-24T09:31:19.427+0000] {dag.py:3239} INFO - Sync 1 DAGs
[2025-02-24T09:31:19.440+0000] {logging_mixin.py:190} INFO - [2025-02-24T09:31:19.440+0000] {dag.py:4180} INFO - Setting next_dagrun for example_display_name to None, run_after=None
[2025-02-24T09:31:19.456+0000] {processor.py:208} INFO - Processing /home/airflow/.local/lib/python3.12/site-packages/airflow/example_dags/example_display_name.py took 0.060 seconds
[2025-02-24T09:31:50.186+0000] {processor.py:186} INFO - Started process (PID=950) to work on /home/airflow/.local/lib/python3.12/site-packages/airflow/example_dags/example_display_name.py
[2025-02-24T09:31:50.187+0000] {processor.py:914} INFO - Processing file /home/airflow/.local/lib/python3.12/site-packages/airflow/example_dags/example_display_name.py for tasks to queue
[2025-02-24T09:31:50.189+0000] {logging_mixin.py:190} INFO - [2025-02-24T09:31:50.189+0000] {dagbag.py:588} INFO - Filling up the DagBag from /home/airflow/.local/lib/python3.12/site-packages/airflow/example_dags/example_display_name.py
[2025-02-24T09:31:50.197+0000] {processor.py:925} INFO - DAG(s) 'example_display_name' retrieved from /home/airflow/.local/lib/python3.12/site-packages/airflow/example_dags/example_display_name.py
[2025-02-24T09:31:50.217+0000] {logging_mixin.py:190} INFO - [2025-02-24T09:31:50.217+0000] {dag.py:3239} INFO - Sync 1 DAGs
[2025-02-24T09:31:50.233+0000] {logging_mixin.py:190} INFO - [2025-02-24T09:31:50.233+0000] {dag.py:4180} INFO - Setting next_dagrun for example_display_name to None, run_after=None
[2025-02-24T09:31:50.251+0000] {processor.py:208} INFO - Processing /home/airflow/.local/lib/python3.12/site-packages/airflow/example_dags/example_display_name.py took 0.071 seconds
[2025-02-24T09:32:21.040+0000] {processor.py:186} INFO - Started process (PID=1013) to work on /home/airflow/.local/lib/python3.12/site-packages/airflow/example_dags/example_display_name.py
[2025-02-24T09:32:21.041+0000] {processor.py:914} INFO - Processing file /home/airflow/.local/lib/python3.12/site-packages/airflow/example_dags/example_display_name.py for tasks to queue
[2025-02-24T09:32:21.042+0000] {logging_mixin.py:190} INFO - [2025-02-24T09:32:21.042+0000] {dagbag.py:588} INFO - Filling up the DagBag from /home/airflow/.local/lib/python3.12/site-packages/airflow/example_dags/example_display_name.py
[2025-02-24T09:32:21.048+0000] {processor.py:925} INFO - DAG(s) 'example_display_name' retrieved from /home/airflow/.local/lib/python3.12/site-packages/airflow/example_dags/example_display_name.py
[2025-02-24T09:32:21.066+0000] {logging_mixin.py:190} INFO - [2025-02-24T09:32:21.066+0000] {dag.py:3239} INFO - Sync 1 DAGs
[2025-02-24T09:32:21.081+0000] {logging_mixin.py:190} INFO - [2025-02-24T09:32:21.081+0000] {dag.py:4180} INFO - Setting next_dagrun for example_display_name to None, run_after=None
[2025-02-24T09:32:21.098+0000] {processor.py:208} INFO - Processing /home/airflow/.local/lib/python3.12/site-packages/airflow/example_dags/example_display_name.py took 0.062 seconds
[2025-02-24T09:32:51.179+0000] {processor.py:186} INFO - Started process (PID=1076) to work on /home/airflow/.local/lib/python3.12/site-packages/airflow/example_dags/example_display_name.py
[2025-02-24T09:32:51.180+0000] {processor.py:914} INFO - Processing file /home/airflow/.local/lib/python3.12/site-packages/airflow/example_dags/example_display_name.py for tasks to queue
[2025-02-24T09:32:51.181+0000] {logging_mixin.py:190} INFO - [2025-02-24T09:32:51.181+0000] {dagbag.py:588} INFO - Filling up the DagBag from /home/airflow/.local/lib/python3.12/site-packages/airflow/example_dags/example_display_name.py
[2025-02-24T09:32:51.188+0000] {processor.py:925} INFO - DAG(s) 'example_display_name' retrieved from /home/airflow/.local/lib/python3.12/site-packages/airflow/example_dags/example_display_name.py
[2025-02-24T09:32:51.205+0000] {logging_mixin.py:190} INFO - [2025-02-24T09:32:51.205+0000] {dag.py:3239} INFO - Sync 1 DAGs
[2025-02-24T09:32:51.218+0000] {logging_mixin.py:190} INFO - [2025-02-24T09:32:51.218+0000] {dag.py:4180} INFO - Setting next_dagrun for example_display_name to None, run_after=None
[2025-02-24T09:32:51.244+0000] {processor.py:208} INFO - Processing /home/airflow/.local/lib/python3.12/site-packages/airflow/example_dags/example_display_name.py took 0.070 seconds
[2025-02-24T09:33:22.139+0000] {processor.py:186} INFO - Started process (PID=1139) to work on /home/airflow/.local/lib/python3.12/site-packages/airflow/example_dags/example_display_name.py
[2025-02-24T09:33:22.140+0000] {processor.py:914} INFO - Processing file /home/airflow/.local/lib/python3.12/site-packages/airflow/example_dags/example_display_name.py for tasks to queue
[2025-02-24T09:33:22.142+0000] {logging_mixin.py:190} INFO - [2025-02-24T09:33:22.141+0000] {dagbag.py:588} INFO - Filling up the DagBag from /home/airflow/.local/lib/python3.12/site-packages/airflow/example_dags/example_display_name.py
[2025-02-24T09:33:22.148+0000] {processor.py:925} INFO - DAG(s) 'example_display_name' retrieved from /home/airflow/.local/lib/python3.12/site-packages/airflow/example_dags/example_display_name.py
[2025-02-24T09:33:22.164+0000] {logging_mixin.py:190} INFO - [2025-02-24T09:33:22.164+0000] {dag.py:3239} INFO - Sync 1 DAGs
[2025-02-24T09:33:22.177+0000] {logging_mixin.py:190} INFO - [2025-02-24T09:33:22.176+0000] {dag.py:4180} INFO - Setting next_dagrun for example_display_name to None, run_after=None
[2025-02-24T09:33:22.192+0000] {processor.py:208} INFO - Processing /home/airflow/.local/lib/python3.12/site-packages/airflow/example_dags/example_display_name.py took 0.057 seconds
[2025-02-24T09:33:52.282+0000] {processor.py:186} INFO - Started process (PID=1202) to work on /home/airflow/.local/lib/python3.12/site-packages/airflow/example_dags/example_display_name.py
[2025-02-24T09:33:52.283+0000] {processor.py:914} INFO - Processing file /home/airflow/.local/lib/python3.12/site-packages/airflow/example_dags/example_display_name.py for tasks to queue
[2025-02-24T09:33:52.285+0000] {logging_mixin.py:190} INFO - [2025-02-24T09:33:52.284+0000] {dagbag.py:588} INFO - Filling up the DagBag from /home/airflow/.local/lib/python3.12/site-packages/airflow/example_dags/example_display_name.py
[2025-02-24T09:33:52.292+0000] {processor.py:925} INFO - DAG(s) 'example_display_name' retrieved from /home/airflow/.local/lib/python3.12/site-packages/airflow/example_dags/example_display_name.py
[2025-02-24T09:33:52.315+0000] {logging_mixin.py:190} INFO - [2025-02-24T09:33:52.314+0000] {dag.py:3239} INFO - Sync 1 DAGs
[2025-02-24T09:33:52.340+0000] {logging_mixin.py:190} INFO - [2025-02-24T09:33:52.339+0000] {dag.py:4180} INFO - Setting next_dagrun for example_display_name to None, run_after=None
[2025-02-24T09:33:52.365+0000] {processor.py:208} INFO - Processing /home/airflow/.local/lib/python3.12/site-packages/airflow/example_dags/example_display_name.py took 0.089 seconds
[2025-02-24T09:34:22.607+0000] {processor.py:186} INFO - Started process (PID=1266) to work on /home/airflow/.local/lib/python3.12/site-packages/airflow/example_dags/example_display_name.py
[2025-02-24T09:34:22.607+0000] {processor.py:914} INFO - Processing file /home/airflow/.local/lib/python3.12/site-packages/airflow/example_dags/example_display_name.py for tasks to queue
[2025-02-24T09:34:22.609+0000] {logging_mixin.py:190} INFO - [2025-02-24T09:34:22.609+0000] {dagbag.py:588} INFO - Filling up the DagBag from /home/airflow/.local/lib/python3.12/site-packages/airflow/example_dags/example_display_name.py
[2025-02-24T09:34:22.615+0000] {processor.py:925} INFO - DAG(s) 'example_display_name' retrieved from /home/airflow/.local/lib/python3.12/site-packages/airflow/example_dags/example_display_name.py
[2025-02-24T09:34:22.632+0000] {logging_mixin.py:190} INFO - [2025-02-24T09:34:22.632+0000] {dag.py:3239} INFO - Sync 1 DAGs
[2025-02-24T09:34:22.648+0000] {logging_mixin.py:190} INFO - [2025-02-24T09:34:22.648+0000] {dag.py:4180} INFO - Setting next_dagrun for example_display_name to None, run_after=None
[2025-02-24T09:34:22.664+0000] {processor.py:208} INFO - Processing /home/airflow/.local/lib/python3.12/site-packages/airflow/example_dags/example_display_name.py took 0.062 seconds
[2025-02-24T09:34:52.928+0000] {processor.py:186} INFO - Started process (PID=1330) to work on /home/airflow/.local/lib/python3.12/site-packages/airflow/example_dags/example_display_name.py
[2025-02-24T09:34:52.929+0000] {processor.py:914} INFO - Processing file /home/airflow/.local/lib/python3.12/site-packages/airflow/example_dags/example_display_name.py for tasks to queue
[2025-02-24T09:34:52.930+0000] {logging_mixin.py:190} INFO - [2025-02-24T09:34:52.930+0000] {dagbag.py:588} INFO - Filling up the DagBag from /home/airflow/.local/lib/python3.12/site-packages/airflow/example_dags/example_display_name.py
[2025-02-24T09:34:52.936+0000] {processor.py:925} INFO - DAG(s) 'example_display_name' retrieved from /home/airflow/.local/lib/python3.12/site-packages/airflow/example_dags/example_display_name.py
[2025-02-24T09:34:52.954+0000] {logging_mixin.py:190} INFO - [2025-02-24T09:34:52.953+0000] {dag.py:3239} INFO - Sync 1 DAGs
[2025-02-24T09:34:52.971+0000] {logging_mixin.py:190} INFO - [2025-02-24T09:34:52.971+0000] {dag.py:4180} INFO - Setting next_dagrun for example_display_name to None, run_after=None
[2025-02-24T09:34:52.990+0000] {processor.py:208} INFO - Processing /home/airflow/.local/lib/python3.12/site-packages/airflow/example_dags/example_display_name.py took 0.066 seconds
[2025-02-24T09:35:23.728+0000] {processor.py:186} INFO - Started process (PID=1394) to work on /home/airflow/.local/lib/python3.12/site-packages/airflow/example_dags/example_display_name.py
[2025-02-24T09:35:23.728+0000] {processor.py:914} INFO - Processing file /home/airflow/.local/lib/python3.12/site-packages/airflow/example_dags/example_display_name.py for tasks to queue
[2025-02-24T09:35:23.730+0000] {logging_mixin.py:190} INFO - [2025-02-24T09:35:23.730+0000] {dagbag.py:588} INFO - Filling up the DagBag from /home/airflow/.local/lib/python3.12/site-packages/airflow/example_dags/example_display_name.py
[2025-02-24T09:35:23.737+0000] {processor.py:925} INFO - DAG(s) 'example_display_name' retrieved from /home/airflow/.local/lib/python3.12/site-packages/airflow/example_dags/example_display_name.py
[2025-02-24T09:35:23.758+0000] {logging_mixin.py:190} INFO - [2025-02-24T09:35:23.758+0000] {dag.py:3239} INFO - Sync 1 DAGs
[2025-02-24T09:35:23.774+0000] {logging_mixin.py:190} INFO - [2025-02-24T09:35:23.774+0000] {dag.py:4180} INFO - Setting next_dagrun for example_display_name to None, run_after=None
[2025-02-24T09:35:23.792+0000] {processor.py:208} INFO - Processing /home/airflow/.local/lib/python3.12/site-packages/airflow/example_dags/example_display_name.py took 0.070 seconds
[2025-02-24T09:35:54.507+0000] {processor.py:186} INFO - Started process (PID=1457) to work on /home/airflow/.local/lib/python3.12/site-packages/airflow/example_dags/example_display_name.py
[2025-02-24T09:35:54.507+0000] {processor.py:914} INFO - Processing file /home/airflow/.local/lib/python3.12/site-packages/airflow/example_dags/example_display_name.py for tasks to queue
[2025-02-24T09:35:54.509+0000] {logging_mixin.py:190} INFO - [2025-02-24T09:35:54.508+0000] {dagbag.py:588} INFO - Filling up the DagBag from /home/airflow/.local/lib/python3.12/site-packages/airflow/example_dags/example_display_name.py
[2025-02-24T09:35:54.514+0000] {processor.py:925} INFO - DAG(s) 'example_display_name' retrieved from /home/airflow/.local/lib/python3.12/site-packages/airflow/example_dags/example_display_name.py
[2025-02-24T09:35:54.531+0000] {logging_mixin.py:190} INFO - [2025-02-24T09:35:54.531+0000] {dag.py:3239} INFO - Sync 1 DAGs
[2025-02-24T09:35:54.543+0000] {logging_mixin.py:190} INFO - [2025-02-24T09:35:54.543+0000] {dag.py:4180} INFO - Setting next_dagrun for example_display_name to None, run_after=None
[2025-02-24T09:35:54.559+0000] {processor.py:208} INFO - Processing /home/airflow/.local/lib/python3.12/site-packages/airflow/example_dags/example_display_name.py took 0.057 seconds
[2025-02-24T09:36:24.764+0000] {processor.py:186} INFO - Started process (PID=1520) to work on /home/airflow/.local/lib/python3.12/site-packages/airflow/example_dags/example_display_name.py
[2025-02-24T09:36:24.765+0000] {processor.py:914} INFO - Processing file /home/airflow/.local/lib/python3.12/site-packages/airflow/example_dags/example_display_name.py for tasks to queue
[2025-02-24T09:36:24.766+0000] {logging_mixin.py:190} INFO - [2025-02-24T09:36:24.766+0000] {dagbag.py:588} INFO - Filling up the DagBag from /home/airflow/.local/lib/python3.12/site-packages/airflow/example_dags/example_display_name.py
[2025-02-24T09:36:24.772+0000] {processor.py:925} INFO - DAG(s) 'example_display_name' retrieved from /home/airflow/.local/lib/python3.12/site-packages/airflow/example_dags/example_display_name.py
[2025-02-24T09:36:24.792+0000] {logging_mixin.py:190} INFO - [2025-02-24T09:36:24.792+0000] {dag.py:3239} INFO - Sync 1 DAGs
[2025-02-24T09:36:24.808+0000] {logging_mixin.py:190} INFO - [2025-02-24T09:36:24.808+0000] {dag.py:4180} INFO - Setting next_dagrun for example_display_name to None, run_after=None
[2025-02-24T09:36:24.824+0000] {processor.py:208} INFO - Processing /home/airflow/.local/lib/python3.12/site-packages/airflow/example_dags/example_display_name.py took 0.065 seconds
[2025-02-24T09:36:54.859+0000] {processor.py:186} INFO - Started process (PID=1583) to work on /home/airflow/.local/lib/python3.12/site-packages/airflow/example_dags/example_display_name.py
[2025-02-24T09:36:54.859+0000] {processor.py:914} INFO - Processing file /home/airflow/.local/lib/python3.12/site-packages/airflow/example_dags/example_display_name.py for tasks to queue
[2025-02-24T09:36:54.861+0000] {logging_mixin.py:190} INFO - [2025-02-24T09:36:54.861+0000] {dagbag.py:588} INFO - Filling up the DagBag from /home/airflow/.local/lib/python3.12/site-packages/airflow/example_dags/example_display_name.py
[2025-02-24T09:36:54.867+0000] {processor.py:925} INFO - DAG(s) 'example_display_name' retrieved from /home/airflow/.local/lib/python3.12/site-packages/airflow/example_dags/example_display_name.py
[2025-02-24T09:36:54.881+0000] {logging_mixin.py:190} INFO - [2025-02-24T09:36:54.881+0000] {dag.py:3239} INFO - Sync 1 DAGs
[2025-02-24T09:36:54.892+0000] {logging_mixin.py:190} INFO - [2025-02-24T09:36:54.892+0000] {dag.py:4180} INFO - Setting next_dagrun for example_display_name to None, run_after=None
[2025-02-24T09:36:54.905+0000] {processor.py:208} INFO - Processing /home/airflow/.local/lib/python3.12/site-packages/airflow/example_dags/example_display_name.py took 0.051 seconds
[2025-02-24T09:37:24.997+0000] {processor.py:186} INFO - Started process (PID=1647) to work on /home/airflow/.local/lib/python3.12/site-packages/airflow/example_dags/example_display_name.py
[2025-02-24T09:37:24.997+0000] {processor.py:914} INFO - Processing file /home/airflow/.local/lib/python3.12/site-packages/airflow/example_dags/example_display_name.py for tasks to queue
[2025-02-24T09:37:24.999+0000] {logging_mixin.py:190} INFO - [2025-02-24T09:37:24.999+0000] {dagbag.py:588} INFO - Filling up the DagBag from /home/airflow/.local/lib/python3.12/site-packages/airflow/example_dags/example_display_name.py
[2025-02-24T09:37:25.005+0000] {processor.py:925} INFO - DAG(s) 'example_display_name' retrieved from /home/airflow/.local/lib/python3.12/site-packages/airflow/example_dags/example_display_name.py
[2025-02-24T09:37:25.019+0000] {logging_mixin.py:190} INFO - [2025-02-24T09:37:25.018+0000] {dag.py:3239} INFO - Sync 1 DAGs
[2025-02-24T09:37:25.033+0000] {logging_mixin.py:190} INFO - [2025-02-24T09:37:25.033+0000] {dag.py:4180} INFO - Setting next_dagrun for example_display_name to None, run_after=None
[2025-02-24T09:37:25.046+0000] {processor.py:208} INFO - Processing /home/airflow/.local/lib/python3.12/site-packages/airflow/example_dags/example_display_name.py took 0.053 seconds
[2025-02-24T09:37:55.375+0000] {processor.py:186} INFO - Started process (PID=1712) to work on /home/airflow/.local/lib/python3.12/site-packages/airflow/example_dags/example_display_name.py
[2025-02-24T09:37:55.376+0000] {processor.py:914} INFO - Processing file /home/airflow/.local/lib/python3.12/site-packages/airflow/example_dags/example_display_name.py for tasks to queue
[2025-02-24T09:37:55.378+0000] {logging_mixin.py:190} INFO - [2025-02-24T09:37:55.378+0000] {dagbag.py:588} INFO - Filling up the DagBag from /home/airflow/.local/lib/python3.12/site-packages/airflow/example_dags/example_display_name.py
[2025-02-24T09:37:55.387+0000] {processor.py:925} INFO - DAG(s) 'example_display_name' retrieved from /home/airflow/.local/lib/python3.12/site-packages/airflow/example_dags/example_display_name.py
[2025-02-24T09:37:55.410+0000] {logging_mixin.py:190} INFO - [2025-02-24T09:37:55.409+0000] {dag.py:3239} INFO - Sync 1 DAGs
[2025-02-24T09:37:55.427+0000] {logging_mixin.py:190} INFO - [2025-02-24T09:37:55.427+0000] {dag.py:4180} INFO - Setting next_dagrun for example_display_name to None, run_after=None
[2025-02-24T09:37:55.445+0000] {processor.py:208} INFO - Processing /home/airflow/.local/lib/python3.12/site-packages/airflow/example_dags/example_display_name.py took 0.077 seconds
[2025-02-24T09:38:25.553+0000] {processor.py:186} INFO - Started process (PID=1776) to work on /home/airflow/.local/lib/python3.12/site-packages/airflow/example_dags/example_display_name.py
[2025-02-24T09:38:25.553+0000] {processor.py:914} INFO - Processing file /home/airflow/.local/lib/python3.12/site-packages/airflow/example_dags/example_display_name.py for tasks to queue
[2025-02-24T09:38:25.555+0000] {logging_mixin.py:190} INFO - [2025-02-24T09:38:25.554+0000] {dagbag.py:588} INFO - Filling up the DagBag from /home/airflow/.local/lib/python3.12/site-packages/airflow/example_dags/example_display_name.py
[2025-02-24T09:38:25.561+0000] {processor.py:925} INFO - DAG(s) 'example_display_name' retrieved from /home/airflow/.local/lib/python3.12/site-packages/airflow/example_dags/example_display_name.py
[2025-02-24T09:38:25.580+0000] {logging_mixin.py:190} INFO - [2025-02-24T09:38:25.579+0000] {dag.py:3239} INFO - Sync 1 DAGs
[2025-02-24T09:38:25.595+0000] {logging_mixin.py:190} INFO - [2025-02-24T09:38:25.595+0000] {dag.py:4180} INFO - Setting next_dagrun for example_display_name to None, run_after=None
[2025-02-24T09:38:25.611+0000] {processor.py:208} INFO - Processing /home/airflow/.local/lib/python3.12/site-packages/airflow/example_dags/example_display_name.py took 0.063 seconds
[2025-02-24T09:38:55.939+0000] {processor.py:186} INFO - Started process (PID=1840) to work on /home/airflow/.local/lib/python3.12/site-packages/airflow/example_dags/example_display_name.py
[2025-02-24T09:38:55.940+0000] {processor.py:914} INFO - Processing file /home/airflow/.local/lib/python3.12/site-packages/airflow/example_dags/example_display_name.py for tasks to queue
[2025-02-24T09:38:55.941+0000] {logging_mixin.py:190} INFO - [2025-02-24T09:38:55.941+0000] {dagbag.py:588} INFO - Filling up the DagBag from /home/airflow/.local/lib/python3.12/site-packages/airflow/example_dags/example_display_name.py
[2025-02-24T09:38:55.947+0000] {processor.py:925} INFO - DAG(s) 'example_display_name' retrieved from /home/airflow/.local/lib/python3.12/site-packages/airflow/example_dags/example_display_name.py
[2025-02-24T09:38:55.965+0000] {logging_mixin.py:190} INFO - [2025-02-24T09:38:55.965+0000] {dag.py:3239} INFO - Sync 1 DAGs
[2025-02-24T09:38:55.980+0000] {logging_mixin.py:190} INFO - [2025-02-24T09:38:55.980+0000] {dag.py:4180} INFO - Setting next_dagrun for example_display_name to None, run_after=None
[2025-02-24T09:38:55.998+0000] {processor.py:208} INFO - Processing /home/airflow/.local/lib/python3.12/site-packages/airflow/example_dags/example_display_name.py took 0.063 seconds
[2025-02-24T09:39:26.707+0000] {processor.py:186} INFO - Started process (PID=1904) to work on /home/airflow/.local/lib/python3.12/site-packages/airflow/example_dags/example_display_name.py
[2025-02-24T09:39:26.707+0000] {processor.py:914} INFO - Processing file /home/airflow/.local/lib/python3.12/site-packages/airflow/example_dags/example_display_name.py for tasks to queue
[2025-02-24T09:39:26.709+0000] {logging_mixin.py:190} INFO - [2025-02-24T09:39:26.709+0000] {dagbag.py:588} INFO - Filling up the DagBag from /home/airflow/.local/lib/python3.12/site-packages/airflow/example_dags/example_display_name.py
[2025-02-24T09:39:26.716+0000] {processor.py:925} INFO - DAG(s) 'example_display_name' retrieved from /home/airflow/.local/lib/python3.12/site-packages/airflow/example_dags/example_display_name.py
[2025-02-24T09:39:26.732+0000] {logging_mixin.py:190} INFO - [2025-02-24T09:39:26.732+0000] {dag.py:3239} INFO - Sync 1 DAGs
[2025-02-24T09:39:26.744+0000] {logging_mixin.py:190} INFO - [2025-02-24T09:39:26.744+0000] {dag.py:4180} INFO - Setting next_dagrun for example_display_name to None, run_after=None
[2025-02-24T09:39:26.763+0000] {processor.py:208} INFO - Processing /home/airflow/.local/lib/python3.12/site-packages/airflow/example_dags/example_display_name.py took 0.061 seconds
[2025-02-24T09:39:57.259+0000] {processor.py:186} INFO - Started process (PID=1962) to work on /home/airflow/.local/lib/python3.12/site-packages/airflow/example_dags/example_display_name.py
[2025-02-24T09:39:57.260+0000] {processor.py:914} INFO - Processing file /home/airflow/.local/lib/python3.12/site-packages/airflow/example_dags/example_display_name.py for tasks to queue
[2025-02-24T09:39:57.261+0000] {logging_mixin.py:190} INFO - [2025-02-24T09:39:57.261+0000] {dagbag.py:588} INFO - Filling up the DagBag from /home/airflow/.local/lib/python3.12/site-packages/airflow/example_dags/example_display_name.py
[2025-02-24T09:39:57.267+0000] {processor.py:925} INFO - DAG(s) 'example_display_name' retrieved from /home/airflow/.local/lib/python3.12/site-packages/airflow/example_dags/example_display_name.py
[2025-02-24T09:39:57.291+0000] {logging_mixin.py:190} INFO - [2025-02-24T09:39:57.290+0000] {dag.py:3239} INFO - Sync 1 DAGs
[2025-02-24T09:39:57.303+0000] {logging_mixin.py:190} INFO - [2025-02-24T09:39:57.303+0000] {dag.py:4180} INFO - Setting next_dagrun for example_display_name to None, run_after=None
[2025-02-24T09:39:57.318+0000] {processor.py:208} INFO - Processing /home/airflow/.local/lib/python3.12/site-packages/airflow/example_dags/example_display_name.py took 0.065 seconds
[2025-02-24T09:40:27.602+0000] {processor.py:186} INFO - Started process (PID=2026) to work on /home/airflow/.local/lib/python3.12/site-packages/airflow/example_dags/example_display_name.py
[2025-02-24T09:40:27.603+0000] {processor.py:914} INFO - Processing file /home/airflow/.local/lib/python3.12/site-packages/airflow/example_dags/example_display_name.py for tasks to queue
[2025-02-24T09:40:27.605+0000] {logging_mixin.py:190} INFO - [2025-02-24T09:40:27.604+0000] {dagbag.py:588} INFO - Filling up the DagBag from /home/airflow/.local/lib/python3.12/site-packages/airflow/example_dags/example_display_name.py
[2025-02-24T09:40:27.610+0000] {processor.py:925} INFO - DAG(s) 'example_display_name' retrieved from /home/airflow/.local/lib/python3.12/site-packages/airflow/example_dags/example_display_name.py
[2025-02-24T09:40:27.627+0000] {logging_mixin.py:190} INFO - [2025-02-24T09:40:27.626+0000] {dag.py:3239} INFO - Sync 1 DAGs
[2025-02-24T09:40:27.642+0000] {logging_mixin.py:190} INFO - [2025-02-24T09:40:27.641+0000] {dag.py:4180} INFO - Setting next_dagrun for example_display_name to None, run_after=None
[2025-02-24T09:40:27.657+0000] {processor.py:208} INFO - Processing /home/airflow/.local/lib/python3.12/site-packages/airflow/example_dags/example_display_name.py took 0.059 seconds
[2025-02-24T09:40:58.519+0000] {processor.py:186} INFO - Started process (PID=2090) to work on /home/airflow/.local/lib/python3.12/site-packages/airflow/example_dags/example_display_name.py
[2025-02-24T09:40:58.520+0000] {processor.py:914} INFO - Processing file /home/airflow/.local/lib/python3.12/site-packages/airflow/example_dags/example_display_name.py for tasks to queue
[2025-02-24T09:40:58.521+0000] {logging_mixin.py:190} INFO - [2025-02-24T09:40:58.521+0000] {dagbag.py:588} INFO - Filling up the DagBag from /home/airflow/.local/lib/python3.12/site-packages/airflow/example_dags/example_display_name.py
[2025-02-24T09:40:58.528+0000] {processor.py:925} INFO - DAG(s) 'example_display_name' retrieved from /home/airflow/.local/lib/python3.12/site-packages/airflow/example_dags/example_display_name.py
[2025-02-24T09:40:58.545+0000] {logging_mixin.py:190} INFO - [2025-02-24T09:40:58.545+0000] {dag.py:3239} INFO - Sync 1 DAGs
[2025-02-24T09:40:58.561+0000] {logging_mixin.py:190} INFO - [2025-02-24T09:40:58.560+0000] {dag.py:4180} INFO - Setting next_dagrun for example_display_name to None, run_after=None
[2025-02-24T09:40:58.575+0000] {processor.py:208} INFO - Processing /home/airflow/.local/lib/python3.12/site-packages/airflow/example_dags/example_display_name.py took 0.061 seconds
