[2025-02-24T09:24:46.434+0000] {processor.py:186} INFO - Started process (PID=74) to work on /home/airflow/.local/lib/python3.12/site-packages/airflow/example_dags/tutorial.py
[2025-02-24T09:24:46.435+0000] {processor.py:914} INFO - Processing file /home/airflow/.local/lib/python3.12/site-packages/airflow/example_dags/tutorial.py for tasks to queue
[2025-02-24T09:24:46.437+0000] {logging_mixin.py:190} INFO - [2025-02-24T09:24:46.437+0000] {dagbag.py:588} INFO - Filling up the DagBag from /home/airflow/.local/lib/python3.12/site-packages/airflow/example_dags/tutorial.py
[2025-02-24T09:24:46.447+0000] {processor.py:925} INFO - DAG(s) 'tutorial' retrieved from /home/airflow/.local/lib/python3.12/site-packages/airflow/example_dags/tutorial.py
[2025-02-24T09:24:46.586+0000] {logging_mixin.py:190} INFO - [2025-02-24T09:24:46.585+0000] {override.py:1911} INFO - Created Permission View: can edit on DAG:tutorial
[2025-02-24T09:24:46.597+0000] {logging_mixin.py:190} INFO - [2025-02-24T09:24:46.596+0000] {override.py:1911} INFO - Created Permission View: can read on DAG:tutorial
[2025-02-24T09:24:46.602+0000] {logging_mixin.py:190} INFO - [2025-02-24T09:24:46.602+0000] {override.py:1911} INFO - Created Permission View: can delete on DAG:tutorial
[2025-02-24T09:24:46.608+0000] {logging_mixin.py:190} INFO - [2025-02-24T09:24:46.608+0000] {override.py:1911} INFO - Created Permission View: can create on DAG Run:tutorial
[2025-02-24T09:24:46.614+0000] {logging_mixin.py:190} INFO - [2025-02-24T09:24:46.613+0000] {override.py:1911} INFO - Created Permission View: can read on DAG Run:tutorial
[2025-02-24T09:24:46.619+0000] {logging_mixin.py:190} INFO - [2025-02-24T09:24:46.619+0000] {override.py:1911} INFO - Created Permission View: menu access on DAG Run:tutorial
[2025-02-24T09:24:46.624+0000] {logging_mixin.py:190} INFO - [2025-02-24T09:24:46.624+0000] {override.py:1911} INFO - Created Permission View: can delete on DAG Run:tutorial
[2025-02-24T09:24:46.625+0000] {logging_mixin.py:190} INFO - [2025-02-24T09:24:46.625+0000] {dag.py:3239} INFO - Sync 1 DAGs
[2025-02-24T09:24:46.638+0000] {logging_mixin.py:190} INFO - [2025-02-24T09:24:46.638+0000] {dag.py:3262} INFO - Creating ORM DAG for tutorial
[2025-02-24T09:24:46.648+0000] {logging_mixin.py:190} INFO - [2025-02-24T09:24:46.648+0000] {dag.py:4180} INFO - Setting next_dagrun for tutorial to 2025-02-23 00:00:00+00:00, run_after=2025-02-24 00:00:00+00:00
[2025-02-24T09:24:46.687+0000] {processor.py:208} INFO - Processing /home/airflow/.local/lib/python3.12/site-packages/airflow/example_dags/tutorial.py took 0.261 seconds
[2025-02-24T09:25:16.878+0000] {processor.py:186} INFO - Started process (PID=137) to work on /home/airflow/.local/lib/python3.12/site-packages/airflow/example_dags/tutorial.py
[2025-02-24T09:25:16.879+0000] {processor.py:914} INFO - Processing file /home/airflow/.local/lib/python3.12/site-packages/airflow/example_dags/tutorial.py for tasks to queue
[2025-02-24T09:25:16.881+0000] {logging_mixin.py:190} INFO - [2025-02-24T09:25:16.881+0000] {dagbag.py:588} INFO - Filling up the DagBag from /home/airflow/.local/lib/python3.12/site-packages/airflow/example_dags/tutorial.py
[2025-02-24T09:25:16.890+0000] {processor.py:925} INFO - DAG(s) 'tutorial' retrieved from /home/airflow/.local/lib/python3.12/site-packages/airflow/example_dags/tutorial.py
[2025-02-24T09:25:16.908+0000] {logging_mixin.py:190} INFO - [2025-02-24T09:25:16.908+0000] {dag.py:3239} INFO - Sync 1 DAGs
[2025-02-24T09:25:16.926+0000] {logging_mixin.py:190} INFO - [2025-02-24T09:25:16.926+0000] {dag.py:4180} INFO - Setting next_dagrun for tutorial to 2025-02-23 00:00:00+00:00, run_after=2025-02-24 00:00:00+00:00
[2025-02-24T09:25:16.941+0000] {processor.py:208} INFO - Processing /home/airflow/.local/lib/python3.12/site-packages/airflow/example_dags/tutorial.py took 0.068 seconds
[2025-02-24T09:25:47.142+0000] {processor.py:186} INFO - Started process (PID=200) to work on /home/airflow/.local/lib/python3.12/site-packages/airflow/example_dags/tutorial.py
[2025-02-24T09:25:47.142+0000] {processor.py:914} INFO - Processing file /home/airflow/.local/lib/python3.12/site-packages/airflow/example_dags/tutorial.py for tasks to queue
[2025-02-24T09:25:47.145+0000] {logging_mixin.py:190} INFO - [2025-02-24T09:25:47.144+0000] {dagbag.py:588} INFO - Filling up the DagBag from /home/airflow/.local/lib/python3.12/site-packages/airflow/example_dags/tutorial.py
[2025-02-24T09:25:47.154+0000] {processor.py:925} INFO - DAG(s) 'tutorial' retrieved from /home/airflow/.local/lib/python3.12/site-packages/airflow/example_dags/tutorial.py
[2025-02-24T09:25:47.178+0000] {logging_mixin.py:190} INFO - [2025-02-24T09:25:47.178+0000] {dag.py:3239} INFO - Sync 1 DAGs
[2025-02-24T09:25:47.206+0000] {logging_mixin.py:190} INFO - [2025-02-24T09:25:47.206+0000] {dag.py:4180} INFO - Setting next_dagrun for tutorial to 2025-02-23 00:00:00+00:00, run_after=2025-02-24 00:00:00+00:00
[2025-02-24T09:25:47.225+0000] {processor.py:208} INFO - Processing /home/airflow/.local/lib/python3.12/site-packages/airflow/example_dags/tutorial.py took 0.090 seconds
[2025-02-24T09:26:17.330+0000] {processor.py:186} INFO - Started process (PID=264) to work on /home/airflow/.local/lib/python3.12/site-packages/airflow/example_dags/tutorial.py
[2025-02-24T09:26:17.331+0000] {processor.py:914} INFO - Processing file /home/airflow/.local/lib/python3.12/site-packages/airflow/example_dags/tutorial.py for tasks to queue
[2025-02-24T09:26:17.333+0000] {logging_mixin.py:190} INFO - [2025-02-24T09:26:17.333+0000] {dagbag.py:588} INFO - Filling up the DagBag from /home/airflow/.local/lib/python3.12/site-packages/airflow/example_dags/tutorial.py
[2025-02-24T09:26:17.343+0000] {processor.py:925} INFO - DAG(s) 'tutorial' retrieved from /home/airflow/.local/lib/python3.12/site-packages/airflow/example_dags/tutorial.py
[2025-02-24T09:26:17.380+0000] {logging_mixin.py:190} INFO - [2025-02-24T09:26:17.379+0000] {dag.py:3239} INFO - Sync 1 DAGs
[2025-02-24T09:26:17.410+0000] {logging_mixin.py:190} INFO - [2025-02-24T09:26:17.409+0000] {dag.py:4180} INFO - Setting next_dagrun for tutorial to 2025-02-23 00:00:00+00:00, run_after=2025-02-24 00:00:00+00:00
[2025-02-24T09:26:17.425+0000] {processor.py:208} INFO - Processing /home/airflow/.local/lib/python3.12/site-packages/airflow/example_dags/tutorial.py took 0.100 seconds
[2025-02-24T09:26:47.855+0000] {processor.py:186} INFO - Started process (PID=327) to work on /home/airflow/.local/lib/python3.12/site-packages/airflow/example_dags/tutorial.py
[2025-02-24T09:26:47.855+0000] {processor.py:914} INFO - Processing file /home/airflow/.local/lib/python3.12/site-packages/airflow/example_dags/tutorial.py for tasks to queue
[2025-02-24T09:26:47.857+0000] {logging_mixin.py:190} INFO - [2025-02-24T09:26:47.857+0000] {dagbag.py:588} INFO - Filling up the DagBag from /home/airflow/.local/lib/python3.12/site-packages/airflow/example_dags/tutorial.py
[2025-02-24T09:26:47.864+0000] {processor.py:925} INFO - DAG(s) 'tutorial' retrieved from /home/airflow/.local/lib/python3.12/site-packages/airflow/example_dags/tutorial.py
[2025-02-24T09:26:47.880+0000] {logging_mixin.py:190} INFO - [2025-02-24T09:26:47.880+0000] {dag.py:3239} INFO - Sync 1 DAGs
[2025-02-24T09:26:47.898+0000] {logging_mixin.py:190} INFO - [2025-02-24T09:26:47.898+0000] {dag.py:4180} INFO - Setting next_dagrun for tutorial to 2025-02-23 00:00:00+00:00, run_after=2025-02-24 00:00:00+00:00
[2025-02-24T09:26:47.911+0000] {processor.py:208} INFO - Processing /home/airflow/.local/lib/python3.12/site-packages/airflow/example_dags/tutorial.py took 0.060 seconds
[2025-02-24T09:27:18.271+0000] {processor.py:186} INFO - Started process (PID=390) to work on /home/airflow/.local/lib/python3.12/site-packages/airflow/example_dags/tutorial.py
[2025-02-24T09:27:18.272+0000] {processor.py:914} INFO - Processing file /home/airflow/.local/lib/python3.12/site-packages/airflow/example_dags/tutorial.py for tasks to queue
[2025-02-24T09:27:18.273+0000] {logging_mixin.py:190} INFO - [2025-02-24T09:27:18.273+0000] {dagbag.py:588} INFO - Filling up the DagBag from /home/airflow/.local/lib/python3.12/site-packages/airflow/example_dags/tutorial.py
[2025-02-24T09:27:18.281+0000] {processor.py:925} INFO - DAG(s) 'tutorial' retrieved from /home/airflow/.local/lib/python3.12/site-packages/airflow/example_dags/tutorial.py
[2025-02-24T09:27:18.298+0000] {logging_mixin.py:190} INFO - [2025-02-24T09:27:18.298+0000] {dag.py:3239} INFO - Sync 1 DAGs
[2025-02-24T09:27:18.317+0000] {logging_mixin.py:190} INFO - [2025-02-24T09:27:18.317+0000] {dag.py:4180} INFO - Setting next_dagrun for tutorial to 2025-02-23 00:00:00+00:00, run_after=2025-02-24 00:00:00+00:00
[2025-02-24T09:27:18.331+0000] {processor.py:208} INFO - Processing /home/airflow/.local/lib/python3.12/site-packages/airflow/example_dags/tutorial.py took 0.065 seconds
[2025-02-24T09:27:48.633+0000] {processor.py:186} INFO - Started process (PID=453) to work on /home/airflow/.local/lib/python3.12/site-packages/airflow/example_dags/tutorial.py
[2025-02-24T09:27:48.633+0000] {processor.py:914} INFO - Processing file /home/airflow/.local/lib/python3.12/site-packages/airflow/example_dags/tutorial.py for tasks to queue
[2025-02-24T09:27:48.635+0000] {logging_mixin.py:190} INFO - [2025-02-24T09:27:48.634+0000] {dagbag.py:588} INFO - Filling up the DagBag from /home/airflow/.local/lib/python3.12/site-packages/airflow/example_dags/tutorial.py
[2025-02-24T09:27:48.643+0000] {processor.py:925} INFO - DAG(s) 'tutorial' retrieved from /home/airflow/.local/lib/python3.12/site-packages/airflow/example_dags/tutorial.py
[2025-02-24T09:27:48.660+0000] {logging_mixin.py:190} INFO - [2025-02-24T09:27:48.660+0000] {dag.py:3239} INFO - Sync 1 DAGs
[2025-02-24T09:27:48.683+0000] {logging_mixin.py:190} INFO - [2025-02-24T09:27:48.683+0000] {dag.py:4180} INFO - Setting next_dagrun for tutorial to 2025-02-23 00:00:00+00:00, run_after=2025-02-24 00:00:00+00:00
[2025-02-24T09:27:48.701+0000] {processor.py:208} INFO - Processing /home/airflow/.local/lib/python3.12/site-packages/airflow/example_dags/tutorial.py took 0.073 seconds
[2025-02-24T09:28:19.237+0000] {processor.py:186} INFO - Started process (PID=516) to work on /home/airflow/.local/lib/python3.12/site-packages/airflow/example_dags/tutorial.py
[2025-02-24T09:28:19.237+0000] {processor.py:914} INFO - Processing file /home/airflow/.local/lib/python3.12/site-packages/airflow/example_dags/tutorial.py for tasks to queue
[2025-02-24T09:28:19.240+0000] {logging_mixin.py:190} INFO - [2025-02-24T09:28:19.239+0000] {dagbag.py:588} INFO - Filling up the DagBag from /home/airflow/.local/lib/python3.12/site-packages/airflow/example_dags/tutorial.py
[2025-02-24T09:28:19.247+0000] {processor.py:925} INFO - DAG(s) 'tutorial' retrieved from /home/airflow/.local/lib/python3.12/site-packages/airflow/example_dags/tutorial.py
[2025-02-24T09:28:19.267+0000] {logging_mixin.py:190} INFO - [2025-02-24T09:28:19.266+0000] {dag.py:3239} INFO - Sync 1 DAGs
[2025-02-24T09:28:19.291+0000] {logging_mixin.py:190} INFO - [2025-02-24T09:28:19.291+0000] {dag.py:4180} INFO - Setting next_dagrun for tutorial to 2025-02-23 00:00:00+00:00, run_after=2025-02-24 00:00:00+00:00
[2025-02-24T09:28:19.304+0000] {processor.py:208} INFO - Processing /home/airflow/.local/lib/python3.12/site-packages/airflow/example_dags/tutorial.py took 0.073 seconds
[2025-02-24T09:28:49.335+0000] {processor.py:186} INFO - Started process (PID=579) to work on /home/airflow/.local/lib/python3.12/site-packages/airflow/example_dags/tutorial.py
[2025-02-24T09:28:49.336+0000] {processor.py:914} INFO - Processing file /home/airflow/.local/lib/python3.12/site-packages/airflow/example_dags/tutorial.py for tasks to queue
[2025-02-24T09:28:49.337+0000] {logging_mixin.py:190} INFO - [2025-02-24T09:28:49.337+0000] {dagbag.py:588} INFO - Filling up the DagBag from /home/airflow/.local/lib/python3.12/site-packages/airflow/example_dags/tutorial.py
[2025-02-24T09:28:49.344+0000] {processor.py:925} INFO - DAG(s) 'tutorial' retrieved from /home/airflow/.local/lib/python3.12/site-packages/airflow/example_dags/tutorial.py
[2025-02-24T09:28:49.359+0000] {logging_mixin.py:190} INFO - [2025-02-24T09:28:49.359+0000] {dag.py:3239} INFO - Sync 1 DAGs
[2025-02-24T09:28:49.380+0000] {logging_mixin.py:190} INFO - [2025-02-24T09:28:49.380+0000] {dag.py:4180} INFO - Setting next_dagrun for tutorial to 2025-02-23 00:00:00+00:00, run_after=2025-02-24 00:00:00+00:00
[2025-02-24T09:28:49.394+0000] {processor.py:208} INFO - Processing /home/airflow/.local/lib/python3.12/site-packages/airflow/example_dags/tutorial.py took 0.064 seconds
[2025-02-24T09:29:19.848+0000] {processor.py:186} INFO - Started process (PID=642) to work on /home/airflow/.local/lib/python3.12/site-packages/airflow/example_dags/tutorial.py
[2025-02-24T09:29:19.849+0000] {processor.py:914} INFO - Processing file /home/airflow/.local/lib/python3.12/site-packages/airflow/example_dags/tutorial.py for tasks to queue
[2025-02-24T09:29:19.850+0000] {logging_mixin.py:190} INFO - [2025-02-24T09:29:19.850+0000] {dagbag.py:588} INFO - Filling up the DagBag from /home/airflow/.local/lib/python3.12/site-packages/airflow/example_dags/tutorial.py
[2025-02-24T09:29:19.857+0000] {processor.py:925} INFO - DAG(s) 'tutorial' retrieved from /home/airflow/.local/lib/python3.12/site-packages/airflow/example_dags/tutorial.py
[2025-02-24T09:29:19.872+0000] {logging_mixin.py:190} INFO - [2025-02-24T09:29:19.872+0000] {dag.py:3239} INFO - Sync 1 DAGs
[2025-02-24T09:29:19.890+0000] {logging_mixin.py:190} INFO - [2025-02-24T09:29:19.889+0000] {dag.py:4180} INFO - Setting next_dagrun for tutorial to 2025-02-23 00:00:00+00:00, run_after=2025-02-24 00:00:00+00:00
[2025-02-24T09:29:19.902+0000] {processor.py:208} INFO - Processing /home/airflow/.local/lib/python3.12/site-packages/airflow/example_dags/tutorial.py took 0.059 seconds
[2025-02-24T09:29:49.993+0000] {processor.py:186} INFO - Started process (PID=705) to work on /home/airflow/.local/lib/python3.12/site-packages/airflow/example_dags/tutorial.py
[2025-02-24T09:29:49.993+0000] {processor.py:914} INFO - Processing file /home/airflow/.local/lib/python3.12/site-packages/airflow/example_dags/tutorial.py for tasks to queue
[2025-02-24T09:29:49.995+0000] {logging_mixin.py:190} INFO - [2025-02-24T09:29:49.995+0000] {dagbag.py:588} INFO - Filling up the DagBag from /home/airflow/.local/lib/python3.12/site-packages/airflow/example_dags/tutorial.py
[2025-02-24T09:29:50.001+0000] {processor.py:925} INFO - DAG(s) 'tutorial' retrieved from /home/airflow/.local/lib/python3.12/site-packages/airflow/example_dags/tutorial.py
[2025-02-24T09:29:50.016+0000] {logging_mixin.py:190} INFO - [2025-02-24T09:29:50.016+0000] {dag.py:3239} INFO - Sync 1 DAGs
[2025-02-24T09:29:50.034+0000] {logging_mixin.py:190} INFO - [2025-02-24T09:29:50.034+0000] {dag.py:4180} INFO - Setting next_dagrun for tutorial to 2025-02-23 00:00:00+00:00, run_after=2025-02-24 00:00:00+00:00
[2025-02-24T09:29:50.046+0000] {processor.py:208} INFO - Processing /home/airflow/.local/lib/python3.12/site-packages/airflow/example_dags/tutorial.py took 0.058 seconds
[2025-02-24T09:30:20.303+0000] {processor.py:186} INFO - Started process (PID=768) to work on /home/airflow/.local/lib/python3.12/site-packages/airflow/example_dags/tutorial.py
[2025-02-24T09:30:20.303+0000] {processor.py:914} INFO - Processing file /home/airflow/.local/lib/python3.12/site-packages/airflow/example_dags/tutorial.py for tasks to queue
[2025-02-24T09:30:20.305+0000] {logging_mixin.py:190} INFO - [2025-02-24T09:30:20.305+0000] {dagbag.py:588} INFO - Filling up the DagBag from /home/airflow/.local/lib/python3.12/site-packages/airflow/example_dags/tutorial.py
[2025-02-24T09:30:20.312+0000] {processor.py:925} INFO - DAG(s) 'tutorial' retrieved from /home/airflow/.local/lib/python3.12/site-packages/airflow/example_dags/tutorial.py
[2025-02-24T09:30:20.328+0000] {logging_mixin.py:190} INFO - [2025-02-24T09:30:20.327+0000] {dag.py:3239} INFO - Sync 1 DAGs
[2025-02-24T09:30:20.345+0000] {logging_mixin.py:190} INFO - [2025-02-24T09:30:20.345+0000] {dag.py:4180} INFO - Setting next_dagrun for tutorial to 2025-02-23 00:00:00+00:00, run_after=2025-02-24 00:00:00+00:00
[2025-02-24T09:30:20.357+0000] {processor.py:208} INFO - Processing /home/airflow/.local/lib/python3.12/site-packages/airflow/example_dags/tutorial.py took 0.059 seconds
[2025-02-24T09:30:50.567+0000] {processor.py:186} INFO - Started process (PID=831) to work on /home/airflow/.local/lib/python3.12/site-packages/airflow/example_dags/tutorial.py
[2025-02-24T09:30:50.568+0000] {processor.py:914} INFO - Processing file /home/airflow/.local/lib/python3.12/site-packages/airflow/example_dags/tutorial.py for tasks to queue
[2025-02-24T09:30:50.570+0000] {logging_mixin.py:190} INFO - [2025-02-24T09:30:50.570+0000] {dagbag.py:588} INFO - Filling up the DagBag from /home/airflow/.local/lib/python3.12/site-packages/airflow/example_dags/tutorial.py
[2025-02-24T09:30:50.579+0000] {processor.py:925} INFO - DAG(s) 'tutorial' retrieved from /home/airflow/.local/lib/python3.12/site-packages/airflow/example_dags/tutorial.py
[2025-02-24T09:30:50.596+0000] {logging_mixin.py:190} INFO - [2025-02-24T09:30:50.595+0000] {dag.py:3239} INFO - Sync 1 DAGs
[2025-02-24T09:30:50.614+0000] {logging_mixin.py:190} INFO - [2025-02-24T09:30:50.614+0000] {dag.py:4180} INFO - Setting next_dagrun for tutorial to 2025-02-23 00:00:00+00:00, run_after=2025-02-24 00:00:00+00:00
[2025-02-24T09:30:50.627+0000] {processor.py:208} INFO - Processing /home/airflow/.local/lib/python3.12/site-packages/airflow/example_dags/tutorial.py took 0.066 seconds
[2025-02-24T09:31:20.913+0000] {processor.py:186} INFO - Started process (PID=894) to work on /home/airflow/.local/lib/python3.12/site-packages/airflow/example_dags/tutorial.py
[2025-02-24T09:31:20.914+0000] {processor.py:914} INFO - Processing file /home/airflow/.local/lib/python3.12/site-packages/airflow/example_dags/tutorial.py for tasks to queue
[2025-02-24T09:31:20.916+0000] {logging_mixin.py:190} INFO - [2025-02-24T09:31:20.916+0000] {dagbag.py:588} INFO - Filling up the DagBag from /home/airflow/.local/lib/python3.12/site-packages/airflow/example_dags/tutorial.py
[2025-02-24T09:31:20.926+0000] {processor.py:925} INFO - DAG(s) 'tutorial' retrieved from /home/airflow/.local/lib/python3.12/site-packages/airflow/example_dags/tutorial.py
[2025-02-24T09:31:20.944+0000] {logging_mixin.py:190} INFO - [2025-02-24T09:31:20.944+0000] {dag.py:3239} INFO - Sync 1 DAGs
[2025-02-24T09:31:20.965+0000] {logging_mixin.py:190} INFO - [2025-02-24T09:31:20.965+0000] {dag.py:4180} INFO - Setting next_dagrun for tutorial to 2025-02-23 00:00:00+00:00, run_after=2025-02-24 00:00:00+00:00
[2025-02-24T09:31:20.984+0000] {processor.py:208} INFO - Processing /home/airflow/.local/lib/python3.12/site-packages/airflow/example_dags/tutorial.py took 0.077 seconds
[2025-02-24T09:31:51.593+0000] {processor.py:186} INFO - Started process (PID=957) to work on /home/airflow/.local/lib/python3.12/site-packages/airflow/example_dags/tutorial.py
[2025-02-24T09:31:51.594+0000] {processor.py:914} INFO - Processing file /home/airflow/.local/lib/python3.12/site-packages/airflow/example_dags/tutorial.py for tasks to queue
[2025-02-24T09:31:51.595+0000] {logging_mixin.py:190} INFO - [2025-02-24T09:31:51.595+0000] {dagbag.py:588} INFO - Filling up the DagBag from /home/airflow/.local/lib/python3.12/site-packages/airflow/example_dags/tutorial.py
[2025-02-24T09:31:51.602+0000] {processor.py:925} INFO - DAG(s) 'tutorial' retrieved from /home/airflow/.local/lib/python3.12/site-packages/airflow/example_dags/tutorial.py
[2025-02-24T09:31:51.620+0000] {logging_mixin.py:190} INFO - [2025-02-24T09:31:51.620+0000] {dag.py:3239} INFO - Sync 1 DAGs
[2025-02-24T09:31:51.643+0000] {logging_mixin.py:190} INFO - [2025-02-24T09:31:51.642+0000] {dag.py:4180} INFO - Setting next_dagrun for tutorial to 2025-02-23 00:00:00+00:00, run_after=2025-02-24 00:00:00+00:00
[2025-02-24T09:31:51.661+0000] {processor.py:208} INFO - Processing /home/airflow/.local/lib/python3.12/site-packages/airflow/example_dags/tutorial.py took 0.072 seconds
[2025-02-24T09:32:22.562+0000] {processor.py:186} INFO - Started process (PID=1020) to work on /home/airflow/.local/lib/python3.12/site-packages/airflow/example_dags/tutorial.py
[2025-02-24T09:32:22.570+0000] {processor.py:914} INFO - Processing file /home/airflow/.local/lib/python3.12/site-packages/airflow/example_dags/tutorial.py for tasks to queue
[2025-02-24T09:32:22.572+0000] {logging_mixin.py:190} INFO - [2025-02-24T09:32:22.572+0000] {dagbag.py:588} INFO - Filling up the DagBag from /home/airflow/.local/lib/python3.12/site-packages/airflow/example_dags/tutorial.py
[2025-02-24T09:32:22.592+0000] {processor.py:925} INFO - DAG(s) 'tutorial' retrieved from /home/airflow/.local/lib/python3.12/site-packages/airflow/example_dags/tutorial.py
[2025-02-24T09:32:22.645+0000] {logging_mixin.py:190} INFO - [2025-02-24T09:32:22.644+0000] {dag.py:3239} INFO - Sync 1 DAGs
[2025-02-24T09:32:22.674+0000] {logging_mixin.py:190} INFO - [2025-02-24T09:32:22.674+0000] {dag.py:4180} INFO - Setting next_dagrun for tutorial to 2025-02-23 00:00:00+00:00, run_after=2025-02-24 00:00:00+00:00
[2025-02-24T09:32:22.694+0000] {processor.py:208} INFO - Processing /home/airflow/.local/lib/python3.12/site-packages/airflow/example_dags/tutorial.py took 0.145 seconds
[2025-02-24T09:32:53.616+0000] {processor.py:186} INFO - Started process (PID=1083) to work on /home/airflow/.local/lib/python3.12/site-packages/airflow/example_dags/tutorial.py
[2025-02-24T09:32:53.617+0000] {processor.py:914} INFO - Processing file /home/airflow/.local/lib/python3.12/site-packages/airflow/example_dags/tutorial.py for tasks to queue
[2025-02-24T09:32:53.618+0000] {logging_mixin.py:190} INFO - [2025-02-24T09:32:53.618+0000] {dagbag.py:588} INFO - Filling up the DagBag from /home/airflow/.local/lib/python3.12/site-packages/airflow/example_dags/tutorial.py
[2025-02-24T09:32:53.625+0000] {processor.py:925} INFO - DAG(s) 'tutorial' retrieved from /home/airflow/.local/lib/python3.12/site-packages/airflow/example_dags/tutorial.py
[2025-02-24T09:32:53.644+0000] {logging_mixin.py:190} INFO - [2025-02-24T09:32:53.644+0000] {dag.py:3239} INFO - Sync 1 DAGs
[2025-02-24T09:32:53.668+0000] {logging_mixin.py:190} INFO - [2025-02-24T09:32:53.667+0000] {dag.py:4180} INFO - Setting next_dagrun for tutorial to 2025-02-23 00:00:00+00:00, run_after=2025-02-24 00:00:00+00:00
[2025-02-24T09:32:53.685+0000] {processor.py:208} INFO - Processing /home/airflow/.local/lib/python3.12/site-packages/airflow/example_dags/tutorial.py took 0.073 seconds
[2025-02-24T09:33:24.519+0000] {processor.py:186} INFO - Started process (PID=1146) to work on /home/airflow/.local/lib/python3.12/site-packages/airflow/example_dags/tutorial.py
[2025-02-24T09:33:24.519+0000] {processor.py:914} INFO - Processing file /home/airflow/.local/lib/python3.12/site-packages/airflow/example_dags/tutorial.py for tasks to queue
[2025-02-24T09:33:24.521+0000] {logging_mixin.py:190} INFO - [2025-02-24T09:33:24.521+0000] {dagbag.py:588} INFO - Filling up the DagBag from /home/airflow/.local/lib/python3.12/site-packages/airflow/example_dags/tutorial.py
[2025-02-24T09:33:24.528+0000] {processor.py:925} INFO - DAG(s) 'tutorial' retrieved from /home/airflow/.local/lib/python3.12/site-packages/airflow/example_dags/tutorial.py
[2025-02-24T09:33:24.543+0000] {logging_mixin.py:190} INFO - [2025-02-24T09:33:24.543+0000] {dag.py:3239} INFO - Sync 1 DAGs
[2025-02-24T09:33:24.562+0000] {logging_mixin.py:190} INFO - [2025-02-24T09:33:24.562+0000] {dag.py:4180} INFO - Setting next_dagrun for tutorial to 2025-02-23 00:00:00+00:00, run_after=2025-02-24 00:00:00+00:00
[2025-02-24T09:33:24.578+0000] {processor.py:208} INFO - Processing /home/airflow/.local/lib/python3.12/site-packages/airflow/example_dags/tutorial.py took 0.065 seconds
[2025-02-24T09:33:54.721+0000] {processor.py:186} INFO - Started process (PID=1209) to work on /home/airflow/.local/lib/python3.12/site-packages/airflow/example_dags/tutorial.py
[2025-02-24T09:33:54.722+0000] {processor.py:914} INFO - Processing file /home/airflow/.local/lib/python3.12/site-packages/airflow/example_dags/tutorial.py for tasks to queue
[2025-02-24T09:33:54.724+0000] {logging_mixin.py:190} INFO - [2025-02-24T09:33:54.723+0000] {dagbag.py:588} INFO - Filling up the DagBag from /home/airflow/.local/lib/python3.12/site-packages/airflow/example_dags/tutorial.py
[2025-02-24T09:33:54.731+0000] {processor.py:925} INFO - DAG(s) 'tutorial' retrieved from /home/airflow/.local/lib/python3.12/site-packages/airflow/example_dags/tutorial.py
[2025-02-24T09:33:54.751+0000] {logging_mixin.py:190} INFO - [2025-02-24T09:33:54.751+0000] {dag.py:3239} INFO - Sync 1 DAGs
[2025-02-24T09:33:54.776+0000] {logging_mixin.py:190} INFO - [2025-02-24T09:33:54.776+0000] {dag.py:4180} INFO - Setting next_dagrun for tutorial to 2025-02-23 00:00:00+00:00, run_after=2025-02-24 00:00:00+00:00
[2025-02-24T09:33:54.789+0000] {processor.py:208} INFO - Processing /home/airflow/.local/lib/python3.12/site-packages/airflow/example_dags/tutorial.py took 0.074 seconds
[2025-02-24T09:34:25.025+0000] {processor.py:186} INFO - Started process (PID=1273) to work on /home/airflow/.local/lib/python3.12/site-packages/airflow/example_dags/tutorial.py
[2025-02-24T09:34:25.026+0000] {processor.py:914} INFO - Processing file /home/airflow/.local/lib/python3.12/site-packages/airflow/example_dags/tutorial.py for tasks to queue
[2025-02-24T09:34:25.027+0000] {logging_mixin.py:190} INFO - [2025-02-24T09:34:25.027+0000] {dagbag.py:588} INFO - Filling up the DagBag from /home/airflow/.local/lib/python3.12/site-packages/airflow/example_dags/tutorial.py
[2025-02-24T09:34:25.034+0000] {processor.py:925} INFO - DAG(s) 'tutorial' retrieved from /home/airflow/.local/lib/python3.12/site-packages/airflow/example_dags/tutorial.py
[2025-02-24T09:34:25.050+0000] {logging_mixin.py:190} INFO - [2025-02-24T09:34:25.050+0000] {dag.py:3239} INFO - Sync 1 DAGs
[2025-02-24T09:34:25.070+0000] {logging_mixin.py:190} INFO - [2025-02-24T09:34:25.070+0000] {dag.py:4180} INFO - Setting next_dagrun for tutorial to 2025-02-23 00:00:00+00:00, run_after=2025-02-24 00:00:00+00:00
[2025-02-24T09:34:25.085+0000] {processor.py:208} INFO - Processing /home/airflow/.local/lib/python3.12/site-packages/airflow/example_dags/tutorial.py took 0.066 seconds
[2025-02-24T09:34:55.334+0000] {processor.py:186} INFO - Started process (PID=1337) to work on /home/airflow/.local/lib/python3.12/site-packages/airflow/example_dags/tutorial.py
[2025-02-24T09:34:55.335+0000] {processor.py:914} INFO - Processing file /home/airflow/.local/lib/python3.12/site-packages/airflow/example_dags/tutorial.py for tasks to queue
[2025-02-24T09:34:55.336+0000] {logging_mixin.py:190} INFO - [2025-02-24T09:34:55.336+0000] {dagbag.py:588} INFO - Filling up the DagBag from /home/airflow/.local/lib/python3.12/site-packages/airflow/example_dags/tutorial.py
[2025-02-24T09:34:55.343+0000] {processor.py:925} INFO - DAG(s) 'tutorial' retrieved from /home/airflow/.local/lib/python3.12/site-packages/airflow/example_dags/tutorial.py
[2025-02-24T09:34:55.358+0000] {logging_mixin.py:190} INFO - [2025-02-24T09:34:55.358+0000] {dag.py:3239} INFO - Sync 1 DAGs
[2025-02-24T09:34:55.378+0000] {logging_mixin.py:190} INFO - [2025-02-24T09:34:55.378+0000] {dag.py:4180} INFO - Setting next_dagrun for tutorial to 2025-02-23 00:00:00+00:00, run_after=2025-02-24 00:00:00+00:00
[2025-02-24T09:34:55.392+0000] {processor.py:208} INFO - Processing /home/airflow/.local/lib/python3.12/site-packages/airflow/example_dags/tutorial.py took 0.064 seconds
[2025-02-24T09:35:26.069+0000] {processor.py:186} INFO - Started process (PID=1401) to work on /home/airflow/.local/lib/python3.12/site-packages/airflow/example_dags/tutorial.py
[2025-02-24T09:35:26.070+0000] {processor.py:914} INFO - Processing file /home/airflow/.local/lib/python3.12/site-packages/airflow/example_dags/tutorial.py for tasks to queue
[2025-02-24T09:35:26.072+0000] {logging_mixin.py:190} INFO - [2025-02-24T09:35:26.072+0000] {dagbag.py:588} INFO - Filling up the DagBag from /home/airflow/.local/lib/python3.12/site-packages/airflow/example_dags/tutorial.py
[2025-02-24T09:35:26.080+0000] {processor.py:925} INFO - DAG(s) 'tutorial' retrieved from /home/airflow/.local/lib/python3.12/site-packages/airflow/example_dags/tutorial.py
[2025-02-24T09:35:26.100+0000] {logging_mixin.py:190} INFO - [2025-02-24T09:35:26.100+0000] {dag.py:3239} INFO - Sync 1 DAGs
[2025-02-24T09:35:26.124+0000] {logging_mixin.py:190} INFO - [2025-02-24T09:35:26.124+0000] {dag.py:4180} INFO - Setting next_dagrun for tutorial to 2025-02-23 00:00:00+00:00, run_after=2025-02-24 00:00:00+00:00
[2025-02-24T09:35:26.139+0000] {processor.py:208} INFO - Processing /home/airflow/.local/lib/python3.12/site-packages/airflow/example_dags/tutorial.py took 0.076 seconds
[2025-02-24T09:35:56.896+0000] {processor.py:186} INFO - Started process (PID=1464) to work on /home/airflow/.local/lib/python3.12/site-packages/airflow/example_dags/tutorial.py
[2025-02-24T09:35:56.896+0000] {processor.py:914} INFO - Processing file /home/airflow/.local/lib/python3.12/site-packages/airflow/example_dags/tutorial.py for tasks to queue
[2025-02-24T09:35:56.898+0000] {logging_mixin.py:190} INFO - [2025-02-24T09:35:56.898+0000] {dagbag.py:588} INFO - Filling up the DagBag from /home/airflow/.local/lib/python3.12/site-packages/airflow/example_dags/tutorial.py
[2025-02-24T09:35:56.904+0000] {processor.py:925} INFO - DAG(s) 'tutorial' retrieved from /home/airflow/.local/lib/python3.12/site-packages/airflow/example_dags/tutorial.py
[2025-02-24T09:35:56.918+0000] {logging_mixin.py:190} INFO - [2025-02-24T09:35:56.918+0000] {dag.py:3239} INFO - Sync 1 DAGs
[2025-02-24T09:35:56.936+0000] {logging_mixin.py:190} INFO - [2025-02-24T09:35:56.936+0000] {dag.py:4180} INFO - Setting next_dagrun for tutorial to 2025-02-23 00:00:00+00:00, run_after=2025-02-24 00:00:00+00:00
[2025-02-24T09:35:56.952+0000] {processor.py:208} INFO - Processing /home/airflow/.local/lib/python3.12/site-packages/airflow/example_dags/tutorial.py took 0.061 seconds
[2025-02-24T09:36:27.199+0000] {processor.py:186} INFO - Started process (PID=1527) to work on /home/airflow/.local/lib/python3.12/site-packages/airflow/example_dags/tutorial.py
[2025-02-24T09:36:27.199+0000] {processor.py:914} INFO - Processing file /home/airflow/.local/lib/python3.12/site-packages/airflow/example_dags/tutorial.py for tasks to queue
[2025-02-24T09:36:27.201+0000] {logging_mixin.py:190} INFO - [2025-02-24T09:36:27.201+0000] {dagbag.py:588} INFO - Filling up the DagBag from /home/airflow/.local/lib/python3.12/site-packages/airflow/example_dags/tutorial.py
[2025-02-24T09:36:27.208+0000] {processor.py:925} INFO - DAG(s) 'tutorial' retrieved from /home/airflow/.local/lib/python3.12/site-packages/airflow/example_dags/tutorial.py
[2025-02-24T09:36:27.227+0000] {logging_mixin.py:190} INFO - [2025-02-24T09:36:27.227+0000] {dag.py:3239} INFO - Sync 1 DAGs
[2025-02-24T09:36:27.250+0000] {logging_mixin.py:190} INFO - [2025-02-24T09:36:27.250+0000] {dag.py:4180} INFO - Setting next_dagrun for tutorial to 2025-02-23 00:00:00+00:00, run_after=2025-02-24 00:00:00+00:00
[2025-02-24T09:36:27.267+0000] {processor.py:208} INFO - Processing /home/airflow/.local/lib/python3.12/site-packages/airflow/example_dags/tutorial.py took 0.074 seconds
[2025-02-24T09:36:57.338+0000] {processor.py:186} INFO - Started process (PID=1591) to work on /home/airflow/.local/lib/python3.12/site-packages/airflow/example_dags/tutorial.py
[2025-02-24T09:36:57.339+0000] {processor.py:914} INFO - Processing file /home/airflow/.local/lib/python3.12/site-packages/airflow/example_dags/tutorial.py for tasks to queue
[2025-02-24T09:36:57.340+0000] {logging_mixin.py:190} INFO - [2025-02-24T09:36:57.340+0000] {dagbag.py:588} INFO - Filling up the DagBag from /home/airflow/.local/lib/python3.12/site-packages/airflow/example_dags/tutorial.py
[2025-02-24T09:36:57.347+0000] {processor.py:925} INFO - DAG(s) 'tutorial' retrieved from /home/airflow/.local/lib/python3.12/site-packages/airflow/example_dags/tutorial.py
[2025-02-24T09:36:57.364+0000] {logging_mixin.py:190} INFO - [2025-02-24T09:36:57.364+0000] {dag.py:3239} INFO - Sync 1 DAGs
[2025-02-24T09:36:57.383+0000] {logging_mixin.py:190} INFO - [2025-02-24T09:36:57.383+0000] {dag.py:4180} INFO - Setting next_dagrun for tutorial to 2025-02-23 00:00:00+00:00, run_after=2025-02-24 00:00:00+00:00
[2025-02-24T09:36:57.396+0000] {processor.py:208} INFO - Processing /home/airflow/.local/lib/python3.12/site-packages/airflow/example_dags/tutorial.py took 0.063 seconds
[2025-02-24T09:37:27.491+0000] {processor.py:186} INFO - Started process (PID=1655) to work on /home/airflow/.local/lib/python3.12/site-packages/airflow/example_dags/tutorial.py
[2025-02-24T09:37:27.491+0000] {processor.py:914} INFO - Processing file /home/airflow/.local/lib/python3.12/site-packages/airflow/example_dags/tutorial.py for tasks to queue
[2025-02-24T09:37:27.493+0000] {logging_mixin.py:190} INFO - [2025-02-24T09:37:27.493+0000] {dagbag.py:588} INFO - Filling up the DagBag from /home/airflow/.local/lib/python3.12/site-packages/airflow/example_dags/tutorial.py
[2025-02-24T09:37:27.499+0000] {processor.py:925} INFO - DAG(s) 'tutorial' retrieved from /home/airflow/.local/lib/python3.12/site-packages/airflow/example_dags/tutorial.py
[2025-02-24T09:37:27.517+0000] {logging_mixin.py:190} INFO - [2025-02-24T09:37:27.517+0000] {dag.py:3239} INFO - Sync 1 DAGs
[2025-02-24T09:37:27.541+0000] {logging_mixin.py:190} INFO - [2025-02-24T09:37:27.540+0000] {dag.py:4180} INFO - Setting next_dagrun for tutorial to 2025-02-23 00:00:00+00:00, run_after=2025-02-24 00:00:00+00:00
[2025-02-24T09:37:27.556+0000] {processor.py:208} INFO - Processing /home/airflow/.local/lib/python3.12/site-packages/airflow/example_dags/tutorial.py took 0.070 seconds
[2025-02-24T09:37:57.785+0000] {processor.py:186} INFO - Started process (PID=1719) to work on /home/airflow/.local/lib/python3.12/site-packages/airflow/example_dags/tutorial.py
[2025-02-24T09:37:57.786+0000] {processor.py:914} INFO - Processing file /home/airflow/.local/lib/python3.12/site-packages/airflow/example_dags/tutorial.py for tasks to queue
[2025-02-24T09:37:57.788+0000] {logging_mixin.py:190} INFO - [2025-02-24T09:37:57.788+0000] {dagbag.py:588} INFO - Filling up the DagBag from /home/airflow/.local/lib/python3.12/site-packages/airflow/example_dags/tutorial.py
[2025-02-24T09:37:57.798+0000] {processor.py:925} INFO - DAG(s) 'tutorial' retrieved from /home/airflow/.local/lib/python3.12/site-packages/airflow/example_dags/tutorial.py
[2025-02-24T09:37:57.814+0000] {logging_mixin.py:190} INFO - [2025-02-24T09:37:57.814+0000] {dag.py:3239} INFO - Sync 1 DAGs
[2025-02-24T09:37:57.835+0000] {logging_mixin.py:190} INFO - [2025-02-24T09:37:57.835+0000] {dag.py:4180} INFO - Setting next_dagrun for tutorial to 2025-02-23 00:00:00+00:00, run_after=2025-02-24 00:00:00+00:00
[2025-02-24T09:37:57.849+0000] {processor.py:208} INFO - Processing /home/airflow/.local/lib/python3.12/site-packages/airflow/example_dags/tutorial.py took 0.070 seconds
[2025-02-24T09:38:28.014+0000] {processor.py:186} INFO - Started process (PID=1783) to work on /home/airflow/.local/lib/python3.12/site-packages/airflow/example_dags/tutorial.py
[2025-02-24T09:38:28.015+0000] {processor.py:914} INFO - Processing file /home/airflow/.local/lib/python3.12/site-packages/airflow/example_dags/tutorial.py for tasks to queue
[2025-02-24T09:38:28.017+0000] {logging_mixin.py:190} INFO - [2025-02-24T09:38:28.017+0000] {dagbag.py:588} INFO - Filling up the DagBag from /home/airflow/.local/lib/python3.12/site-packages/airflow/example_dags/tutorial.py
[2025-02-24T09:38:28.025+0000] {processor.py:925} INFO - DAG(s) 'tutorial' retrieved from /home/airflow/.local/lib/python3.12/site-packages/airflow/example_dags/tutorial.py
[2025-02-24T09:38:28.045+0000] {logging_mixin.py:190} INFO - [2025-02-24T09:38:28.045+0000] {dag.py:3239} INFO - Sync 1 DAGs
[2025-02-24T09:38:28.070+0000] {logging_mixin.py:190} INFO - [2025-02-24T09:38:28.069+0000] {dag.py:4180} INFO - Setting next_dagrun for tutorial to 2025-02-23 00:00:00+00:00, run_after=2025-02-24 00:00:00+00:00
[2025-02-24T09:38:28.091+0000] {processor.py:208} INFO - Processing /home/airflow/.local/lib/python3.12/site-packages/airflow/example_dags/tutorial.py took 0.083 seconds
[2025-02-24T09:38:58.321+0000] {processor.py:186} INFO - Started process (PID=1847) to work on /home/airflow/.local/lib/python3.12/site-packages/airflow/example_dags/tutorial.py
[2025-02-24T09:38:58.321+0000] {processor.py:914} INFO - Processing file /home/airflow/.local/lib/python3.12/site-packages/airflow/example_dags/tutorial.py for tasks to queue
[2025-02-24T09:38:58.323+0000] {logging_mixin.py:190} INFO - [2025-02-24T09:38:58.323+0000] {dagbag.py:588} INFO - Filling up the DagBag from /home/airflow/.local/lib/python3.12/site-packages/airflow/example_dags/tutorial.py
[2025-02-24T09:38:58.330+0000] {processor.py:925} INFO - DAG(s) 'tutorial' retrieved from /home/airflow/.local/lib/python3.12/site-packages/airflow/example_dags/tutorial.py
[2025-02-24T09:38:58.345+0000] {logging_mixin.py:190} INFO - [2025-02-24T09:38:58.345+0000] {dag.py:3239} INFO - Sync 1 DAGs
[2025-02-24T09:38:58.363+0000] {logging_mixin.py:190} INFO - [2025-02-24T09:38:58.363+0000] {dag.py:4180} INFO - Setting next_dagrun for tutorial to 2025-02-23 00:00:00+00:00, run_after=2025-02-24 00:00:00+00:00
[2025-02-24T09:38:58.379+0000] {processor.py:208} INFO - Processing /home/airflow/.local/lib/python3.12/site-packages/airflow/example_dags/tutorial.py took 0.063 seconds
[2025-02-24T09:39:29.108+0000] {processor.py:186} INFO - Started process (PID=1911) to work on /home/airflow/.local/lib/python3.12/site-packages/airflow/example_dags/tutorial.py
[2025-02-24T09:39:29.108+0000] {processor.py:914} INFO - Processing file /home/airflow/.local/lib/python3.12/site-packages/airflow/example_dags/tutorial.py for tasks to queue
[2025-02-24T09:39:29.110+0000] {logging_mixin.py:190} INFO - [2025-02-24T09:39:29.110+0000] {dagbag.py:588} INFO - Filling up the DagBag from /home/airflow/.local/lib/python3.12/site-packages/airflow/example_dags/tutorial.py
[2025-02-24T09:39:29.117+0000] {processor.py:925} INFO - DAG(s) 'tutorial' retrieved from /home/airflow/.local/lib/python3.12/site-packages/airflow/example_dags/tutorial.py
[2025-02-24T09:39:29.142+0000] {logging_mixin.py:190} INFO - [2025-02-24T09:39:29.142+0000] {dag.py:3239} INFO - Sync 1 DAGs
[2025-02-24T09:39:29.173+0000] {logging_mixin.py:190} INFO - [2025-02-24T09:39:29.173+0000] {dag.py:4180} INFO - Setting next_dagrun for tutorial to 2025-02-23 00:00:00+00:00, run_after=2025-02-24 00:00:00+00:00
[2025-02-24T09:39:29.197+0000] {processor.py:208} INFO - Processing /home/airflow/.local/lib/python3.12/site-packages/airflow/example_dags/tutorial.py took 0.095 seconds
[2025-02-24T09:39:59.773+0000] {processor.py:186} INFO - Started process (PID=1975) to work on /home/airflow/.local/lib/python3.12/site-packages/airflow/example_dags/tutorial.py
[2025-02-24T09:39:59.774+0000] {processor.py:914} INFO - Processing file /home/airflow/.local/lib/python3.12/site-packages/airflow/example_dags/tutorial.py for tasks to queue
[2025-02-24T09:39:59.776+0000] {logging_mixin.py:190} INFO - [2025-02-24T09:39:59.775+0000] {dagbag.py:588} INFO - Filling up the DagBag from /home/airflow/.local/lib/python3.12/site-packages/airflow/example_dags/tutorial.py
[2025-02-24T09:39:59.783+0000] {processor.py:925} INFO - DAG(s) 'tutorial' retrieved from /home/airflow/.local/lib/python3.12/site-packages/airflow/example_dags/tutorial.py
[2025-02-24T09:39:59.799+0000] {logging_mixin.py:190} INFO - [2025-02-24T09:39:59.799+0000] {dag.py:3239} INFO - Sync 1 DAGs
[2025-02-24T09:39:59.821+0000] {logging_mixin.py:190} INFO - [2025-02-24T09:39:59.821+0000] {dag.py:4180} INFO - Setting next_dagrun for tutorial to 2025-02-23 00:00:00+00:00, run_after=2025-02-24 00:00:00+00:00
[2025-02-24T09:39:59.839+0000] {processor.py:208} INFO - Processing /home/airflow/.local/lib/python3.12/site-packages/airflow/example_dags/tutorial.py took 0.071 seconds
[2025-02-24T09:40:30.419+0000] {processor.py:186} INFO - Started process (PID=2039) to work on /home/airflow/.local/lib/python3.12/site-packages/airflow/example_dags/tutorial.py
[2025-02-24T09:40:30.419+0000] {processor.py:914} INFO - Processing file /home/airflow/.local/lib/python3.12/site-packages/airflow/example_dags/tutorial.py for tasks to queue
[2025-02-24T09:40:30.421+0000] {logging_mixin.py:190} INFO - [2025-02-24T09:40:30.420+0000] {dagbag.py:588} INFO - Filling up the DagBag from /home/airflow/.local/lib/python3.12/site-packages/airflow/example_dags/tutorial.py
[2025-02-24T09:40:30.427+0000] {processor.py:925} INFO - DAG(s) 'tutorial' retrieved from /home/airflow/.local/lib/python3.12/site-packages/airflow/example_dags/tutorial.py
[2025-02-24T09:40:30.444+0000] {logging_mixin.py:190} INFO - [2025-02-24T09:40:30.443+0000] {dag.py:3239} INFO - Sync 1 DAGs
[2025-02-24T09:40:30.471+0000] {logging_mixin.py:190} INFO - [2025-02-24T09:40:30.471+0000] {dag.py:4180} INFO - Setting next_dagrun for tutorial to 2025-02-23 00:00:00+00:00, run_after=2025-02-24 00:00:00+00:00
[2025-02-24T09:40:30.490+0000] {processor.py:208} INFO - Processing /home/airflow/.local/lib/python3.12/site-packages/airflow/example_dags/tutorial.py took 0.076 seconds
[2025-02-24T09:41:00.679+0000] {processor.py:186} INFO - Started process (PID=2102) to work on /home/airflow/.local/lib/python3.12/site-packages/airflow/example_dags/tutorial.py
[2025-02-24T09:41:00.680+0000] {processor.py:914} INFO - Processing file /home/airflow/.local/lib/python3.12/site-packages/airflow/example_dags/tutorial.py for tasks to queue
[2025-02-24T09:41:00.682+0000] {logging_mixin.py:190} INFO - [2025-02-24T09:41:00.681+0000] {dagbag.py:588} INFO - Filling up the DagBag from /home/airflow/.local/lib/python3.12/site-packages/airflow/example_dags/tutorial.py
[2025-02-24T09:41:00.689+0000] {processor.py:925} INFO - DAG(s) 'tutorial' retrieved from /home/airflow/.local/lib/python3.12/site-packages/airflow/example_dags/tutorial.py
[2025-02-24T09:41:00.707+0000] {logging_mixin.py:190} INFO - [2025-02-24T09:41:00.706+0000] {dag.py:3239} INFO - Sync 1 DAGs
[2025-02-24T09:41:00.732+0000] {logging_mixin.py:190} INFO - [2025-02-24T09:41:00.732+0000] {dag.py:4180} INFO - Setting next_dagrun for tutorial to 2025-02-23 00:00:00+00:00, run_after=2025-02-24 00:00:00+00:00
[2025-02-24T09:41:00.750+0000] {processor.py:208} INFO - Processing /home/airflow/.local/lib/python3.12/site-packages/airflow/example_dags/tutorial.py took 0.077 seconds
